[1.544s] Invoking command in '/home/kodenfly123/ros2_ws/src/py_pubsub': PYTHONPATH=/home/kodenfly123/ros2_ws/build/py_pubsub/prefix_override:/home/kodenfly123/ros2_ws/install/py_pubsub/lib/python3.10/site-packages:${PYTHONPATH} /usr/bin/python3 -W ignore:setup.py install is deprecated setup.py egg_info --egg-base ../../build/py_pubsub build --build-base /home/kodenfly123/ros2_ws/build/py_pubsub/build install --record /home/kodenfly123/ros2_ws/build/py_pubsub/install.log --single-version-externally-managed install_data
[1.795s] running egg_info
[1.795s] writing ../../build/py_pubsub/py_pubsub.egg-info/PKG-INFO
[1.797s] writing dependency_links to ../../build/py_pubsub/py_pubsub.egg-info/dependency_links.txt
[1.798s] writing entry points to ../../build/py_pubsub/py_pubsub.egg-info/entry_points.txt
[1.798s] writing requirements to ../../build/py_pubsub/py_pubsub.egg-info/requires.txt
[1.799s] writing top-level names to ../../build/py_pubsub/py_pubsub.egg-info/top_level.txt
[1.800s] reading manifest file '../../build/py_pubsub/py_pubsub.egg-info/SOURCES.txt'
[1.800s] adding license file 'LICENSE'
[1.801s] writing manifest file '../../build/py_pubsub/py_pubsub.egg-info/SOURCES.txt'
[1.801s] running build
[1.801s] running build_py
[1.802s] running install
[1.803s] running install_lib
[1.803s] running install_data
[1.803s] running install_egg_info
[1.807s] removing '/home/kodenfly123/ros2_ws/install/py_pubsub/lib/python3.10/site-packages/py_pubsub-0.0.0-py3.10.egg-info' (and everything under it)
[1.807s] Copying ../../build/py_pubsub/py_pubsub.egg-info to /home/kodenfly123/ros2_ws/install/py_pubsub/lib/python3.10/site-packages/py_pubsub-0.0.0-py3.10.egg-info
[1.808s] running install_scripts
[1.830s] Installing listener script to /home/kodenfly123/ros2_ws/install/py_pubsub/lib/py_pubsub
[1.830s] Installing talker script to /home/kodenfly123/ros2_ws/install/py_pubsub/lib/py_pubsub
[1.831s] writing list of installed files to '/home/kodenfly123/ros2_ws/build/py_pubsub/install.log'
[1.881s] Invoked command in '/home/kodenfly123/ros2_ws/src/py_pubsub' returned '0': PYTHONPATH=/home/kodenfly123/ros2_ws/build/py_pubsub/prefix_override:/home/kodenfly123/ros2_ws/install/py_pubsub/lib/python3.10/site-packages:${PYTHONPATH} /usr/bin/python3 -W ignore:setup.py install is deprecated setup.py egg_info --egg-base ../../build/py_pubsub build --build-base /home/kodenfly123/ros2_ws/build/py_pubsub/build install --record /home/kodenfly123/ros2_ws/build/py_pubsub/install.log --single-version-externally-managed install_data
