[1.168s] Invoking command in '/home/kodenfly123/ros2_ws/build/turtlebot3_gazebo': CMAKE_PREFIX_PATH=${CMAKE_PREFIX_PATH}:/home/kodenfly123/ros2_ws/src/install/shin_detector:/home/kodenfly123/ros2_ws/src/install/robot_math:/home/kodenfly123/ros2_ws/src/install/regulation_vel:/home/kodenfly123/ros2_ws/src/install/regulation_ang:/home/kodenfly123/ros2_ws/src/install/py_pubsub:/home/kodenfly123/ros2_ws/src/install/py_coordinate:/home/kodenfly123/ros2_ws/src/install/lidar_reg:/home/kodenfly123/ros2_ws/src/install/coordinate_package:/opt/ros/humble /usr/bin/cmake /home/kodenfly123/ros2_ws/src/ros2_learners-main/turtlebot3_gazebo -DCMAKE_INSTALL_PREFIX=/home/kodenfly123/ros2_ws/install/turtlebot3_gazebo
[1.432s] -- The C compiler identification is GNU 11.4.0
[1.691s] -- The CXX compiler identification is GNU 11.4.0
[1.739s] -- Detecting C compiler ABI info
[2.074s] -- Detecting C compiler ABI info - done
[2.107s] -- Check for working C compiler: /usr/bin/cc - skipped
[2.108s] -- Detecting C compile features
[2.109s] -- Detecting C compile features - done
[2.115s] -- Detecting CXX compiler ABI info
[2.494s] -- Detecting CXX compiler ABI info - done
[2.523s] -- Check for working CXX compiler: /usr/bin/c++ - skipped
[2.524s] -- Detecting CXX compile features
[2.525s] -- Detecting CXX compile features - done
[2.536s] -- Found ament_cmake: 1.3.8 (/opt/ros/humble/share/ament_cmake/cmake)
[2.926s] -- Found Python3: /usr/bin/python3 (found version "3.10.12") found components: Interpreter 
[3.122s] [33mCMake Warning (dev) at /usr/share/cmake-3.22/Modules/FindPackageHandleStandardArgs.cmake:438 (message):
[3.123s]   The package name passed to `find_package_handle_standard_args` (PkgConfig)
[3.123s]   does not match the name of the calling package (gazebo).  This can lead to
[3.123s]   problems in calling code that expects `find_package` result variables
[3.123s]   (e.g., `_FOUND`) to follow a certain pattern.
[3.123s] Call Stack (most recent call first):
[3.123s]   /usr/share/cmake-3.22/Modules/FindPkgConfig.cmake:99 (find_package_handle_standard_args)
[3.123s]   /usr/lib/x86_64-linux-gnu/cmake/gazebo/gazebo-config.cmake:72 (include)
[3.124s]   CMakeLists.txt:23 (find_package)
[3.124s] This warning is for project developers.  Use -Wno-dev to suppress it.
[3.124s] [0m
[3.124s] -- Found PkgConfig: /usr/bin/pkg-config (found version "0.29.2") 
[3.131s] -- Checking for module 'bullet>=2.82'
[3.156s] --   Found bullet, version 3.05
[3.351s] -- Found fcl: /usr/include (found suitable version "0.7.0", minimum required is "0.5.0") 
[3.445s] -- Found assimp: /usr/include (found version "5.2.0") 
[3.484s] -- Found DART: /usr/include (Required is at least version "6.6") found components: dart 
[3.803s] -- Found Boost: /usr/lib/x86_64-linux-gnu/cmake/Boost-1.74.0/BoostConfig.cmake (found suitable version "1.74.0", minimum required is "1.40.0") found components: thread system filesystem program_options regex iostreams date_time 
[3.843s] -- Found Protobuf: /usr/lib/x86_64-linux-gnu/libprotobuf.so (found version "3.12.4") 
[3.853s] -- Looking for ignition-math6 -- found version 6.15.1
[3.869s] -- Searching for dependencies of ignition-math6
[3.873s] -- Looking for OGRE...
[3.875s] -- OGRE_PREFIX_WATCH changed.
[3.886s] -- Checking for module 'OGRE'
[3.912s] --   Found OGRE, version 1.9.0
[3.992s] -- Found Ogre Ghadamon (1.9.0)
[4.018s] -- Found OGRE: optimized;/usr/lib/x86_64-linux-gnu/libOgreMain.so;debug;/usr/lib/x86_64-linux-gnu/libOgreMain.so
[4.038s] -- Looking for OGRE_Paging...
[4.056s] -- Found OGRE_Paging: optimized;/usr/lib/x86_64-linux-gnu/libOgrePaging.so;debug;/usr/lib/x86_64-linux-gnu/libOgrePaging.so
[4.057s] -- Looking for OGRE_Terrain...
[4.077s] -- Found OGRE_Terrain: optimized;/usr/lib/x86_64-linux-gnu/libOgreTerrain.so;debug;/usr/lib/x86_64-linux-gnu/libOgreTerrain.so
[4.077s] -- Looking for OGRE_Property...
[4.095s] -- Found OGRE_Property: optimized;/usr/lib/x86_64-linux-gnu/libOgreProperty.so;debug;/usr/lib/x86_64-linux-gnu/libOgreProperty.so
[4.096s] -- Looking for OGRE_RTShaderSystem...
[4.112s] -- Found OGRE_RTShaderSystem: optimized;/usr/lib/x86_64-linux-gnu/libOgreRTShaderSystem.so;debug;/usr/lib/x86_64-linux-gnu/libOgreRTShaderSystem.so
[4.113s] -- Looking for OGRE_Volume...
[4.129s] -- Found OGRE_Volume: optimized;/usr/lib/x86_64-linux-gnu/libOgreVolume.so;debug;/usr/lib/x86_64-linux-gnu/libOgreVolume.so
[4.130s] -- Looking for OGRE_Overlay...
[4.147s] -- Found OGRE_Overlay: optimized;/usr/lib/x86_64-linux-gnu/libOgreOverlay.so;debug;/usr/lib/x86_64-linux-gnu/libOgreOverlay.so
[4.495s] -- Looking for ignition-math6 -- found version 6.15.1
[4.507s] -- Looking for ignition-transport8 -- found version 8.2.1
[4.509s] -- Searching for dependencies of ignition-transport8
[4.546s] -- Found Protobuf: /usr/lib/x86_64-linux-gnu/libprotobuf.so (found suitable version "3.12.4", minimum required is "3") 
[4.571s] -- Config-file not installed for ZeroMQ -- checking for pkg-config
[4.582s] -- Checking for module 'libzmq >= 4'
[4.609s] --   Found libzmq , version 4.3.4
[4.682s] -- Found ZeroMQ: TRUE (Required is at least version "4") 
[4.701s] -- Checking for module 'uuid'
[4.727s] --   Found uuid, version 2.37.2
[4.792s] -- Found UUID: TRUE  
[4.798s] -- Looking for ignition-msgs5 -- found version 5.8.1
[4.799s] -- Searching for dependencies of ignition-msgs5
[4.835s] -- Looking for ignition-math6 -- found version 6.15.1
[4.854s] -- Checking for module 'tinyxml2'
[4.882s] --   Found tinyxml2, version 9.0.0
[4.949s] -- Looking for ignition-msgs5 -- found version 5.8.1
[4.954s] -- Looking for ignition-common3 -- found version 3.14.0
[4.956s] -- Searching for dependencies of ignition-common3
[4.958s] -- Looking for dlfcn.h - found
[4.960s] -- Looking for libdl - found
[4.963s] -- Found DL: TRUE  
[4.988s] -- Found tinyobjloader: /usr/lib/x86_64-linux-gnu/cmake/tinyobjloader/tinyobjloader-config.cmake (found version "2.0.0") 
[4.990s] -- Searching for <ignition-common3> component [graphics]
[4.995s] -- Looking for ignition-common3-graphics -- found version 3.14.0
[4.997s] -- Searching for dependencies of ignition-common3-graphics
[4.998s] -- Looking for ignition-math6 -- found version 6.15.1
[5.005s] -- Looking for ignition-fuel_tools4 -- found version 4.4.0
[5.006s] -- Searching for dependencies of ignition-fuel_tools4
[5.167s] -- Found CURL: /usr/lib/x86_64-linux-gnu/libcurl.so (found version "7.81.0")  
[5.185s] -- Checking for module 'jsoncpp'
[5.211s] --   Found jsoncpp, version 1.9.5
[5.276s] -- Found JSONCPP: TRUE  
[5.288s] -- Checking for module 'libzip'
[5.314s] --   Found libzip, version 1.7.3
[5.381s] -- Found ZIP: TRUE  
[5.383s] -- Looking for ignition-common3 -- found version 3.14.0
[5.384s] -- Looking for ignition-math6 -- found version 6.15.1
[5.386s] -- Looking for ignition-msgs5 -- found version 5.8.1
[5.404s] -- Found gazebo_ros_pkgs: 3.7.0 (/opt/ros/humble/share/gazebo_ros_pkgs/cmake)
[5.408s] -- Found geometry_msgs: 4.2.3 (/opt/ros/humble/share/geometry_msgs/cmake)
[5.478s] -- Found rosidl_generator_c: 3.1.5 (/opt/ros/humble/share/rosidl_generator_c/cmake)
[5.490s] -- Found rosidl_adapter: 3.1.5 (/opt/ros/humble/share/rosidl_adapter/cmake)
[5.508s] -- Found rosidl_generator_cpp: 3.1.5 (/opt/ros/humble/share/rosidl_generator_cpp/cmake)
[5.542s] -- Using all available rosidl_typesupport_c: rosidl_typesupport_fastrtps_c;rosidl_typesupport_introspection_c
[5.592s] -- Using all available rosidl_typesupport_cpp: rosidl_typesupport_fastrtps_cpp;rosidl_typesupport_introspection_cpp
[5.894s] -- Found nav_msgs: 4.2.3 (/opt/ros/humble/share/nav_msgs/cmake)
[6.093s] -- Found rclcpp: 16.0.8 (/opt/ros/humble/share/rclcpp/cmake)
[6.261s] -- Found rmw_implementation_cmake: 6.1.1 (/opt/ros/humble/share/rmw_implementation_cmake/cmake)
[6.268s] -- Found rmw_cyclonedds_cpp: 1.3.4 (/opt/ros/humble/share/rmw_cyclonedds_cpp/cmake)
[6.351s] -- Using RMW implementation 'rmw_cyclonedds_cpp' as default
[6.374s] -- Found Threads: TRUE  
[6.753s] -- Found sensor_msgs: 4.2.3 (/opt/ros/humble/share/sensor_msgs/cmake)
[7.015s] -- Found tf2: 0.25.6 (/opt/ros/humble/share/tf2/cmake)
[7.218s] -- Configuring done
[7.284s] -- Generating done
[7.290s] -- Build files have been written to: /home/kodenfly123/ros2_ws/build/turtlebot3_gazebo
[7.322s] Invoked command in '/home/kodenfly123/ros2_ws/build/turtlebot3_gazebo' returned '0': CMAKE_PREFIX_PATH=${CMAKE_PREFIX_PATH}:/home/kodenfly123/ros2_ws/src/install/shin_detector:/home/kodenfly123/ros2_ws/src/install/robot_math:/home/kodenfly123/ros2_ws/src/install/regulation_vel:/home/kodenfly123/ros2_ws/src/install/regulation_ang:/home/kodenfly123/ros2_ws/src/install/py_pubsub:/home/kodenfly123/ros2_ws/src/install/py_coordinate:/home/kodenfly123/ros2_ws/src/install/lidar_reg:/home/kodenfly123/ros2_ws/src/install/coordinate_package:/opt/ros/humble /usr/bin/cmake /home/kodenfly123/ros2_ws/src/ros2_learners-main/turtlebot3_gazebo -DCMAKE_INSTALL_PREFIX=/home/kodenfly123/ros2_ws/install/turtlebot3_gazebo
[7.323s] Invoking command in '/home/kodenfly123/ros2_ws/build/turtlebot3_gazebo': CMAKE_PREFIX_PATH=${CMAKE_PREFIX_PATH}:/home/kodenfly123/ros2_ws/src/install/shin_detector:/home/kodenfly123/ros2_ws/src/install/robot_math:/home/kodenfly123/ros2_ws/src/install/regulation_vel:/home/kodenfly123/ros2_ws/src/install/regulation_ang:/home/kodenfly123/ros2_ws/src/install/py_pubsub:/home/kodenfly123/ros2_ws/src/install/py_coordinate:/home/kodenfly123/ros2_ws/src/install/lidar_reg:/home/kodenfly123/ros2_ws/src/install/coordinate_package:/opt/ros/humble /usr/bin/cmake --build /home/kodenfly123/ros2_ws/build/turtlebot3_gazebo -- -j8 -l8
[7.461s] [ 12%] [32mBuilding CXX object CMakeFiles/turtlebot3_drive.dir/src/turtlebot3_drive.cpp.o[0m
[7.522s] [ 25%] [32mBuilding CXX object CMakeFiles/obstacle1.dir/models/turtlebot3_dqn_world/obstacle_plugin/obstacle1.cc.o[0m
[7.552s] [ 37%] [32mBuilding CXX object CMakeFiles/obstacle2.dir/models/turtlebot3_dqn_world/obstacle_plugin/obstacle2.cc.o[0m
[7.593s] [ 50%] [32mBuilding CXX object CMakeFiles/obstacles.dir/models/turtlebot3_dqn_world/obstacle_plugin/obstacles.cc.o[0m
[27.009s] [ 62%] [32m[1mLinking CXX executable turtlebot3_drive[0m
[27.988s] [ 75%] [32m[1mLinking CXX shared library libobstacle2.so[0m
[28.011s] [ 75%] Built target turtlebot3_drive
[28.381s] [ 75%] Built target obstacle2
[29.054s] [ 87%] [32m[1mLinking CXX shared library libobstacle1.so[0m
[29.321s] [100%] [32m[1mLinking CXX shared library libobstacles.so[0m
[29.377s] [100%] Built target obstacle1
[29.610s] [100%] Built target obstacles
[29.622s] Invoked command in '/home/kodenfly123/ros2_ws/build/turtlebot3_gazebo' returned '0': CMAKE_PREFIX_PATH=${CMAKE_PREFIX_PATH}:/home/kodenfly123/ros2_ws/src/install/shin_detector:/home/kodenfly123/ros2_ws/src/install/robot_math:/home/kodenfly123/ros2_ws/src/install/regulation_vel:/home/kodenfly123/ros2_ws/src/install/regulation_ang:/home/kodenfly123/ros2_ws/src/install/py_pubsub:/home/kodenfly123/ros2_ws/src/install/py_coordinate:/home/kodenfly123/ros2_ws/src/install/lidar_reg:/home/kodenfly123/ros2_ws/src/install/coordinate_package:/opt/ros/humble /usr/bin/cmake --build /home/kodenfly123/ros2_ws/build/turtlebot3_gazebo -- -j8 -l8
[29.660s] Invoking command in '/home/kodenfly123/ros2_ws/build/turtlebot3_gazebo': CMAKE_PREFIX_PATH=${CMAKE_PREFIX_PATH}:/home/kodenfly123/ros2_ws/src/install/shin_detector:/home/kodenfly123/ros2_ws/src/install/robot_math:/home/kodenfly123/ros2_ws/src/install/regulation_vel:/home/kodenfly123/ros2_ws/src/install/regulation_ang:/home/kodenfly123/ros2_ws/src/install/py_pubsub:/home/kodenfly123/ros2_ws/src/install/py_coordinate:/home/kodenfly123/ros2_ws/src/install/lidar_reg:/home/kodenfly123/ros2_ws/src/install/coordinate_package:/opt/ros/humble /usr/bin/cmake --install /home/kodenfly123/ros2_ws/build/turtlebot3_gazebo
[29.668s] -- Install configuration: ""
[29.669s] -- Installing: /home/kodenfly123/ros2_ws/install/turtlebot3_gazebo/lib/turtlebot3_gazebo/turtlebot3_drive
[29.674s] -- Set runtime path of "/home/kodenfly123/ros2_ws/install/turtlebot3_gazebo/lib/turtlebot3_gazebo/turtlebot3_drive" to ""
[29.674s] -- Installing: /home/kodenfly123/ros2_ws/install/turtlebot3_gazebo/share/turtlebot3_gazebo//launch
[29.674s] -- Installing: /home/kodenfly123/ros2_ws/install/turtlebot3_gazebo/share/turtlebot3_gazebo//launch/robot_state_publisher.launch.py
[29.674s] -- Installing: /home/kodenfly123/ros2_ws/install/turtlebot3_gazebo/share/turtlebot3_gazebo//launch/spawn_turtlebot3.launch.py
[29.675s] -- Installing: /home/kodenfly123/ros2_ws/install/turtlebot3_gazebo/share/turtlebot3_gazebo//launch/empty_world.launch.py
[29.675s] -- Installing: /home/kodenfly123/ros2_ws/install/turtlebot3_gazebo/share/turtlebot3_gazebo//launch/turtlebot3_world.launch.py
[29.675s] -- Installing: /home/kodenfly123/ros2_ws/install/turtlebot3_gazebo/share/turtlebot3_gazebo//launch/turtlebot3_dqn_stage1.launch.py
[29.675s] -- Installing: /home/kodenfly123/ros2_ws/install/turtlebot3_gazebo/share/turtlebot3_gazebo//launch/turtlebot3_dqn_stage3.launch.py
[29.675s] -- Installing: /home/kodenfly123/ros2_ws/install/turtlebot3_gazebo/share/turtlebot3_gazebo//launch/turtlebot3_dqn_stage2.launch.py
[29.676s] -- Installing: /home/kodenfly123/ros2_ws/install/turtlebot3_gazebo/share/turtlebot3_gazebo//launch/turtlebot3_dqn_stage4.launch.py
[29.676s] -- Installing: /home/kodenfly123/ros2_ws/install/turtlebot3_gazebo/share/turtlebot3_gazebo//launch/turtlebot3_house.launch.py
[29.676s] -- Installing: /home/kodenfly123/ros2_ws/install/turtlebot3_gazebo/share/turtlebot3_gazebo//models
[29.676s] -- Installing: /home/kodenfly123/ros2_ws/install/turtlebot3_gazebo/share/turtlebot3_gazebo//models/turtlebot3_dqn_world
[29.676s] -- Installing: /home/kodenfly123/ros2_ws/install/turtlebot3_gazebo/share/turtlebot3_gazebo//models/turtlebot3_dqn_world/obstacles
[29.676s] -- Installing: /home/kodenfly123/ros2_ws/install/turtlebot3_gazebo/share/turtlebot3_gazebo//models/turtlebot3_dqn_world/obstacles/model.config
[29.677s] -- Installing: /home/kodenfly123/ros2_ws/install/turtlebot3_gazebo/share/turtlebot3_gazebo//models/turtlebot3_dqn_world/obstacles/model.sdf
[29.677s] -- Installing: /home/kodenfly123/ros2_ws/install/turtlebot3_gazebo/share/turtlebot3_gazebo//models/turtlebot3_dqn_world/obstacle2
[29.677s] -- Installing: /home/kodenfly123/ros2_ws/install/turtlebot3_gazebo/share/turtlebot3_gazebo//models/turtlebot3_dqn_world/obstacle2/model.config
[29.677s] -- Installing: /home/kodenfly123/ros2_ws/install/turtlebot3_gazebo/share/turtlebot3_gazebo//models/turtlebot3_dqn_world/obstacle2/model.sdf
[29.677s] -- Installing: /home/kodenfly123/ros2_ws/install/turtlebot3_gazebo/share/turtlebot3_gazebo//models/turtlebot3_dqn_world/goal_box
[29.677s] -- Installing: /home/kodenfly123/ros2_ws/install/turtlebot3_gazebo/share/turtlebot3_gazebo//models/turtlebot3_dqn_world/goal_box/model.config
[29.677s] -- Installing: /home/kodenfly123/ros2_ws/install/turtlebot3_gazebo/share/turtlebot3_gazebo//models/turtlebot3_dqn_world/goal_box/model.sdf
[29.677s] -- Installing: /home/kodenfly123/ros2_ws/install/turtlebot3_gazebo/share/turtlebot3_gazebo//models/turtlebot3_dqn_world/model.config
[29.678s] -- Installing: /home/kodenfly123/ros2_ws/install/turtlebot3_gazebo/share/turtlebot3_gazebo//models/turtlebot3_dqn_world/inner_walls
[29.678s] -- Installing: /home/kodenfly123/ros2_ws/install/turtlebot3_gazebo/share/turtlebot3_gazebo//models/turtlebot3_dqn_world/inner_walls/model.config
[29.678s] -- Installing: /home/kodenfly123/ros2_ws/install/turtlebot3_gazebo/share/turtlebot3_gazebo//models/turtlebot3_dqn_world/inner_walls/model.sdf
[29.678s] -- Installing: /home/kodenfly123/ros2_ws/install/turtlebot3_gazebo/share/turtlebot3_gazebo//models/turtlebot3_dqn_world/obstacle1
[29.678s] -- Installing: /home/kodenfly123/ros2_ws/install/turtlebot3_gazebo/share/turtlebot3_gazebo//models/turtlebot3_dqn_world/obstacle1/model.config
[29.678s] -- Installing: /home/kodenfly123/ros2_ws/install/turtlebot3_gazebo/share/turtlebot3_gazebo//models/turtlebot3_dqn_world/obstacle1/model.sdf
[29.678s] -- Installing: /home/kodenfly123/ros2_ws/install/turtlebot3_gazebo/share/turtlebot3_gazebo//models/turtlebot3_dqn_world/obstacle_plugin
[29.678s] -- Installing: /home/kodenfly123/ros2_ws/install/turtlebot3_gazebo/share/turtlebot3_gazebo//models/turtlebot3_dqn_world/obstacle_plugin/obstacles.cc
[29.678s] -- Installing: /home/kodenfly123/ros2_ws/install/turtlebot3_gazebo/share/turtlebot3_gazebo//models/turtlebot3_dqn_world/obstacle_plugin/CMakeLists.txt
[29.679s] -- Installing: /home/kodenfly123/ros2_ws/install/turtlebot3_gazebo/share/turtlebot3_gazebo//models/turtlebot3_dqn_world/obstacle_plugin/obstacle1.cc
[29.679s] -- Installing: /home/kodenfly123/ros2_ws/install/turtlebot3_gazebo/share/turtlebot3_gazebo//models/turtlebot3_dqn_world/obstacle_plugin/obstacle2.cc
[29.679s] -- Installing: /home/kodenfly123/ros2_ws/install/turtlebot3_gazebo/share/turtlebot3_gazebo//models/turtlebot3_dqn_world/model.sdf
[29.679s] -- Installing: /home/kodenfly123/ros2_ws/install/turtlebot3_gazebo/share/turtlebot3_gazebo//models/turtlebot3_house
[29.679s] -- Installing: /home/kodenfly123/ros2_ws/install/turtlebot3_gazebo/share/turtlebot3_gazebo//models/turtlebot3_house/model.config
[29.679s] -- Installing: /home/kodenfly123/ros2_ws/install/turtlebot3_gazebo/share/turtlebot3_gazebo//models/turtlebot3_house/model.sdf
[29.679s] -- Installing: /home/kodenfly123/ros2_ws/install/turtlebot3_gazebo/share/turtlebot3_gazebo//models/turtlebot3_world
[29.679s] -- Installing: /home/kodenfly123/ros2_ws/install/turtlebot3_gazebo/share/turtlebot3_gazebo//models/turtlebot3_world/model-1_4.sdf
[29.680s] -- Installing: /home/kodenfly123/ros2_ws/install/turtlebot3_gazebo/share/turtlebot3_gazebo//models/turtlebot3_world/model.config
[29.680s] -- Installing: /home/kodenfly123/ros2_ws/install/turtlebot3_gazebo/share/turtlebot3_gazebo//models/turtlebot3_world/meshes
[29.680s] -- Installing: /home/kodenfly123/ros2_ws/install/turtlebot3_gazebo/share/turtlebot3_gazebo//models/turtlebot3_world/meshes/hexagon.dae
[29.680s] -- Installing: /home/kodenfly123/ros2_ws/install/turtlebot3_gazebo/share/turtlebot3_gazebo//models/turtlebot3_world/meshes/wall.dae
[29.680s] -- Installing: /home/kodenfly123/ros2_ws/install/turtlebot3_gazebo/share/turtlebot3_gazebo//models/turtlebot3_world/model.sdf
[29.680s] -- Installing: /home/kodenfly123/ros2_ws/install/turtlebot3_gazebo/share/turtlebot3_gazebo//models/turtlebot3_waffle
[29.680s] -- Installing: /home/kodenfly123/ros2_ws/install/turtlebot3_gazebo/share/turtlebot3_gazebo//models/turtlebot3_waffle/model-1_4.sdf
[29.680s] -- Installing: /home/kodenfly123/ros2_ws/install/turtlebot3_gazebo/share/turtlebot3_gazebo//models/turtlebot3_waffle/model.config
[29.681s] -- Installing: /home/kodenfly123/ros2_ws/install/turtlebot3_gazebo/share/turtlebot3_gazebo//models/turtlebot3_waffle/model.sdf
[29.681s] -- Installing: /home/kodenfly123/ros2_ws/install/turtlebot3_gazebo/share/turtlebot3_gazebo//models/turtlebot3_common
[29.681s] -- Installing: /home/kodenfly123/ros2_ws/install/turtlebot3_gazebo/share/turtlebot3_gazebo//models/turtlebot3_common/model.config
[29.681s] -- Installing: /home/kodenfly123/ros2_ws/install/turtlebot3_gazebo/share/turtlebot3_gazebo//models/turtlebot3_common/meshes
[29.681s] -- Installing: /home/kodenfly123/ros2_ws/install/turtlebot3_gazebo/share/turtlebot3_gazebo//models/turtlebot3_common/meshes/lds.dae
[29.681s] -- Installing: /home/kodenfly123/ros2_ws/install/turtlebot3_gazebo/share/turtlebot3_gazebo//models/turtlebot3_common/meshes/waffle_base.dae
[29.681s] -- Installing: /home/kodenfly123/ros2_ws/install/turtlebot3_gazebo/share/turtlebot3_gazebo//models/turtlebot3_common/meshes/r200.dae
[29.681s] -- Installing: /home/kodenfly123/ros2_ws/install/turtlebot3_gazebo/share/turtlebot3_gazebo//models/turtlebot3_common/meshes/tire.dae
[29.682s] -- Installing: /home/kodenfly123/ros2_ws/install/turtlebot3_gazebo/share/turtlebot3_gazebo//models/turtlebot3_common/meshes/waffle_pi_base.dae
[29.682s] -- Installing: /home/kodenfly123/ros2_ws/install/turtlebot3_gazebo/share/turtlebot3_gazebo//models/turtlebot3_common/meshes/burger_base.dae
[29.682s] -- Installing: /home/kodenfly123/ros2_ws/install/turtlebot3_gazebo/share/turtlebot3_gazebo//rviz
[29.682s] -- Installing: /home/kodenfly123/ros2_ws/install/turtlebot3_gazebo/share/turtlebot3_gazebo//rviz/tb3_gazebo.rviz
[29.682s] -- Installing: /home/kodenfly123/ros2_ws/install/turtlebot3_gazebo/share/turtlebot3_gazebo//urdf
[29.682s] -- Installing: /home/kodenfly123/ros2_ws/install/turtlebot3_gazebo/share/turtlebot3_gazebo//urdf/common_properties.urdf
[29.682s] -- Installing: /home/kodenfly123/ros2_ws/install/turtlebot3_gazebo/share/turtlebot3_gazebo//urdf/turtlebot3_waffle.urdf
[29.682s] -- Installing: /home/kodenfly123/ros2_ws/install/turtlebot3_gazebo/share/turtlebot3_gazebo//urdf/turtlebot3_burger.urdf
[29.682s] -- Installing: /home/kodenfly123/ros2_ws/install/turtlebot3_gazebo/share/turtlebot3_gazebo//urdf/turtlebot3_waffle_pi.urdf
[29.683s] -- Installing: /home/kodenfly123/ros2_ws/install/turtlebot3_gazebo/share/turtlebot3_gazebo//worlds
[29.683s] -- Installing: /home/kodenfly123/ros2_ws/install/turtlebot3_gazebo/share/turtlebot3_gazebo//worlds/turtlebot3_dqn_stage2.world
[29.683s] -- Installing: /home/kodenfly123/ros2_ws/install/turtlebot3_gazebo/share/turtlebot3_gazebo//worlds/turtlebot3_dqn_stage4.world
[29.683s] -- Installing: /home/kodenfly123/ros2_ws/install/turtlebot3_gazebo/share/turtlebot3_gazebo//worlds/turtlebot3_world.world
[29.683s] -- Installing: /home/kodenfly123/ros2_ws/install/turtlebot3_gazebo/share/turtlebot3_gazebo//worlds/empty_world.world
[29.683s] -- Installing: /home/kodenfly123/ros2_ws/install/turtlebot3_gazebo/share/turtlebot3_gazebo//worlds/turtlebot3_dqn_stage1.world
[29.683s] -- Installing: /home/kodenfly123/ros2_ws/install/turtlebot3_gazebo/share/turtlebot3_gazebo//worlds/turtlebot3_dqn_stage3.world
[29.683s] -- Installing: /home/kodenfly123/ros2_ws/install/turtlebot3_gazebo/share/turtlebot3_gazebo//worlds/turtlebot3_house.world
[29.683s] -- Installing: /home/kodenfly123/ros2_ws/install/turtlebot3_gazebo/include/
[29.684s] -- Installing: /home/kodenfly123/ros2_ws/install/turtlebot3_gazebo/include//turtlebot3_gazebo
[29.684s] -- Installing: /home/kodenfly123/ros2_ws/install/turtlebot3_gazebo/include//turtlebot3_gazebo/turtlebot3_drive.hpp
[29.684s] -- Installing: /home/kodenfly123/ros2_ws/install/turtlebot3_gazebo/share/ament_index/resource_index/package_run_dependencies/turtlebot3_gazebo
[29.684s] -- Installing: /home/kodenfly123/ros2_ws/install/turtlebot3_gazebo/share/ament_index/resource_index/parent_prefix_path/turtlebot3_gazebo
[29.684s] -- Installing: /home/kodenfly123/ros2_ws/install/turtlebot3_gazebo/share/turtlebot3_gazebo/environment/ament_prefix_path.sh
[29.684s] -- Installing: /home/kodenfly123/ros2_ws/install/turtlebot3_gazebo/share/turtlebot3_gazebo/environment/ament_prefix_path.dsv
[29.684s] -- Installing: /home/kodenfly123/ros2_ws/install/turtlebot3_gazebo/share/turtlebot3_gazebo/environment/path.sh
[29.684s] -- Installing: /home/kodenfly123/ros2_ws/install/turtlebot3_gazebo/share/turtlebot3_gazebo/environment/path.dsv
[29.684s] -- Installing: /home/kodenfly123/ros2_ws/install/turtlebot3_gazebo/share/turtlebot3_gazebo/local_setup.bash
[29.685s] -- Installing: /home/kodenfly123/ros2_ws/install/turtlebot3_gazebo/share/turtlebot3_gazebo/local_setup.sh
[29.685s] -- Installing: /home/kodenfly123/ros2_ws/install/turtlebot3_gazebo/share/turtlebot3_gazebo/local_setup.zsh
[29.685s] -- Installing: /home/kodenfly123/ros2_ws/install/turtlebot3_gazebo/share/turtlebot3_gazebo/local_setup.dsv
[29.685s] -- Installing: /home/kodenfly123/ros2_ws/install/turtlebot3_gazebo/share/turtlebot3_gazebo/package.dsv
[29.685s] -- Installing: /home/kodenfly123/ros2_ws/install/turtlebot3_gazebo/share/ament_index/resource_index/packages/turtlebot3_gazebo
[29.686s] -- Installing: /home/kodenfly123/ros2_ws/install/turtlebot3_gazebo/share/turtlebot3_gazebo/cmake/ament_cmake_export_include_directories-extras.cmake
[29.686s] -- Installing: /home/kodenfly123/ros2_ws/install/turtlebot3_gazebo/share/turtlebot3_gazebo/cmake/ament_cmake_export_dependencies-extras.cmake
[29.686s] -- Installing: /home/kodenfly123/ros2_ws/install/turtlebot3_gazebo/share/turtlebot3_gazebo/cmake/turtlebot3_gazeboConfig.cmake
[29.687s] -- Installing: /home/kodenfly123/ros2_ws/install/turtlebot3_gazebo/share/turtlebot3_gazebo/cmake/turtlebot3_gazeboConfig-version.cmake
[29.687s] -- Installing: /home/kodenfly123/ros2_ws/install/turtlebot3_gazebo/share/turtlebot3_gazebo/package.xml
[29.687s] Invoked command in '/home/kodenfly123/ros2_ws/build/turtlebot3_gazebo' returned '0': CMAKE_PREFIX_PATH=${CMAKE_PREFIX_PATH}:/home/kodenfly123/ros2_ws/src/install/shin_detector:/home/kodenfly123/ros2_ws/src/install/robot_math:/home/kodenfly123/ros2_ws/src/install/regulation_vel:/home/kodenfly123/ros2_ws/src/install/regulation_ang:/home/kodenfly123/ros2_ws/src/install/py_pubsub:/home/kodenfly123/ros2_ws/src/install/py_coordinate:/home/kodenfly123/ros2_ws/src/install/lidar_reg:/home/kodenfly123/ros2_ws/src/install/coordinate_package:/opt/ros/humble /usr/bin/cmake --install /home/kodenfly123/ros2_ws/build/turtlebot3_gazebo
