[1.329s] Invoking command in '/home/kodenfly123/ros2_ws/src/Follow_me_algorithm-main/shin_detector': PYTHONPATH=/home/kodenfly123/ros2_ws/src/Follow_me_algorithm-main/build/shin_detector/prefix_override:/home/kodenfly123/ros2_ws/src/Follow_me_algorithm-main/install/shin_detector/lib/python3.10/site-packages:${PYTHONPATH} /usr/bin/python3 -W ignore:setup.py install is deprecated setup.py egg_info --egg-base ../build/shin_detector build --build-base /home/kodenfly123/ros2_ws/src/Follow_me_algorithm-main/build/shin_detector/build install --record /home/kodenfly123/ros2_ws/src/Follow_me_algorithm-main/build/shin_detector/install.log --single-version-externally-managed install_data
[1.587s] running egg_info
[1.588s] writing ../build/shin_detector/shin_detector.egg-info/PKG-INFO
[1.589s] writing dependency_links to ../build/shin_detector/shin_detector.egg-info/dependency_links.txt
[1.589s] writing entry points to ../build/shin_detector/shin_detector.egg-info/entry_points.txt
[1.589s] writing requirements to ../build/shin_detector/shin_detector.egg-info/requires.txt
[1.589s] writing top-level names to ../build/shin_detector/shin_detector.egg-info/top_level.txt
[1.592s] reading manifest file '../build/shin_detector/shin_detector.egg-info/SOURCES.txt'
[1.595s] writing manifest file '../build/shin_detector/shin_detector.egg-info/SOURCES.txt'
[1.595s] running build
[1.595s] running build_py
[1.596s] running install
[1.597s] running install_lib
[1.598s] running install_data
[1.598s] running install_egg_info
[1.600s] removing '/home/kodenfly123/ros2_ws/src/Follow_me_algorithm-main/install/shin_detector/lib/python3.10/site-packages/shin_detector-0.0.0-py3.10.egg-info' (and everything under it)
[1.601s] Copying ../build/shin_detector/shin_detector.egg-info to /home/kodenfly123/ros2_ws/src/Follow_me_algorithm-main/install/shin_detector/lib/python3.10/site-packages/shin_detector-0.0.0-py3.10.egg-info
[1.602s] running install_scripts
[1.628s] Installing talker script to /home/kodenfly123/ros2_ws/src/Follow_me_algorithm-main/install/shin_detector/lib/shin_detector
[1.628s] writing list of installed files to '/home/kodenfly123/ros2_ws/src/Follow_me_algorithm-main/build/shin_detector/install.log'
[1.682s] Invoked command in '/home/kodenfly123/ros2_ws/src/Follow_me_algorithm-main/shin_detector' returned '0': PYTHONPATH=/home/kodenfly123/ros2_ws/src/Follow_me_algorithm-main/build/shin_detector/prefix_override:/home/kodenfly123/ros2_ws/src/Follow_me_algorithm-main/install/shin_detector/lib/python3.10/site-packages:${PYTHONPATH} /usr/bin/python3 -W ignore:setup.py install is deprecated setup.py egg_info --egg-base ../build/shin_detector build --build-base /home/kodenfly123/ros2_ws/src/Follow_me_algorithm-main/build/shin_detector/build install --record /home/kodenfly123/ros2_ws/src/Follow_me_algorithm-main/build/shin_detector/install.log --single-version-externally-managed install_data
