[1.918s] Invoking command in '/home/kodenfly123/ros2_ws/src/vision_model_package': PYTHONPATH=/home/kodenfly123/ros2_ws/build/vision_model_package/prefix_override:/home/kodenfly123/ros2_ws/install/vision_model_package/lib/python3.10/site-packages:${PYTHONPATH} /usr/bin/python3 -W ignore:setup.py install is deprecated setup.py egg_info --egg-base ../../build/vision_model_package build --build-base /home/kodenfly123/ros2_ws/build/vision_model_package/build install --record /home/kodenfly123/ros2_ws/build/vision_model_package/install.log --single-version-externally-managed install_data
[2.262s] running egg_info
[2.263s] writing ../../build/vision_model_package/vision_model_package.egg-info/PKG-INFO
[2.263s] writing dependency_links to ../../build/vision_model_package/vision_model_package.egg-info/dependency_links.txt
[2.263s] writing entry points to ../../build/vision_model_package/vision_model_package.egg-info/entry_points.txt
[2.263s] writing requirements to ../../build/vision_model_package/vision_model_package.egg-info/requires.txt
[2.264s] writing top-level names to ../../build/vision_model_package/vision_model_package.egg-info/top_level.txt
[2.265s] reading manifest file '../../build/vision_model_package/vision_model_package.egg-info/SOURCES.txt'
[2.266s] writing manifest file '../../build/vision_model_package/vision_model_package.egg-info/SOURCES.txt'
[2.266s] running build
[2.266s] running build_py
[2.267s] running install
[2.267s] running install_lib
[2.269s] running install_data
[2.269s] running install_egg_info
[2.271s] removing '/home/kodenfly123/ros2_ws/install/vision_model_package/lib/python3.10/site-packages/vision_model_package-0.0.0-py3.10.egg-info' (and everything under it)
[2.271s] Copying ../../build/vision_model_package/vision_model_package.egg-info to /home/kodenfly123/ros2_ws/install/vision_model_package/lib/python3.10/site-packages/vision_model_package-0.0.0-py3.10.egg-info
[2.272s] running install_scripts
[2.293s] Installing project_main_script script to /home/kodenfly123/ros2_ws/install/vision_model_package/lib/vision_model_package
[2.293s] Installing xyz_subscriber script to /home/kodenfly123/ros2_ws/install/vision_model_package/lib/vision_model_package
[2.294s] writing list of installed files to '/home/kodenfly123/ros2_ws/build/vision_model_package/install.log'
[2.329s] Invoked command in '/home/kodenfly123/ros2_ws/src/vision_model_package' returned '0': PYTHONPATH=/home/kodenfly123/ros2_ws/build/vision_model_package/prefix_override:/home/kodenfly123/ros2_ws/install/vision_model_package/lib/python3.10/site-packages:${PYTHONPATH} /usr/bin/python3 -W ignore:setup.py install is deprecated setup.py egg_info --egg-base ../../build/vision_model_package build --build-base /home/kodenfly123/ros2_ws/build/vision_model_package/build install --record /home/kodenfly123/ros2_ws/build/vision_model_package/install.log --single-version-externally-managed install_data
