running egg_info
writing ../../../build/lidar_reg/lidar_reg.egg-info/PKG-INFO
writing dependency_links to ../../../build/lidar_reg/lidar_reg.egg-info/dependency_links.txt
writing entry points to ../../../build/lidar_reg/lidar_reg.egg-info/entry_points.txt
writing requirements to ../../../build/lidar_reg/lidar_reg.egg-info/requires.txt
writing top-level names to ../../../build/lidar_reg/lidar_reg.egg-info/top_level.txt
reading manifest file '../../../build/lidar_reg/lidar_reg.egg-info/SOURCES.txt'
writing manifest file '../../../build/lidar_reg/lidar_reg.egg-info/SOURCES.txt'
running build
running build_py
copying lidar_reg/subscriber.py -> /home/kodenfly123/ros2_ws/build/lidar_reg/build/lib/lidar_reg
copying lidar_reg/waypoint.py -> /home/kodenfly123/ros2_ws/build/lidar_reg/build/lib/lidar_reg
copying lidar_reg/Publisher.py -> /home/kodenfly123/ros2_ws/build/lidar_reg/build/lib/lidar_reg
running install
running install_lib
copying /home/kodenfly123/ros2_ws/build/lidar_reg/build/lib/lidar_reg/subscriber.py -> /home/kodenfly123/ros2_ws/install/lidar_reg/lib/python3.10/site-packages/lidar_reg
copying /home/kodenfly123/ros2_ws/build/lidar_reg/build/lib/lidar_reg/waypoint.py -> /home/kodenfly123/ros2_ws/install/lidar_reg/lib/python3.10/site-packages/lidar_reg
copying /home/kodenfly123/ros2_ws/build/lidar_reg/build/lib/lidar_reg/Publisher.py -> /home/kodenfly123/ros2_ws/install/lidar_reg/lib/python3.10/site-packages/lidar_reg
byte-compiling /home/kodenfly123/ros2_ws/install/lidar_reg/lib/python3.10/site-packages/lidar_reg/subscriber.py to subscriber.cpython-310.pyc
byte-compiling /home/kodenfly123/ros2_ws/install/lidar_reg/lib/python3.10/site-packages/lidar_reg/waypoint.py to waypoint.cpython-310.pyc
byte-compiling /home/kodenfly123/ros2_ws/install/lidar_reg/lib/python3.10/site-packages/lidar_reg/Publisher.py to Publisher.cpython-310.pyc
running install_data
error: can't copy 'resource/lidar_reg': doesn't exist or not a regular file
