[0.841s] Invoking command in '/home/kodenfly123/ros2_ws/src/Follow_me_algorithm-main/lidar_reg': PYTHONPATH=/home/kodenfly123/ros2_ws/build/lidar_reg/prefix_override:/home/kodenfly123/ros2_ws/install/lidar_reg/lib/python3.10/site-packages:${PYTHONPATH} /usr/bin/python3 -W ignore:setup.py install is deprecated setup.py egg_info --egg-base ../../../build/lidar_reg build --build-base /home/kodenfly123/ros2_ws/build/lidar_reg/build install --record /home/kodenfly123/ros2_ws/build/lidar_reg/install.log --single-version-externally-managed install_data
[1.085s] running egg_info
[1.086s] writing ../../../build/lidar_reg/lidar_reg.egg-info/PKG-INFO
[1.086s] writing dependency_links to ../../../build/lidar_reg/lidar_reg.egg-info/dependency_links.txt
[1.086s] writing entry points to ../../../build/lidar_reg/lidar_reg.egg-info/entry_points.txt
[1.086s] writing requirements to ../../../build/lidar_reg/lidar_reg.egg-info/requires.txt
[1.087s] writing top-level names to ../../../build/lidar_reg/lidar_reg.egg-info/top_level.txt
[1.088s] reading manifest file '../../../build/lidar_reg/lidar_reg.egg-info/SOURCES.txt'
[1.089s] writing manifest file '../../../build/lidar_reg/lidar_reg.egg-info/SOURCES.txt'
[1.089s] running build
[1.089s] running build_py
[1.090s] copying lidar_reg/subscriber.py -> /home/kodenfly123/ros2_ws/build/lidar_reg/build/lib/lidar_reg
[1.090s] copying lidar_reg/waypoint.py -> /home/kodenfly123/ros2_ws/build/lidar_reg/build/lib/lidar_reg
[1.090s] copying lidar_reg/Publisher.py -> /home/kodenfly123/ros2_ws/build/lidar_reg/build/lib/lidar_reg
[1.090s] running install
[1.090s] running install_lib
[1.091s] copying /home/kodenfly123/ros2_ws/build/lidar_reg/build/lib/lidar_reg/subscriber.py -> /home/kodenfly123/ros2_ws/install/lidar_reg/lib/python3.10/site-packages/lidar_reg
[1.091s] copying /home/kodenfly123/ros2_ws/build/lidar_reg/build/lib/lidar_reg/waypoint.py -> /home/kodenfly123/ros2_ws/install/lidar_reg/lib/python3.10/site-packages/lidar_reg
[1.092s] copying /home/kodenfly123/ros2_ws/build/lidar_reg/build/lib/lidar_reg/Publisher.py -> /home/kodenfly123/ros2_ws/install/lidar_reg/lib/python3.10/site-packages/lidar_reg
[1.092s] byte-compiling /home/kodenfly123/ros2_ws/install/lidar_reg/lib/python3.10/site-packages/lidar_reg/subscriber.py to subscriber.cpython-310.pyc
[1.094s] byte-compiling /home/kodenfly123/ros2_ws/install/lidar_reg/lib/python3.10/site-packages/lidar_reg/waypoint.py to waypoint.cpython-310.pyc
[1.095s] byte-compiling /home/kodenfly123/ros2_ws/install/lidar_reg/lib/python3.10/site-packages/lidar_reg/Publisher.py to Publisher.cpython-310.pyc
[1.095s] running install_data
[1.096s] error: can't copy 'resource/lidar_reg': doesn't exist or not a regular file
[1.116s] Invoked command in '/home/kodenfly123/ros2_ws/src/Follow_me_algorithm-main/lidar_reg' returned '1': PYTHONPATH=/home/kodenfly123/ros2_ws/build/lidar_reg/prefix_override:/home/kodenfly123/ros2_ws/install/lidar_reg/lib/python3.10/site-packages:${PYTHONPATH} /usr/bin/python3 -W ignore:setup.py install is deprecated setup.py egg_info --egg-base ../../../build/lidar_reg build --build-base /home/kodenfly123/ros2_ws/build/lidar_reg/build install --record /home/kodenfly123/ros2_ws/build/lidar_reg/install.log --single-version-externally-managed install_data
