/usr/lib/python3/dist-packages/setuptools/dist.py:723: UserWarning: Usage of dash-separated 'script-dir' will not be supported in future versions. Please use the underscore name 'script_dir' instead
  warnings.warn(
running egg_info
writing ../build/lidar_reg/lidar_reg.egg-info/PKG-INFO
writing dependency_links to ../build/lidar_reg/lidar_reg.egg-info/dependency_links.txt
writing entry points to ../build/lidar_reg/lidar_reg.egg-info/entry_points.txt
writing requirements to ../build/lidar_reg/lidar_reg.egg-info/requires.txt
writing top-level names to ../build/lidar_reg/lidar_reg.egg-info/top_level.txt
reading manifest file '../build/lidar_reg/lidar_reg.egg-info/SOURCES.txt'
writing manifest file '../build/lidar_reg/lidar_reg.egg-info/SOURCES.txt'
running build
running build_py
copying lidar_reg/LISTENER.py -> /home/kodenfly123/ros2_ws/src/Follow_me_algorithm-main/build/lidar_reg/build/lib/lidar_reg
copying lidar_reg/ODOM.py -> /home/kodenfly123/ros2_ws/src/Follow_me_algorithm-main/build/lidar_reg/build/lib/lidar_reg
running install
running install_lib
copying /home/kodenfly123/ros2_ws/src/Follow_me_algorithm-main/build/lidar_reg/build/lib/lidar_reg/LISTENER.py -> /home/kodenfly123/ros2_ws/src/Follow_me_algorithm-main/install/lidar_reg/lib/python3.10/site-packages/lidar_reg
copying /home/kodenfly123/ros2_ws/src/Follow_me_algorithm-main/build/lidar_reg/build/lib/lidar_reg/ODOM.py -> /home/kodenfly123/ros2_ws/src/Follow_me_algorithm-main/install/lidar_reg/lib/python3.10/site-packages/lidar_reg
byte-compiling /home/kodenfly123/ros2_ws/src/Follow_me_algorithm-main/install/lidar_reg/lib/python3.10/site-packages/lidar_reg/LISTENER.py to LISTENER.cpython-310.pyc
byte-compiling /home/kodenfly123/ros2_ws/src/Follow_me_algorithm-main/install/lidar_reg/lib/python3.10/site-packages/lidar_reg/ODOM.py to ODOM.cpython-310.pyc
running install_data
running install_egg_info
removing '/home/kodenfly123/ros2_ws/src/Follow_me_algorithm-main/install/lidar_reg/lib/python3.10/site-packages/lidar_reg-0.0.0-py3.10.egg-info' (and everything under it)
Copying ../build/lidar_reg/lidar_reg.egg-info to /home/kodenfly123/ros2_ws/src/Follow_me_algorithm-main/install/lidar_reg/lib/python3.10/site-packages/lidar_reg-0.0.0-py3.10.egg-info
running install_scripts
Installing lidar_reg script to /home/kodenfly123/ros2_ws/src/Follow_me_algorithm-main/install/lidar_reg/lib/lidar_reg
Installing list script to /home/kodenfly123/ros2_ws/src/Follow_me_algorithm-main/install/lidar_reg/lib/lidar_reg
Installing odom script to /home/kodenfly123/ros2_ws/src/Follow_me_algorithm-main/install/lidar_reg/lib/lidar_reg
writing list of installed files to '/home/kodenfly123/ros2_ws/src/Follow_me_algorithm-main/build/lidar_reg/install.log'
