[1.327s] Invoking command in '/home/kodenfly123/ros2_ws/src/Follow_me_algorithm-main/lidar_reg': PYTHONPATH=/home/kodenfly123/ros2_ws/src/Follow_me_algorithm-main/build/lidar_reg/prefix_override:/home/kodenfly123/ros2_ws/src/Follow_me_algorithm-main/install/lidar_reg/lib/python3.10/site-packages:${PYTHONPATH} /usr/bin/python3 -W ignore:setup.py install is deprecated setup.py egg_info --egg-base ../build/lidar_reg build --build-base /home/kodenfly123/ros2_ws/src/Follow_me_algorithm-main/build/lidar_reg/build install --record /home/kodenfly123/ros2_ws/src/Follow_me_algorithm-main/build/lidar_reg/install.log --install-scripts $base/lib/lidar_reg --single-version-externally-managed install_data
[1.569s] /usr/lib/python3/dist-packages/setuptools/dist.py:723: UserWarning: Usage of dash-separated 'script-dir' will not be supported in future versions. Please use the underscore name 'script_dir' instead
[1.569s]   warnings.warn(
[1.579s] running egg_info
[1.580s] writing ../build/lidar_reg/lidar_reg.egg-info/PKG-INFO
[1.580s] writing dependency_links to ../build/lidar_reg/lidar_reg.egg-info/dependency_links.txt
[1.580s] writing entry points to ../build/lidar_reg/lidar_reg.egg-info/entry_points.txt
[1.580s] writing requirements to ../build/lidar_reg/lidar_reg.egg-info/requires.txt
[1.580s] writing top-level names to ../build/lidar_reg/lidar_reg.egg-info/top_level.txt
[1.583s] reading manifest file '../build/lidar_reg/lidar_reg.egg-info/SOURCES.txt'
[1.584s] writing manifest file '../build/lidar_reg/lidar_reg.egg-info/SOURCES.txt'
[1.584s] running build
[1.584s] running build_py
[1.585s] running install
[1.585s] running install_lib
[1.587s] running install_data
[1.588s] running install_egg_info
[1.591s] removing '/home/kodenfly123/ros2_ws/src/Follow_me_algorithm-main/install/lidar_reg/lib/python3.10/site-packages/lidar_reg-0.0.0-py3.10.egg-info' (and everything under it)
[1.591s] Copying ../build/lidar_reg/lidar_reg.egg-info to /home/kodenfly123/ros2_ws/src/Follow_me_algorithm-main/install/lidar_reg/lib/python3.10/site-packages/lidar_reg-0.0.0-py3.10.egg-info
[1.593s] running install_scripts
[1.615s] Installing Mikkel script to /home/kodenfly123/ros2_ws/src/Follow_me_algorithm-main/install/lidar_reg/lib/lidar_reg
[1.615s] Installing bug2 script to /home/kodenfly123/ros2_ws/src/Follow_me_algorithm-main/install/lidar_reg/lib/lidar_reg
[1.615s] Installing forward script to /home/kodenfly123/ros2_ws/src/Follow_me_algorithm-main/install/lidar_reg/lib/lidar_reg
[1.615s] Installing kiko script to /home/kodenfly123/ros2_ws/src/Follow_me_algorithm-main/install/lidar_reg/lib/lidar_reg
[1.616s] Installing lidar_reg script to /home/kodenfly123/ros2_ws/src/Follow_me_algorithm-main/install/lidar_reg/lib/lidar_reg
[1.616s] writing list of installed files to '/home/kodenfly123/ros2_ws/src/Follow_me_algorithm-main/build/lidar_reg/install.log'
[1.662s] Invoked command in '/home/kodenfly123/ros2_ws/src/Follow_me_algorithm-main/lidar_reg' returned '0': PYTHONPATH=/home/kodenfly123/ros2_ws/src/Follow_me_algorithm-main/build/lidar_reg/prefix_override:/home/kodenfly123/ros2_ws/src/Follow_me_algorithm-main/install/lidar_reg/lib/python3.10/site-packages:${PYTHONPATH} /usr/bin/python3 -W ignore:setup.py install is deprecated setup.py egg_info --egg-base ../build/lidar_reg build --build-base /home/kodenfly123/ros2_ws/src/Follow_me_algorithm-main/build/lidar_reg/build install --record /home/kodenfly123/ros2_ws/src/Follow_me_algorithm-main/build/lidar_reg/install.log --install-scripts $base/lib/lidar_reg --single-version-externally-managed install_data
