[0.935s] Invoking command in '/home/kodenfly123/ros2_ws/src/vision_model_package': PYTHONPATH=/home/kodenfly123/ros2_ws/build/vision_model_package/prefix_override:/home/kodenfly123/ros2_ws/install/vision_model_package/lib/python3.10/site-packages:${PYTHONPATH} /usr/bin/python3 -W ignore:setup.py install is deprecated setup.py egg_info --egg-base ../../build/vision_model_package build --build-base /home/kodenfly123/ros2_ws/build/vision_model_package/build install --record /home/kodenfly123/ros2_ws/build/vision_model_package/install.log --single-version-externally-managed install_data
[1.196s] running egg_info
[1.197s] writing ../../build/vision_model_package/vision_model_package.egg-info/PKG-INFO
[1.197s] writing dependency_links to ../../build/vision_model_package/vision_model_package.egg-info/dependency_links.txt
[1.197s] writing entry points to ../../build/vision_model_package/vision_model_package.egg-info/entry_points.txt
[1.197s] writing requirements to ../../build/vision_model_package/vision_model_package.egg-info/requires.txt
[1.197s] writing top-level names to ../../build/vision_model_package/vision_model_package.egg-info/top_level.txt
[1.199s] reading manifest file '../../build/vision_model_package/vision_model_package.egg-info/SOURCES.txt'
[1.200s] writing manifest file '../../build/vision_model_package/vision_model_package.egg-info/SOURCES.txt'
[1.200s] running build
[1.200s] running build_py
[1.200s] running install
[1.201s] running install_lib
[1.202s] running install_data
[1.202s] running install_egg_info
[1.204s] removing '/home/kodenfly123/ros2_ws/install/vision_model_package/lib/python3.10/site-packages/vision_model_package-0.0.0-py3.10.egg-info' (and everything under it)
[1.204s] Copying ../../build/vision_model_package/vision_model_package.egg-info to /home/kodenfly123/ros2_ws/install/vision_model_package/lib/python3.10/site-packages/vision_model_package-0.0.0-py3.10.egg-info
[1.205s] running install_scripts
[1.227s] Installing project_main_script script to /home/kodenfly123/ros2_ws/install/vision_model_package/lib/vision_model_package
[1.227s] Installing xyz_subscriber script to /home/kodenfly123/ros2_ws/install/vision_model_package/lib/vision_model_package
[1.227s] writing list of installed files to '/home/kodenfly123/ros2_ws/build/vision_model_package/install.log'
[1.257s] Invoked command in '/home/kodenfly123/ros2_ws/src/vision_model_package' returned '0': PYTHONPATH=/home/kodenfly123/ros2_ws/build/vision_model_package/prefix_override:/home/kodenfly123/ros2_ws/install/vision_model_package/lib/python3.10/site-packages:${PYTHONPATH} /usr/bin/python3 -W ignore:setup.py install is deprecated setup.py egg_info --egg-base ../../build/vision_model_package build --build-base /home/kodenfly123/ros2_ws/build/vision_model_package/build install --record /home/kodenfly123/ros2_ws/build/vision_model_package/install.log --single-version-externally-managed install_data
