running egg_info
creating ../build/shin_detector/shin_detector.egg-info
writing ../build/shin_detector/shin_detector.egg-info/PKG-INFO
writing dependency_links to ../build/shin_detector/shin_detector.egg-info/dependency_links.txt
writing entry points to ../build/shin_detector/shin_detector.egg-info/entry_points.txt
writing requirements to ../build/shin_detector/shin_detector.egg-info/requires.txt
writing top-level names to ../build/shin_detector/shin_detector.egg-info/top_level.txt
writing manifest file '../build/shin_detector/shin_detector.egg-info/SOURCES.txt'
reading manifest file '../build/shin_detector/shin_detector.egg-info/SOURCES.txt'
writing manifest file '../build/shin_detector/shin_detector.egg-info/SOURCES.txt'
running build
running build_py
creating /home/kodenfly123/ros2_ws/src/Follow_me_algorithm-main/build/shin_detector/build
creating /home/kodenfly123/ros2_ws/src/Follow_me_algorithm-main/build/shin_detector/build/lib
creating /home/kodenfly123/ros2_ws/src/Follow_me_algorithm-main/build/shin_detector/build/lib/shin_detector
copying shin_detector/calf_detector_clustering_map.py -> /home/kodenfly123/ros2_ws/src/Follow_me_algorithm-main/build/shin_detector/build/lib/shin_detector
copying shin_detector/calf_detector_detection_test.py -> /home/kodenfly123/ros2_ws/src/Follow_me_algorithm-main/build/shin_detector/build/lib/shin_detector
copying shin_detector/calf_detector_Positive_Feature_extractor50.py -> /home/kodenfly123/ros2_ws/src/Follow_me_algorithm-main/build/shin_detector/build/lib/shin_detector
copying shin_detector/__init__.py -> /home/kodenfly123/ros2_ws/src/Follow_me_algorithm-main/build/shin_detector/build/lib/shin_detector
copying shin_detector/calf_detector_Negative_Feature_extractor360.py -> /home/kodenfly123/ros2_ws/src/Follow_me_algorithm-main/build/shin_detector/build/lib/shin_detector
copying shin_detector/calf_detector_final.py -> /home/kodenfly123/ros2_ws/src/Follow_me_algorithm-main/build/shin_detector/build/lib/shin_detector
running install
running install_lib
creating /home/kodenfly123/ros2_ws/src/Follow_me_algorithm-main/install/shin_detector/lib/python3.10/site-packages/shin_detector
copying /home/kodenfly123/ros2_ws/src/Follow_me_algorithm-main/build/shin_detector/build/lib/shin_detector/calf_detector_clustering_map.py -> /home/kodenfly123/ros2_ws/src/Follow_me_algorithm-main/install/shin_detector/lib/python3.10/site-packages/shin_detector
copying /home/kodenfly123/ros2_ws/src/Follow_me_algorithm-main/build/shin_detector/build/lib/shin_detector/calf_detector_detection_test.py -> /home/kodenfly123/ros2_ws/src/Follow_me_algorithm-main/install/shin_detector/lib/python3.10/site-packages/shin_detector
copying /home/kodenfly123/ros2_ws/src/Follow_me_algorithm-main/build/shin_detector/build/lib/shin_detector/calf_detector_Positive_Feature_extractor50.py -> /home/kodenfly123/ros2_ws/src/Follow_me_algorithm-main/install/shin_detector/lib/python3.10/site-packages/shin_detector
copying /home/kodenfly123/ros2_ws/src/Follow_me_algorithm-main/build/shin_detector/build/lib/shin_detector/__init__.py -> /home/kodenfly123/ros2_ws/src/Follow_me_algorithm-main/install/shin_detector/lib/python3.10/site-packages/shin_detector
copying /home/kodenfly123/ros2_ws/src/Follow_me_algorithm-main/build/shin_detector/build/lib/shin_detector/calf_detector_Negative_Feature_extractor360.py -> /home/kodenfly123/ros2_ws/src/Follow_me_algorithm-main/install/shin_detector/lib/python3.10/site-packages/shin_detector
copying /home/kodenfly123/ros2_ws/src/Follow_me_algorithm-main/build/shin_detector/build/lib/shin_detector/calf_detector_final.py -> /home/kodenfly123/ros2_ws/src/Follow_me_algorithm-main/install/shin_detector/lib/python3.10/site-packages/shin_detector
byte-compiling /home/kodenfly123/ros2_ws/src/Follow_me_algorithm-main/install/shin_detector/lib/python3.10/site-packages/shin_detector/calf_detector_clustering_map.py to calf_detector_clustering_map.cpython-310.pyc
byte-compiling /home/kodenfly123/ros2_ws/src/Follow_me_algorithm-main/install/shin_detector/lib/python3.10/site-packages/shin_detector/calf_detector_detection_test.py to calf_detector_detection_test.cpython-310.pyc
byte-compiling /home/kodenfly123/ros2_ws/src/Follow_me_algorithm-main/install/shin_detector/lib/python3.10/site-packages/shin_detector/calf_detector_Positive_Feature_extractor50.py to calf_detector_Positive_Feature_extractor50.cpython-310.pyc
byte-compiling /home/kodenfly123/ros2_ws/src/Follow_me_algorithm-main/install/shin_detector/lib/python3.10/site-packages/shin_detector/__init__.py to __init__.cpython-310.pyc
byte-compiling /home/kodenfly123/ros2_ws/src/Follow_me_algorithm-main/install/shin_detector/lib/python3.10/site-packages/shin_detector/calf_detector_Negative_Feature_extractor360.py to calf_detector_Negative_Feature_extractor360.cpython-310.pyc
byte-compiling /home/kodenfly123/ros2_ws/src/Follow_me_algorithm-main/install/shin_detector/lib/python3.10/site-packages/shin_detector/calf_detector_final.py to calf_detector_final.cpython-310.pyc
running install_data
creating /home/kodenfly123/ros2_ws/src/Follow_me_algorithm-main/install/shin_detector/share/ament_index
creating /home/kodenfly123/ros2_ws/src/Follow_me_algorithm-main/install/shin_detector/share/ament_index/resource_index
creating /home/kodenfly123/ros2_ws/src/Follow_me_algorithm-main/install/shin_detector/share/ament_index/resource_index/packages
copying resource/shin_detector -> /home/kodenfly123/ros2_ws/src/Follow_me_algorithm-main/install/shin_detector/share/ament_index/resource_index/packages
copying package.xml -> /home/kodenfly123/ros2_ws/src/Follow_me_algorithm-main/install/shin_detector/share/shin_detector
running install_egg_info
Copying ../build/shin_detector/shin_detector.egg-info to /home/kodenfly123/ros2_ws/src/Follow_me_algorithm-main/install/shin_detector/lib/python3.10/site-packages/shin_detector-0.0.0-py3.10.egg-info
running install_scripts
Installing talker script to /home/kodenfly123/ros2_ws/src/Follow_me_algorithm-main/install/shin_detector/lib/shin_detector
writing list of installed files to '/home/kodenfly123/ros2_ws/src/Follow_me_algorithm-main/build/shin_detector/install.log'
