[1.398s] Invoking command in '/home/kodenfly123/ros2_ws/src/Follow_me_algorithm-main/shin_detector': PYTHONPATH=/home/kodenfly123/ros2_ws/src/Follow_me_algorithm-main/build/shin_detector/prefix_override:/home/kodenfly123/ros2_ws/src/Follow_me_algorithm-main/install/shin_detector/lib/python3.10/site-packages:${PYTHONPATH} /usr/bin/python3 -W ignore:setup.py install is deprecated setup.py egg_info --egg-base ../build/shin_detector build --build-base /home/kodenfly123/ros2_ws/src/Follow_me_algorithm-main/build/shin_detector/build install --record /home/kodenfly123/ros2_ws/src/Follow_me_algorithm-main/build/shin_detector/install.log --install-scripts $base/lib/shin_detector --single-version-externally-managed install_data
[1.662s] /usr/lib/python3/dist-packages/setuptools/dist.py:723: UserWarning: Usage of dash-separated 'script-dir' will not be supported in future versions. Please use the underscore name 'script_dir' instead
[1.663s]   warnings.warn(
[1.672s] running egg_info
[1.673s] creating ../build/shin_detector/shin_detector.egg-info
[1.673s] writing ../build/shin_detector/shin_detector.egg-info/PKG-INFO
[1.673s] writing dependency_links to ../build/shin_detector/shin_detector.egg-info/dependency_links.txt
[1.673s] writing entry points to ../build/shin_detector/shin_detector.egg-info/entry_points.txt
[1.674s] writing requirements to ../build/shin_detector/shin_detector.egg-info/requires.txt
[1.674s] writing top-level names to ../build/shin_detector/shin_detector.egg-info/top_level.txt
[1.674s] writing manifest file '../build/shin_detector/shin_detector.egg-info/SOURCES.txt'
[1.676s] reading manifest file '../build/shin_detector/shin_detector.egg-info/SOURCES.txt'
[1.677s] writing manifest file '../build/shin_detector/shin_detector.egg-info/SOURCES.txt'
[1.677s] running build
[1.677s] running build_py
[1.677s] creating /home/kodenfly123/ros2_ws/src/Follow_me_algorithm-main/build/shin_detector/build
[1.677s] creating /home/kodenfly123/ros2_ws/src/Follow_me_algorithm-main/build/shin_detector/build/lib
[1.677s] creating /home/kodenfly123/ros2_ws/src/Follow_me_algorithm-main/build/shin_detector/build/lib/shin_detector
[1.678s] copying shin_detector/calf_detector_clustering_map.py -> /home/kodenfly123/ros2_ws/src/Follow_me_algorithm-main/build/shin_detector/build/lib/shin_detector
[1.678s] copying shin_detector/calf_detector_detection_test.py -> /home/kodenfly123/ros2_ws/src/Follow_me_algorithm-main/build/shin_detector/build/lib/shin_detector
[1.678s] copying shin_detector/calf_detector_Positive_Feature_extractor50.py -> /home/kodenfly123/ros2_ws/src/Follow_me_algorithm-main/build/shin_detector/build/lib/shin_detector
[1.678s] copying shin_detector/__init__.py -> /home/kodenfly123/ros2_ws/src/Follow_me_algorithm-main/build/shin_detector/build/lib/shin_detector
[1.678s] copying shin_detector/calf_detector_Negative_Feature_extractor360.py -> /home/kodenfly123/ros2_ws/src/Follow_me_algorithm-main/build/shin_detector/build/lib/shin_detector
[1.678s] copying shin_detector/calf_detector_final.py -> /home/kodenfly123/ros2_ws/src/Follow_me_algorithm-main/build/shin_detector/build/lib/shin_detector
[1.678s] running install
[1.678s] running install_lib
[1.679s] creating /home/kodenfly123/ros2_ws/src/Follow_me_algorithm-main/install/shin_detector/lib/python3.10/site-packages/shin_detector
[1.679s] copying /home/kodenfly123/ros2_ws/src/Follow_me_algorithm-main/build/shin_detector/build/lib/shin_detector/calf_detector_clustering_map.py -> /home/kodenfly123/ros2_ws/src/Follow_me_algorithm-main/install/shin_detector/lib/python3.10/site-packages/shin_detector
[1.680s] copying /home/kodenfly123/ros2_ws/src/Follow_me_algorithm-main/build/shin_detector/build/lib/shin_detector/calf_detector_detection_test.py -> /home/kodenfly123/ros2_ws/src/Follow_me_algorithm-main/install/shin_detector/lib/python3.10/site-packages/shin_detector
[1.680s] copying /home/kodenfly123/ros2_ws/src/Follow_me_algorithm-main/build/shin_detector/build/lib/shin_detector/calf_detector_Positive_Feature_extractor50.py -> /home/kodenfly123/ros2_ws/src/Follow_me_algorithm-main/install/shin_detector/lib/python3.10/site-packages/shin_detector
[1.680s] copying /home/kodenfly123/ros2_ws/src/Follow_me_algorithm-main/build/shin_detector/build/lib/shin_detector/__init__.py -> /home/kodenfly123/ros2_ws/src/Follow_me_algorithm-main/install/shin_detector/lib/python3.10/site-packages/shin_detector
[1.680s] copying /home/kodenfly123/ros2_ws/src/Follow_me_algorithm-main/build/shin_detector/build/lib/shin_detector/calf_detector_Negative_Feature_extractor360.py -> /home/kodenfly123/ros2_ws/src/Follow_me_algorithm-main/install/shin_detector/lib/python3.10/site-packages/shin_detector
[1.680s] copying /home/kodenfly123/ros2_ws/src/Follow_me_algorithm-main/build/shin_detector/build/lib/shin_detector/calf_detector_final.py -> /home/kodenfly123/ros2_ws/src/Follow_me_algorithm-main/install/shin_detector/lib/python3.10/site-packages/shin_detector
[1.680s] byte-compiling /home/kodenfly123/ros2_ws/src/Follow_me_algorithm-main/install/shin_detector/lib/python3.10/site-packages/shin_detector/calf_detector_clustering_map.py to calf_detector_clustering_map.cpython-310.pyc
[1.682s] byte-compiling /home/kodenfly123/ros2_ws/src/Follow_me_algorithm-main/install/shin_detector/lib/python3.10/site-packages/shin_detector/calf_detector_detection_test.py to calf_detector_detection_test.cpython-310.pyc
[1.684s] byte-compiling /home/kodenfly123/ros2_ws/src/Follow_me_algorithm-main/install/shin_detector/lib/python3.10/site-packages/shin_detector/calf_detector_Positive_Feature_extractor50.py to calf_detector_Positive_Feature_extractor50.cpython-310.pyc
[1.685s] byte-compiling /home/kodenfly123/ros2_ws/src/Follow_me_algorithm-main/install/shin_detector/lib/python3.10/site-packages/shin_detector/__init__.py to __init__.cpython-310.pyc
[1.685s] byte-compiling /home/kodenfly123/ros2_ws/src/Follow_me_algorithm-main/install/shin_detector/lib/python3.10/site-packages/shin_detector/calf_detector_Negative_Feature_extractor360.py to calf_detector_Negative_Feature_extractor360.cpython-310.pyc
[1.687s] byte-compiling /home/kodenfly123/ros2_ws/src/Follow_me_algorithm-main/install/shin_detector/lib/python3.10/site-packages/shin_detector/calf_detector_final.py to calf_detector_final.cpython-310.pyc
[1.689s] running install_data
[1.689s] creating /home/kodenfly123/ros2_ws/src/Follow_me_algorithm-main/install/shin_detector/share/ament_index
[1.689s] creating /home/kodenfly123/ros2_ws/src/Follow_me_algorithm-main/install/shin_detector/share/ament_index/resource_index
[1.689s] creating /home/kodenfly123/ros2_ws/src/Follow_me_algorithm-main/install/shin_detector/share/ament_index/resource_index/packages
[1.690s] copying resource/shin_detector -> /home/kodenfly123/ros2_ws/src/Follow_me_algorithm-main/install/shin_detector/share/ament_index/resource_index/packages
[1.690s] copying package.xml -> /home/kodenfly123/ros2_ws/src/Follow_me_algorithm-main/install/shin_detector/share/shin_detector
[1.690s] running install_egg_info
[1.692s] Copying ../build/shin_detector/shin_detector.egg-info to /home/kodenfly123/ros2_ws/src/Follow_me_algorithm-main/install/shin_detector/lib/python3.10/site-packages/shin_detector-0.0.0-py3.10.egg-info
[1.693s] running install_scripts
[1.722s] Installing talker script to /home/kodenfly123/ros2_ws/src/Follow_me_algorithm-main/install/shin_detector/lib/shin_detector
[1.723s] writing list of installed files to '/home/kodenfly123/ros2_ws/src/Follow_me_algorithm-main/build/shin_detector/install.log'
[1.767s] Invoked command in '/home/kodenfly123/ros2_ws/src/Follow_me_algorithm-main/shin_detector' returned '0': PYTHONPATH=/home/kodenfly123/ros2_ws/src/Follow_me_algorithm-main/build/shin_detector/prefix_override:/home/kodenfly123/ros2_ws/src/Follow_me_algorithm-main/install/shin_detector/lib/python3.10/site-packages:${PYTHONPATH} /usr/bin/python3 -W ignore:setup.py install is deprecated setup.py egg_info --egg-base ../build/shin_detector build --build-base /home/kodenfly123/ros2_ws/src/Follow_me_algorithm-main/build/shin_detector/build install --record /home/kodenfly123/ros2_ws/src/Follow_me_algorithm-main/build/shin_detector/install.log --install-scripts $base/lib/shin_detector --single-version-externally-managed install_data
