[0.099s] DEBUG:colcon:Command line arguments: ['/usr/bin/colcon', 'build']
[0.099s] DEBUG:colcon:Parsed command line arguments: Namespace(log_base=None, log_level=None, verb_name='build', build_base='build', install_base='install', merge_install=False, symlink_install=False, test_result_base=None, continue_on_error=False, executor='parallel', parallel_workers=8, event_handlers=None, ignore_user_meta=False, metas=['./colcon.meta'], base_paths=['.'], packages_ignore=None, packages_ignore_regex=None, paths=None, packages_up_to=None, packages_up_to_regex=None, packages_above=None, packages_above_and_dependencies=None, packages_above_depth=None, packages_select_by_dep=None, packages_skip_by_dep=None, packages_skip_up_to=None, packages_select_build_failed=False, packages_skip_build_finished=False, packages_select_test_failures=False, packages_skip_test_passed=False, packages_select=None, packages_skip=None, packages_select_regex=None, packages_skip_regex=None, packages_start=None, packages_end=None, allow_overriding=[], cmake_args=None, cmake_target=None, cmake_target_skip_unavailable=False, cmake_clean_cache=False, cmake_clean_first=False, cmake_force_configure=False, ament_cmake_args=None, catkin_cmake_args=None, catkin_skip_building_tests=False, verb_parser=<colcon_defaults.argument_parser.defaults.DefaultArgumentsDecorator object at 0x729841c4cb20>, verb_extension=<colcon_core.verb.build.BuildVerb object at 0x729841c4c610>, main=<bound method BuildVerb.main of <colcon_core.verb.build.BuildVerb object at 0x729841c4c610>>)
[0.282s] Level 1:colcon.colcon_core.package_discovery:discover_packages(colcon_meta) check parameters
[0.282s] Level 1:colcon.colcon_core.package_discovery:discover_packages(recursive) check parameters
[0.282s] Level 1:colcon.colcon_core.package_discovery:discover_packages(ignore) check parameters
[0.282s] Level 1:colcon.colcon_core.package_discovery:discover_packages(path) check parameters
[0.282s] Level 1:colcon.colcon_core.package_discovery:discover_packages(colcon_meta) discover
[0.282s] Level 1:colcon.colcon_core.package_discovery:discover_packages(recursive) discover
[0.282s] INFO:colcon.colcon_core.package_discovery:Crawling recursively for packages in '/home/kodenfly123/ros2_ws/src/Follow_me_algorithm-main'
[0.283s] Level 1:colcon.colcon_core.package_identification:_identify(.) by extensions ['ignore', 'ignore_ament_install']
[0.283s] Level 1:colcon.colcon_core.package_identification:_identify(.) by extension 'ignore'
[0.283s] Level 1:colcon.colcon_core.package_identification:_identify(.) by extension 'ignore_ament_install'
[0.283s] Level 1:colcon.colcon_core.package_identification:_identify(.) by extensions ['colcon_pkg']
[0.283s] Level 1:colcon.colcon_core.package_identification:_identify(.) by extension 'colcon_pkg'
[0.283s] Level 1:colcon.colcon_core.package_identification:_identify(.) by extensions ['colcon_meta']
[0.283s] Level 1:colcon.colcon_core.package_identification:_identify(.) by extension 'colcon_meta'
[0.283s] Level 1:colcon.colcon_core.package_identification:_identify(.) by extensions ['ros']
[0.283s] Level 1:colcon.colcon_core.package_identification:_identify(.) by extension 'ros'
[0.293s] Level 1:colcon.colcon_core.package_identification:_identify(.) by extensions ['cmake', 'python']
[0.293s] Level 1:colcon.colcon_core.package_identification:_identify(.) by extension 'cmake'
[0.293s] Level 1:colcon.colcon_core.package_identification:_identify(.) by extension 'python'
[0.293s] Level 1:colcon.colcon_core.package_identification:_identify(.) by extensions ['python_setup_py']
[0.293s] Level 1:colcon.colcon_core.package_identification:_identify(.) by extension 'python_setup_py'
[0.293s] Level 1:colcon.colcon_core.package_identification:_identify(build) by extensions ['ignore', 'ignore_ament_install']
[0.293s] Level 1:colcon.colcon_core.package_identification:_identify(build) by extension 'ignore'
[0.293s] Level 1:colcon.colcon_core.package_identification:_identify(build) ignored
[0.293s] Level 1:colcon.colcon_core.package_identification:_identify(install) by extensions ['ignore', 'ignore_ament_install']
[0.293s] Level 1:colcon.colcon_core.package_identification:_identify(install) by extension 'ignore'
[0.293s] Level 1:colcon.colcon_core.package_identification:_identify(install) ignored
[0.293s] Level 1:colcon.colcon_core.package_identification:_identify(lidar_reg) by extensions ['ignore', 'ignore_ament_install']
[0.293s] Level 1:colcon.colcon_core.package_identification:_identify(lidar_reg) by extension 'ignore'
[0.293s] Level 1:colcon.colcon_core.package_identification:_identify(lidar_reg) by extension 'ignore_ament_install'
[0.293s] Level 1:colcon.colcon_core.package_identification:_identify(lidar_reg) by extensions ['colcon_pkg']
[0.293s] Level 1:colcon.colcon_core.package_identification:_identify(lidar_reg) by extension 'colcon_pkg'
[0.294s] Level 1:colcon.colcon_core.package_identification:_identify(lidar_reg) by extensions ['colcon_meta']
[0.294s] Level 1:colcon.colcon_core.package_identification:_identify(lidar_reg) by extension 'colcon_meta'
[0.294s] Level 1:colcon.colcon_core.package_identification:_identify(lidar_reg) by extensions ['ros']
[0.294s] Level 1:colcon.colcon_core.package_identification:_identify(lidar_reg) by extension 'ros'
[0.296s] DEBUG:colcon.colcon_core.package_identification:Package 'lidar_reg' with type 'ros.ament_python' and name 'lidar_reg'
[0.296s] Level 1:colcon.colcon_core.package_identification:_identify(log) by extensions ['ignore', 'ignore_ament_install']
[0.296s] Level 1:colcon.colcon_core.package_identification:_identify(log) by extension 'ignore'
[0.296s] Level 1:colcon.colcon_core.package_identification:_identify(log) ignored
[0.296s] Level 1:colcon.colcon_core.package_identification:_identify(regulation_ang) by extensions ['ignore', 'ignore_ament_install']
[0.296s] Level 1:colcon.colcon_core.package_identification:_identify(regulation_ang) by extension 'ignore'
[0.296s] Level 1:colcon.colcon_core.package_identification:_identify(regulation_ang) by extension 'ignore_ament_install'
[0.296s] Level 1:colcon.colcon_core.package_identification:_identify(regulation_ang) by extensions ['colcon_pkg']
[0.296s] Level 1:colcon.colcon_core.package_identification:_identify(regulation_ang) by extension 'colcon_pkg'
[0.296s] Level 1:colcon.colcon_core.package_identification:_identify(regulation_ang) by extensions ['colcon_meta']
[0.296s] Level 1:colcon.colcon_core.package_identification:_identify(regulation_ang) by extension 'colcon_meta'
[0.296s] Level 1:colcon.colcon_core.package_identification:_identify(regulation_ang) by extensions ['ros']
[0.296s] Level 1:colcon.colcon_core.package_identification:_identify(regulation_ang) by extension 'ros'
[0.297s] DEBUG:colcon.colcon_core.package_identification:Package 'regulation_ang' with type 'ros.ament_python' and name 'regulation_ang'
[0.297s] Level 1:colcon.colcon_core.package_identification:_identify(regulation_vel) by extensions ['ignore', 'ignore_ament_install']
[0.297s] Level 1:colcon.colcon_core.package_identification:_identify(regulation_vel) by extension 'ignore'
[0.297s] Level 1:colcon.colcon_core.package_identification:_identify(regulation_vel) by extension 'ignore_ament_install'
[0.297s] Level 1:colcon.colcon_core.package_identification:_identify(regulation_vel) by extensions ['colcon_pkg']
[0.297s] Level 1:colcon.colcon_core.package_identification:_identify(regulation_vel) by extension 'colcon_pkg'
[0.297s] Level 1:colcon.colcon_core.package_identification:_identify(regulation_vel) by extensions ['colcon_meta']
[0.297s] Level 1:colcon.colcon_core.package_identification:_identify(regulation_vel) by extension 'colcon_meta'
[0.297s] Level 1:colcon.colcon_core.package_identification:_identify(regulation_vel) by extensions ['ros']
[0.297s] Level 1:colcon.colcon_core.package_identification:_identify(regulation_vel) by extension 'ros'
[0.297s] DEBUG:colcon.colcon_core.package_identification:Package 'regulation_vel' with type 'ros.ament_python' and name 'regulation_vel'
[0.298s] Level 1:colcon.colcon_core.package_identification:_identify(shin_detector) by extensions ['ignore', 'ignore_ament_install']
[0.298s] Level 1:colcon.colcon_core.package_identification:_identify(shin_detector) by extension 'ignore'
[0.298s] Level 1:colcon.colcon_core.package_identification:_identify(shin_detector) by extension 'ignore_ament_install'
[0.298s] Level 1:colcon.colcon_core.package_identification:_identify(shin_detector) by extensions ['colcon_pkg']
[0.298s] Level 1:colcon.colcon_core.package_identification:_identify(shin_detector) by extension 'colcon_pkg'
[0.298s] Level 1:colcon.colcon_core.package_identification:_identify(shin_detector) by extensions ['colcon_meta']
[0.298s] Level 1:colcon.colcon_core.package_identification:_identify(shin_detector) by extension 'colcon_meta'
[0.298s] Level 1:colcon.colcon_core.package_identification:_identify(shin_detector) by extensions ['ros']
[0.298s] Level 1:colcon.colcon_core.package_identification:_identify(shin_detector) by extension 'ros'
[0.298s] DEBUG:colcon.colcon_core.package_identification:Package 'shin_detector' with type 'ros.ament_python' and name 'shin_detector'
[0.298s] Level 1:colcon.colcon_core.package_discovery:discover_packages(recursive) using defaults
[0.298s] Level 1:colcon.colcon_core.package_discovery:discover_packages(ignore) discover
[0.298s] Level 1:colcon.colcon_core.package_discovery:discover_packages(ignore) using defaults
[0.298s] Level 1:colcon.colcon_core.package_discovery:discover_packages(path) discover
[0.298s] Level 1:colcon.colcon_core.package_discovery:discover_packages(path) using defaults
[0.326s] Level 1:colcon.colcon_core.package_discovery:discover_packages(prefix_path) check parameters
[0.326s] Level 1:colcon.colcon_core.package_discovery:discover_packages(prefix_path) discover
[0.329s] DEBUG:colcon.colcon_installed_package_information.package_discovery:Found 412 installed packages in /opt/ros/humble
[0.330s] Level 1:colcon.colcon_core.package_discovery:discover_packages(prefix_path) using defaults
[0.371s] Level 5:colcon.colcon_core.verb:set package 'lidar_reg' build argument 'cmake_args' from command line to 'None'
[0.371s] Level 5:colcon.colcon_core.verb:set package 'lidar_reg' build argument 'cmake_target' from command line to 'None'
[0.371s] Level 5:colcon.colcon_core.verb:set package 'lidar_reg' build argument 'cmake_target_skip_unavailable' from command line to 'False'
[0.371s] Level 5:colcon.colcon_core.verb:set package 'lidar_reg' build argument 'cmake_clean_cache' from command line to 'False'
[0.371s] Level 5:colcon.colcon_core.verb:set package 'lidar_reg' build argument 'cmake_clean_first' from command line to 'False'
[0.371s] Level 5:colcon.colcon_core.verb:set package 'lidar_reg' build argument 'cmake_force_configure' from command line to 'False'
[0.371s] Level 5:colcon.colcon_core.verb:set package 'lidar_reg' build argument 'ament_cmake_args' from command line to 'None'
[0.371s] Level 5:colcon.colcon_core.verb:set package 'lidar_reg' build argument 'catkin_cmake_args' from command line to 'None'
[0.371s] Level 5:colcon.colcon_core.verb:set package 'lidar_reg' build argument 'catkin_skip_building_tests' from command line to 'False'
[0.371s] DEBUG:colcon.colcon_core.verb:Building package 'lidar_reg' with the following arguments: {'ament_cmake_args': None, 'build_base': '/home/kodenfly123/ros2_ws/src/Follow_me_algorithm-main/build/lidar_reg', 'catkin_cmake_args': None, 'catkin_skip_building_tests': False, 'cmake_args': None, 'cmake_clean_cache': False, 'cmake_clean_first': False, 'cmake_force_configure': False, 'cmake_target': None, 'cmake_target_skip_unavailable': False, 'install_base': '/home/kodenfly123/ros2_ws/src/Follow_me_algorithm-main/install/lidar_reg', 'merge_install': False, 'path': '/home/kodenfly123/ros2_ws/src/Follow_me_algorithm-main/lidar_reg', 'symlink_install': False, 'test_result_base': None}
[0.371s] Level 5:colcon.colcon_core.verb:set package 'regulation_ang' build argument 'cmake_args' from command line to 'None'
[0.371s] Level 5:colcon.colcon_core.verb:set package 'regulation_ang' build argument 'cmake_target' from command line to 'None'
[0.371s] Level 5:colcon.colcon_core.verb:set package 'regulation_ang' build argument 'cmake_target_skip_unavailable' from command line to 'False'
[0.371s] Level 5:colcon.colcon_core.verb:set package 'regulation_ang' build argument 'cmake_clean_cache' from command line to 'False'
[0.371s] Level 5:colcon.colcon_core.verb:set package 'regulation_ang' build argument 'cmake_clean_first' from command line to 'False'
[0.371s] Level 5:colcon.colcon_core.verb:set package 'regulation_ang' build argument 'cmake_force_configure' from command line to 'False'
[0.371s] Level 5:colcon.colcon_core.verb:set package 'regulation_ang' build argument 'ament_cmake_args' from command line to 'None'
[0.372s] Level 5:colcon.colcon_core.verb:set package 'regulation_ang' build argument 'catkin_cmake_args' from command line to 'None'
[0.372s] Level 5:colcon.colcon_core.verb:set package 'regulation_ang' build argument 'catkin_skip_building_tests' from command line to 'False'
[0.372s] DEBUG:colcon.colcon_core.verb:Building package 'regulation_ang' with the following arguments: {'ament_cmake_args': None, 'build_base': '/home/kodenfly123/ros2_ws/src/Follow_me_algorithm-main/build/regulation_ang', 'catkin_cmake_args': None, 'catkin_skip_building_tests': False, 'cmake_args': None, 'cmake_clean_cache': False, 'cmake_clean_first': False, 'cmake_force_configure': False, 'cmake_target': None, 'cmake_target_skip_unavailable': False, 'install_base': '/home/kodenfly123/ros2_ws/src/Follow_me_algorithm-main/install/regulation_ang', 'merge_install': False, 'path': '/home/kodenfly123/ros2_ws/src/Follow_me_algorithm-main/regulation_ang', 'symlink_install': False, 'test_result_base': None}
[0.372s] Level 5:colcon.colcon_core.verb:set package 'regulation_vel' build argument 'cmake_args' from command line to 'None'
[0.372s] Level 5:colcon.colcon_core.verb:set package 'regulation_vel' build argument 'cmake_target' from command line to 'None'
[0.372s] Level 5:colcon.colcon_core.verb:set package 'regulation_vel' build argument 'cmake_target_skip_unavailable' from command line to 'False'
[0.372s] Level 5:colcon.colcon_core.verb:set package 'regulation_vel' build argument 'cmake_clean_cache' from command line to 'False'
[0.372s] Level 5:colcon.colcon_core.verb:set package 'regulation_vel' build argument 'cmake_clean_first' from command line to 'False'
[0.372s] Level 5:colcon.colcon_core.verb:set package 'regulation_vel' build argument 'cmake_force_configure' from command line to 'False'
[0.372s] Level 5:colcon.colcon_core.verb:set package 'regulation_vel' build argument 'ament_cmake_args' from command line to 'None'
[0.372s] Level 5:colcon.colcon_core.verb:set package 'regulation_vel' build argument 'catkin_cmake_args' from command line to 'None'
[0.372s] Level 5:colcon.colcon_core.verb:set package 'regulation_vel' build argument 'catkin_skip_building_tests' from command line to 'False'
[0.372s] DEBUG:colcon.colcon_core.verb:Building package 'regulation_vel' with the following arguments: {'ament_cmake_args': None, 'build_base': '/home/kodenfly123/ros2_ws/src/Follow_me_algorithm-main/build/regulation_vel', 'catkin_cmake_args': None, 'catkin_skip_building_tests': False, 'cmake_args': None, 'cmake_clean_cache': False, 'cmake_clean_first': False, 'cmake_force_configure': False, 'cmake_target': None, 'cmake_target_skip_unavailable': False, 'install_base': '/home/kodenfly123/ros2_ws/src/Follow_me_algorithm-main/install/regulation_vel', 'merge_install': False, 'path': '/home/kodenfly123/ros2_ws/src/Follow_me_algorithm-main/regulation_vel', 'symlink_install': False, 'test_result_base': None}
[0.372s] Level 5:colcon.colcon_core.verb:set package 'shin_detector' build argument 'cmake_args' from command line to 'None'
[0.372s] Level 5:colcon.colcon_core.verb:set package 'shin_detector' build argument 'cmake_target' from command line to 'None'
[0.372s] Level 5:colcon.colcon_core.verb:set package 'shin_detector' build argument 'cmake_target_skip_unavailable' from command line to 'False'
[0.372s] Level 5:colcon.colcon_core.verb:set package 'shin_detector' build argument 'cmake_clean_cache' from command line to 'False'
[0.372s] Level 5:colcon.colcon_core.verb:set package 'shin_detector' build argument 'cmake_clean_first' from command line to 'False'
[0.372s] Level 5:colcon.colcon_core.verb:set package 'shin_detector' build argument 'cmake_force_configure' from command line to 'False'
[0.372s] Level 5:colcon.colcon_core.verb:set package 'shin_detector' build argument 'ament_cmake_args' from command line to 'None'
[0.372s] Level 5:colcon.colcon_core.verb:set package 'shin_detector' build argument 'catkin_cmake_args' from command line to 'None'
[0.372s] Level 5:colcon.colcon_core.verb:set package 'shin_detector' build argument 'catkin_skip_building_tests' from command line to 'False'
[0.372s] DEBUG:colcon.colcon_core.verb:Building package 'shin_detector' with the following arguments: {'ament_cmake_args': None, 'build_base': '/home/kodenfly123/ros2_ws/src/Follow_me_algorithm-main/build/shin_detector', 'catkin_cmake_args': None, 'catkin_skip_building_tests': False, 'cmake_args': None, 'cmake_clean_cache': False, 'cmake_clean_first': False, 'cmake_force_configure': False, 'cmake_target': None, 'cmake_target_skip_unavailable': False, 'install_base': '/home/kodenfly123/ros2_ws/src/Follow_me_algorithm-main/install/shin_detector', 'merge_install': False, 'path': '/home/kodenfly123/ros2_ws/src/Follow_me_algorithm-main/shin_detector', 'symlink_install': False, 'test_result_base': None}
[0.373s] INFO:colcon.colcon_core.executor:Executing jobs using 'parallel' executor
[0.374s] DEBUG:colcon.colcon_parallel_executor.executor.parallel:run_until_complete
[0.374s] INFO:colcon.colcon_ros.task.ament_python.build:Building ROS package in '/home/kodenfly123/ros2_ws/src/Follow_me_algorithm-main/lidar_reg' with build type 'ament_python'
[0.374s] Level 1:colcon.colcon_core.shell:create_environment_hook('lidar_reg', 'ament_prefix_path')
[0.377s] INFO:colcon.colcon_core.plugin_system:Skipping extension 'colcon_core.shell.bat': Not used on non-Windows systems
[0.377s] INFO:colcon.colcon_core.shell:Creating environment hook '/home/kodenfly123/ros2_ws/src/Follow_me_algorithm-main/install/lidar_reg/share/lidar_reg/hook/ament_prefix_path.ps1'
[0.377s] INFO:colcon.colcon_core.shell:Creating environment descriptor '/home/kodenfly123/ros2_ws/src/Follow_me_algorithm-main/install/lidar_reg/share/lidar_reg/hook/ament_prefix_path.dsv'
[0.378s] INFO:colcon.colcon_core.shell:Creating environment hook '/home/kodenfly123/ros2_ws/src/Follow_me_algorithm-main/install/lidar_reg/share/lidar_reg/hook/ament_prefix_path.sh'
[0.378s] INFO:colcon.colcon_core.shell:Skip shell extension 'powershell' for command environment: Not usable outside of PowerShell
[0.378s] DEBUG:colcon.colcon_core.shell:Skip shell extension 'dsv' for command environment
[0.381s] INFO:colcon.colcon_ros.task.ament_python.build:Building ROS package in '/home/kodenfly123/ros2_ws/src/Follow_me_algorithm-main/regulation_ang' with build type 'ament_python'
[0.381s] Level 1:colcon.colcon_core.shell:create_environment_hook('regulation_ang', 'ament_prefix_path')
[0.381s] INFO:colcon.colcon_core.shell:Creating environment hook '/home/kodenfly123/ros2_ws/src/Follow_me_algorithm-main/install/regulation_ang/share/regulation_ang/hook/ament_prefix_path.ps1'
[0.382s] INFO:colcon.colcon_core.shell:Creating environment descriptor '/home/kodenfly123/ros2_ws/src/Follow_me_algorithm-main/install/regulation_ang/share/regulation_ang/hook/ament_prefix_path.dsv'
[0.382s] INFO:colcon.colcon_core.shell:Creating environment hook '/home/kodenfly123/ros2_ws/src/Follow_me_algorithm-main/install/regulation_ang/share/regulation_ang/hook/ament_prefix_path.sh'
[0.382s] INFO:colcon.colcon_core.shell:Skip shell extension 'powershell' for command environment: Not usable outside of PowerShell
[0.383s] DEBUG:colcon.colcon_core.shell:Skip shell extension 'dsv' for command environment
[0.385s] INFO:colcon.colcon_ros.task.ament_python.build:Building ROS package in '/home/kodenfly123/ros2_ws/src/Follow_me_algorithm-main/regulation_vel' with build type 'ament_python'
[0.385s] Level 1:colcon.colcon_core.shell:create_environment_hook('regulation_vel', 'ament_prefix_path')
[0.385s] INFO:colcon.colcon_core.shell:Creating environment hook '/home/kodenfly123/ros2_ws/src/Follow_me_algorithm-main/install/regulation_vel/share/regulation_vel/hook/ament_prefix_path.ps1'
[0.386s] INFO:colcon.colcon_core.shell:Creating environment descriptor '/home/kodenfly123/ros2_ws/src/Follow_me_algorithm-main/install/regulation_vel/share/regulation_vel/hook/ament_prefix_path.dsv'
[0.386s] INFO:colcon.colcon_core.shell:Creating environment hook '/home/kodenfly123/ros2_ws/src/Follow_me_algorithm-main/install/regulation_vel/share/regulation_vel/hook/ament_prefix_path.sh'
[0.387s] INFO:colcon.colcon_core.shell:Skip shell extension 'powershell' for command environment: Not usable outside of PowerShell
[0.387s] DEBUG:colcon.colcon_core.shell:Skip shell extension 'dsv' for command environment
[0.389s] INFO:colcon.colcon_ros.task.ament_python.build:Building ROS package in '/home/kodenfly123/ros2_ws/src/Follow_me_algorithm-main/shin_detector' with build type 'ament_python'
[0.389s] Level 1:colcon.colcon_core.shell:create_environment_hook('shin_detector', 'ament_prefix_path')
[0.389s] INFO:colcon.colcon_core.shell:Creating environment hook '/home/kodenfly123/ros2_ws/src/Follow_me_algorithm-main/install/shin_detector/share/shin_detector/hook/ament_prefix_path.ps1'
[0.390s] INFO:colcon.colcon_core.shell:Creating environment descriptor '/home/kodenfly123/ros2_ws/src/Follow_me_algorithm-main/install/shin_detector/share/shin_detector/hook/ament_prefix_path.dsv'
[0.390s] INFO:colcon.colcon_core.shell:Creating environment hook '/home/kodenfly123/ros2_ws/src/Follow_me_algorithm-main/install/shin_detector/share/shin_detector/hook/ament_prefix_path.sh'
[0.391s] INFO:colcon.colcon_core.shell:Skip shell extension 'powershell' for command environment: Not usable outside of PowerShell
[0.391s] DEBUG:colcon.colcon_core.shell:Skip shell extension 'dsv' for command environment
[0.617s] INFO:colcon.colcon_core.task.python.build:Building Python package in '/home/kodenfly123/ros2_ws/src/Follow_me_algorithm-main/lidar_reg'
[0.617s] INFO:colcon.colcon_core.shell:Skip shell extension 'powershell' for command environment: Not usable outside of PowerShell
[0.618s] DEBUG:colcon.colcon_core.shell:Skip shell extension 'dsv' for command environment
[0.863s] INFO:colcon.colcon_core.task.python.build:Building Python package in '/home/kodenfly123/ros2_ws/src/Follow_me_algorithm-main/regulation_ang'
[0.863s] INFO:colcon.colcon_core.shell:Skip shell extension 'powershell' for command environment: Not usable outside of PowerShell
[0.863s] DEBUG:colcon.colcon_core.shell:Skip shell extension 'dsv' for command environment
[1.079s] INFO:colcon.colcon_core.task.python.build:Building Python package in '/home/kodenfly123/ros2_ws/src/Follow_me_algorithm-main/regulation_vel'
[1.079s] INFO:colcon.colcon_core.shell:Skip shell extension 'powershell' for command environment: Not usable outside of PowerShell
[1.079s] DEBUG:colcon.colcon_core.shell:Skip shell extension 'dsv' for command environment
[1.305s] INFO:colcon.colcon_core.task.python.build:Building Python package in '/home/kodenfly123/ros2_ws/src/Follow_me_algorithm-main/shin_detector'
[1.305s] INFO:colcon.colcon_core.shell:Skip shell extension 'powershell' for command environment: Not usable outside of PowerShell
[1.305s] DEBUG:colcon.colcon_core.shell:Skip shell extension 'dsv' for command environment
[1.778s] DEBUG:colcon.colcon_core.event_handler.log_command:Invoking command in '/home/kodenfly123/ros2_ws/src/Follow_me_algorithm-main/lidar_reg': PYTHONPATH=/home/kodenfly123/ros2_ws/src/Follow_me_algorithm-main/build/lidar_reg/prefix_override:/home/kodenfly123/ros2_ws/src/Follow_me_algorithm-main/install/lidar_reg/lib/python3.10/site-packages:${PYTHONPATH} /usr/bin/python3 -W ignore:setup.py install is deprecated setup.py egg_info --egg-base ../build/lidar_reg build --build-base /home/kodenfly123/ros2_ws/src/Follow_me_algorithm-main/build/lidar_reg/build install --record /home/kodenfly123/ros2_ws/src/Follow_me_algorithm-main/build/lidar_reg/install.log --install-scripts $base/lib/lidar_reg --single-version-externally-managed install_data
[1.784s] DEBUG:colcon.colcon_core.event_handler.log_command:Invoking command in '/home/kodenfly123/ros2_ws/src/Follow_me_algorithm-main/regulation_vel': PYTHONPATH=/home/kodenfly123/ros2_ws/src/Follow_me_algorithm-main/build/regulation_vel/prefix_override:/home/kodenfly123/ros2_ws/src/Follow_me_algorithm-main/install/regulation_vel/lib/python3.10/site-packages:${PYTHONPATH} /usr/bin/python3 -W ignore:setup.py install is deprecated setup.py egg_info --egg-base ../build/regulation_vel build --build-base /home/kodenfly123/ros2_ws/src/Follow_me_algorithm-main/build/regulation_vel/build install --record /home/kodenfly123/ros2_ws/src/Follow_me_algorithm-main/build/regulation_vel/install.log --install-scripts $base/lib/regulation_vel --single-version-externally-managed install_data
[1.788s] DEBUG:colcon.colcon_core.event_handler.log_command:Invoking command in '/home/kodenfly123/ros2_ws/src/Follow_me_algorithm-main/shin_detector': PYTHONPATH=/home/kodenfly123/ros2_ws/src/Follow_me_algorithm-main/build/shin_detector/prefix_override:/home/kodenfly123/ros2_ws/src/Follow_me_algorithm-main/install/shin_detector/lib/python3.10/site-packages:${PYTHONPATH} /usr/bin/python3 -W ignore:setup.py install is deprecated setup.py egg_info --egg-base ../build/shin_detector build --build-base /home/kodenfly123/ros2_ws/src/Follow_me_algorithm-main/build/shin_detector/build install --record /home/kodenfly123/ros2_ws/src/Follow_me_algorithm-main/build/shin_detector/install.log --install-scripts $base/lib/shin_detector --single-version-externally-managed install_data
[1.789s] DEBUG:colcon.colcon_core.event_handler.log_command:Invoking command in '/home/kodenfly123/ros2_ws/src/Follow_me_algorithm-main/regulation_ang': PYTHONPATH=/home/kodenfly123/ros2_ws/src/Follow_me_algorithm-main/build/regulation_ang/prefix_override:/home/kodenfly123/ros2_ws/src/Follow_me_algorithm-main/install/regulation_ang/lib/python3.10/site-packages:${PYTHONPATH} /usr/bin/python3 -W ignore:setup.py install is deprecated setup.py egg_info --egg-base ../build/regulation_ang build --build-base /home/kodenfly123/ros2_ws/src/Follow_me_algorithm-main/build/regulation_ang/build install --record /home/kodenfly123/ros2_ws/src/Follow_me_algorithm-main/build/regulation_ang/install.log --install-scripts $base/lib/regulation_ang --single-version-externally-managed install_data
[2.125s] DEBUG:colcon.colcon_core.event_handler.log_command:Invoked command in '/home/kodenfly123/ros2_ws/src/Follow_me_algorithm-main/regulation_vel' returned '0': PYTHONPATH=/home/kodenfly123/ros2_ws/src/Follow_me_algorithm-main/build/regulation_vel/prefix_override:/home/kodenfly123/ros2_ws/src/Follow_me_algorithm-main/install/regulation_vel/lib/python3.10/site-packages:${PYTHONPATH} /usr/bin/python3 -W ignore:setup.py install is deprecated setup.py egg_info --egg-base ../build/regulation_vel build --build-base /home/kodenfly123/ros2_ws/src/Follow_me_algorithm-main/build/regulation_vel/build install --record /home/kodenfly123/ros2_ws/src/Follow_me_algorithm-main/build/regulation_vel/install.log --install-scripts $base/lib/regulation_vel --single-version-externally-managed install_data
[2.131s] Level 1:colcon.colcon_core.environment:checking '/home/kodenfly123/ros2_ws/src/Follow_me_algorithm-main/install/regulation_vel' for CMake module files
[2.132s] Level 1:colcon.colcon_core.environment:checking '/home/kodenfly123/ros2_ws/src/Follow_me_algorithm-main/install/regulation_vel' for CMake config files
[2.132s] Level 1:colcon.colcon_core.environment:checking '/home/kodenfly123/ros2_ws/src/Follow_me_algorithm-main/install/regulation_vel/lib'
[2.133s] Level 1:colcon.colcon_core.environment:checking '/home/kodenfly123/ros2_ws/src/Follow_me_algorithm-main/install/regulation_vel/bin'
[2.133s] Level 1:colcon.colcon_core.environment:checking '/home/kodenfly123/ros2_ws/src/Follow_me_algorithm-main/install/regulation_vel/lib/pkgconfig/regulation_vel.pc'
[2.133s] Level 1:colcon.colcon_core.environment:checking '/home/kodenfly123/ros2_ws/src/Follow_me_algorithm-main/install/regulation_vel/lib/python3.10/site-packages'
[2.133s] Level 1:colcon.colcon_core.shell:create_environment_hook('regulation_vel', 'pythonpath')
[2.134s] INFO:colcon.colcon_core.shell:Creating environment hook '/home/kodenfly123/ros2_ws/src/Follow_me_algorithm-main/install/regulation_vel/share/regulation_vel/hook/pythonpath.ps1'
[2.134s] INFO:colcon.colcon_core.shell:Creating environment descriptor '/home/kodenfly123/ros2_ws/src/Follow_me_algorithm-main/install/regulation_vel/share/regulation_vel/hook/pythonpath.dsv'
[2.134s] INFO:colcon.colcon_core.shell:Creating environment hook '/home/kodenfly123/ros2_ws/src/Follow_me_algorithm-main/install/regulation_vel/share/regulation_vel/hook/pythonpath.sh'
[2.135s] Level 1:colcon.colcon_core.environment:checking '/home/kodenfly123/ros2_ws/src/Follow_me_algorithm-main/install/regulation_vel/bin'
[2.135s] Level 1:colcon.colcon_core.environment:create_environment_scripts_only(regulation_vel)
[2.136s] INFO:colcon.colcon_core.shell:Creating package script '/home/kodenfly123/ros2_ws/src/Follow_me_algorithm-main/install/regulation_vel/share/regulation_vel/package.ps1'
[2.137s] INFO:colcon.colcon_core.shell:Creating package descriptor '/home/kodenfly123/ros2_ws/src/Follow_me_algorithm-main/install/regulation_vel/share/regulation_vel/package.dsv'
[2.138s] INFO:colcon.colcon_core.shell:Creating package script '/home/kodenfly123/ros2_ws/src/Follow_me_algorithm-main/install/regulation_vel/share/regulation_vel/package.sh'
[2.140s] INFO:colcon.colcon_core.shell:Creating package script '/home/kodenfly123/ros2_ws/src/Follow_me_algorithm-main/install/regulation_vel/share/regulation_vel/package.bash'
[2.141s] INFO:colcon.colcon_core.shell:Creating package script '/home/kodenfly123/ros2_ws/src/Follow_me_algorithm-main/install/regulation_vel/share/regulation_vel/package.zsh'
[2.142s] Level 1:colcon.colcon_core.environment:create_file_with_runtime_dependencies(/home/kodenfly123/ros2_ws/src/Follow_me_algorithm-main/install/regulation_vel/share/colcon-core/packages/regulation_vel)
[2.144s] Level 1:colcon.colcon_core.environment:checking '/home/kodenfly123/ros2_ws/src/Follow_me_algorithm-main/install/regulation_ang' for CMake module files
[2.144s] DEBUG:colcon.colcon_core.event_handler.log_command:Invoked command in '/home/kodenfly123/ros2_ws/src/Follow_me_algorithm-main/regulation_ang' returned '0': PYTHONPATH=/home/kodenfly123/ros2_ws/src/Follow_me_algorithm-main/build/regulation_ang/prefix_override:/home/kodenfly123/ros2_ws/src/Follow_me_algorithm-main/install/regulation_ang/lib/python3.10/site-packages:${PYTHONPATH} /usr/bin/python3 -W ignore:setup.py install is deprecated setup.py egg_info --egg-base ../build/regulation_ang build --build-base /home/kodenfly123/ros2_ws/src/Follow_me_algorithm-main/build/regulation_ang/build install --record /home/kodenfly123/ros2_ws/src/Follow_me_algorithm-main/build/regulation_ang/install.log --install-scripts $base/lib/regulation_ang --single-version-externally-managed install_data
[2.145s] Level 1:colcon.colcon_core.environment:checking '/home/kodenfly123/ros2_ws/src/Follow_me_algorithm-main/install/regulation_ang' for CMake config files
[2.145s] Level 1:colcon.colcon_core.environment:checking '/home/kodenfly123/ros2_ws/src/Follow_me_algorithm-main/install/regulation_ang/lib'
[2.145s] Level 1:colcon.colcon_core.environment:checking '/home/kodenfly123/ros2_ws/src/Follow_me_algorithm-main/install/regulation_ang/bin'
[2.145s] Level 1:colcon.colcon_core.environment:checking '/home/kodenfly123/ros2_ws/src/Follow_me_algorithm-main/install/regulation_ang/lib/pkgconfig/regulation_ang.pc'
[2.146s] Level 1:colcon.colcon_core.environment:checking '/home/kodenfly123/ros2_ws/src/Follow_me_algorithm-main/install/regulation_ang/lib/python3.10/site-packages'
[2.146s] Level 1:colcon.colcon_core.shell:create_environment_hook('regulation_ang', 'pythonpath')
[2.146s] INFO:colcon.colcon_core.shell:Creating environment hook '/home/kodenfly123/ros2_ws/src/Follow_me_algorithm-main/install/regulation_ang/share/regulation_ang/hook/pythonpath.ps1'
[2.147s] INFO:colcon.colcon_core.shell:Creating environment descriptor '/home/kodenfly123/ros2_ws/src/Follow_me_algorithm-main/install/regulation_ang/share/regulation_ang/hook/pythonpath.dsv'
[2.147s] INFO:colcon.colcon_core.shell:Creating environment hook '/home/kodenfly123/ros2_ws/src/Follow_me_algorithm-main/install/regulation_ang/share/regulation_ang/hook/pythonpath.sh'
[2.148s] Level 1:colcon.colcon_core.environment:checking '/home/kodenfly123/ros2_ws/src/Follow_me_algorithm-main/install/regulation_ang/bin'
[2.148s] Level 1:colcon.colcon_core.environment:create_environment_scripts_only(regulation_ang)
[2.148s] INFO:colcon.colcon_core.shell:Creating package script '/home/kodenfly123/ros2_ws/src/Follow_me_algorithm-main/install/regulation_ang/share/regulation_ang/package.ps1'
[2.149s] INFO:colcon.colcon_core.shell:Creating package descriptor '/home/kodenfly123/ros2_ws/src/Follow_me_algorithm-main/install/regulation_ang/share/regulation_ang/package.dsv'
[2.149s] INFO:colcon.colcon_core.shell:Creating package script '/home/kodenfly123/ros2_ws/src/Follow_me_algorithm-main/install/regulation_ang/share/regulation_ang/package.sh'
[2.149s] INFO:colcon.colcon_core.shell:Creating package script '/home/kodenfly123/ros2_ws/src/Follow_me_algorithm-main/install/regulation_ang/share/regulation_ang/package.bash'
[2.149s] INFO:colcon.colcon_core.shell:Creating package script '/home/kodenfly123/ros2_ws/src/Follow_me_algorithm-main/install/regulation_ang/share/regulation_ang/package.zsh'
[2.150s] Level 1:colcon.colcon_core.environment:create_file_with_runtime_dependencies(/home/kodenfly123/ros2_ws/src/Follow_me_algorithm-main/install/regulation_ang/share/colcon-core/packages/regulation_ang)
[2.150s] Level 1:colcon.colcon_core.environment:checking '/home/kodenfly123/ros2_ws/src/Follow_me_algorithm-main/install/lidar_reg' for CMake module files
[2.151s] DEBUG:colcon.colcon_core.event_handler.log_command:Invoked command in '/home/kodenfly123/ros2_ws/src/Follow_me_algorithm-main/lidar_reg' returned '0': PYTHONPATH=/home/kodenfly123/ros2_ws/src/Follow_me_algorithm-main/build/lidar_reg/prefix_override:/home/kodenfly123/ros2_ws/src/Follow_me_algorithm-main/install/lidar_reg/lib/python3.10/site-packages:${PYTHONPATH} /usr/bin/python3 -W ignore:setup.py install is deprecated setup.py egg_info --egg-base ../build/lidar_reg build --build-base /home/kodenfly123/ros2_ws/src/Follow_me_algorithm-main/build/lidar_reg/build install --record /home/kodenfly123/ros2_ws/src/Follow_me_algorithm-main/build/lidar_reg/install.log --install-scripts $base/lib/lidar_reg --single-version-externally-managed install_data
[2.151s] Level 1:colcon.colcon_core.environment:checking '/home/kodenfly123/ros2_ws/src/Follow_me_algorithm-main/install/lidar_reg' for CMake config files
[2.151s] Level 1:colcon.colcon_core.environment:checking '/home/kodenfly123/ros2_ws/src/Follow_me_algorithm-main/install/lidar_reg/lib'
[2.151s] Level 1:colcon.colcon_core.environment:checking '/home/kodenfly123/ros2_ws/src/Follow_me_algorithm-main/install/lidar_reg/bin'
[2.151s] Level 1:colcon.colcon_core.environment:checking '/home/kodenfly123/ros2_ws/src/Follow_me_algorithm-main/install/lidar_reg/lib/pkgconfig/lidar_reg.pc'
[2.151s] Level 1:colcon.colcon_core.environment:checking '/home/kodenfly123/ros2_ws/src/Follow_me_algorithm-main/install/lidar_reg/lib/python3.10/site-packages'
[2.152s] Level 1:colcon.colcon_core.shell:create_environment_hook('lidar_reg', 'pythonpath')
[2.152s] INFO:colcon.colcon_core.shell:Creating environment hook '/home/kodenfly123/ros2_ws/src/Follow_me_algorithm-main/install/lidar_reg/share/lidar_reg/hook/pythonpath.ps1'
[2.152s] INFO:colcon.colcon_core.shell:Creating environment descriptor '/home/kodenfly123/ros2_ws/src/Follow_me_algorithm-main/install/lidar_reg/share/lidar_reg/hook/pythonpath.dsv'
[2.152s] INFO:colcon.colcon_core.shell:Creating environment hook '/home/kodenfly123/ros2_ws/src/Follow_me_algorithm-main/install/lidar_reg/share/lidar_reg/hook/pythonpath.sh'
[2.153s] Level 1:colcon.colcon_core.environment:checking '/home/kodenfly123/ros2_ws/src/Follow_me_algorithm-main/install/lidar_reg/bin'
[2.153s] Level 1:colcon.colcon_core.environment:create_environment_scripts_only(lidar_reg)
[2.153s] INFO:colcon.colcon_core.shell:Creating package script '/home/kodenfly123/ros2_ws/src/Follow_me_algorithm-main/install/lidar_reg/share/lidar_reg/package.ps1'
[2.153s] INFO:colcon.colcon_core.shell:Creating package descriptor '/home/kodenfly123/ros2_ws/src/Follow_me_algorithm-main/install/lidar_reg/share/lidar_reg/package.dsv'
[2.153s] INFO:colcon.colcon_core.shell:Creating package script '/home/kodenfly123/ros2_ws/src/Follow_me_algorithm-main/install/lidar_reg/share/lidar_reg/package.sh'
[2.154s] INFO:colcon.colcon_core.shell:Creating package script '/home/kodenfly123/ros2_ws/src/Follow_me_algorithm-main/install/lidar_reg/share/lidar_reg/package.bash'
[2.154s] INFO:colcon.colcon_core.shell:Creating package script '/home/kodenfly123/ros2_ws/src/Follow_me_algorithm-main/install/lidar_reg/share/lidar_reg/package.zsh'
[2.154s] Level 1:colcon.colcon_core.environment:create_file_with_runtime_dependencies(/home/kodenfly123/ros2_ws/src/Follow_me_algorithm-main/install/lidar_reg/share/colcon-core/packages/lidar_reg)
[2.155s] Level 1:colcon.colcon_core.environment:checking '/home/kodenfly123/ros2_ws/src/Follow_me_algorithm-main/install/shin_detector' for CMake module files
[2.156s] DEBUG:colcon.colcon_core.event_handler.log_command:Invoked command in '/home/kodenfly123/ros2_ws/src/Follow_me_algorithm-main/shin_detector' returned '0': PYTHONPATH=/home/kodenfly123/ros2_ws/src/Follow_me_algorithm-main/build/shin_detector/prefix_override:/home/kodenfly123/ros2_ws/src/Follow_me_algorithm-main/install/shin_detector/lib/python3.10/site-packages:${PYTHONPATH} /usr/bin/python3 -W ignore:setup.py install is deprecated setup.py egg_info --egg-base ../build/shin_detector build --build-base /home/kodenfly123/ros2_ws/src/Follow_me_algorithm-main/build/shin_detector/build install --record /home/kodenfly123/ros2_ws/src/Follow_me_algorithm-main/build/shin_detector/install.log --install-scripts $base/lib/shin_detector --single-version-externally-managed install_data
[2.156s] Level 1:colcon.colcon_core.environment:checking '/home/kodenfly123/ros2_ws/src/Follow_me_algorithm-main/install/shin_detector' for CMake config files
[2.157s] Level 1:colcon.colcon_core.environment:checking '/home/kodenfly123/ros2_ws/src/Follow_me_algorithm-main/install/shin_detector/lib'
[2.157s] Level 1:colcon.colcon_core.environment:checking '/home/kodenfly123/ros2_ws/src/Follow_me_algorithm-main/install/shin_detector/bin'
[2.157s] Level 1:colcon.colcon_core.environment:checking '/home/kodenfly123/ros2_ws/src/Follow_me_algorithm-main/install/shin_detector/lib/pkgconfig/shin_detector.pc'
[2.157s] Level 1:colcon.colcon_core.environment:checking '/home/kodenfly123/ros2_ws/src/Follow_me_algorithm-main/install/shin_detector/lib/python3.10/site-packages'
[2.157s] Level 1:colcon.colcon_core.shell:create_environment_hook('shin_detector', 'pythonpath')
[2.157s] INFO:colcon.colcon_core.shell:Creating environment hook '/home/kodenfly123/ros2_ws/src/Follow_me_algorithm-main/install/shin_detector/share/shin_detector/hook/pythonpath.ps1'
[2.158s] INFO:colcon.colcon_core.shell:Creating environment descriptor '/home/kodenfly123/ros2_ws/src/Follow_me_algorithm-main/install/shin_detector/share/shin_detector/hook/pythonpath.dsv'
[2.158s] INFO:colcon.colcon_core.shell:Creating environment hook '/home/kodenfly123/ros2_ws/src/Follow_me_algorithm-main/install/shin_detector/share/shin_detector/hook/pythonpath.sh'
[2.158s] Level 1:colcon.colcon_core.environment:checking '/home/kodenfly123/ros2_ws/src/Follow_me_algorithm-main/install/shin_detector/bin'
[2.158s] Level 1:colcon.colcon_core.environment:create_environment_scripts_only(shin_detector)
[2.159s] INFO:colcon.colcon_core.shell:Creating package script '/home/kodenfly123/ros2_ws/src/Follow_me_algorithm-main/install/shin_detector/share/shin_detector/package.ps1'
[2.159s] INFO:colcon.colcon_core.shell:Creating package descriptor '/home/kodenfly123/ros2_ws/src/Follow_me_algorithm-main/install/shin_detector/share/shin_detector/package.dsv'
[2.159s] INFO:colcon.colcon_core.shell:Creating package script '/home/kodenfly123/ros2_ws/src/Follow_me_algorithm-main/install/shin_detector/share/shin_detector/package.sh'
[2.160s] INFO:colcon.colcon_core.shell:Creating package script '/home/kodenfly123/ros2_ws/src/Follow_me_algorithm-main/install/shin_detector/share/shin_detector/package.bash'
[2.160s] INFO:colcon.colcon_core.shell:Creating package script '/home/kodenfly123/ros2_ws/src/Follow_me_algorithm-main/install/shin_detector/share/shin_detector/package.zsh'
[2.160s] Level 1:colcon.colcon_core.environment:create_file_with_runtime_dependencies(/home/kodenfly123/ros2_ws/src/Follow_me_algorithm-main/install/shin_detector/share/colcon-core/packages/shin_detector)
[2.160s] DEBUG:colcon.colcon_parallel_executor.executor.parallel:closing loop
[2.160s] DEBUG:colcon.colcon_parallel_executor.executor.parallel:loop closed
[2.160s] DEBUG:colcon.colcon_parallel_executor.executor.parallel:run_until_complete finished with '0'
[2.161s] DEBUG:colcon.colcon_core.event_reactor:joining thread
[2.165s] INFO:colcon.colcon_core.plugin_system:Skipping extension 'colcon_notification.desktop_notification.terminal_notifier': Not used on non-Darwin systems
[2.165s] INFO:colcon.colcon_core.plugin_system:Skipping extension 'colcon_notification.desktop_notification.win32': Not used on non-Windows systems
[2.165s] INFO:colcon.colcon_notification.desktop_notification:Sending desktop notification using 'notify2'
[2.180s] DEBUG:colcon.colcon_core.event_reactor:joined thread
[2.180s] INFO:colcon.colcon_core.shell:Creating prefix script '/home/kodenfly123/ros2_ws/src/Follow_me_algorithm-main/install/local_setup.ps1'
[2.181s] INFO:colcon.colcon_core.shell:Creating prefix util module '/home/kodenfly123/ros2_ws/src/Follow_me_algorithm-main/install/_local_setup_util_ps1.py'
[2.183s] INFO:colcon.colcon_core.shell:Creating prefix chain script '/home/kodenfly123/ros2_ws/src/Follow_me_algorithm-main/install/setup.ps1'
[2.184s] INFO:colcon.colcon_core.shell:Creating prefix script '/home/kodenfly123/ros2_ws/src/Follow_me_algorithm-main/install/local_setup.sh'
[2.185s] INFO:colcon.colcon_core.shell:Creating prefix util module '/home/kodenfly123/ros2_ws/src/Follow_me_algorithm-main/install/_local_setup_util_sh.py'
[2.185s] INFO:colcon.colcon_core.shell:Creating prefix chain script '/home/kodenfly123/ros2_ws/src/Follow_me_algorithm-main/install/setup.sh'
[2.186s] INFO:colcon.colcon_core.shell:Creating prefix script '/home/kodenfly123/ros2_ws/src/Follow_me_algorithm-main/install/local_setup.bash'
[2.187s] INFO:colcon.colcon_core.shell:Creating prefix chain script '/home/kodenfly123/ros2_ws/src/Follow_me_algorithm-main/install/setup.bash'
[2.188s] INFO:colcon.colcon_core.shell:Creating prefix script '/home/kodenfly123/ros2_ws/src/Follow_me_algorithm-main/install/local_setup.zsh'
[2.189s] INFO:colcon.colcon_core.shell:Creating prefix chain script '/home/kodenfly123/ros2_ws/src/Follow_me_algorithm-main/install/setup.zsh'
