[0.086s] DEBUG:colcon:Command line arguments: ['/usr/bin/colcon', 'build']
[0.086s] DEBUG:colcon:Parsed command line arguments: Namespace(log_base=None, log_level=None, verb_name='build', build_base='build', install_base='install', merge_install=False, symlink_install=False, test_result_base=None, continue_on_error=False, executor='parallel', parallel_workers=8, event_handlers=None, ignore_user_meta=False, metas=['./colcon.meta'], base_paths=['.'], packages_ignore=None, packages_ignore_regex=None, paths=None, packages_up_to=None, packages_up_to_regex=None, packages_above=None, packages_above_and_dependencies=None, packages_above_depth=None, packages_select_by_dep=None, packages_skip_by_dep=None, packages_skip_up_to=None, packages_select_build_failed=False, packages_skip_build_finished=False, packages_select_test_failures=False, packages_skip_test_passed=False, packages_select=None, packages_skip=None, packages_select_regex=None, packages_skip_regex=None, packages_start=None, packages_end=None, allow_overriding=[], cmake_args=None, cmake_target=None, cmake_target_skip_unavailable=False, cmake_clean_cache=False, cmake_clean_first=False, cmake_force_configure=False, ament_cmake_args=None, catkin_cmake_args=None, catkin_skip_building_tests=False, verb_parser=<colcon_defaults.argument_parser.defaults.DefaultArgumentsDecorator object at 0x7cd884734e80>, verb_extension=<colcon_core.verb.build.BuildVerb object at 0x7cd884734970>, main=<bound method BuildVerb.main of <colcon_core.verb.build.BuildVerb object at 0x7cd884734970>>)
[0.229s] Level 1:colcon.colcon_core.package_discovery:discover_packages(colcon_meta) check parameters
[0.229s] Level 1:colcon.colcon_core.package_discovery:discover_packages(recursive) check parameters
[0.229s] Level 1:colcon.colcon_core.package_discovery:discover_packages(ignore) check parameters
[0.229s] Level 1:colcon.colcon_core.package_discovery:discover_packages(path) check parameters
[0.229s] Level 1:colcon.colcon_core.package_discovery:discover_packages(colcon_meta) discover
[0.229s] Level 1:colcon.colcon_core.package_discovery:discover_packages(recursive) discover
[0.229s] INFO:colcon.colcon_core.package_discovery:Crawling recursively for packages in '/home/kodenfly123/ros2_ws/src/Follow_me_algorithm-main'
[0.229s] Level 1:colcon.colcon_core.package_identification:_identify(.) by extensions ['ignore', 'ignore_ament_install']
[0.230s] Level 1:colcon.colcon_core.package_identification:_identify(.) by extension 'ignore'
[0.230s] Level 1:colcon.colcon_core.package_identification:_identify(.) by extension 'ignore_ament_install'
[0.230s] Level 1:colcon.colcon_core.package_identification:_identify(.) by extensions ['colcon_pkg']
[0.230s] Level 1:colcon.colcon_core.package_identification:_identify(.) by extension 'colcon_pkg'
[0.230s] Level 1:colcon.colcon_core.package_identification:_identify(.) by extensions ['colcon_meta']
[0.230s] Level 1:colcon.colcon_core.package_identification:_identify(.) by extension 'colcon_meta'
[0.230s] Level 1:colcon.colcon_core.package_identification:_identify(.) by extensions ['ros']
[0.230s] Level 1:colcon.colcon_core.package_identification:_identify(.) by extension 'ros'
[0.239s] Level 1:colcon.colcon_core.package_identification:_identify(.) by extensions ['cmake', 'python']
[0.239s] Level 1:colcon.colcon_core.package_identification:_identify(.) by extension 'cmake'
[0.239s] Level 1:colcon.colcon_core.package_identification:_identify(.) by extension 'python'
[0.239s] Level 1:colcon.colcon_core.package_identification:_identify(.) by extensions ['python_setup_py']
[0.239s] Level 1:colcon.colcon_core.package_identification:_identify(.) by extension 'python_setup_py'
[0.239s] Level 1:colcon.colcon_core.package_identification:_identify(build) by extensions ['ignore', 'ignore_ament_install']
[0.240s] Level 1:colcon.colcon_core.package_identification:_identify(build) by extension 'ignore'
[0.240s] Level 1:colcon.colcon_core.package_identification:_identify(build) ignored
[0.240s] Level 1:colcon.colcon_core.package_identification:_identify(install) by extensions ['ignore', 'ignore_ament_install']
[0.240s] Level 1:colcon.colcon_core.package_identification:_identify(install) by extension 'ignore'
[0.240s] Level 1:colcon.colcon_core.package_identification:_identify(install) ignored
[0.240s] Level 1:colcon.colcon_core.package_identification:_identify(lidar_reg) by extensions ['ignore', 'ignore_ament_install']
[0.240s] Level 1:colcon.colcon_core.package_identification:_identify(lidar_reg) by extension 'ignore'
[0.240s] Level 1:colcon.colcon_core.package_identification:_identify(lidar_reg) by extension 'ignore_ament_install'
[0.240s] Level 1:colcon.colcon_core.package_identification:_identify(lidar_reg) by extensions ['colcon_pkg']
[0.240s] Level 1:colcon.colcon_core.package_identification:_identify(lidar_reg) by extension 'colcon_pkg'
[0.240s] Level 1:colcon.colcon_core.package_identification:_identify(lidar_reg) by extensions ['colcon_meta']
[0.240s] Level 1:colcon.colcon_core.package_identification:_identify(lidar_reg) by extension 'colcon_meta'
[0.240s] Level 1:colcon.colcon_core.package_identification:_identify(lidar_reg) by extensions ['ros']
[0.240s] Level 1:colcon.colcon_core.package_identification:_identify(lidar_reg) by extension 'ros'
[0.242s] DEBUG:colcon.colcon_core.package_identification:Package 'lidar_reg' with type 'ros.ament_python' and name 'lidar_reg'
[0.242s] Level 1:colcon.colcon_core.package_identification:_identify(log) by extensions ['ignore', 'ignore_ament_install']
[0.243s] Level 1:colcon.colcon_core.package_identification:_identify(log) by extension 'ignore'
[0.243s] Level 1:colcon.colcon_core.package_identification:_identify(log) ignored
[0.243s] Level 1:colcon.colcon_core.package_identification:_identify(regulation_ang) by extensions ['ignore', 'ignore_ament_install']
[0.243s] Level 1:colcon.colcon_core.package_identification:_identify(regulation_ang) by extension 'ignore'
[0.243s] Level 1:colcon.colcon_core.package_identification:_identify(regulation_ang) by extension 'ignore_ament_install'
[0.243s] Level 1:colcon.colcon_core.package_identification:_identify(regulation_ang) by extensions ['colcon_pkg']
[0.243s] Level 1:colcon.colcon_core.package_identification:_identify(regulation_ang) by extension 'colcon_pkg'
[0.243s] Level 1:colcon.colcon_core.package_identification:_identify(regulation_ang) by extensions ['colcon_meta']
[0.243s] Level 1:colcon.colcon_core.package_identification:_identify(regulation_ang) by extension 'colcon_meta'
[0.243s] Level 1:colcon.colcon_core.package_identification:_identify(regulation_ang) by extensions ['ros']
[0.243s] Level 1:colcon.colcon_core.package_identification:_identify(regulation_ang) by extension 'ros'
[0.243s] DEBUG:colcon.colcon_core.package_identification:Package 'regulation_ang' with type 'ros.ament_python' and name 'regulation_ang'
[0.244s] Level 1:colcon.colcon_core.package_identification:_identify(regulation_vel) by extensions ['ignore', 'ignore_ament_install']
[0.244s] Level 1:colcon.colcon_core.package_identification:_identify(regulation_vel) by extension 'ignore'
[0.244s] Level 1:colcon.colcon_core.package_identification:_identify(regulation_vel) by extension 'ignore_ament_install'
[0.244s] Level 1:colcon.colcon_core.package_identification:_identify(regulation_vel) by extensions ['colcon_pkg']
[0.244s] Level 1:colcon.colcon_core.package_identification:_identify(regulation_vel) by extension 'colcon_pkg'
[0.244s] Level 1:colcon.colcon_core.package_identification:_identify(regulation_vel) by extensions ['colcon_meta']
[0.244s] Level 1:colcon.colcon_core.package_identification:_identify(regulation_vel) by extension 'colcon_meta'
[0.244s] Level 1:colcon.colcon_core.package_identification:_identify(regulation_vel) by extensions ['ros']
[0.244s] Level 1:colcon.colcon_core.package_identification:_identify(regulation_vel) by extension 'ros'
[0.244s] DEBUG:colcon.colcon_core.package_identification:Package 'regulation_vel' with type 'ros.ament_python' and name 'regulation_vel'
[0.244s] Level 1:colcon.colcon_core.package_identification:_identify(shin_detector) by extensions ['ignore', 'ignore_ament_install']
[0.245s] Level 1:colcon.colcon_core.package_identification:_identify(shin_detector) by extension 'ignore'
[0.245s] Level 1:colcon.colcon_core.package_identification:_identify(shin_detector) by extension 'ignore_ament_install'
[0.245s] Level 1:colcon.colcon_core.package_identification:_identify(shin_detector) by extensions ['colcon_pkg']
[0.245s] Level 1:colcon.colcon_core.package_identification:_identify(shin_detector) by extension 'colcon_pkg'
[0.245s] Level 1:colcon.colcon_core.package_identification:_identify(shin_detector) by extensions ['colcon_meta']
[0.245s] Level 1:colcon.colcon_core.package_identification:_identify(shin_detector) by extension 'colcon_meta'
[0.245s] Level 1:colcon.colcon_core.package_identification:_identify(shin_detector) by extensions ['ros']
[0.245s] Level 1:colcon.colcon_core.package_identification:_identify(shin_detector) by extension 'ros'
[0.245s] DEBUG:colcon.colcon_core.package_identification:Package 'shin_detector' with type 'ros.ament_python' and name 'shin_detector'
[0.245s] Level 1:colcon.colcon_core.package_discovery:discover_packages(recursive) using defaults
[0.245s] Level 1:colcon.colcon_core.package_discovery:discover_packages(ignore) discover
[0.246s] Level 1:colcon.colcon_core.package_discovery:discover_packages(ignore) using defaults
[0.246s] Level 1:colcon.colcon_core.package_discovery:discover_packages(path) discover
[0.246s] Level 1:colcon.colcon_core.package_discovery:discover_packages(path) using defaults
[0.272s] Level 1:colcon.colcon_core.package_discovery:discover_packages(prefix_path) check parameters
[0.272s] Level 1:colcon.colcon_core.package_discovery:discover_packages(prefix_path) discover
[0.273s] DEBUG:colcon.colcon_installed_package_information.package_discovery:Found 4 installed packages in /home/kodenfly123/ros2_ws/src/Follow_me_algorithm-main/install
[0.274s] DEBUG:colcon.colcon_installed_package_information.package_discovery:Found 412 installed packages in /opt/ros/humble
[0.276s] Level 1:colcon.colcon_core.package_discovery:discover_packages(prefix_path) using defaults
[0.318s] Level 5:colcon.colcon_core.verb:set package 'lidar_reg' build argument 'cmake_args' from command line to 'None'
[0.318s] Level 5:colcon.colcon_core.verb:set package 'lidar_reg' build argument 'cmake_target' from command line to 'None'
[0.318s] Level 5:colcon.colcon_core.verb:set package 'lidar_reg' build argument 'cmake_target_skip_unavailable' from command line to 'False'
[0.318s] Level 5:colcon.colcon_core.verb:set package 'lidar_reg' build argument 'cmake_clean_cache' from command line to 'False'
[0.318s] Level 5:colcon.colcon_core.verb:set package 'lidar_reg' build argument 'cmake_clean_first' from command line to 'False'
[0.318s] Level 5:colcon.colcon_core.verb:set package 'lidar_reg' build argument 'cmake_force_configure' from command line to 'False'
[0.318s] Level 5:colcon.colcon_core.verb:set package 'lidar_reg' build argument 'ament_cmake_args' from command line to 'None'
[0.318s] Level 5:colcon.colcon_core.verb:set package 'lidar_reg' build argument 'catkin_cmake_args' from command line to 'None'
[0.318s] Level 5:colcon.colcon_core.verb:set package 'lidar_reg' build argument 'catkin_skip_building_tests' from command line to 'False'
[0.318s] DEBUG:colcon.colcon_core.verb:Building package 'lidar_reg' with the following arguments: {'ament_cmake_args': None, 'build_base': '/home/kodenfly123/ros2_ws/src/Follow_me_algorithm-main/build/lidar_reg', 'catkin_cmake_args': None, 'catkin_skip_building_tests': False, 'cmake_args': None, 'cmake_clean_cache': False, 'cmake_clean_first': False, 'cmake_force_configure': False, 'cmake_target': None, 'cmake_target_skip_unavailable': False, 'install_base': '/home/kodenfly123/ros2_ws/src/Follow_me_algorithm-main/install/lidar_reg', 'merge_install': False, 'path': '/home/kodenfly123/ros2_ws/src/Follow_me_algorithm-main/lidar_reg', 'symlink_install': False, 'test_result_base': None}
[0.319s] Level 5:colcon.colcon_core.verb:set package 'regulation_ang' build argument 'cmake_args' from command line to 'None'
[0.319s] Level 5:colcon.colcon_core.verb:set package 'regulation_ang' build argument 'cmake_target' from command line to 'None'
[0.319s] Level 5:colcon.colcon_core.verb:set package 'regulation_ang' build argument 'cmake_target_skip_unavailable' from command line to 'False'
[0.319s] Level 5:colcon.colcon_core.verb:set package 'regulation_ang' build argument 'cmake_clean_cache' from command line to 'False'
[0.319s] Level 5:colcon.colcon_core.verb:set package 'regulation_ang' build argument 'cmake_clean_first' from command line to 'False'
[0.319s] Level 5:colcon.colcon_core.verb:set package 'regulation_ang' build argument 'cmake_force_configure' from command line to 'False'
[0.319s] Level 5:colcon.colcon_core.verb:set package 'regulation_ang' build argument 'ament_cmake_args' from command line to 'None'
[0.319s] Level 5:colcon.colcon_core.verb:set package 'regulation_ang' build argument 'catkin_cmake_args' from command line to 'None'
[0.319s] Level 5:colcon.colcon_core.verb:set package 'regulation_ang' build argument 'catkin_skip_building_tests' from command line to 'False'
[0.319s] DEBUG:colcon.colcon_core.verb:Building package 'regulation_ang' with the following arguments: {'ament_cmake_args': None, 'build_base': '/home/kodenfly123/ros2_ws/src/Follow_me_algorithm-main/build/regulation_ang', 'catkin_cmake_args': None, 'catkin_skip_building_tests': False, 'cmake_args': None, 'cmake_clean_cache': False, 'cmake_clean_first': False, 'cmake_force_configure': False, 'cmake_target': None, 'cmake_target_skip_unavailable': False, 'install_base': '/home/kodenfly123/ros2_ws/src/Follow_me_algorithm-main/install/regulation_ang', 'merge_install': False, 'path': '/home/kodenfly123/ros2_ws/src/Follow_me_algorithm-main/regulation_ang', 'symlink_install': False, 'test_result_base': None}
[0.319s] Level 5:colcon.colcon_core.verb:set package 'regulation_vel' build argument 'cmake_args' from command line to 'None'
[0.319s] Level 5:colcon.colcon_core.verb:set package 'regulation_vel' build argument 'cmake_target' from command line to 'None'
[0.320s] Level 5:colcon.colcon_core.verb:set package 'regulation_vel' build argument 'cmake_target_skip_unavailable' from command line to 'False'
[0.320s] Level 5:colcon.colcon_core.verb:set package 'regulation_vel' build argument 'cmake_clean_cache' from command line to 'False'
[0.320s] Level 5:colcon.colcon_core.verb:set package 'regulation_vel' build argument 'cmake_clean_first' from command line to 'False'
[0.320s] Level 5:colcon.colcon_core.verb:set package 'regulation_vel' build argument 'cmake_force_configure' from command line to 'False'
[0.320s] Level 5:colcon.colcon_core.verb:set package 'regulation_vel' build argument 'ament_cmake_args' from command line to 'None'
[0.320s] Level 5:colcon.colcon_core.verb:set package 'regulation_vel' build argument 'catkin_cmake_args' from command line to 'None'
[0.320s] Level 5:colcon.colcon_core.verb:set package 'regulation_vel' build argument 'catkin_skip_building_tests' from command line to 'False'
[0.320s] DEBUG:colcon.colcon_core.verb:Building package 'regulation_vel' with the following arguments: {'ament_cmake_args': None, 'build_base': '/home/kodenfly123/ros2_ws/src/Follow_me_algorithm-main/build/regulation_vel', 'catkin_cmake_args': None, 'catkin_skip_building_tests': False, 'cmake_args': None, 'cmake_clean_cache': False, 'cmake_clean_first': False, 'cmake_force_configure': False, 'cmake_target': None, 'cmake_target_skip_unavailable': False, 'install_base': '/home/kodenfly123/ros2_ws/src/Follow_me_algorithm-main/install/regulation_vel', 'merge_install': False, 'path': '/home/kodenfly123/ros2_ws/src/Follow_me_algorithm-main/regulation_vel', 'symlink_install': False, 'test_result_base': None}
[0.320s] Level 5:colcon.colcon_core.verb:set package 'shin_detector' build argument 'cmake_args' from command line to 'None'
[0.320s] Level 5:colcon.colcon_core.verb:set package 'shin_detector' build argument 'cmake_target' from command line to 'None'
[0.320s] Level 5:colcon.colcon_core.verb:set package 'shin_detector' build argument 'cmake_target_skip_unavailable' from command line to 'False'
[0.320s] Level 5:colcon.colcon_core.verb:set package 'shin_detector' build argument 'cmake_clean_cache' from command line to 'False'
[0.320s] Level 5:colcon.colcon_core.verb:set package 'shin_detector' build argument 'cmake_clean_first' from command line to 'False'
[0.320s] Level 5:colcon.colcon_core.verb:set package 'shin_detector' build argument 'cmake_force_configure' from command line to 'False'
[0.320s] Level 5:colcon.colcon_core.verb:set package 'shin_detector' build argument 'ament_cmake_args' from command line to 'None'
[0.320s] Level 5:colcon.colcon_core.verb:set package 'shin_detector' build argument 'catkin_cmake_args' from command line to 'None'
[0.320s] Level 5:colcon.colcon_core.verb:set package 'shin_detector' build argument 'catkin_skip_building_tests' from command line to 'False'
[0.320s] DEBUG:colcon.colcon_core.verb:Building package 'shin_detector' with the following arguments: {'ament_cmake_args': None, 'build_base': '/home/kodenfly123/ros2_ws/src/Follow_me_algorithm-main/build/shin_detector', 'catkin_cmake_args': None, 'catkin_skip_building_tests': False, 'cmake_args': None, 'cmake_clean_cache': False, 'cmake_clean_first': False, 'cmake_force_configure': False, 'cmake_target': None, 'cmake_target_skip_unavailable': False, 'install_base': '/home/kodenfly123/ros2_ws/src/Follow_me_algorithm-main/install/shin_detector', 'merge_install': False, 'path': '/home/kodenfly123/ros2_ws/src/Follow_me_algorithm-main/shin_detector', 'symlink_install': False, 'test_result_base': None}
[0.320s] INFO:colcon.colcon_core.executor:Executing jobs using 'parallel' executor
[0.321s] DEBUG:colcon.colcon_parallel_executor.executor.parallel:run_until_complete
[0.322s] INFO:colcon.colcon_ros.task.ament_python.build:Building ROS package in '/home/kodenfly123/ros2_ws/src/Follow_me_algorithm-main/lidar_reg' with build type 'ament_python'
[0.322s] Level 1:colcon.colcon_core.shell:create_environment_hook('lidar_reg', 'ament_prefix_path')
[0.324s] INFO:colcon.colcon_core.plugin_system:Skipping extension 'colcon_core.shell.bat': Not used on non-Windows systems
[0.324s] INFO:colcon.colcon_core.shell:Creating environment hook '/home/kodenfly123/ros2_ws/src/Follow_me_algorithm-main/install/lidar_reg/share/lidar_reg/hook/ament_prefix_path.ps1'
[0.325s] INFO:colcon.colcon_core.shell:Creating environment descriptor '/home/kodenfly123/ros2_ws/src/Follow_me_algorithm-main/install/lidar_reg/share/lidar_reg/hook/ament_prefix_path.dsv'
[0.325s] INFO:colcon.colcon_core.shell:Creating environment hook '/home/kodenfly123/ros2_ws/src/Follow_me_algorithm-main/install/lidar_reg/share/lidar_reg/hook/ament_prefix_path.sh'
[0.326s] INFO:colcon.colcon_core.shell:Skip shell extension 'powershell' for command environment: Not usable outside of PowerShell
[0.326s] DEBUG:colcon.colcon_core.shell:Skip shell extension 'dsv' for command environment
[0.329s] INFO:colcon.colcon_ros.task.ament_python.build:Building ROS package in '/home/kodenfly123/ros2_ws/src/Follow_me_algorithm-main/regulation_ang' with build type 'ament_python'
[0.329s] Level 1:colcon.colcon_core.shell:create_environment_hook('regulation_ang', 'ament_prefix_path')
[0.329s] INFO:colcon.colcon_core.shell:Creating environment hook '/home/kodenfly123/ros2_ws/src/Follow_me_algorithm-main/install/regulation_ang/share/regulation_ang/hook/ament_prefix_path.ps1'
[0.330s] INFO:colcon.colcon_core.shell:Creating environment descriptor '/home/kodenfly123/ros2_ws/src/Follow_me_algorithm-main/install/regulation_ang/share/regulation_ang/hook/ament_prefix_path.dsv'
[0.330s] INFO:colcon.colcon_core.shell:Creating environment hook '/home/kodenfly123/ros2_ws/src/Follow_me_algorithm-main/install/regulation_ang/share/regulation_ang/hook/ament_prefix_path.sh'
[0.330s] INFO:colcon.colcon_core.shell:Skip shell extension 'powershell' for command environment: Not usable outside of PowerShell
[0.330s] DEBUG:colcon.colcon_core.shell:Skip shell extension 'dsv' for command environment
[0.333s] INFO:colcon.colcon_ros.task.ament_python.build:Building ROS package in '/home/kodenfly123/ros2_ws/src/Follow_me_algorithm-main/regulation_vel' with build type 'ament_python'
[0.333s] Level 1:colcon.colcon_core.shell:create_environment_hook('regulation_vel', 'ament_prefix_path')
[0.334s] INFO:colcon.colcon_core.shell:Creating environment hook '/home/kodenfly123/ros2_ws/src/Follow_me_algorithm-main/install/regulation_vel/share/regulation_vel/hook/ament_prefix_path.ps1'
[0.334s] INFO:colcon.colcon_core.shell:Creating environment descriptor '/home/kodenfly123/ros2_ws/src/Follow_me_algorithm-main/install/regulation_vel/share/regulation_vel/hook/ament_prefix_path.dsv'
[0.335s] INFO:colcon.colcon_core.shell:Creating environment hook '/home/kodenfly123/ros2_ws/src/Follow_me_algorithm-main/install/regulation_vel/share/regulation_vel/hook/ament_prefix_path.sh'
[0.335s] INFO:colcon.colcon_core.shell:Skip shell extension 'powershell' for command environment: Not usable outside of PowerShell
[0.335s] DEBUG:colcon.colcon_core.shell:Skip shell extension 'dsv' for command environment
[0.338s] INFO:colcon.colcon_ros.task.ament_python.build:Building ROS package in '/home/kodenfly123/ros2_ws/src/Follow_me_algorithm-main/shin_detector' with build type 'ament_python'
[0.338s] Level 1:colcon.colcon_core.shell:create_environment_hook('shin_detector', 'ament_prefix_path')
[0.338s] INFO:colcon.colcon_core.shell:Creating environment hook '/home/kodenfly123/ros2_ws/src/Follow_me_algorithm-main/install/shin_detector/share/shin_detector/hook/ament_prefix_path.ps1'
[0.339s] INFO:colcon.colcon_core.shell:Creating environment descriptor '/home/kodenfly123/ros2_ws/src/Follow_me_algorithm-main/install/shin_detector/share/shin_detector/hook/ament_prefix_path.dsv'
[0.339s] INFO:colcon.colcon_core.shell:Creating environment hook '/home/kodenfly123/ros2_ws/src/Follow_me_algorithm-main/install/shin_detector/share/shin_detector/hook/ament_prefix_path.sh'
[0.339s] INFO:colcon.colcon_core.shell:Skip shell extension 'powershell' for command environment: Not usable outside of PowerShell
[0.340s] DEBUG:colcon.colcon_core.shell:Skip shell extension 'dsv' for command environment
[0.556s] INFO:colcon.colcon_core.task.python.build:Building Python package in '/home/kodenfly123/ros2_ws/src/Follow_me_algorithm-main/lidar_reg'
[0.556s] INFO:colcon.colcon_core.shell:Skip shell extension 'powershell' for command environment: Not usable outside of PowerShell
[0.556s] DEBUG:colcon.colcon_core.shell:Skip shell extension 'dsv' for command environment
[0.770s] INFO:colcon.colcon_core.task.python.build:Building Python package in '/home/kodenfly123/ros2_ws/src/Follow_me_algorithm-main/regulation_ang'
[0.770s] INFO:colcon.colcon_core.shell:Skip shell extension 'powershell' for command environment: Not usable outside of PowerShell
[0.771s] DEBUG:colcon.colcon_core.shell:Skip shell extension 'dsv' for command environment
[0.987s] INFO:colcon.colcon_core.task.python.build:Building Python package in '/home/kodenfly123/ros2_ws/src/Follow_me_algorithm-main/regulation_vel'
[0.987s] INFO:colcon.colcon_core.shell:Skip shell extension 'powershell' for command environment: Not usable outside of PowerShell
[0.987s] DEBUG:colcon.colcon_core.shell:Skip shell extension 'dsv' for command environment
[1.204s] INFO:colcon.colcon_core.task.python.build:Building Python package in '/home/kodenfly123/ros2_ws/src/Follow_me_algorithm-main/shin_detector'
[1.205s] INFO:colcon.colcon_core.shell:Skip shell extension 'powershell' for command environment: Not usable outside of PowerShell
[1.205s] DEBUG:colcon.colcon_core.shell:Skip shell extension 'dsv' for command environment
[1.613s] DEBUG:colcon.colcon_core.event_handler.log_command:Invoking command in '/home/kodenfly123/ros2_ws/src/Follow_me_algorithm-main/lidar_reg': PYTHONPATH=/home/kodenfly123/ros2_ws/src/Follow_me_algorithm-main/build/lidar_reg/prefix_override:/home/kodenfly123/ros2_ws/src/Follow_me_algorithm-main/install/lidar_reg/lib/python3.10/site-packages:${PYTHONPATH} /usr/bin/python3 -W ignore:setup.py install is deprecated setup.py egg_info --egg-base ../build/lidar_reg build --build-base /home/kodenfly123/ros2_ws/src/Follow_me_algorithm-main/build/lidar_reg/build install --record /home/kodenfly123/ros2_ws/src/Follow_me_algorithm-main/build/lidar_reg/install.log --single-version-externally-managed install_data
[1.619s] DEBUG:colcon.colcon_core.event_handler.log_command:Invoking command in '/home/kodenfly123/ros2_ws/src/Follow_me_algorithm-main/regulation_ang': PYTHONPATH=/home/kodenfly123/ros2_ws/src/Follow_me_algorithm-main/build/regulation_ang/prefix_override:/home/kodenfly123/ros2_ws/src/Follow_me_algorithm-main/install/regulation_ang/lib/python3.10/site-packages:${PYTHONPATH} /usr/bin/python3 -W ignore:setup.py install is deprecated setup.py egg_info --egg-base ../build/regulation_ang build --build-base /home/kodenfly123/ros2_ws/src/Follow_me_algorithm-main/build/regulation_ang/build install --record /home/kodenfly123/ros2_ws/src/Follow_me_algorithm-main/build/regulation_ang/install.log --install-scripts $base/lib/regulation_ang --single-version-externally-managed install_data
[1.623s] DEBUG:colcon.colcon_core.event_handler.log_command:Invoking command in '/home/kodenfly123/ros2_ws/src/Follow_me_algorithm-main/shin_detector': PYTHONPATH=/home/kodenfly123/ros2_ws/src/Follow_me_algorithm-main/build/shin_detector/prefix_override:/home/kodenfly123/ros2_ws/src/Follow_me_algorithm-main/install/shin_detector/lib/python3.10/site-packages:${PYTHONPATH} /usr/bin/python3 -W ignore:setup.py install is deprecated setup.py egg_info --egg-base ../build/shin_detector build --build-base /home/kodenfly123/ros2_ws/src/Follow_me_algorithm-main/build/shin_detector/build install --record /home/kodenfly123/ros2_ws/src/Follow_me_algorithm-main/build/shin_detector/install.log --single-version-externally-managed install_data
[1.625s] DEBUG:colcon.colcon_core.event_handler.log_command:Invoking command in '/home/kodenfly123/ros2_ws/src/Follow_me_algorithm-main/regulation_vel': PYTHONPATH=/home/kodenfly123/ros2_ws/src/Follow_me_algorithm-main/build/regulation_vel/prefix_override:/home/kodenfly123/ros2_ws/src/Follow_me_algorithm-main/install/regulation_vel/lib/python3.10/site-packages:${PYTHONPATH} /usr/bin/python3 -W ignore:setup.py install is deprecated setup.py egg_info --egg-base ../build/regulation_vel build --build-base /home/kodenfly123/ros2_ws/src/Follow_me_algorithm-main/build/regulation_vel/build install --record /home/kodenfly123/ros2_ws/src/Follow_me_algorithm-main/build/regulation_vel/install.log --install-scripts $base/lib/regulation_vel --single-version-externally-managed install_data
[1.957s] DEBUG:colcon.colcon_core.event_handler.log_command:Invoked command in '/home/kodenfly123/ros2_ws/src/Follow_me_algorithm-main/regulation_ang' returned '0': PYTHONPATH=/home/kodenfly123/ros2_ws/src/Follow_me_algorithm-main/build/regulation_ang/prefix_override:/home/kodenfly123/ros2_ws/src/Follow_me_algorithm-main/install/regulation_ang/lib/python3.10/site-packages:${PYTHONPATH} /usr/bin/python3 -W ignore:setup.py install is deprecated setup.py egg_info --egg-base ../build/regulation_ang build --build-base /home/kodenfly123/ros2_ws/src/Follow_me_algorithm-main/build/regulation_ang/build install --record /home/kodenfly123/ros2_ws/src/Follow_me_algorithm-main/build/regulation_ang/install.log --install-scripts $base/lib/regulation_ang --single-version-externally-managed install_data
[1.959s] Level 1:colcon.colcon_core.environment:checking '/home/kodenfly123/ros2_ws/src/Follow_me_algorithm-main/install/regulation_ang' for CMake module files
[1.959s] Level 1:colcon.colcon_core.environment:checking '/home/kodenfly123/ros2_ws/src/Follow_me_algorithm-main/install/regulation_ang' for CMake config files
[1.960s] Level 1:colcon.colcon_core.environment:checking '/home/kodenfly123/ros2_ws/src/Follow_me_algorithm-main/install/regulation_ang/lib'
[1.960s] Level 1:colcon.colcon_core.environment:checking '/home/kodenfly123/ros2_ws/src/Follow_me_algorithm-main/install/regulation_ang/bin'
[1.960s] Level 1:colcon.colcon_core.environment:checking '/home/kodenfly123/ros2_ws/src/Follow_me_algorithm-main/install/regulation_ang/lib/pkgconfig/regulation_ang.pc'
[1.961s] Level 1:colcon.colcon_core.environment:checking '/home/kodenfly123/ros2_ws/src/Follow_me_algorithm-main/install/regulation_ang/lib/python3.10/site-packages'
[1.961s] Level 1:colcon.colcon_core.shell:create_environment_hook('regulation_ang', 'pythonpath')
[1.961s] INFO:colcon.colcon_core.shell:Creating environment hook '/home/kodenfly123/ros2_ws/src/Follow_me_algorithm-main/install/regulation_ang/share/regulation_ang/hook/pythonpath.ps1'
[1.961s] INFO:colcon.colcon_core.shell:Creating environment descriptor '/home/kodenfly123/ros2_ws/src/Follow_me_algorithm-main/install/regulation_ang/share/regulation_ang/hook/pythonpath.dsv'
[1.962s] INFO:colcon.colcon_core.shell:Creating environment hook '/home/kodenfly123/ros2_ws/src/Follow_me_algorithm-main/install/regulation_ang/share/regulation_ang/hook/pythonpath.sh'
[1.963s] Level 1:colcon.colcon_core.environment:checking '/home/kodenfly123/ros2_ws/src/Follow_me_algorithm-main/install/regulation_ang/bin'
[1.963s] Level 1:colcon.colcon_core.environment:create_environment_scripts_only(regulation_ang)
[1.963s] INFO:colcon.colcon_core.shell:Creating package script '/home/kodenfly123/ros2_ws/src/Follow_me_algorithm-main/install/regulation_ang/share/regulation_ang/package.ps1'
[1.964s] INFO:colcon.colcon_core.shell:Creating package descriptor '/home/kodenfly123/ros2_ws/src/Follow_me_algorithm-main/install/regulation_ang/share/regulation_ang/package.dsv'
[1.965s] INFO:colcon.colcon_core.shell:Creating package script '/home/kodenfly123/ros2_ws/src/Follow_me_algorithm-main/install/regulation_ang/share/regulation_ang/package.sh'
[1.966s] INFO:colcon.colcon_core.shell:Creating package script '/home/kodenfly123/ros2_ws/src/Follow_me_algorithm-main/install/regulation_ang/share/regulation_ang/package.bash'
[1.966s] INFO:colcon.colcon_core.shell:Creating package script '/home/kodenfly123/ros2_ws/src/Follow_me_algorithm-main/install/regulation_ang/share/regulation_ang/package.zsh'
[1.967s] Level 1:colcon.colcon_core.environment:create_file_with_runtime_dependencies(/home/kodenfly123/ros2_ws/src/Follow_me_algorithm-main/install/regulation_ang/share/colcon-core/packages/regulation_ang)
[1.968s] Level 1:colcon.colcon_core.environment:checking '/home/kodenfly123/ros2_ws/src/Follow_me_algorithm-main/install/lidar_reg' for CMake module files
[1.968s] Level 1:colcon.colcon_core.environment:checking '/home/kodenfly123/ros2_ws/src/Follow_me_algorithm-main/install/lidar_reg' for CMake config files
[1.969s] DEBUG:colcon.colcon_core.event_handler.log_command:Invoked command in '/home/kodenfly123/ros2_ws/src/Follow_me_algorithm-main/lidar_reg' returned '0': PYTHONPATH=/home/kodenfly123/ros2_ws/src/Follow_me_algorithm-main/build/lidar_reg/prefix_override:/home/kodenfly123/ros2_ws/src/Follow_me_algorithm-main/install/lidar_reg/lib/python3.10/site-packages:${PYTHONPATH} /usr/bin/python3 -W ignore:setup.py install is deprecated setup.py egg_info --egg-base ../build/lidar_reg build --build-base /home/kodenfly123/ros2_ws/src/Follow_me_algorithm-main/build/lidar_reg/build install --record /home/kodenfly123/ros2_ws/src/Follow_me_algorithm-main/build/lidar_reg/install.log --single-version-externally-managed install_data
[1.969s] Level 1:colcon.colcon_core.environment:checking '/home/kodenfly123/ros2_ws/src/Follow_me_algorithm-main/install/lidar_reg/lib'
[1.969s] Level 1:colcon.colcon_core.environment:checking '/home/kodenfly123/ros2_ws/src/Follow_me_algorithm-main/install/lidar_reg/bin'
[1.970s] Level 1:colcon.colcon_core.environment:checking '/home/kodenfly123/ros2_ws/src/Follow_me_algorithm-main/install/lidar_reg/lib/pkgconfig/lidar_reg.pc'
[1.970s] Level 1:colcon.colcon_core.environment:checking '/home/kodenfly123/ros2_ws/src/Follow_me_algorithm-main/install/lidar_reg/lib/python3.10/site-packages'
[1.970s] Level 1:colcon.colcon_core.shell:create_environment_hook('lidar_reg', 'pythonpath')
[1.970s] INFO:colcon.colcon_core.shell:Creating environment hook '/home/kodenfly123/ros2_ws/src/Follow_me_algorithm-main/install/lidar_reg/share/lidar_reg/hook/pythonpath.ps1'
[1.970s] INFO:colcon.colcon_core.shell:Creating environment descriptor '/home/kodenfly123/ros2_ws/src/Follow_me_algorithm-main/install/lidar_reg/share/lidar_reg/hook/pythonpath.dsv'
[1.971s] INFO:colcon.colcon_core.shell:Creating environment hook '/home/kodenfly123/ros2_ws/src/Follow_me_algorithm-main/install/lidar_reg/share/lidar_reg/hook/pythonpath.sh'
[1.971s] Level 1:colcon.colcon_core.environment:checking '/home/kodenfly123/ros2_ws/src/Follow_me_algorithm-main/install/lidar_reg/bin'
[1.971s] Level 1:colcon.colcon_core.environment:create_environment_scripts_only(lidar_reg)
[1.972s] INFO:colcon.colcon_core.shell:Creating package script '/home/kodenfly123/ros2_ws/src/Follow_me_algorithm-main/install/lidar_reg/share/lidar_reg/package.ps1'
[1.972s] INFO:colcon.colcon_core.shell:Creating package descriptor '/home/kodenfly123/ros2_ws/src/Follow_me_algorithm-main/install/lidar_reg/share/lidar_reg/package.dsv'
[1.972s] INFO:colcon.colcon_core.shell:Creating package script '/home/kodenfly123/ros2_ws/src/Follow_me_algorithm-main/install/lidar_reg/share/lidar_reg/package.sh'
[1.973s] INFO:colcon.colcon_core.shell:Creating package script '/home/kodenfly123/ros2_ws/src/Follow_me_algorithm-main/install/lidar_reg/share/lidar_reg/package.bash'
[1.973s] INFO:colcon.colcon_core.shell:Creating package script '/home/kodenfly123/ros2_ws/src/Follow_me_algorithm-main/install/lidar_reg/share/lidar_reg/package.zsh'
[1.973s] Level 1:colcon.colcon_core.environment:create_file_with_runtime_dependencies(/home/kodenfly123/ros2_ws/src/Follow_me_algorithm-main/install/lidar_reg/share/colcon-core/packages/lidar_reg)
[1.975s] Level 1:colcon.colcon_core.environment:checking '/home/kodenfly123/ros2_ws/src/Follow_me_algorithm-main/install/regulation_vel' for CMake module files
[1.975s] Level 1:colcon.colcon_core.environment:checking '/home/kodenfly123/ros2_ws/src/Follow_me_algorithm-main/install/regulation_vel' for CMake config files
[1.975s] DEBUG:colcon.colcon_core.event_handler.log_command:Invoked command in '/home/kodenfly123/ros2_ws/src/Follow_me_algorithm-main/regulation_vel' returned '0': PYTHONPATH=/home/kodenfly123/ros2_ws/src/Follow_me_algorithm-main/build/regulation_vel/prefix_override:/home/kodenfly123/ros2_ws/src/Follow_me_algorithm-main/install/regulation_vel/lib/python3.10/site-packages:${PYTHONPATH} /usr/bin/python3 -W ignore:setup.py install is deprecated setup.py egg_info --egg-base ../build/regulation_vel build --build-base /home/kodenfly123/ros2_ws/src/Follow_me_algorithm-main/build/regulation_vel/build install --record /home/kodenfly123/ros2_ws/src/Follow_me_algorithm-main/build/regulation_vel/install.log --install-scripts $base/lib/regulation_vel --single-version-externally-managed install_data
[1.976s] Level 1:colcon.colcon_core.environment:checking '/home/kodenfly123/ros2_ws/src/Follow_me_algorithm-main/install/regulation_vel/lib'
[1.976s] Level 1:colcon.colcon_core.environment:checking '/home/kodenfly123/ros2_ws/src/Follow_me_algorithm-main/install/regulation_vel/bin'
[1.976s] Level 1:colcon.colcon_core.environment:checking '/home/kodenfly123/ros2_ws/src/Follow_me_algorithm-main/install/regulation_vel/lib/pkgconfig/regulation_vel.pc'
[1.976s] Level 1:colcon.colcon_core.environment:checking '/home/kodenfly123/ros2_ws/src/Follow_me_algorithm-main/install/regulation_vel/lib/python3.10/site-packages'
[1.976s] Level 1:colcon.colcon_core.shell:create_environment_hook('regulation_vel', 'pythonpath')
[1.976s] INFO:colcon.colcon_core.shell:Creating environment hook '/home/kodenfly123/ros2_ws/src/Follow_me_algorithm-main/install/regulation_vel/share/regulation_vel/hook/pythonpath.ps1'
[1.977s] INFO:colcon.colcon_core.shell:Creating environment descriptor '/home/kodenfly123/ros2_ws/src/Follow_me_algorithm-main/install/regulation_vel/share/regulation_vel/hook/pythonpath.dsv'
[1.977s] INFO:colcon.colcon_core.shell:Creating environment hook '/home/kodenfly123/ros2_ws/src/Follow_me_algorithm-main/install/regulation_vel/share/regulation_vel/hook/pythonpath.sh'
[1.977s] Level 1:colcon.colcon_core.environment:checking '/home/kodenfly123/ros2_ws/src/Follow_me_algorithm-main/install/regulation_vel/bin'
[1.977s] Level 1:colcon.colcon_core.environment:create_environment_scripts_only(regulation_vel)
[1.978s] INFO:colcon.colcon_core.shell:Creating package script '/home/kodenfly123/ros2_ws/src/Follow_me_algorithm-main/install/regulation_vel/share/regulation_vel/package.ps1'
[1.978s] INFO:colcon.colcon_core.shell:Creating package descriptor '/home/kodenfly123/ros2_ws/src/Follow_me_algorithm-main/install/regulation_vel/share/regulation_vel/package.dsv'
[1.978s] INFO:colcon.colcon_core.shell:Creating package script '/home/kodenfly123/ros2_ws/src/Follow_me_algorithm-main/install/regulation_vel/share/regulation_vel/package.sh'
[1.979s] INFO:colcon.colcon_core.shell:Creating package script '/home/kodenfly123/ros2_ws/src/Follow_me_algorithm-main/install/regulation_vel/share/regulation_vel/package.bash'
[1.979s] INFO:colcon.colcon_core.shell:Creating package script '/home/kodenfly123/ros2_ws/src/Follow_me_algorithm-main/install/regulation_vel/share/regulation_vel/package.zsh'
[1.979s] Level 1:colcon.colcon_core.environment:create_file_with_runtime_dependencies(/home/kodenfly123/ros2_ws/src/Follow_me_algorithm-main/install/regulation_vel/share/colcon-core/packages/regulation_vel)
[1.979s] Level 1:colcon.colcon_core.environment:checking '/home/kodenfly123/ros2_ws/src/Follow_me_algorithm-main/install/shin_detector' for CMake module files
[1.980s] Level 1:colcon.colcon_core.environment:checking '/home/kodenfly123/ros2_ws/src/Follow_me_algorithm-main/install/shin_detector' for CMake config files
[1.980s] DEBUG:colcon.colcon_core.event_handler.log_command:Invoked command in '/home/kodenfly123/ros2_ws/src/Follow_me_algorithm-main/shin_detector' returned '0': PYTHONPATH=/home/kodenfly123/ros2_ws/src/Follow_me_algorithm-main/build/shin_detector/prefix_override:/home/kodenfly123/ros2_ws/src/Follow_me_algorithm-main/install/shin_detector/lib/python3.10/site-packages:${PYTHONPATH} /usr/bin/python3 -W ignore:setup.py install is deprecated setup.py egg_info --egg-base ../build/shin_detector build --build-base /home/kodenfly123/ros2_ws/src/Follow_me_algorithm-main/build/shin_detector/build install --record /home/kodenfly123/ros2_ws/src/Follow_me_algorithm-main/build/shin_detector/install.log --single-version-externally-managed install_data
[1.981s] Level 1:colcon.colcon_core.environment:checking '/home/kodenfly123/ros2_ws/src/Follow_me_algorithm-main/install/shin_detector/lib'
[1.981s] Level 1:colcon.colcon_core.environment:checking '/home/kodenfly123/ros2_ws/src/Follow_me_algorithm-main/install/shin_detector/bin'
[1.981s] Level 1:colcon.colcon_core.environment:checking '/home/kodenfly123/ros2_ws/src/Follow_me_algorithm-main/install/shin_detector/lib/pkgconfig/shin_detector.pc'
[1.981s] Level 1:colcon.colcon_core.environment:checking '/home/kodenfly123/ros2_ws/src/Follow_me_algorithm-main/install/shin_detector/lib/python3.10/site-packages'
[1.981s] Level 1:colcon.colcon_core.shell:create_environment_hook('shin_detector', 'pythonpath')
[1.981s] INFO:colcon.colcon_core.shell:Creating environment hook '/home/kodenfly123/ros2_ws/src/Follow_me_algorithm-main/install/shin_detector/share/shin_detector/hook/pythonpath.ps1'
[1.982s] INFO:colcon.colcon_core.shell:Creating environment descriptor '/home/kodenfly123/ros2_ws/src/Follow_me_algorithm-main/install/shin_detector/share/shin_detector/hook/pythonpath.dsv'
[1.982s] INFO:colcon.colcon_core.shell:Creating environment hook '/home/kodenfly123/ros2_ws/src/Follow_me_algorithm-main/install/shin_detector/share/shin_detector/hook/pythonpath.sh'
[1.982s] Level 1:colcon.colcon_core.environment:checking '/home/kodenfly123/ros2_ws/src/Follow_me_algorithm-main/install/shin_detector/bin'
[1.982s] Level 1:colcon.colcon_core.environment:create_environment_scripts_only(shin_detector)
[1.983s] INFO:colcon.colcon_core.shell:Creating package script '/home/kodenfly123/ros2_ws/src/Follow_me_algorithm-main/install/shin_detector/share/shin_detector/package.ps1'
[1.983s] INFO:colcon.colcon_core.shell:Creating package descriptor '/home/kodenfly123/ros2_ws/src/Follow_me_algorithm-main/install/shin_detector/share/shin_detector/package.dsv'
[1.983s] INFO:colcon.colcon_core.shell:Creating package script '/home/kodenfly123/ros2_ws/src/Follow_me_algorithm-main/install/shin_detector/share/shin_detector/package.sh'
[1.984s] INFO:colcon.colcon_core.shell:Creating package script '/home/kodenfly123/ros2_ws/src/Follow_me_algorithm-main/install/shin_detector/share/shin_detector/package.bash'
[1.984s] INFO:colcon.colcon_core.shell:Creating package script '/home/kodenfly123/ros2_ws/src/Follow_me_algorithm-main/install/shin_detector/share/shin_detector/package.zsh'
[1.985s] Level 1:colcon.colcon_core.environment:create_file_with_runtime_dependencies(/home/kodenfly123/ros2_ws/src/Follow_me_algorithm-main/install/shin_detector/share/colcon-core/packages/shin_detector)
[1.985s] DEBUG:colcon.colcon_parallel_executor.executor.parallel:closing loop
[1.985s] DEBUG:colcon.colcon_parallel_executor.executor.parallel:loop closed
[1.985s] DEBUG:colcon.colcon_parallel_executor.executor.parallel:run_until_complete finished with '0'
[1.986s] DEBUG:colcon.colcon_core.event_reactor:joining thread
[1.990s] INFO:colcon.colcon_core.plugin_system:Skipping extension 'colcon_notification.desktop_notification.terminal_notifier': Not used on non-Darwin systems
[1.990s] INFO:colcon.colcon_core.plugin_system:Skipping extension 'colcon_notification.desktop_notification.win32': Not used on non-Windows systems
[1.990s] INFO:colcon.colcon_notification.desktop_notification:Sending desktop notification using 'notify2'
[1.999s] DEBUG:colcon.colcon_core.event_reactor:joined thread
[1.999s] INFO:colcon.colcon_core.shell:Creating prefix script '/home/kodenfly123/ros2_ws/src/Follow_me_algorithm-main/install/local_setup.ps1'
[2.001s] INFO:colcon.colcon_core.shell:Creating prefix util module '/home/kodenfly123/ros2_ws/src/Follow_me_algorithm-main/install/_local_setup_util_ps1.py'
[2.003s] INFO:colcon.colcon_core.shell:Creating prefix chain script '/home/kodenfly123/ros2_ws/src/Follow_me_algorithm-main/install/setup.ps1'
[2.004s] INFO:colcon.colcon_core.shell:Creating prefix script '/home/kodenfly123/ros2_ws/src/Follow_me_algorithm-main/install/local_setup.sh'
[2.005s] INFO:colcon.colcon_core.shell:Creating prefix util module '/home/kodenfly123/ros2_ws/src/Follow_me_algorithm-main/install/_local_setup_util_sh.py'
[2.005s] INFO:colcon.colcon_core.shell:Creating prefix chain script '/home/kodenfly123/ros2_ws/src/Follow_me_algorithm-main/install/setup.sh'
[2.006s] INFO:colcon.colcon_core.shell:Creating prefix script '/home/kodenfly123/ros2_ws/src/Follow_me_algorithm-main/install/local_setup.bash'
[2.006s] INFO:colcon.colcon_core.shell:Creating prefix chain script '/home/kodenfly123/ros2_ws/src/Follow_me_algorithm-main/install/setup.bash'
[2.007s] INFO:colcon.colcon_core.shell:Creating prefix script '/home/kodenfly123/ros2_ws/src/Follow_me_algorithm-main/install/local_setup.zsh'
[2.008s] INFO:colcon.colcon_core.shell:Creating prefix chain script '/home/kodenfly123/ros2_ws/src/Follow_me_algorithm-main/install/setup.zsh'
