[0.090s] DEBUG:colcon:Command line arguments: ['/usr/bin/colcon', 'build']
[0.090s] DEBUG:colcon:Parsed command line arguments: Namespace(log_base=None, log_level=None, verb_name='build', build_base='build', install_base='install', merge_install=False, symlink_install=False, test_result_base=None, continue_on_error=False, executor='parallel', parallel_workers=8, event_handlers=None, ignore_user_meta=False, metas=['./colcon.meta'], base_paths=['.'], packages_ignore=None, packages_ignore_regex=None, paths=None, packages_up_to=None, packages_up_to_regex=None, packages_above=None, packages_above_and_dependencies=None, packages_above_depth=None, packages_select_by_dep=None, packages_skip_by_dep=None, packages_skip_up_to=None, packages_select_build_failed=False, packages_skip_build_finished=False, packages_select_test_failures=False, packages_skip_test_passed=False, packages_select=None, packages_skip=None, packages_select_regex=None, packages_skip_regex=None, packages_start=None, packages_end=None, allow_overriding=[], cmake_args=None, cmake_target=None, cmake_target_skip_unavailable=False, cmake_clean_cache=False, cmake_clean_first=False, cmake_force_configure=False, ament_cmake_args=None, catkin_cmake_args=None, catkin_skip_building_tests=False, verb_parser=<colcon_defaults.argument_parser.defaults.DefaultArgumentsDecorator object at 0x7644648330d0>, verb_extension=<colcon_core.verb.build.BuildVerb object at 0x764464832bc0>, main=<bound method BuildVerb.main of <colcon_core.verb.build.BuildVerb object at 0x764464832bc0>>)
[0.250s] Level 1:colcon.colcon_core.package_discovery:discover_packages(colcon_meta) check parameters
[0.250s] Level 1:colcon.colcon_core.package_discovery:discover_packages(recursive) check parameters
[0.250s] Level 1:colcon.colcon_core.package_discovery:discover_packages(ignore) check parameters
[0.250s] Level 1:colcon.colcon_core.package_discovery:discover_packages(path) check parameters
[0.250s] Level 1:colcon.colcon_core.package_discovery:discover_packages(colcon_meta) discover
[0.250s] Level 1:colcon.colcon_core.package_discovery:discover_packages(recursive) discover
[0.250s] INFO:colcon.colcon_core.package_discovery:Crawling recursively for packages in '/home/kodenfly123/ros2_ws'
[0.250s] Level 1:colcon.colcon_core.package_identification:_identify(.) by extensions ['ignore', 'ignore_ament_install']
[0.250s] Level 1:colcon.colcon_core.package_identification:_identify(.) by extension 'ignore'
[0.250s] Level 1:colcon.colcon_core.package_identification:_identify(.) by extension 'ignore_ament_install'
[0.250s] Level 1:colcon.colcon_core.package_identification:_identify(.) by extensions ['colcon_pkg']
[0.250s] Level 1:colcon.colcon_core.package_identification:_identify(.) by extension 'colcon_pkg'
[0.250s] Level 1:colcon.colcon_core.package_identification:_identify(.) by extensions ['colcon_meta']
[0.250s] Level 1:colcon.colcon_core.package_identification:_identify(.) by extension 'colcon_meta'
[0.250s] Level 1:colcon.colcon_core.package_identification:_identify(.) by extensions ['ros']
[0.250s] Level 1:colcon.colcon_core.package_identification:_identify(.) by extension 'ros'
[0.260s] Level 1:colcon.colcon_core.package_identification:_identify(.) by extensions ['cmake', 'python']
[0.260s] Level 1:colcon.colcon_core.package_identification:_identify(.) by extension 'cmake'
[0.260s] Level 1:colcon.colcon_core.package_identification:_identify(.) by extension 'python'
[0.260s] Level 1:colcon.colcon_core.package_identification:_identify(.) by extensions ['python_setup_py']
[0.260s] Level 1:colcon.colcon_core.package_identification:_identify(.) by extension 'python_setup_py'
[0.261s] Level 1:colcon.colcon_core.package_identification:_identify(build) by extensions ['ignore', 'ignore_ament_install']
[0.261s] Level 1:colcon.colcon_core.package_identification:_identify(build) by extension 'ignore'
[0.261s] Level 1:colcon.colcon_core.package_identification:_identify(build) ignored
[0.261s] Level 1:colcon.colcon_core.package_identification:_identify(install) by extensions ['ignore', 'ignore_ament_install']
[0.261s] Level 1:colcon.colcon_core.package_identification:_identify(install) by extension 'ignore'
[0.261s] Level 1:colcon.colcon_core.package_identification:_identify(install) ignored
[0.261s] Level 1:colcon.colcon_core.package_identification:_identify(log) by extensions ['ignore', 'ignore_ament_install']
[0.261s] Level 1:colcon.colcon_core.package_identification:_identify(log) by extension 'ignore'
[0.261s] Level 1:colcon.colcon_core.package_identification:_identify(log) ignored
[0.261s] Level 1:colcon.colcon_core.package_identification:_identify(src) by extensions ['ignore', 'ignore_ament_install']
[0.261s] Level 1:colcon.colcon_core.package_identification:_identify(src) by extension 'ignore'
[0.261s] Level 1:colcon.colcon_core.package_identification:_identify(src) by extension 'ignore_ament_install'
[0.261s] Level 1:colcon.colcon_core.package_identification:_identify(src) by extensions ['colcon_pkg']
[0.261s] Level 1:colcon.colcon_core.package_identification:_identify(src) by extension 'colcon_pkg'
[0.261s] Level 1:colcon.colcon_core.package_identification:_identify(src) by extensions ['colcon_meta']
[0.261s] Level 1:colcon.colcon_core.package_identification:_identify(src) by extension 'colcon_meta'
[0.261s] Level 1:colcon.colcon_core.package_identification:_identify(src) by extensions ['ros']
[0.261s] Level 1:colcon.colcon_core.package_identification:_identify(src) by extension 'ros'
[0.262s] Level 1:colcon.colcon_core.package_identification:_identify(src) by extensions ['cmake', 'python']
[0.262s] Level 1:colcon.colcon_core.package_identification:_identify(src) by extension 'cmake'
[0.262s] Level 1:colcon.colcon_core.package_identification:_identify(src) by extension 'python'
[0.262s] Level 1:colcon.colcon_core.package_identification:_identify(src) by extensions ['python_setup_py']
[0.262s] Level 1:colcon.colcon_core.package_identification:_identify(src) by extension 'python_setup_py'
[0.262s] Level 1:colcon.colcon_core.package_identification:_identify(src/Follow_me_algorithm-main) by extensions ['ignore', 'ignore_ament_install']
[0.262s] Level 1:colcon.colcon_core.package_identification:_identify(src/Follow_me_algorithm-main) by extension 'ignore'
[0.262s] Level 1:colcon.colcon_core.package_identification:_identify(src/Follow_me_algorithm-main) by extension 'ignore_ament_install'
[0.262s] Level 1:colcon.colcon_core.package_identification:_identify(src/Follow_me_algorithm-main) by extensions ['colcon_pkg']
[0.262s] Level 1:colcon.colcon_core.package_identification:_identify(src/Follow_me_algorithm-main) by extension 'colcon_pkg'
[0.262s] Level 1:colcon.colcon_core.package_identification:_identify(src/Follow_me_algorithm-main) by extensions ['colcon_meta']
[0.262s] Level 1:colcon.colcon_core.package_identification:_identify(src/Follow_me_algorithm-main) by extension 'colcon_meta'
[0.262s] Level 1:colcon.colcon_core.package_identification:_identify(src/Follow_me_algorithm-main) by extensions ['ros']
[0.262s] Level 1:colcon.colcon_core.package_identification:_identify(src/Follow_me_algorithm-main) by extension 'ros'
[0.262s] Level 1:colcon.colcon_core.package_identification:_identify(src/Follow_me_algorithm-main) by extensions ['cmake', 'python']
[0.262s] Level 1:colcon.colcon_core.package_identification:_identify(src/Follow_me_algorithm-main) by extension 'cmake'
[0.262s] Level 1:colcon.colcon_core.package_identification:_identify(src/Follow_me_algorithm-main) by extension 'python'
[0.262s] Level 1:colcon.colcon_core.package_identification:_identify(src/Follow_me_algorithm-main) by extensions ['python_setup_py']
[0.262s] Level 1:colcon.colcon_core.package_identification:_identify(src/Follow_me_algorithm-main) by extension 'python_setup_py'
[0.262s] Level 1:colcon.colcon_core.package_identification:_identify(src/Follow_me_algorithm-main/build) by extensions ['ignore', 'ignore_ament_install']
[0.262s] Level 1:colcon.colcon_core.package_identification:_identify(src/Follow_me_algorithm-main/build) by extension 'ignore'
[0.262s] Level 1:colcon.colcon_core.package_identification:_identify(src/Follow_me_algorithm-main/build) ignored
[0.262s] Level 1:colcon.colcon_core.package_identification:_identify(src/Follow_me_algorithm-main/install) by extensions ['ignore', 'ignore_ament_install']
[0.263s] Level 1:colcon.colcon_core.package_identification:_identify(src/Follow_me_algorithm-main/install) by extension 'ignore'
[0.263s] Level 1:colcon.colcon_core.package_identification:_identify(src/Follow_me_algorithm-main/install) ignored
[0.263s] Level 1:colcon.colcon_core.package_identification:_identify(src/Follow_me_algorithm-main/lidar_reg) by extensions ['ignore', 'ignore_ament_install']
[0.263s] Level 1:colcon.colcon_core.package_identification:_identify(src/Follow_me_algorithm-main/lidar_reg) by extension 'ignore'
[0.263s] Level 1:colcon.colcon_core.package_identification:_identify(src/Follow_me_algorithm-main/lidar_reg) by extension 'ignore_ament_install'
[0.263s] Level 1:colcon.colcon_core.package_identification:_identify(src/Follow_me_algorithm-main/lidar_reg) by extensions ['colcon_pkg']
[0.263s] Level 1:colcon.colcon_core.package_identification:_identify(src/Follow_me_algorithm-main/lidar_reg) by extension 'colcon_pkg'
[0.263s] Level 1:colcon.colcon_core.package_identification:_identify(src/Follow_me_algorithm-main/lidar_reg) by extensions ['colcon_meta']
[0.263s] Level 1:colcon.colcon_core.package_identification:_identify(src/Follow_me_algorithm-main/lidar_reg) by extension 'colcon_meta'
[0.263s] Level 1:colcon.colcon_core.package_identification:_identify(src/Follow_me_algorithm-main/lidar_reg) by extensions ['ros']
[0.263s] Level 1:colcon.colcon_core.package_identification:_identify(src/Follow_me_algorithm-main/lidar_reg) by extension 'ros'
[0.274s] DEBUG:colcon.colcon_core.package_identification:Package 'src/Follow_me_algorithm-main/lidar_reg' with type 'ros.ament_python' and name 'lidar_reg'
[0.274s] Level 1:colcon.colcon_core.package_identification:_identify(src/Follow_me_algorithm-main/log) by extensions ['ignore', 'ignore_ament_install']
[0.274s] Level 1:colcon.colcon_core.package_identification:_identify(src/Follow_me_algorithm-main/log) by extension 'ignore'
[0.274s] Level 1:colcon.colcon_core.package_identification:_identify(src/Follow_me_algorithm-main/log) ignored
[0.274s] Level 1:colcon.colcon_core.package_identification:_identify(src/Follow_me_algorithm-main/regulation_ang) by extensions ['ignore', 'ignore_ament_install']
[0.274s] Level 1:colcon.colcon_core.package_identification:_identify(src/Follow_me_algorithm-main/regulation_ang) by extension 'ignore'
[0.274s] Level 1:colcon.colcon_core.package_identification:_identify(src/Follow_me_algorithm-main/regulation_ang) by extension 'ignore_ament_install'
[0.274s] Level 1:colcon.colcon_core.package_identification:_identify(src/Follow_me_algorithm-main/regulation_ang) by extensions ['colcon_pkg']
[0.274s] Level 1:colcon.colcon_core.package_identification:_identify(src/Follow_me_algorithm-main/regulation_ang) by extension 'colcon_pkg'
[0.274s] Level 1:colcon.colcon_core.package_identification:_identify(src/Follow_me_algorithm-main/regulation_ang) by extensions ['colcon_meta']
[0.274s] Level 1:colcon.colcon_core.package_identification:_identify(src/Follow_me_algorithm-main/regulation_ang) by extension 'colcon_meta'
[0.274s] Level 1:colcon.colcon_core.package_identification:_identify(src/Follow_me_algorithm-main/regulation_ang) by extensions ['ros']
[0.274s] Level 1:colcon.colcon_core.package_identification:_identify(src/Follow_me_algorithm-main/regulation_ang) by extension 'ros'
[0.275s] DEBUG:colcon.colcon_core.package_identification:Package 'src/Follow_me_algorithm-main/regulation_ang' with type 'ros.ament_python' and name 'regulation_ang'
[0.275s] Level 1:colcon.colcon_core.package_identification:_identify(src/Follow_me_algorithm-main/regulation_vel) by extensions ['ignore', 'ignore_ament_install']
[0.275s] Level 1:colcon.colcon_core.package_identification:_identify(src/Follow_me_algorithm-main/regulation_vel) by extension 'ignore'
[0.275s] Level 1:colcon.colcon_core.package_identification:_identify(src/Follow_me_algorithm-main/regulation_vel) by extension 'ignore_ament_install'
[0.275s] Level 1:colcon.colcon_core.package_identification:_identify(src/Follow_me_algorithm-main/regulation_vel) by extensions ['colcon_pkg']
[0.275s] Level 1:colcon.colcon_core.package_identification:_identify(src/Follow_me_algorithm-main/regulation_vel) by extension 'colcon_pkg'
[0.275s] Level 1:colcon.colcon_core.package_identification:_identify(src/Follow_me_algorithm-main/regulation_vel) by extensions ['colcon_meta']
[0.275s] Level 1:colcon.colcon_core.package_identification:_identify(src/Follow_me_algorithm-main/regulation_vel) by extension 'colcon_meta'
[0.275s] Level 1:colcon.colcon_core.package_identification:_identify(src/Follow_me_algorithm-main/regulation_vel) by extensions ['ros']
[0.275s] Level 1:colcon.colcon_core.package_identification:_identify(src/Follow_me_algorithm-main/regulation_vel) by extension 'ros'
[0.276s] DEBUG:colcon.colcon_core.package_identification:Package 'src/Follow_me_algorithm-main/regulation_vel' with type 'ros.ament_python' and name 'regulation_vel'
[0.276s] Level 1:colcon.colcon_core.package_identification:_identify(src/Follow_me_algorithm-main/shin_detector) by extensions ['ignore', 'ignore_ament_install']
[0.276s] Level 1:colcon.colcon_core.package_identification:_identify(src/Follow_me_algorithm-main/shin_detector) by extension 'ignore'
[0.276s] Level 1:colcon.colcon_core.package_identification:_identify(src/Follow_me_algorithm-main/shin_detector) by extension 'ignore_ament_install'
[0.276s] Level 1:colcon.colcon_core.package_identification:_identify(src/Follow_me_algorithm-main/shin_detector) by extensions ['colcon_pkg']
[0.276s] Level 1:colcon.colcon_core.package_identification:_identify(src/Follow_me_algorithm-main/shin_detector) by extension 'colcon_pkg'
[0.276s] Level 1:colcon.colcon_core.package_identification:_identify(src/Follow_me_algorithm-main/shin_detector) by extensions ['colcon_meta']
[0.276s] Level 1:colcon.colcon_core.package_identification:_identify(src/Follow_me_algorithm-main/shin_detector) by extension 'colcon_meta'
[0.276s] Level 1:colcon.colcon_core.package_identification:_identify(src/Follow_me_algorithm-main/shin_detector) by extensions ['ros']
[0.276s] Level 1:colcon.colcon_core.package_identification:_identify(src/Follow_me_algorithm-main/shin_detector) by extension 'ros'
[0.276s] DEBUG:colcon.colcon_core.package_identification:Package 'src/Follow_me_algorithm-main/shin_detector' with type 'ros.ament_python' and name 'shin_detector'
[0.276s] Level 1:colcon.colcon_core.package_identification:_identify(src/build) by extensions ['ignore', 'ignore_ament_install']
[0.276s] Level 1:colcon.colcon_core.package_identification:_identify(src/build) by extension 'ignore'
[0.276s] Level 1:colcon.colcon_core.package_identification:_identify(src/build) ignored
[0.276s] Level 1:colcon.colcon_core.package_identification:_identify(src/install) by extensions ['ignore', 'ignore_ament_install']
[0.277s] Level 1:colcon.colcon_core.package_identification:_identify(src/install) by extension 'ignore'
[0.277s] Level 1:colcon.colcon_core.package_identification:_identify(src/install) ignored
[0.277s] Level 1:colcon.colcon_core.package_identification:_identify(src/log) by extensions ['ignore', 'ignore_ament_install']
[0.277s] Level 1:colcon.colcon_core.package_identification:_identify(src/log) by extension 'ignore'
[0.277s] Level 1:colcon.colcon_core.package_identification:_identify(src/log) ignored
[0.277s] Level 1:colcon.colcon_core.package_identification:_identify(src/vision_model_package) by extensions ['ignore', 'ignore_ament_install']
[0.277s] Level 1:colcon.colcon_core.package_identification:_identify(src/vision_model_package) by extension 'ignore'
[0.277s] Level 1:colcon.colcon_core.package_identification:_identify(src/vision_model_package) by extension 'ignore_ament_install'
[0.277s] Level 1:colcon.colcon_core.package_identification:_identify(src/vision_model_package) by extensions ['colcon_pkg']
[0.277s] Level 1:colcon.colcon_core.package_identification:_identify(src/vision_model_package) by extension 'colcon_pkg'
[0.277s] Level 1:colcon.colcon_core.package_identification:_identify(src/vision_model_package) by extensions ['colcon_meta']
[0.277s] Level 1:colcon.colcon_core.package_identification:_identify(src/vision_model_package) by extension 'colcon_meta'
[0.277s] Level 1:colcon.colcon_core.package_identification:_identify(src/vision_model_package) by extensions ['ros']
[0.277s] Level 1:colcon.colcon_core.package_identification:_identify(src/vision_model_package) by extension 'ros'
[0.278s] DEBUG:colcon.colcon_core.package_identification:Package 'src/vision_model_package' with type 'ros.ament_python' and name 'vision_model_package'
[0.278s] Level 1:colcon.colcon_core.package_discovery:discover_packages(recursive) using defaults
[0.278s] Level 1:colcon.colcon_core.package_discovery:discover_packages(ignore) discover
[0.278s] Level 1:colcon.colcon_core.package_discovery:discover_packages(ignore) using defaults
[0.278s] Level 1:colcon.colcon_core.package_discovery:discover_packages(path) discover
[0.278s] Level 1:colcon.colcon_core.package_discovery:discover_packages(path) using defaults
[0.295s] Level 1:colcon.colcon_core.package_discovery:discover_packages(prefix_path) check parameters
[0.295s] Level 1:colcon.colcon_core.package_discovery:discover_packages(prefix_path) discover
[0.297s] DEBUG:colcon.colcon_installed_package_information.package_discovery:Found 15 installed packages in /home/kodenfly123/ros2_ws/install
[0.298s] DEBUG:colcon.colcon_installed_package_information.package_discovery:Found 413 installed packages in /opt/ros/humble
[0.301s] Level 1:colcon.colcon_core.package_discovery:discover_packages(prefix_path) using defaults
[0.343s] Level 5:colcon.colcon_core.verb:set package 'lidar_reg' build argument 'cmake_args' from command line to 'None'
[0.344s] Level 5:colcon.colcon_core.verb:set package 'lidar_reg' build argument 'cmake_target' from command line to 'None'
[0.344s] Level 5:colcon.colcon_core.verb:set package 'lidar_reg' build argument 'cmake_target_skip_unavailable' from command line to 'False'
[0.344s] Level 5:colcon.colcon_core.verb:set package 'lidar_reg' build argument 'cmake_clean_cache' from command line to 'False'
[0.344s] Level 5:colcon.colcon_core.verb:set package 'lidar_reg' build argument 'cmake_clean_first' from command line to 'False'
[0.344s] Level 5:colcon.colcon_core.verb:set package 'lidar_reg' build argument 'cmake_force_configure' from command line to 'False'
[0.344s] Level 5:colcon.colcon_core.verb:set package 'lidar_reg' build argument 'ament_cmake_args' from command line to 'None'
[0.344s] Level 5:colcon.colcon_core.verb:set package 'lidar_reg' build argument 'catkin_cmake_args' from command line to 'None'
[0.344s] Level 5:colcon.colcon_core.verb:set package 'lidar_reg' build argument 'catkin_skip_building_tests' from command line to 'False'
[0.344s] DEBUG:colcon.colcon_core.verb:Building package 'lidar_reg' with the following arguments: {'ament_cmake_args': None, 'build_base': '/home/kodenfly123/ros2_ws/build/lidar_reg', 'catkin_cmake_args': None, 'catkin_skip_building_tests': False, 'cmake_args': None, 'cmake_clean_cache': False, 'cmake_clean_first': False, 'cmake_force_configure': False, 'cmake_target': None, 'cmake_target_skip_unavailable': False, 'install_base': '/home/kodenfly123/ros2_ws/install/lidar_reg', 'merge_install': False, 'path': '/home/kodenfly123/ros2_ws/src/Follow_me_algorithm-main/lidar_reg', 'symlink_install': False, 'test_result_base': None}
[0.344s] Level 5:colcon.colcon_core.verb:set package 'regulation_ang' build argument 'cmake_args' from command line to 'None'
[0.344s] Level 5:colcon.colcon_core.verb:set package 'regulation_ang' build argument 'cmake_target' from command line to 'None'
[0.344s] Level 5:colcon.colcon_core.verb:set package 'regulation_ang' build argument 'cmake_target_skip_unavailable' from command line to 'False'
[0.344s] Level 5:colcon.colcon_core.verb:set package 'regulation_ang' build argument 'cmake_clean_cache' from command line to 'False'
[0.344s] Level 5:colcon.colcon_core.verb:set package 'regulation_ang' build argument 'cmake_clean_first' from command line to 'False'
[0.344s] Level 5:colcon.colcon_core.verb:set package 'regulation_ang' build argument 'cmake_force_configure' from command line to 'False'
[0.344s] Level 5:colcon.colcon_core.verb:set package 'regulation_ang' build argument 'ament_cmake_args' from command line to 'None'
[0.344s] Level 5:colcon.colcon_core.verb:set package 'regulation_ang' build argument 'catkin_cmake_args' from command line to 'None'
[0.344s] Level 5:colcon.colcon_core.verb:set package 'regulation_ang' build argument 'catkin_skip_building_tests' from command line to 'False'
[0.344s] DEBUG:colcon.colcon_core.verb:Building package 'regulation_ang' with the following arguments: {'ament_cmake_args': None, 'build_base': '/home/kodenfly123/ros2_ws/build/regulation_ang', 'catkin_cmake_args': None, 'catkin_skip_building_tests': False, 'cmake_args': None, 'cmake_clean_cache': False, 'cmake_clean_first': False, 'cmake_force_configure': False, 'cmake_target': None, 'cmake_target_skip_unavailable': False, 'install_base': '/home/kodenfly123/ros2_ws/install/regulation_ang', 'merge_install': False, 'path': '/home/kodenfly123/ros2_ws/src/Follow_me_algorithm-main/regulation_ang', 'symlink_install': False, 'test_result_base': None}
[0.345s] Level 5:colcon.colcon_core.verb:set package 'regulation_vel' build argument 'cmake_args' from command line to 'None'
[0.345s] Level 5:colcon.colcon_core.verb:set package 'regulation_vel' build argument 'cmake_target' from command line to 'None'
[0.345s] Level 5:colcon.colcon_core.verb:set package 'regulation_vel' build argument 'cmake_target_skip_unavailable' from command line to 'False'
[0.345s] Level 5:colcon.colcon_core.verb:set package 'regulation_vel' build argument 'cmake_clean_cache' from command line to 'False'
[0.345s] Level 5:colcon.colcon_core.verb:set package 'regulation_vel' build argument 'cmake_clean_first' from command line to 'False'
[0.345s] Level 5:colcon.colcon_core.verb:set package 'regulation_vel' build argument 'cmake_force_configure' from command line to 'False'
[0.345s] Level 5:colcon.colcon_core.verb:set package 'regulation_vel' build argument 'ament_cmake_args' from command line to 'None'
[0.345s] Level 5:colcon.colcon_core.verb:set package 'regulation_vel' build argument 'catkin_cmake_args' from command line to 'None'
[0.345s] Level 5:colcon.colcon_core.verb:set package 'regulation_vel' build argument 'catkin_skip_building_tests' from command line to 'False'
[0.345s] DEBUG:colcon.colcon_core.verb:Building package 'regulation_vel' with the following arguments: {'ament_cmake_args': None, 'build_base': '/home/kodenfly123/ros2_ws/build/regulation_vel', 'catkin_cmake_args': None, 'catkin_skip_building_tests': False, 'cmake_args': None, 'cmake_clean_cache': False, 'cmake_clean_first': False, 'cmake_force_configure': False, 'cmake_target': None, 'cmake_target_skip_unavailable': False, 'install_base': '/home/kodenfly123/ros2_ws/install/regulation_vel', 'merge_install': False, 'path': '/home/kodenfly123/ros2_ws/src/Follow_me_algorithm-main/regulation_vel', 'symlink_install': False, 'test_result_base': None}
[0.345s] Level 5:colcon.colcon_core.verb:set package 'shin_detector' build argument 'cmake_args' from command line to 'None'
[0.345s] Level 5:colcon.colcon_core.verb:set package 'shin_detector' build argument 'cmake_target' from command line to 'None'
[0.345s] Level 5:colcon.colcon_core.verb:set package 'shin_detector' build argument 'cmake_target_skip_unavailable' from command line to 'False'
[0.345s] Level 5:colcon.colcon_core.verb:set package 'shin_detector' build argument 'cmake_clean_cache' from command line to 'False'
[0.345s] Level 5:colcon.colcon_core.verb:set package 'shin_detector' build argument 'cmake_clean_first' from command line to 'False'
[0.345s] Level 5:colcon.colcon_core.verb:set package 'shin_detector' build argument 'cmake_force_configure' from command line to 'False'
[0.345s] Level 5:colcon.colcon_core.verb:set package 'shin_detector' build argument 'ament_cmake_args' from command line to 'None'
[0.345s] Level 5:colcon.colcon_core.verb:set package 'shin_detector' build argument 'catkin_cmake_args' from command line to 'None'
[0.345s] Level 5:colcon.colcon_core.verb:set package 'shin_detector' build argument 'catkin_skip_building_tests' from command line to 'False'
[0.345s] DEBUG:colcon.colcon_core.verb:Building package 'shin_detector' with the following arguments: {'ament_cmake_args': None, 'build_base': '/home/kodenfly123/ros2_ws/build/shin_detector', 'catkin_cmake_args': None, 'catkin_skip_building_tests': False, 'cmake_args': None, 'cmake_clean_cache': False, 'cmake_clean_first': False, 'cmake_force_configure': False, 'cmake_target': None, 'cmake_target_skip_unavailable': False, 'install_base': '/home/kodenfly123/ros2_ws/install/shin_detector', 'merge_install': False, 'path': '/home/kodenfly123/ros2_ws/src/Follow_me_algorithm-main/shin_detector', 'symlink_install': False, 'test_result_base': None}
[0.345s] Level 5:colcon.colcon_core.verb:set package 'vision_model_package' build argument 'cmake_args' from command line to 'None'
[0.345s] Level 5:colcon.colcon_core.verb:set package 'vision_model_package' build argument 'cmake_target' from command line to 'None'
[0.346s] Level 5:colcon.colcon_core.verb:set package 'vision_model_package' build argument 'cmake_target_skip_unavailable' from command line to 'False'
[0.346s] Level 5:colcon.colcon_core.verb:set package 'vision_model_package' build argument 'cmake_clean_cache' from command line to 'False'
[0.346s] Level 5:colcon.colcon_core.verb:set package 'vision_model_package' build argument 'cmake_clean_first' from command line to 'False'
[0.346s] Level 5:colcon.colcon_core.verb:set package 'vision_model_package' build argument 'cmake_force_configure' from command line to 'False'
[0.346s] Level 5:colcon.colcon_core.verb:set package 'vision_model_package' build argument 'ament_cmake_args' from command line to 'None'
[0.346s] Level 5:colcon.colcon_core.verb:set package 'vision_model_package' build argument 'catkin_cmake_args' from command line to 'None'
[0.346s] Level 5:colcon.colcon_core.verb:set package 'vision_model_package' build argument 'catkin_skip_building_tests' from command line to 'False'
[0.346s] DEBUG:colcon.colcon_core.verb:Building package 'vision_model_package' with the following arguments: {'ament_cmake_args': None, 'build_base': '/home/kodenfly123/ros2_ws/build/vision_model_package', 'catkin_cmake_args': None, 'catkin_skip_building_tests': False, 'cmake_args': None, 'cmake_clean_cache': False, 'cmake_clean_first': False, 'cmake_force_configure': False, 'cmake_target': None, 'cmake_target_skip_unavailable': False, 'install_base': '/home/kodenfly123/ros2_ws/install/vision_model_package', 'merge_install': False, 'path': '/home/kodenfly123/ros2_ws/src/vision_model_package', 'symlink_install': False, 'test_result_base': None}
[0.346s] INFO:colcon.colcon_core.executor:Executing jobs using 'parallel' executor
[0.347s] DEBUG:colcon.colcon_parallel_executor.executor.parallel:run_until_complete
[0.347s] INFO:colcon.colcon_ros.task.ament_python.build:Building ROS package in '/home/kodenfly123/ros2_ws/src/Follow_me_algorithm-main/lidar_reg' with build type 'ament_python'
[0.347s] Level 1:colcon.colcon_core.shell:create_environment_hook('lidar_reg', 'ament_prefix_path')
[0.349s] INFO:colcon.colcon_core.plugin_system:Skipping extension 'colcon_core.shell.bat': Not used on non-Windows systems
[0.349s] INFO:colcon.colcon_core.shell:Creating environment hook '/home/kodenfly123/ros2_ws/install/lidar_reg/share/lidar_reg/hook/ament_prefix_path.ps1'
[0.349s] INFO:colcon.colcon_core.shell:Creating environment descriptor '/home/kodenfly123/ros2_ws/install/lidar_reg/share/lidar_reg/hook/ament_prefix_path.dsv'
[0.350s] INFO:colcon.colcon_core.shell:Creating environment hook '/home/kodenfly123/ros2_ws/install/lidar_reg/share/lidar_reg/hook/ament_prefix_path.sh'
[0.350s] INFO:colcon.colcon_core.shell:Skip shell extension 'powershell' for command environment: Not usable outside of PowerShell
[0.350s] DEBUG:colcon.colcon_core.shell:Skip shell extension 'dsv' for command environment
[0.354s] INFO:colcon.colcon_ros.task.ament_python.build:Building ROS package in '/home/kodenfly123/ros2_ws/src/Follow_me_algorithm-main/regulation_ang' with build type 'ament_python'
[0.354s] Level 1:colcon.colcon_core.shell:create_environment_hook('regulation_ang', 'ament_prefix_path')
[0.354s] INFO:colcon.colcon_core.shell:Creating environment hook '/home/kodenfly123/ros2_ws/install/regulation_ang/share/regulation_ang/hook/ament_prefix_path.ps1'
[0.355s] INFO:colcon.colcon_core.shell:Creating environment descriptor '/home/kodenfly123/ros2_ws/install/regulation_ang/share/regulation_ang/hook/ament_prefix_path.dsv'
[0.355s] INFO:colcon.colcon_core.shell:Creating environment hook '/home/kodenfly123/ros2_ws/install/regulation_ang/share/regulation_ang/hook/ament_prefix_path.sh'
[0.355s] INFO:colcon.colcon_core.shell:Skip shell extension 'powershell' for command environment: Not usable outside of PowerShell
[0.355s] DEBUG:colcon.colcon_core.shell:Skip shell extension 'dsv' for command environment
[0.359s] INFO:colcon.colcon_ros.task.ament_python.build:Building ROS package in '/home/kodenfly123/ros2_ws/src/Follow_me_algorithm-main/regulation_vel' with build type 'ament_python'
[0.359s] Level 1:colcon.colcon_core.shell:create_environment_hook('regulation_vel', 'ament_prefix_path')
[0.359s] INFO:colcon.colcon_core.shell:Creating environment hook '/home/kodenfly123/ros2_ws/install/regulation_vel/share/regulation_vel/hook/ament_prefix_path.ps1'
[0.360s] INFO:colcon.colcon_core.shell:Creating environment descriptor '/home/kodenfly123/ros2_ws/install/regulation_vel/share/regulation_vel/hook/ament_prefix_path.dsv'
[0.360s] INFO:colcon.colcon_core.shell:Creating environment hook '/home/kodenfly123/ros2_ws/install/regulation_vel/share/regulation_vel/hook/ament_prefix_path.sh'
[0.361s] INFO:colcon.colcon_core.shell:Skip shell extension 'powershell' for command environment: Not usable outside of PowerShell
[0.361s] DEBUG:colcon.colcon_core.shell:Skip shell extension 'dsv' for command environment
[0.364s] INFO:colcon.colcon_ros.task.ament_python.build:Building ROS package in '/home/kodenfly123/ros2_ws/src/Follow_me_algorithm-main/shin_detector' with build type 'ament_python'
[0.364s] Level 1:colcon.colcon_core.shell:create_environment_hook('shin_detector', 'ament_prefix_path')
[0.364s] INFO:colcon.colcon_core.shell:Creating environment hook '/home/kodenfly123/ros2_ws/install/shin_detector/share/shin_detector/hook/ament_prefix_path.ps1'
[0.365s] INFO:colcon.colcon_core.shell:Creating environment descriptor '/home/kodenfly123/ros2_ws/install/shin_detector/share/shin_detector/hook/ament_prefix_path.dsv'
[0.365s] INFO:colcon.colcon_core.shell:Creating environment hook '/home/kodenfly123/ros2_ws/install/shin_detector/share/shin_detector/hook/ament_prefix_path.sh'
[0.365s] INFO:colcon.colcon_core.shell:Skip shell extension 'powershell' for command environment: Not usable outside of PowerShell
[0.365s] DEBUG:colcon.colcon_core.shell:Skip shell extension 'dsv' for command environment
[0.368s] INFO:colcon.colcon_ros.task.ament_python.build:Building ROS package in '/home/kodenfly123/ros2_ws/src/vision_model_package' with build type 'ament_python'
[0.369s] Level 1:colcon.colcon_core.shell:create_environment_hook('vision_model_package', 'ament_prefix_path')
[0.369s] INFO:colcon.colcon_core.shell:Creating environment hook '/home/kodenfly123/ros2_ws/install/vision_model_package/share/vision_model_package/hook/ament_prefix_path.ps1'
[0.369s] INFO:colcon.colcon_core.shell:Creating environment descriptor '/home/kodenfly123/ros2_ws/install/vision_model_package/share/vision_model_package/hook/ament_prefix_path.dsv'
[0.370s] INFO:colcon.colcon_core.shell:Creating environment hook '/home/kodenfly123/ros2_ws/install/vision_model_package/share/vision_model_package/hook/ament_prefix_path.sh'
[0.370s] INFO:colcon.colcon_core.shell:Skip shell extension 'powershell' for command environment: Not usable outside of PowerShell
[0.370s] DEBUG:colcon.colcon_core.shell:Skip shell extension 'dsv' for command environment
[0.619s] INFO:colcon.colcon_core.task.python.build:Building Python package in '/home/kodenfly123/ros2_ws/src/Follow_me_algorithm-main/lidar_reg'
[0.619s] INFO:colcon.colcon_core.shell:Skip shell extension 'powershell' for command environment: Not usable outside of PowerShell
[0.619s] DEBUG:colcon.colcon_core.shell:Skip shell extension 'dsv' for command environment
[0.849s] INFO:colcon.colcon_core.task.python.build:Building Python package in '/home/kodenfly123/ros2_ws/src/Follow_me_algorithm-main/regulation_ang'
[0.849s] INFO:colcon.colcon_core.shell:Skip shell extension 'powershell' for command environment: Not usable outside of PowerShell
[0.849s] DEBUG:colcon.colcon_core.shell:Skip shell extension 'dsv' for command environment
[1.079s] INFO:colcon.colcon_core.task.python.build:Building Python package in '/home/kodenfly123/ros2_ws/src/Follow_me_algorithm-main/regulation_vel'
[1.079s] INFO:colcon.colcon_core.shell:Skip shell extension 'powershell' for command environment: Not usable outside of PowerShell
[1.079s] DEBUG:colcon.colcon_core.shell:Skip shell extension 'dsv' for command environment
[1.320s] INFO:colcon.colcon_core.task.python.build:Building Python package in '/home/kodenfly123/ros2_ws/src/Follow_me_algorithm-main/shin_detector'
[1.321s] INFO:colcon.colcon_core.shell:Skip shell extension 'powershell' for command environment: Not usable outside of PowerShell
[1.321s] DEBUG:colcon.colcon_core.shell:Skip shell extension 'dsv' for command environment
[1.566s] INFO:colcon.colcon_core.task.python.build:Building Python package in '/home/kodenfly123/ros2_ws/src/vision_model_package'
[1.566s] INFO:colcon.colcon_core.shell:Skip shell extension 'powershell' for command environment: Not usable outside of PowerShell
[1.566s] DEBUG:colcon.colcon_core.shell:Skip shell extension 'dsv' for command environment
[2.008s] DEBUG:colcon.colcon_core.event_handler.log_command:Invoking command in '/home/kodenfly123/ros2_ws/src/Follow_me_algorithm-main/lidar_reg': PYTHONPATH=/home/kodenfly123/ros2_ws/build/lidar_reg/prefix_override:/home/kodenfly123/ros2_ws/install/lidar_reg/lib/python3.10/site-packages:${PYTHONPATH} /usr/bin/python3 -W ignore:setup.py install is deprecated setup.py egg_info --egg-base ../../../build/lidar_reg build --build-base /home/kodenfly123/ros2_ws/build/lidar_reg/build install --record /home/kodenfly123/ros2_ws/build/lidar_reg/install.log --single-version-externally-managed install_data
[2.021s] DEBUG:colcon.colcon_core.event_handler.log_command:Invoking command in '/home/kodenfly123/ros2_ws/src/Follow_me_algorithm-main/shin_detector': PYTHONPATH=/home/kodenfly123/ros2_ws/build/shin_detector/prefix_override:/home/kodenfly123/ros2_ws/install/shin_detector/lib/python3.10/site-packages:${PYTHONPATH} /usr/bin/python3 -W ignore:setup.py install is deprecated setup.py egg_info --egg-base ../../../build/shin_detector build --build-base /home/kodenfly123/ros2_ws/build/shin_detector/build install --record /home/kodenfly123/ros2_ws/build/shin_detector/install.log --single-version-externally-managed install_data
[2.025s] DEBUG:colcon.colcon_core.event_handler.log_command:Invoking command in '/home/kodenfly123/ros2_ws/src/Follow_me_algorithm-main/regulation_vel': PYTHONPATH=/home/kodenfly123/ros2_ws/build/regulation_vel/prefix_override:/home/kodenfly123/ros2_ws/install/regulation_vel/lib/python3.10/site-packages:${PYTHONPATH} /usr/bin/python3 -W ignore:setup.py install is deprecated setup.py egg_info --egg-base ../../../build/regulation_vel build --build-base /home/kodenfly123/ros2_ws/build/regulation_vel/build install --record /home/kodenfly123/ros2_ws/build/regulation_vel/install.log --install-scripts $base/lib/regulation_vel --single-version-externally-managed install_data
[2.284s] DEBUG:colcon.colcon_core.event_handler.log_command:Invoking command in '/home/kodenfly123/ros2_ws/src/Follow_me_algorithm-main/regulation_ang': PYTHONPATH=/home/kodenfly123/ros2_ws/build/regulation_ang/prefix_override:/home/kodenfly123/ros2_ws/install/regulation_ang/lib/python3.10/site-packages:${PYTHONPATH} /usr/bin/python3 -W ignore:setup.py install is deprecated setup.py egg_info --egg-base ../../../build/regulation_ang build --build-base /home/kodenfly123/ros2_ws/build/regulation_ang/build install --record /home/kodenfly123/ros2_ws/build/regulation_ang/install.log --install-scripts $base/lib/regulation_ang --single-version-externally-managed install_data
[2.287s] DEBUG:colcon.colcon_core.event_handler.log_command:Invoking command in '/home/kodenfly123/ros2_ws/src/vision_model_package': PYTHONPATH=/home/kodenfly123/ros2_ws/build/vision_model_package/prefix_override:/home/kodenfly123/ros2_ws/install/vision_model_package/lib/python3.10/site-packages:${PYTHONPATH} /usr/bin/python3 -W ignore:setup.py install is deprecated setup.py egg_info --egg-base ../../build/vision_model_package build --build-base /home/kodenfly123/ros2_ws/build/vision_model_package/build install --record /home/kodenfly123/ros2_ws/build/vision_model_package/install.log --single-version-externally-managed install_data
[2.400s] DEBUG:colcon.colcon_core.event_handler.log_command:Invoked command in '/home/kodenfly123/ros2_ws/src/Follow_me_algorithm-main/lidar_reg' returned '0': PYTHONPATH=/home/kodenfly123/ros2_ws/build/lidar_reg/prefix_override:/home/kodenfly123/ros2_ws/install/lidar_reg/lib/python3.10/site-packages:${PYTHONPATH} /usr/bin/python3 -W ignore:setup.py install is deprecated setup.py egg_info --egg-base ../../../build/lidar_reg build --build-base /home/kodenfly123/ros2_ws/build/lidar_reg/build install --record /home/kodenfly123/ros2_ws/build/lidar_reg/install.log --single-version-externally-managed install_data
[2.404s] Level 1:colcon.colcon_core.environment:checking '/home/kodenfly123/ros2_ws/install/lidar_reg' for CMake module files
[2.405s] Level 1:colcon.colcon_core.environment:checking '/home/kodenfly123/ros2_ws/install/lidar_reg' for CMake config files
[2.406s] Level 1:colcon.colcon_core.environment:checking '/home/kodenfly123/ros2_ws/install/lidar_reg/lib'
[2.406s] Level 1:colcon.colcon_core.environment:checking '/home/kodenfly123/ros2_ws/install/lidar_reg/bin'
[2.407s] Level 1:colcon.colcon_core.environment:checking '/home/kodenfly123/ros2_ws/install/lidar_reg/lib/pkgconfig/lidar_reg.pc'
[2.407s] Level 1:colcon.colcon_core.environment:checking '/home/kodenfly123/ros2_ws/install/lidar_reg/lib/python3.10/site-packages'
[2.407s] Level 1:colcon.colcon_core.shell:create_environment_hook('lidar_reg', 'pythonpath')
[2.408s] INFO:colcon.colcon_core.shell:Creating environment hook '/home/kodenfly123/ros2_ws/install/lidar_reg/share/lidar_reg/hook/pythonpath.ps1'
[2.409s] INFO:colcon.colcon_core.shell:Creating environment descriptor '/home/kodenfly123/ros2_ws/install/lidar_reg/share/lidar_reg/hook/pythonpath.dsv'
[2.409s] INFO:colcon.colcon_core.shell:Creating environment hook '/home/kodenfly123/ros2_ws/install/lidar_reg/share/lidar_reg/hook/pythonpath.sh'
[2.410s] Level 1:colcon.colcon_core.environment:checking '/home/kodenfly123/ros2_ws/install/lidar_reg/bin'
[2.410s] Level 1:colcon.colcon_core.environment:create_environment_scripts_only(lidar_reg)
[2.411s] INFO:colcon.colcon_core.shell:Creating package script '/home/kodenfly123/ros2_ws/install/lidar_reg/share/lidar_reg/package.ps1'
[2.413s] INFO:colcon.colcon_core.shell:Creating package descriptor '/home/kodenfly123/ros2_ws/install/lidar_reg/share/lidar_reg/package.dsv'
[2.414s] INFO:colcon.colcon_core.shell:Creating package script '/home/kodenfly123/ros2_ws/install/lidar_reg/share/lidar_reg/package.sh'
[2.415s] INFO:colcon.colcon_core.shell:Creating package script '/home/kodenfly123/ros2_ws/install/lidar_reg/share/lidar_reg/package.bash'
[2.416s] INFO:colcon.colcon_core.shell:Creating package script '/home/kodenfly123/ros2_ws/install/lidar_reg/share/lidar_reg/package.zsh'
[2.417s] Level 1:colcon.colcon_core.environment:create_file_with_runtime_dependencies(/home/kodenfly123/ros2_ws/install/lidar_reg/share/colcon-core/packages/lidar_reg)
[2.419s] Level 1:colcon.colcon_core.environment:checking '/home/kodenfly123/ros2_ws/install/regulation_vel' for CMake module files
[2.419s] Level 1:colcon.colcon_core.environment:checking '/home/kodenfly123/ros2_ws/install/regulation_vel' for CMake config files
[2.419s] DEBUG:colcon.colcon_core.event_handler.log_command:Invoked command in '/home/kodenfly123/ros2_ws/src/Follow_me_algorithm-main/regulation_vel' returned '0': PYTHONPATH=/home/kodenfly123/ros2_ws/build/regulation_vel/prefix_override:/home/kodenfly123/ros2_ws/install/regulation_vel/lib/python3.10/site-packages:${PYTHONPATH} /usr/bin/python3 -W ignore:setup.py install is deprecated setup.py egg_info --egg-base ../../../build/regulation_vel build --build-base /home/kodenfly123/ros2_ws/build/regulation_vel/build install --record /home/kodenfly123/ros2_ws/build/regulation_vel/install.log --install-scripts $base/lib/regulation_vel --single-version-externally-managed install_data
[2.420s] Level 1:colcon.colcon_core.environment:checking '/home/kodenfly123/ros2_ws/install/regulation_vel/lib'
[2.420s] Level 1:colcon.colcon_core.environment:checking '/home/kodenfly123/ros2_ws/install/regulation_vel/bin'
[2.420s] Level 1:colcon.colcon_core.environment:checking '/home/kodenfly123/ros2_ws/install/regulation_vel/lib/pkgconfig/regulation_vel.pc'
[2.420s] Level 1:colcon.colcon_core.environment:checking '/home/kodenfly123/ros2_ws/install/regulation_vel/lib/python3.10/site-packages'
[2.420s] Level 1:colcon.colcon_core.shell:create_environment_hook('regulation_vel', 'pythonpath')
[2.420s] INFO:colcon.colcon_core.shell:Creating environment hook '/home/kodenfly123/ros2_ws/install/regulation_vel/share/regulation_vel/hook/pythonpath.ps1'
[2.421s] INFO:colcon.colcon_core.shell:Creating environment descriptor '/home/kodenfly123/ros2_ws/install/regulation_vel/share/regulation_vel/hook/pythonpath.dsv'
[2.421s] INFO:colcon.colcon_core.shell:Creating environment hook '/home/kodenfly123/ros2_ws/install/regulation_vel/share/regulation_vel/hook/pythonpath.sh'
[2.422s] Level 1:colcon.colcon_core.environment:checking '/home/kodenfly123/ros2_ws/install/regulation_vel/bin'
[2.422s] Level 1:colcon.colcon_core.environment:create_environment_scripts_only(regulation_vel)
[2.422s] INFO:colcon.colcon_core.shell:Creating package script '/home/kodenfly123/ros2_ws/install/regulation_vel/share/regulation_vel/package.ps1'
[2.422s] INFO:colcon.colcon_core.shell:Creating package descriptor '/home/kodenfly123/ros2_ws/install/regulation_vel/share/regulation_vel/package.dsv'
[2.423s] INFO:colcon.colcon_core.shell:Creating package script '/home/kodenfly123/ros2_ws/install/regulation_vel/share/regulation_vel/package.sh'
[2.423s] INFO:colcon.colcon_core.shell:Creating package script '/home/kodenfly123/ros2_ws/install/regulation_vel/share/regulation_vel/package.bash'
[2.423s] INFO:colcon.colcon_core.shell:Creating package script '/home/kodenfly123/ros2_ws/install/regulation_vel/share/regulation_vel/package.zsh'
[2.424s] Level 1:colcon.colcon_core.environment:create_file_with_runtime_dependencies(/home/kodenfly123/ros2_ws/install/regulation_vel/share/colcon-core/packages/regulation_vel)
[2.424s] Level 1:colcon.colcon_core.environment:checking '/home/kodenfly123/ros2_ws/install/shin_detector' for CMake module files
[2.425s] Level 1:colcon.colcon_core.environment:checking '/home/kodenfly123/ros2_ws/install/shin_detector' for CMake config files
[2.425s] DEBUG:colcon.colcon_core.event_handler.log_command:Invoked command in '/home/kodenfly123/ros2_ws/src/Follow_me_algorithm-main/shin_detector' returned '0': PYTHONPATH=/home/kodenfly123/ros2_ws/build/shin_detector/prefix_override:/home/kodenfly123/ros2_ws/install/shin_detector/lib/python3.10/site-packages:${PYTHONPATH} /usr/bin/python3 -W ignore:setup.py install is deprecated setup.py egg_info --egg-base ../../../build/shin_detector build --build-base /home/kodenfly123/ros2_ws/build/shin_detector/build install --record /home/kodenfly123/ros2_ws/build/shin_detector/install.log --single-version-externally-managed install_data
[2.425s] Level 1:colcon.colcon_core.environment:checking '/home/kodenfly123/ros2_ws/install/shin_detector/lib'
[2.426s] Level 1:colcon.colcon_core.environment:checking '/home/kodenfly123/ros2_ws/install/shin_detector/bin'
[2.426s] Level 1:colcon.colcon_core.environment:checking '/home/kodenfly123/ros2_ws/install/shin_detector/lib/pkgconfig/shin_detector.pc'
[2.426s] Level 1:colcon.colcon_core.environment:checking '/home/kodenfly123/ros2_ws/install/shin_detector/lib/python3.10/site-packages'
[2.426s] Level 1:colcon.colcon_core.shell:create_environment_hook('shin_detector', 'pythonpath')
[2.426s] INFO:colcon.colcon_core.shell:Creating environment hook '/home/kodenfly123/ros2_ws/install/shin_detector/share/shin_detector/hook/pythonpath.ps1'
[2.426s] INFO:colcon.colcon_core.shell:Creating environment descriptor '/home/kodenfly123/ros2_ws/install/shin_detector/share/shin_detector/hook/pythonpath.dsv'
[2.427s] INFO:colcon.colcon_core.shell:Creating environment hook '/home/kodenfly123/ros2_ws/install/shin_detector/share/shin_detector/hook/pythonpath.sh'
[2.427s] Level 1:colcon.colcon_core.environment:checking '/home/kodenfly123/ros2_ws/install/shin_detector/bin'
[2.427s] Level 1:colcon.colcon_core.environment:create_environment_scripts_only(shin_detector)
[2.428s] INFO:colcon.colcon_core.shell:Creating package script '/home/kodenfly123/ros2_ws/install/shin_detector/share/shin_detector/package.ps1'
[2.428s] INFO:colcon.colcon_core.shell:Creating package descriptor '/home/kodenfly123/ros2_ws/install/shin_detector/share/shin_detector/package.dsv'
[2.428s] INFO:colcon.colcon_core.shell:Creating package script '/home/kodenfly123/ros2_ws/install/shin_detector/share/shin_detector/package.sh'
[2.429s] INFO:colcon.colcon_core.shell:Creating package script '/home/kodenfly123/ros2_ws/install/shin_detector/share/shin_detector/package.bash'
[2.429s] INFO:colcon.colcon_core.shell:Creating package script '/home/kodenfly123/ros2_ws/install/shin_detector/share/shin_detector/package.zsh'
[2.429s] Level 1:colcon.colcon_core.environment:create_file_with_runtime_dependencies(/home/kodenfly123/ros2_ws/install/shin_detector/share/colcon-core/packages/shin_detector)
[2.691s] Level 1:colcon.colcon_core.environment:checking '/home/kodenfly123/ros2_ws/install/regulation_ang' for CMake module files
[2.692s] DEBUG:colcon.colcon_core.event_handler.log_command:Invoked command in '/home/kodenfly123/ros2_ws/src/Follow_me_algorithm-main/regulation_ang' returned '0': PYTHONPATH=/home/kodenfly123/ros2_ws/build/regulation_ang/prefix_override:/home/kodenfly123/ros2_ws/install/regulation_ang/lib/python3.10/site-packages:${PYTHONPATH} /usr/bin/python3 -W ignore:setup.py install is deprecated setup.py egg_info --egg-base ../../../build/regulation_ang build --build-base /home/kodenfly123/ros2_ws/build/regulation_ang/build install --record /home/kodenfly123/ros2_ws/build/regulation_ang/install.log --install-scripts $base/lib/regulation_ang --single-version-externally-managed install_data
[2.692s] Level 1:colcon.colcon_core.environment:checking '/home/kodenfly123/ros2_ws/install/regulation_ang' for CMake config files
[2.692s] Level 1:colcon.colcon_core.environment:checking '/home/kodenfly123/ros2_ws/install/regulation_ang/lib'
[2.692s] Level 1:colcon.colcon_core.environment:checking '/home/kodenfly123/ros2_ws/install/regulation_ang/bin'
[2.693s] Level 1:colcon.colcon_core.environment:checking '/home/kodenfly123/ros2_ws/install/regulation_ang/lib/pkgconfig/regulation_ang.pc'
[2.693s] Level 1:colcon.colcon_core.environment:checking '/home/kodenfly123/ros2_ws/install/regulation_ang/lib/python3.10/site-packages'
[2.693s] Level 1:colcon.colcon_core.shell:create_environment_hook('regulation_ang', 'pythonpath')
[2.693s] INFO:colcon.colcon_core.shell:Creating environment hook '/home/kodenfly123/ros2_ws/install/regulation_ang/share/regulation_ang/hook/pythonpath.ps1'
[2.693s] INFO:colcon.colcon_core.shell:Creating environment descriptor '/home/kodenfly123/ros2_ws/install/regulation_ang/share/regulation_ang/hook/pythonpath.dsv'
[2.694s] INFO:colcon.colcon_core.shell:Creating environment hook '/home/kodenfly123/ros2_ws/install/regulation_ang/share/regulation_ang/hook/pythonpath.sh'
[2.694s] Level 1:colcon.colcon_core.environment:checking '/home/kodenfly123/ros2_ws/install/regulation_ang/bin'
[2.694s] Level 1:colcon.colcon_core.environment:create_environment_scripts_only(regulation_ang)
[2.694s] INFO:colcon.colcon_core.shell:Creating package script '/home/kodenfly123/ros2_ws/install/regulation_ang/share/regulation_ang/package.ps1'
[2.695s] INFO:colcon.colcon_core.shell:Creating package descriptor '/home/kodenfly123/ros2_ws/install/regulation_ang/share/regulation_ang/package.dsv'
[2.695s] INFO:colcon.colcon_core.shell:Creating package script '/home/kodenfly123/ros2_ws/install/regulation_ang/share/regulation_ang/package.sh'
[2.695s] INFO:colcon.colcon_core.shell:Creating package script '/home/kodenfly123/ros2_ws/install/regulation_ang/share/regulation_ang/package.bash'
[2.695s] INFO:colcon.colcon_core.shell:Creating package script '/home/kodenfly123/ros2_ws/install/regulation_ang/share/regulation_ang/package.zsh'
[2.696s] Level 1:colcon.colcon_core.environment:create_file_with_runtime_dependencies(/home/kodenfly123/ros2_ws/install/regulation_ang/share/colcon-core/packages/regulation_ang)
[2.696s] Level 1:colcon.colcon_core.environment:checking '/home/kodenfly123/ros2_ws/install/vision_model_package' for CMake module files
[2.697s] Level 1:colcon.colcon_core.environment:checking '/home/kodenfly123/ros2_ws/install/vision_model_package' for CMake config files
[2.697s] DEBUG:colcon.colcon_core.event_handler.log_command:Invoked command in '/home/kodenfly123/ros2_ws/src/vision_model_package' returned '0': PYTHONPATH=/home/kodenfly123/ros2_ws/build/vision_model_package/prefix_override:/home/kodenfly123/ros2_ws/install/vision_model_package/lib/python3.10/site-packages:${PYTHONPATH} /usr/bin/python3 -W ignore:setup.py install is deprecated setup.py egg_info --egg-base ../../build/vision_model_package build --build-base /home/kodenfly123/ros2_ws/build/vision_model_package/build install --record /home/kodenfly123/ros2_ws/build/vision_model_package/install.log --single-version-externally-managed install_data
[2.698s] Level 1:colcon.colcon_core.environment:checking '/home/kodenfly123/ros2_ws/install/vision_model_package/lib'
[2.698s] Level 1:colcon.colcon_core.environment:checking '/home/kodenfly123/ros2_ws/install/vision_model_package/bin'
[2.698s] Level 1:colcon.colcon_core.environment:checking '/home/kodenfly123/ros2_ws/install/vision_model_package/lib/pkgconfig/vision_model_package.pc'
[2.698s] Level 1:colcon.colcon_core.environment:checking '/home/kodenfly123/ros2_ws/install/vision_model_package/lib/python3.10/site-packages'
[2.698s] Level 1:colcon.colcon_core.shell:create_environment_hook('vision_model_package', 'pythonpath')
[2.698s] INFO:colcon.colcon_core.shell:Creating environment hook '/home/kodenfly123/ros2_ws/install/vision_model_package/share/vision_model_package/hook/pythonpath.ps1'
[2.698s] INFO:colcon.colcon_core.shell:Creating environment descriptor '/home/kodenfly123/ros2_ws/install/vision_model_package/share/vision_model_package/hook/pythonpath.dsv'
[2.699s] INFO:colcon.colcon_core.shell:Creating environment hook '/home/kodenfly123/ros2_ws/install/vision_model_package/share/vision_model_package/hook/pythonpath.sh'
[2.699s] Level 1:colcon.colcon_core.environment:checking '/home/kodenfly123/ros2_ws/install/vision_model_package/bin'
[2.699s] Level 1:colcon.colcon_core.environment:create_environment_scripts_only(vision_model_package)
[2.699s] INFO:colcon.colcon_core.shell:Creating package script '/home/kodenfly123/ros2_ws/install/vision_model_package/share/vision_model_package/package.ps1'
[2.700s] INFO:colcon.colcon_core.shell:Creating package descriptor '/home/kodenfly123/ros2_ws/install/vision_model_package/share/vision_model_package/package.dsv'
[2.700s] INFO:colcon.colcon_core.shell:Creating package script '/home/kodenfly123/ros2_ws/install/vision_model_package/share/vision_model_package/package.sh'
[2.700s] INFO:colcon.colcon_core.shell:Creating package script '/home/kodenfly123/ros2_ws/install/vision_model_package/share/vision_model_package/package.bash'
[2.700s] INFO:colcon.colcon_core.shell:Creating package script '/home/kodenfly123/ros2_ws/install/vision_model_package/share/vision_model_package/package.zsh'
[2.701s] Level 1:colcon.colcon_core.environment:create_file_with_runtime_dependencies(/home/kodenfly123/ros2_ws/install/vision_model_package/share/colcon-core/packages/vision_model_package)
[2.701s] DEBUG:colcon.colcon_parallel_executor.executor.parallel:closing loop
[2.701s] DEBUG:colcon.colcon_parallel_executor.executor.parallel:loop closed
[2.701s] DEBUG:colcon.colcon_parallel_executor.executor.parallel:run_until_complete finished with '0'
[2.701s] DEBUG:colcon.colcon_core.event_reactor:joining thread
[2.706s] INFO:colcon.colcon_core.plugin_system:Skipping extension 'colcon_notification.desktop_notification.terminal_notifier': Not used on non-Darwin systems
[2.706s] INFO:colcon.colcon_core.plugin_system:Skipping extension 'colcon_notification.desktop_notification.win32': Not used on non-Windows systems
[2.706s] INFO:colcon.colcon_notification.desktop_notification:Sending desktop notification using 'notify2'
[2.716s] DEBUG:colcon.colcon_core.event_reactor:joined thread
[2.716s] INFO:colcon.colcon_core.shell:Creating prefix script '/home/kodenfly123/ros2_ws/install/local_setup.ps1'
[2.717s] INFO:colcon.colcon_core.shell:Creating prefix util module '/home/kodenfly123/ros2_ws/install/_local_setup_util_ps1.py'
[2.718s] INFO:colcon.colcon_core.shell:Creating prefix chain script '/home/kodenfly123/ros2_ws/install/setup.ps1'
[2.719s] INFO:colcon.colcon_core.shell:Creating prefix script '/home/kodenfly123/ros2_ws/install/local_setup.sh'
[2.719s] INFO:colcon.colcon_core.shell:Creating prefix util module '/home/kodenfly123/ros2_ws/install/_local_setup_util_sh.py'
[2.720s] INFO:colcon.colcon_core.shell:Creating prefix chain script '/home/kodenfly123/ros2_ws/install/setup.sh'
[2.721s] INFO:colcon.colcon_core.shell:Creating prefix script '/home/kodenfly123/ros2_ws/install/local_setup.bash'
[2.721s] INFO:colcon.colcon_core.shell:Creating prefix chain script '/home/kodenfly123/ros2_ws/install/setup.bash'
[2.722s] INFO:colcon.colcon_core.shell:Creating prefix script '/home/kodenfly123/ros2_ws/install/local_setup.zsh'
[2.723s] INFO:colcon.colcon_core.shell:Creating prefix chain script '/home/kodenfly123/ros2_ws/install/setup.zsh'
