[0.102s] DEBUG:colcon:Command line arguments: ['/usr/bin/colcon', 'build']
[0.102s] DEBUG:colcon:Parsed command line arguments: Namespace(log_base=None, log_level=None, verb_name='build', build_base='build', install_base='install', merge_install=False, symlink_install=False, test_result_base=None, continue_on_error=False, executor='parallel', parallel_workers=8, event_handlers=None, ignore_user_meta=False, metas=['./colcon.meta'], base_paths=['.'], packages_ignore=None, packages_ignore_regex=None, paths=None, packages_up_to=None, packages_up_to_regex=None, packages_above=None, packages_above_and_dependencies=None, packages_above_depth=None, packages_select_by_dep=None, packages_skip_by_dep=None, packages_skip_up_to=None, packages_select_build_failed=False, packages_skip_build_finished=False, packages_select_test_failures=False, packages_skip_test_passed=False, packages_select=None, packages_skip=None, packages_select_regex=None, packages_skip_regex=None, packages_start=None, packages_end=None, allow_overriding=[], cmake_args=None, cmake_target=None, cmake_target_skip_unavailable=False, cmake_clean_cache=False, cmake_clean_first=False, cmake_force_configure=False, ament_cmake_args=None, catkin_cmake_args=None, catkin_skip_building_tests=False, verb_parser=<colcon_defaults.argument_parser.defaults.DefaultArgumentsDecorator object at 0x77accdb4b100>, verb_extension=<colcon_core.verb.build.BuildVerb object at 0x77accdb4abf0>, main=<bound method BuildVerb.main of <colcon_core.verb.build.BuildVerb object at 0x77accdb4abf0>>)
[0.262s] Level 1:colcon.colcon_core.package_discovery:discover_packages(colcon_meta) check parameters
[0.262s] Level 1:colcon.colcon_core.package_discovery:discover_packages(recursive) check parameters
[0.262s] Level 1:colcon.colcon_core.package_discovery:discover_packages(ignore) check parameters
[0.262s] Level 1:colcon.colcon_core.package_discovery:discover_packages(path) check parameters
[0.262s] Level 1:colcon.colcon_core.package_discovery:discover_packages(colcon_meta) discover
[0.262s] Level 1:colcon.colcon_core.package_discovery:discover_packages(recursive) discover
[0.262s] INFO:colcon.colcon_core.package_discovery:Crawling recursively for packages in '/home/kodenfly123/ros2_ws'
[0.262s] Level 1:colcon.colcon_core.package_identification:_identify(.) by extensions ['ignore', 'ignore_ament_install']
[0.262s] Level 1:colcon.colcon_core.package_identification:_identify(.) by extension 'ignore'
[0.262s] Level 1:colcon.colcon_core.package_identification:_identify(.) by extension 'ignore_ament_install'
[0.262s] Level 1:colcon.colcon_core.package_identification:_identify(.) by extensions ['colcon_pkg']
[0.262s] Level 1:colcon.colcon_core.package_identification:_identify(.) by extension 'colcon_pkg'
[0.262s] Level 1:colcon.colcon_core.package_identification:_identify(.) by extensions ['colcon_meta']
[0.262s] Level 1:colcon.colcon_core.package_identification:_identify(.) by extension 'colcon_meta'
[0.262s] Level 1:colcon.colcon_core.package_identification:_identify(.) by extensions ['ros']
[0.262s] Level 1:colcon.colcon_core.package_identification:_identify(.) by extension 'ros'
[0.272s] Level 1:colcon.colcon_core.package_identification:_identify(.) by extensions ['cmake', 'python']
[0.272s] Level 1:colcon.colcon_core.package_identification:_identify(.) by extension 'cmake'
[0.272s] Level 1:colcon.colcon_core.package_identification:_identify(.) by extension 'python'
[0.272s] Level 1:colcon.colcon_core.package_identification:_identify(.) by extensions ['python_setup_py']
[0.272s] Level 1:colcon.colcon_core.package_identification:_identify(.) by extension 'python_setup_py'
[0.272s] Level 1:colcon.colcon_core.package_identification:_identify(build) by extensions ['ignore', 'ignore_ament_install']
[0.272s] Level 1:colcon.colcon_core.package_identification:_identify(build) by extension 'ignore'
[0.272s] Level 1:colcon.colcon_core.package_identification:_identify(build) ignored
[0.273s] Level 1:colcon.colcon_core.package_identification:_identify(install) by extensions ['ignore', 'ignore_ament_install']
[0.273s] Level 1:colcon.colcon_core.package_identification:_identify(install) by extension 'ignore'
[0.273s] Level 1:colcon.colcon_core.package_identification:_identify(install) ignored
[0.273s] Level 1:colcon.colcon_core.package_identification:_identify(log) by extensions ['ignore', 'ignore_ament_install']
[0.273s] Level 1:colcon.colcon_core.package_identification:_identify(log) by extension 'ignore'
[0.273s] Level 1:colcon.colcon_core.package_identification:_identify(log) ignored
[0.273s] Level 1:colcon.colcon_core.package_identification:_identify(src) by extensions ['ignore', 'ignore_ament_install']
[0.273s] Level 1:colcon.colcon_core.package_identification:_identify(src) by extension 'ignore'
[0.273s] Level 1:colcon.colcon_core.package_identification:_identify(src) by extension 'ignore_ament_install'
[0.273s] Level 1:colcon.colcon_core.package_identification:_identify(src) by extensions ['colcon_pkg']
[0.273s] Level 1:colcon.colcon_core.package_identification:_identify(src) by extension 'colcon_pkg'
[0.273s] Level 1:colcon.colcon_core.package_identification:_identify(src) by extensions ['colcon_meta']
[0.273s] Level 1:colcon.colcon_core.package_identification:_identify(src) by extension 'colcon_meta'
[0.273s] Level 1:colcon.colcon_core.package_identification:_identify(src) by extensions ['ros']
[0.273s] Level 1:colcon.colcon_core.package_identification:_identify(src) by extension 'ros'
[0.273s] Level 1:colcon.colcon_core.package_identification:_identify(src) by extensions ['cmake', 'python']
[0.273s] Level 1:colcon.colcon_core.package_identification:_identify(src) by extension 'cmake'
[0.273s] Level 1:colcon.colcon_core.package_identification:_identify(src) by extension 'python'
[0.273s] Level 1:colcon.colcon_core.package_identification:_identify(src) by extensions ['python_setup_py']
[0.273s] Level 1:colcon.colcon_core.package_identification:_identify(src) by extension 'python_setup_py'
[0.273s] Level 1:colcon.colcon_core.package_identification:_identify(src/Follow_me_algorithm-main) by extensions ['ignore', 'ignore_ament_install']
[0.274s] Level 1:colcon.colcon_core.package_identification:_identify(src/Follow_me_algorithm-main) by extension 'ignore'
[0.274s] Level 1:colcon.colcon_core.package_identification:_identify(src/Follow_me_algorithm-main) by extension 'ignore_ament_install'
[0.274s] Level 1:colcon.colcon_core.package_identification:_identify(src/Follow_me_algorithm-main) by extensions ['colcon_pkg']
[0.274s] Level 1:colcon.colcon_core.package_identification:_identify(src/Follow_me_algorithm-main) by extension 'colcon_pkg'
[0.274s] Level 1:colcon.colcon_core.package_identification:_identify(src/Follow_me_algorithm-main) by extensions ['colcon_meta']
[0.274s] Level 1:colcon.colcon_core.package_identification:_identify(src/Follow_me_algorithm-main) by extension 'colcon_meta'
[0.274s] Level 1:colcon.colcon_core.package_identification:_identify(src/Follow_me_algorithm-main) by extensions ['ros']
[0.274s] Level 1:colcon.colcon_core.package_identification:_identify(src/Follow_me_algorithm-main) by extension 'ros'
[0.274s] Level 1:colcon.colcon_core.package_identification:_identify(src/Follow_me_algorithm-main) by extensions ['cmake', 'python']
[0.274s] Level 1:colcon.colcon_core.package_identification:_identify(src/Follow_me_algorithm-main) by extension 'cmake'
[0.274s] Level 1:colcon.colcon_core.package_identification:_identify(src/Follow_me_algorithm-main) by extension 'python'
[0.274s] Level 1:colcon.colcon_core.package_identification:_identify(src/Follow_me_algorithm-main) by extensions ['python_setup_py']
[0.274s] Level 1:colcon.colcon_core.package_identification:_identify(src/Follow_me_algorithm-main) by extension 'python_setup_py'
[0.274s] Level 1:colcon.colcon_core.package_identification:_identify(src/Follow_me_algorithm-main/build) by extensions ['ignore', 'ignore_ament_install']
[0.274s] Level 1:colcon.colcon_core.package_identification:_identify(src/Follow_me_algorithm-main/build) by extension 'ignore'
[0.274s] Level 1:colcon.colcon_core.package_identification:_identify(src/Follow_me_algorithm-main/build) ignored
[0.274s] Level 1:colcon.colcon_core.package_identification:_identify(src/Follow_me_algorithm-main/install) by extensions ['ignore', 'ignore_ament_install']
[0.274s] Level 1:colcon.colcon_core.package_identification:_identify(src/Follow_me_algorithm-main/install) by extension 'ignore'
[0.274s] Level 1:colcon.colcon_core.package_identification:_identify(src/Follow_me_algorithm-main/install) ignored
[0.275s] Level 1:colcon.colcon_core.package_identification:_identify(src/Follow_me_algorithm-main/lidar_reg) by extensions ['ignore', 'ignore_ament_install']
[0.275s] Level 1:colcon.colcon_core.package_identification:_identify(src/Follow_me_algorithm-main/lidar_reg) by extension 'ignore'
[0.275s] Level 1:colcon.colcon_core.package_identification:_identify(src/Follow_me_algorithm-main/lidar_reg) by extension 'ignore_ament_install'
[0.275s] Level 1:colcon.colcon_core.package_identification:_identify(src/Follow_me_algorithm-main/lidar_reg) by extensions ['colcon_pkg']
[0.275s] Level 1:colcon.colcon_core.package_identification:_identify(src/Follow_me_algorithm-main/lidar_reg) by extension 'colcon_pkg'
[0.275s] Level 1:colcon.colcon_core.package_identification:_identify(src/Follow_me_algorithm-main/lidar_reg) by extensions ['colcon_meta']
[0.275s] Level 1:colcon.colcon_core.package_identification:_identify(src/Follow_me_algorithm-main/lidar_reg) by extension 'colcon_meta'
[0.275s] Level 1:colcon.colcon_core.package_identification:_identify(src/Follow_me_algorithm-main/lidar_reg) by extensions ['ros']
[0.275s] Level 1:colcon.colcon_core.package_identification:_identify(src/Follow_me_algorithm-main/lidar_reg) by extension 'ros'
[0.285s] DEBUG:colcon.colcon_core.package_identification:Package 'src/Follow_me_algorithm-main/lidar_reg' with type 'ros.ament_python' and name 'lidar_reg'
[0.286s] Level 1:colcon.colcon_core.package_identification:_identify(src/Follow_me_algorithm-main/log) by extensions ['ignore', 'ignore_ament_install']
[0.286s] Level 1:colcon.colcon_core.package_identification:_identify(src/Follow_me_algorithm-main/log) by extension 'ignore'
[0.286s] Level 1:colcon.colcon_core.package_identification:_identify(src/Follow_me_algorithm-main/log) ignored
[0.286s] Level 1:colcon.colcon_core.package_identification:_identify(src/vision_model_package) by extensions ['ignore', 'ignore_ament_install']
[0.286s] Level 1:colcon.colcon_core.package_identification:_identify(src/vision_model_package) by extension 'ignore'
[0.286s] Level 1:colcon.colcon_core.package_identification:_identify(src/vision_model_package) by extension 'ignore_ament_install'
[0.286s] Level 1:colcon.colcon_core.package_identification:_identify(src/vision_model_package) by extensions ['colcon_pkg']
[0.286s] Level 1:colcon.colcon_core.package_identification:_identify(src/vision_model_package) by extension 'colcon_pkg'
[0.286s] Level 1:colcon.colcon_core.package_identification:_identify(src/vision_model_package) by extensions ['colcon_meta']
[0.286s] Level 1:colcon.colcon_core.package_identification:_identify(src/vision_model_package) by extension 'colcon_meta'
[0.286s] Level 1:colcon.colcon_core.package_identification:_identify(src/vision_model_package) by extensions ['ros']
[0.286s] Level 1:colcon.colcon_core.package_identification:_identify(src/vision_model_package) by extension 'ros'
[0.287s] DEBUG:colcon.colcon_core.package_identification:Package 'src/vision_model_package' with type 'ros.ament_python' and name 'vision_model_package'
[0.287s] Level 1:colcon.colcon_core.package_discovery:discover_packages(recursive) using defaults
[0.287s] Level 1:colcon.colcon_core.package_discovery:discover_packages(ignore) discover
[0.287s] Level 1:colcon.colcon_core.package_discovery:discover_packages(ignore) using defaults
[0.287s] Level 1:colcon.colcon_core.package_discovery:discover_packages(path) discover
[0.287s] Level 1:colcon.colcon_core.package_discovery:discover_packages(path) using defaults
[0.305s] Level 1:colcon.colcon_core.package_discovery:discover_packages(prefix_path) check parameters
[0.305s] Level 1:colcon.colcon_core.package_discovery:discover_packages(prefix_path) discover
[0.308s] DEBUG:colcon.colcon_installed_package_information.package_discovery:Found 15 installed packages in /home/kodenfly123/ros2_ws/install
[0.309s] DEBUG:colcon.colcon_installed_package_information.package_discovery:Found 413 installed packages in /opt/ros/humble
[0.311s] Level 1:colcon.colcon_core.package_discovery:discover_packages(prefix_path) using defaults
[0.354s] Level 5:colcon.colcon_core.verb:set package 'lidar_reg' build argument 'cmake_args' from command line to 'None'
[0.354s] Level 5:colcon.colcon_core.verb:set package 'lidar_reg' build argument 'cmake_target' from command line to 'None'
[0.354s] Level 5:colcon.colcon_core.verb:set package 'lidar_reg' build argument 'cmake_target_skip_unavailable' from command line to 'False'
[0.354s] Level 5:colcon.colcon_core.verb:set package 'lidar_reg' build argument 'cmake_clean_cache' from command line to 'False'
[0.354s] Level 5:colcon.colcon_core.verb:set package 'lidar_reg' build argument 'cmake_clean_first' from command line to 'False'
[0.354s] Level 5:colcon.colcon_core.verb:set package 'lidar_reg' build argument 'cmake_force_configure' from command line to 'False'
[0.354s] Level 5:colcon.colcon_core.verb:set package 'lidar_reg' build argument 'ament_cmake_args' from command line to 'None'
[0.354s] Level 5:colcon.colcon_core.verb:set package 'lidar_reg' build argument 'catkin_cmake_args' from command line to 'None'
[0.354s] Level 5:colcon.colcon_core.verb:set package 'lidar_reg' build argument 'catkin_skip_building_tests' from command line to 'False'
[0.354s] DEBUG:colcon.colcon_core.verb:Building package 'lidar_reg' with the following arguments: {'ament_cmake_args': None, 'build_base': '/home/kodenfly123/ros2_ws/build/lidar_reg', 'catkin_cmake_args': None, 'catkin_skip_building_tests': False, 'cmake_args': None, 'cmake_clean_cache': False, 'cmake_clean_first': False, 'cmake_force_configure': False, 'cmake_target': None, 'cmake_target_skip_unavailable': False, 'install_base': '/home/kodenfly123/ros2_ws/install/lidar_reg', 'merge_install': False, 'path': '/home/kodenfly123/ros2_ws/src/Follow_me_algorithm-main/lidar_reg', 'symlink_install': False, 'test_result_base': None}
[0.354s] Level 5:colcon.colcon_core.verb:set package 'vision_model_package' build argument 'cmake_args' from command line to 'None'
[0.354s] Level 5:colcon.colcon_core.verb:set package 'vision_model_package' build argument 'cmake_target' from command line to 'None'
[0.354s] Level 5:colcon.colcon_core.verb:set package 'vision_model_package' build argument 'cmake_target_skip_unavailable' from command line to 'False'
[0.354s] Level 5:colcon.colcon_core.verb:set package 'vision_model_package' build argument 'cmake_clean_cache' from command line to 'False'
[0.354s] Level 5:colcon.colcon_core.verb:set package 'vision_model_package' build argument 'cmake_clean_first' from command line to 'False'
[0.354s] Level 5:colcon.colcon_core.verb:set package 'vision_model_package' build argument 'cmake_force_configure' from command line to 'False'
[0.354s] Level 5:colcon.colcon_core.verb:set package 'vision_model_package' build argument 'ament_cmake_args' from command line to 'None'
[0.354s] Level 5:colcon.colcon_core.verb:set package 'vision_model_package' build argument 'catkin_cmake_args' from command line to 'None'
[0.354s] Level 5:colcon.colcon_core.verb:set package 'vision_model_package' build argument 'catkin_skip_building_tests' from command line to 'False'
[0.354s] DEBUG:colcon.colcon_core.verb:Building package 'vision_model_package' with the following arguments: {'ament_cmake_args': None, 'build_base': '/home/kodenfly123/ros2_ws/build/vision_model_package', 'catkin_cmake_args': None, 'catkin_skip_building_tests': False, 'cmake_args': None, 'cmake_clean_cache': False, 'cmake_clean_first': False, 'cmake_force_configure': False, 'cmake_target': None, 'cmake_target_skip_unavailable': False, 'install_base': '/home/kodenfly123/ros2_ws/install/vision_model_package', 'merge_install': False, 'path': '/home/kodenfly123/ros2_ws/src/vision_model_package', 'symlink_install': False, 'test_result_base': None}
[0.354s] INFO:colcon.colcon_core.executor:Executing jobs using 'parallel' executor
[0.355s] DEBUG:colcon.colcon_parallel_executor.executor.parallel:run_until_complete
[0.355s] INFO:colcon.colcon_ros.task.ament_python.build:Building ROS package in '/home/kodenfly123/ros2_ws/src/Follow_me_algorithm-main/lidar_reg' with build type 'ament_python'
[0.356s] Level 1:colcon.colcon_core.shell:create_environment_hook('lidar_reg', 'ament_prefix_path')
[0.358s] INFO:colcon.colcon_core.plugin_system:Skipping extension 'colcon_core.shell.bat': Not used on non-Windows systems
[0.358s] INFO:colcon.colcon_core.shell:Creating environment hook '/home/kodenfly123/ros2_ws/install/lidar_reg/share/lidar_reg/hook/ament_prefix_path.ps1'
[0.359s] INFO:colcon.colcon_core.shell:Creating environment descriptor '/home/kodenfly123/ros2_ws/install/lidar_reg/share/lidar_reg/hook/ament_prefix_path.dsv'
[0.359s] INFO:colcon.colcon_core.shell:Creating environment hook '/home/kodenfly123/ros2_ws/install/lidar_reg/share/lidar_reg/hook/ament_prefix_path.sh'
[0.360s] INFO:colcon.colcon_core.shell:Skip shell extension 'powershell' for command environment: Not usable outside of PowerShell
[0.360s] DEBUG:colcon.colcon_core.shell:Skip shell extension 'dsv' for command environment
[0.364s] INFO:colcon.colcon_ros.task.ament_python.build:Building ROS package in '/home/kodenfly123/ros2_ws/src/vision_model_package' with build type 'ament_python'
[0.364s] Level 1:colcon.colcon_core.shell:create_environment_hook('vision_model_package', 'ament_prefix_path')
[0.364s] INFO:colcon.colcon_core.shell:Creating environment hook '/home/kodenfly123/ros2_ws/install/vision_model_package/share/vision_model_package/hook/ament_prefix_path.ps1'
[0.365s] INFO:colcon.colcon_core.shell:Creating environment descriptor '/home/kodenfly123/ros2_ws/install/vision_model_package/share/vision_model_package/hook/ament_prefix_path.dsv'
[0.365s] INFO:colcon.colcon_core.shell:Creating environment hook '/home/kodenfly123/ros2_ws/install/vision_model_package/share/vision_model_package/hook/ament_prefix_path.sh'
[0.366s] INFO:colcon.colcon_core.shell:Skip shell extension 'powershell' for command environment: Not usable outside of PowerShell
[0.366s] DEBUG:colcon.colcon_core.shell:Skip shell extension 'dsv' for command environment
[0.605s] INFO:colcon.colcon_core.task.python.build:Building Python package in '/home/kodenfly123/ros2_ws/src/Follow_me_algorithm-main/lidar_reg'
[0.605s] INFO:colcon.colcon_core.shell:Skip shell extension 'powershell' for command environment: Not usable outside of PowerShell
[0.605s] DEBUG:colcon.colcon_core.shell:Skip shell extension 'dsv' for command environment
[0.830s] INFO:colcon.colcon_core.task.python.build:Building Python package in '/home/kodenfly123/ros2_ws/src/vision_model_package'
[0.831s] INFO:colcon.colcon_core.shell:Skip shell extension 'powershell' for command environment: Not usable outside of PowerShell
[0.831s] DEBUG:colcon.colcon_core.shell:Skip shell extension 'dsv' for command environment
[1.183s] DEBUG:colcon.colcon_core.event_handler.log_command:Invoking command in '/home/kodenfly123/ros2_ws/src/vision_model_package': PYTHONPATH=/home/kodenfly123/ros2_ws/build/vision_model_package/prefix_override:/home/kodenfly123/ros2_ws/install/vision_model_package/lib/python3.10/site-packages:${PYTHONPATH} /usr/bin/python3 -W ignore:setup.py install is deprecated setup.py egg_info --egg-base ../../build/vision_model_package build --build-base /home/kodenfly123/ros2_ws/build/vision_model_package/build install --record /home/kodenfly123/ros2_ws/build/vision_model_package/install.log --single-version-externally-managed install_data
[1.188s] DEBUG:colcon.colcon_core.event_handler.log_command:Invoking command in '/home/kodenfly123/ros2_ws/src/Follow_me_algorithm-main/lidar_reg': PYTHONPATH=/home/kodenfly123/ros2_ws/build/lidar_reg/prefix_override:/home/kodenfly123/ros2_ws/install/lidar_reg/lib/python3.10/site-packages:${PYTHONPATH} /usr/bin/python3 -W ignore:setup.py install is deprecated setup.py egg_info --egg-base ../../../build/lidar_reg build --build-base /home/kodenfly123/ros2_ws/build/lidar_reg/build install --record /home/kodenfly123/ros2_ws/build/lidar_reg/install.log --single-version-externally-managed install_data
[1.464s] DEBUG:colcon.colcon_core.event_handler.log_command:Invoked command in '/home/kodenfly123/ros2_ws/src/vision_model_package' returned '0': PYTHONPATH=/home/kodenfly123/ros2_ws/build/vision_model_package/prefix_override:/home/kodenfly123/ros2_ws/install/vision_model_package/lib/python3.10/site-packages:${PYTHONPATH} /usr/bin/python3 -W ignore:setup.py install is deprecated setup.py egg_info --egg-base ../../build/vision_model_package build --build-base /home/kodenfly123/ros2_ws/build/vision_model_package/build install --record /home/kodenfly123/ros2_ws/build/vision_model_package/install.log --single-version-externally-managed install_data
[1.467s] Level 1:colcon.colcon_core.environment:checking '/home/kodenfly123/ros2_ws/install/vision_model_package' for CMake module files
[1.467s] Level 1:colcon.colcon_core.environment:checking '/home/kodenfly123/ros2_ws/install/vision_model_package' for CMake config files
[1.468s] Level 1:colcon.colcon_core.environment:checking '/home/kodenfly123/ros2_ws/install/vision_model_package/lib'
[1.468s] Level 1:colcon.colcon_core.environment:checking '/home/kodenfly123/ros2_ws/install/vision_model_package/bin'
[1.468s] Level 1:colcon.colcon_core.environment:checking '/home/kodenfly123/ros2_ws/install/vision_model_package/lib/pkgconfig/vision_model_package.pc'
[1.468s] Level 1:colcon.colcon_core.environment:checking '/home/kodenfly123/ros2_ws/install/vision_model_package/lib/python3.10/site-packages'
[1.468s] Level 1:colcon.colcon_core.shell:create_environment_hook('vision_model_package', 'pythonpath')
[1.468s] INFO:colcon.colcon_core.shell:Creating environment hook '/home/kodenfly123/ros2_ws/install/vision_model_package/share/vision_model_package/hook/pythonpath.ps1'
[1.469s] INFO:colcon.colcon_core.shell:Creating environment descriptor '/home/kodenfly123/ros2_ws/install/vision_model_package/share/vision_model_package/hook/pythonpath.dsv'
[1.469s] INFO:colcon.colcon_core.shell:Creating environment hook '/home/kodenfly123/ros2_ws/install/vision_model_package/share/vision_model_package/hook/pythonpath.sh'
[1.469s] Level 1:colcon.colcon_core.environment:checking '/home/kodenfly123/ros2_ws/install/vision_model_package/bin'
[1.469s] Level 1:colcon.colcon_core.environment:create_environment_scripts_only(vision_model_package)
[1.469s] INFO:colcon.colcon_core.shell:Creating package script '/home/kodenfly123/ros2_ws/install/vision_model_package/share/vision_model_package/package.ps1'
[1.470s] INFO:colcon.colcon_core.shell:Creating package descriptor '/home/kodenfly123/ros2_ws/install/vision_model_package/share/vision_model_package/package.dsv'
[1.471s] INFO:colcon.colcon_core.shell:Creating package script '/home/kodenfly123/ros2_ws/install/vision_model_package/share/vision_model_package/package.sh'
[1.471s] INFO:colcon.colcon_core.shell:Creating package script '/home/kodenfly123/ros2_ws/install/vision_model_package/share/vision_model_package/package.bash'
[1.472s] INFO:colcon.colcon_core.shell:Creating package script '/home/kodenfly123/ros2_ws/install/vision_model_package/share/vision_model_package/package.zsh'
[1.472s] Level 1:colcon.colcon_core.environment:create_file_with_runtime_dependencies(/home/kodenfly123/ros2_ws/install/vision_model_package/share/colcon-core/packages/vision_model_package)
[1.473s] Level 1:colcon.colcon_core.environment:checking '/home/kodenfly123/ros2_ws/install/lidar_reg' for CMake module files
[1.474s] DEBUG:colcon.colcon_core.event_handler.log_command:Invoked command in '/home/kodenfly123/ros2_ws/src/Follow_me_algorithm-main/lidar_reg' returned '0': PYTHONPATH=/home/kodenfly123/ros2_ws/build/lidar_reg/prefix_override:/home/kodenfly123/ros2_ws/install/lidar_reg/lib/python3.10/site-packages:${PYTHONPATH} /usr/bin/python3 -W ignore:setup.py install is deprecated setup.py egg_info --egg-base ../../../build/lidar_reg build --build-base /home/kodenfly123/ros2_ws/build/lidar_reg/build install --record /home/kodenfly123/ros2_ws/build/lidar_reg/install.log --single-version-externally-managed install_data
[1.474s] Level 1:colcon.colcon_core.environment:checking '/home/kodenfly123/ros2_ws/install/lidar_reg' for CMake config files
[1.474s] Level 1:colcon.colcon_core.environment:checking '/home/kodenfly123/ros2_ws/install/lidar_reg/lib'
[1.474s] Level 1:colcon.colcon_core.environment:checking '/home/kodenfly123/ros2_ws/install/lidar_reg/bin'
[1.474s] Level 1:colcon.colcon_core.environment:checking '/home/kodenfly123/ros2_ws/install/lidar_reg/lib/pkgconfig/lidar_reg.pc'
[1.474s] Level 1:colcon.colcon_core.environment:checking '/home/kodenfly123/ros2_ws/install/lidar_reg/lib/python3.10/site-packages'
[1.474s] Level 1:colcon.colcon_core.shell:create_environment_hook('lidar_reg', 'pythonpath')
[1.475s] INFO:colcon.colcon_core.shell:Creating environment hook '/home/kodenfly123/ros2_ws/install/lidar_reg/share/lidar_reg/hook/pythonpath.ps1'
[1.475s] INFO:colcon.colcon_core.shell:Creating environment descriptor '/home/kodenfly123/ros2_ws/install/lidar_reg/share/lidar_reg/hook/pythonpath.dsv'
[1.475s] INFO:colcon.colcon_core.shell:Creating environment hook '/home/kodenfly123/ros2_ws/install/lidar_reg/share/lidar_reg/hook/pythonpath.sh'
[1.475s] Level 1:colcon.colcon_core.environment:checking '/home/kodenfly123/ros2_ws/install/lidar_reg/bin'
[1.476s] Level 1:colcon.colcon_core.environment:create_environment_scripts_only(lidar_reg)
[1.476s] INFO:colcon.colcon_core.shell:Creating package script '/home/kodenfly123/ros2_ws/install/lidar_reg/share/lidar_reg/package.ps1'
[1.476s] INFO:colcon.colcon_core.shell:Creating package descriptor '/home/kodenfly123/ros2_ws/install/lidar_reg/share/lidar_reg/package.dsv'
[1.476s] INFO:colcon.colcon_core.shell:Creating package script '/home/kodenfly123/ros2_ws/install/lidar_reg/share/lidar_reg/package.sh'
[1.477s] INFO:colcon.colcon_core.shell:Creating package script '/home/kodenfly123/ros2_ws/install/lidar_reg/share/lidar_reg/package.bash'
[1.477s] INFO:colcon.colcon_core.shell:Creating package script '/home/kodenfly123/ros2_ws/install/lidar_reg/share/lidar_reg/package.zsh'
[1.477s] Level 1:colcon.colcon_core.environment:create_file_with_runtime_dependencies(/home/kodenfly123/ros2_ws/install/lidar_reg/share/colcon-core/packages/lidar_reg)
[1.478s] DEBUG:colcon.colcon_parallel_executor.executor.parallel:closing loop
[1.478s] DEBUG:colcon.colcon_parallel_executor.executor.parallel:loop closed
[1.478s] DEBUG:colcon.colcon_parallel_executor.executor.parallel:run_until_complete finished with '0'
[1.478s] DEBUG:colcon.colcon_core.event_reactor:joining thread
[1.483s] INFO:colcon.colcon_core.plugin_system:Skipping extension 'colcon_notification.desktop_notification.terminal_notifier': Not used on non-Darwin systems
[1.483s] INFO:colcon.colcon_core.plugin_system:Skipping extension 'colcon_notification.desktop_notification.win32': Not used on non-Windows systems
[1.483s] INFO:colcon.colcon_notification.desktop_notification:Sending desktop notification using 'notify2'
[1.502s] DEBUG:colcon.colcon_core.event_reactor:joined thread
[1.503s] INFO:colcon.colcon_core.shell:Creating prefix script '/home/kodenfly123/ros2_ws/install/local_setup.ps1'
[1.504s] INFO:colcon.colcon_core.shell:Creating prefix util module '/home/kodenfly123/ros2_ws/install/_local_setup_util_ps1.py'
[1.505s] INFO:colcon.colcon_core.shell:Creating prefix chain script '/home/kodenfly123/ros2_ws/install/setup.ps1'
[1.506s] INFO:colcon.colcon_core.shell:Creating prefix script '/home/kodenfly123/ros2_ws/install/local_setup.sh'
[1.507s] INFO:colcon.colcon_core.shell:Creating prefix util module '/home/kodenfly123/ros2_ws/install/_local_setup_util_sh.py'
[1.507s] INFO:colcon.colcon_core.shell:Creating prefix chain script '/home/kodenfly123/ros2_ws/install/setup.sh'
[1.509s] INFO:colcon.colcon_core.shell:Creating prefix script '/home/kodenfly123/ros2_ws/install/local_setup.bash'
[1.509s] INFO:colcon.colcon_core.shell:Creating prefix chain script '/home/kodenfly123/ros2_ws/install/setup.bash'
[1.511s] INFO:colcon.colcon_core.shell:Creating prefix script '/home/kodenfly123/ros2_ws/install/local_setup.zsh'
[1.511s] INFO:colcon.colcon_core.shell:Creating prefix chain script '/home/kodenfly123/ros2_ws/install/setup.zsh'
