[0.754s] Invoking command in '/home/kodenfly123/ros2_ws/src/py_coordinate': PYTHONPATH=/home/kodenfly123/ros2_ws/build/py_coordinate/prefix_override:/home/kodenfly123/ros2_ws/install/py_coordinate/lib/python3.10/site-packages:${PYTHONPATH} /usr/bin/python3 -W ignore:setup.py install is deprecated setup.py egg_info --egg-base ../../build/py_coordinate build --build-base /home/kodenfly123/ros2_ws/build/py_coordinate/build install --record /home/kodenfly123/ros2_ws/build/py_coordinate/install.log --single-version-externally-managed install_data
[0.958s] running egg_info
[0.959s] writing ../../build/py_coordinate/py_coordinate.egg-info/PKG-INFO
[0.959s] writing dependency_links to ../../build/py_coordinate/py_coordinate.egg-info/dependency_links.txt
[0.959s] writing entry points to ../../build/py_coordinate/py_coordinate.egg-info/entry_points.txt
[0.960s] writing requirements to ../../build/py_coordinate/py_coordinate.egg-info/requires.txt
[0.960s] writing top-level names to ../../build/py_coordinate/py_coordinate.egg-info/top_level.txt
[0.961s] reading manifest file '../../build/py_coordinate/py_coordinate.egg-info/SOURCES.txt'
[0.962s] adding license file 'LICENSE'
[0.962s] writing manifest file '../../build/py_coordinate/py_coordinate.egg-info/SOURCES.txt'
[0.963s] running build
[0.963s] running build_py
[0.963s] copying py_coordinate/2D_pub.py -> /home/kodenfly123/ros2_ws/build/py_coordinate/build/lib/py_coordinate
[0.963s] running install
[0.964s] running install_lib
[0.964s] copying /home/kodenfly123/ros2_ws/build/py_coordinate/build/lib/py_coordinate/2D_pub.py -> /home/kodenfly123/ros2_ws/install/py_coordinate/lib/python3.10/site-packages/py_coordinate
[0.965s] byte-compiling /home/kodenfly123/ros2_ws/install/py_coordinate/lib/python3.10/site-packages/py_coordinate/2D_pub.py to 2D_pub.cpython-310.pyc
[0.965s] running install_data
[0.965s] running install_egg_info
[0.968s] removing '/home/kodenfly123/ros2_ws/install/py_coordinate/lib/python3.10/site-packages/py_coordinate-0.0.0-py3.10.egg-info' (and everything under it)
[0.968s] Copying ../../build/py_coordinate/py_coordinate.egg-info to /home/kodenfly123/ros2_ws/install/py_coordinate/lib/python3.10/site-packages/py_coordinate-0.0.0-py3.10.egg-info
[0.969s] running install_scripts
[0.986s] Installing publisher script to /home/kodenfly123/ros2_ws/install/py_coordinate/lib/py_coordinate
[0.987s] writing list of installed files to '/home/kodenfly123/ros2_ws/build/py_coordinate/install.log'
[1.014s] Invoked command in '/home/kodenfly123/ros2_ws/src/py_coordinate' returned '0': PYTHONPATH=/home/kodenfly123/ros2_ws/build/py_coordinate/prefix_override:/home/kodenfly123/ros2_ws/install/py_coordinate/lib/python3.10/site-packages:${PYTHONPATH} /usr/bin/python3 -W ignore:setup.py install is deprecated setup.py egg_info --egg-base ../../build/py_coordinate build --build-base /home/kodenfly123/ros2_ws/build/py_coordinate/build install --record /home/kodenfly123/ros2_ws/build/py_coordinate/install.log --single-version-externally-managed install_data
