[1.324s] Invoking command in '/home/kodenfly123/ros2_ws/src/Follow_me_algorithm-main/regulation_vel': PYTHONPATH=/home/kodenfly123/ros2_ws/src/Follow_me_algorithm-main/build/regulation_vel/prefix_override:/home/kodenfly123/ros2_ws/src/Follow_me_algorithm-main/install/regulation_vel/lib/python3.10/site-packages:${PYTHONPATH} /usr/bin/python3 -W ignore:setup.py install is deprecated setup.py egg_info --egg-base ../build/regulation_vel build --build-base /home/kodenfly123/ros2_ws/src/Follow_me_algorithm-main/build/regulation_vel/build install --record /home/kodenfly123/ros2_ws/src/Follow_me_algorithm-main/build/regulation_vel/install.log --install-scripts $base/lib/regulation_vel --single-version-externally-managed install_data
[1.581s] /usr/lib/python3/dist-packages/setuptools/dist.py:723: UserWarning: Usage of dash-separated 'script-dir' will not be supported in future versions. Please use the underscore name 'script_dir' instead
[1.581s]   warnings.warn(
[1.592s] running egg_info
[1.593s] writing ../build/regulation_vel/regulation_vel.egg-info/PKG-INFO
[1.594s] writing dependency_links to ../build/regulation_vel/regulation_vel.egg-info/dependency_links.txt
[1.594s] writing entry points to ../build/regulation_vel/regulation_vel.egg-info/entry_points.txt
[1.594s] writing requirements to ../build/regulation_vel/regulation_vel.egg-info/requires.txt
[1.594s] writing top-level names to ../build/regulation_vel/regulation_vel.egg-info/top_level.txt
[1.596s] reading manifest file '../build/regulation_vel/regulation_vel.egg-info/SOURCES.txt'
[1.597s] writing manifest file '../build/regulation_vel/regulation_vel.egg-info/SOURCES.txt'
[1.597s] running build
[1.597s] running build_py
[1.598s] running install
[1.598s] running install_lib
[1.599s] running install_data
[1.599s] running install_egg_info
[1.602s] removing '/home/kodenfly123/ros2_ws/src/Follow_me_algorithm-main/install/regulation_vel/lib/python3.10/site-packages/regulation_vel-0.0.0-py3.10.egg-info' (and everything under it)
[1.603s] Copying ../build/regulation_vel/regulation_vel.egg-info to /home/kodenfly123/ros2_ws/src/Follow_me_algorithm-main/install/regulation_vel/lib/python3.10/site-packages/regulation_vel-0.0.0-py3.10.egg-info
[1.604s] running install_scripts
[1.627s] Installing reg_vel script to /home/kodenfly123/ros2_ws/src/Follow_me_algorithm-main/install/regulation_vel/lib/regulation_vel
[1.628s] writing list of installed files to '/home/kodenfly123/ros2_ws/src/Follow_me_algorithm-main/build/regulation_vel/install.log'
[1.682s] Invoked command in '/home/kodenfly123/ros2_ws/src/Follow_me_algorithm-main/regulation_vel' returned '0': PYTHONPATH=/home/kodenfly123/ros2_ws/src/Follow_me_algorithm-main/build/regulation_vel/prefix_override:/home/kodenfly123/ros2_ws/src/Follow_me_algorithm-main/install/regulation_vel/lib/python3.10/site-packages:${PYTHONPATH} /usr/bin/python3 -W ignore:setup.py install is deprecated setup.py egg_info --egg-base ../build/regulation_vel build --build-base /home/kodenfly123/ros2_ws/src/Follow_me_algorithm-main/build/regulation_vel/build install --record /home/kodenfly123/ros2_ws/src/Follow_me_algorithm-main/build/regulation_vel/install.log --install-scripts $base/lib/regulation_vel --single-version-externally-managed install_data
