[0.733s] Invoking command in '/home/kodenfly123/ros2_ws/src/py_coordinate': PYTHONPATH=/home/kodenfly123/ros2_ws/build/py_coordinate/prefix_override:/home/kodenfly123/ros2_ws/install/py_coordinate/lib/python3.10/site-packages:${PYTHONPATH} /usr/bin/python3 -W ignore:setup.py install is deprecated setup.py egg_info --egg-base ../../build/py_coordinate build --build-base /home/kodenfly123/ros2_ws/build/py_coordinate/build install --record /home/kodenfly123/ros2_ws/build/py_coordinate/install.log --single-version-externally-managed install_data
[0.937s] running egg_info
[0.938s] writing ../../build/py_coordinate/py_coordinate.egg-info/PKG-INFO
[0.938s] writing dependency_links to ../../build/py_coordinate/py_coordinate.egg-info/dependency_links.txt
[0.938s] writing entry points to ../../build/py_coordinate/py_coordinate.egg-info/entry_points.txt
[0.938s] writing requirements to ../../build/py_coordinate/py_coordinate.egg-info/requires.txt
[0.938s] writing top-level names to ../../build/py_coordinate/py_coordinate.egg-info/top_level.txt
[0.940s] reading manifest file '../../build/py_coordinate/py_coordinate.egg-info/SOURCES.txt'
[0.940s] adding license file 'LICENSE'
[0.940s] writing manifest file '../../build/py_coordinate/py_coordinate.egg-info/SOURCES.txt'
[0.941s] running build
[0.941s] running build_py
[0.941s] copying py_coordinate/2D_pub.py -> /home/kodenfly123/ros2_ws/build/py_coordinate/build/lib/py_coordinate
[0.941s] running install
[0.941s] running install_lib
[0.942s] copying /home/kodenfly123/ros2_ws/build/py_coordinate/build/lib/py_coordinate/2D_pub.py -> /home/kodenfly123/ros2_ws/install/py_coordinate/lib/python3.10/site-packages/py_coordinate
[0.943s] byte-compiling /home/kodenfly123/ros2_ws/install/py_coordinate/lib/python3.10/site-packages/py_coordinate/2D_pub.py to 2D_pub.cpython-310.pyc
[0.943s] running install_data
[0.943s] running install_egg_info
[0.946s] removing '/home/kodenfly123/ros2_ws/install/py_coordinate/lib/python3.10/site-packages/py_coordinate-0.0.0-py3.10.egg-info' (and everything under it)
[0.946s] Copying ../../build/py_coordinate/py_coordinate.egg-info to /home/kodenfly123/ros2_ws/install/py_coordinate/lib/python3.10/site-packages/py_coordinate-0.0.0-py3.10.egg-info
[0.947s] running install_scripts
[0.964s] Installing publisher script to /home/kodenfly123/ros2_ws/install/py_coordinate/lib/py_coordinate
[0.964s] writing list of installed files to '/home/kodenfly123/ros2_ws/build/py_coordinate/install.log'
[0.993s] Invoked command in '/home/kodenfly123/ros2_ws/src/py_coordinate' returned '0': PYTHONPATH=/home/kodenfly123/ros2_ws/build/py_coordinate/prefix_override:/home/kodenfly123/ros2_ws/install/py_coordinate/lib/python3.10/site-packages:${PYTHONPATH} /usr/bin/python3 -W ignore:setup.py install is deprecated setup.py egg_info --egg-base ../../build/py_coordinate build --build-base /home/kodenfly123/ros2_ws/build/py_coordinate/build install --record /home/kodenfly123/ros2_ws/build/py_coordinate/install.log --single-version-externally-managed install_data
