[1.335s] Invoking command in '/home/kodenfly123/ros2_ws/src/Follow_me_algorithm-main/lidar_reg': PYTHONPATH=/home/kodenfly123/ros2_ws/src/Follow_me_algorithm-main/build/lidar_reg/prefix_override:/home/kodenfly123/ros2_ws/src/Follow_me_algorithm-main/install/lidar_reg/lib/python3.10/site-packages:${PYTHONPATH} /usr/bin/python3 -W ignore:setup.py install is deprecated setup.py egg_info --egg-base ../build/lidar_reg build --build-base /home/kodenfly123/ros2_ws/src/Follow_me_algorithm-main/build/lidar_reg/build install --record /home/kodenfly123/ros2_ws/src/Follow_me_algorithm-main/build/lidar_reg/install.log --single-version-externally-managed install_data
[1.610s] running egg_info
[1.611s] writing ../build/lidar_reg/lidar_reg.egg-info/PKG-INFO
[1.611s] writing dependency_links to ../build/lidar_reg/lidar_reg.egg-info/dependency_links.txt
[1.611s] writing entry points to ../build/lidar_reg/lidar_reg.egg-info/entry_points.txt
[1.612s] writing requirements to ../build/lidar_reg/lidar_reg.egg-info/requires.txt
[1.612s] writing top-level names to ../build/lidar_reg/lidar_reg.egg-info/top_level.txt
[1.614s] reading manifest file '../build/lidar_reg/lidar_reg.egg-info/SOURCES.txt'
[1.616s] writing manifest file '../build/lidar_reg/lidar_reg.egg-info/SOURCES.txt'
[1.616s] running build
[1.616s] running build_py
[1.616s] copying lidar_reg/lidar_reg_for_linear_test.py -> /home/kodenfly123/ros2_ws/src/Follow_me_algorithm-main/build/lidar_reg/build/lib/lidar_reg
[1.618s] running install
[1.618s] running install_lib
[1.619s] copying /home/kodenfly123/ros2_ws/src/Follow_me_algorithm-main/build/lidar_reg/build/lib/lidar_reg/lidar_reg_for_linear_test.py -> /home/kodenfly123/ros2_ws/src/Follow_me_algorithm-main/install/lidar_reg/lib/python3.10/site-packages/lidar_reg
[1.620s] byte-compiling /home/kodenfly123/ros2_ws/src/Follow_me_algorithm-main/install/lidar_reg/lib/python3.10/site-packages/lidar_reg/lidar_reg_for_linear_test.py to lidar_reg_for_linear_test.cpython-310.pyc
[1.623s] running install_data
[1.623s] running install_egg_info
[1.625s] removing '/home/kodenfly123/ros2_ws/src/Follow_me_algorithm-main/install/lidar_reg/lib/python3.10/site-packages/lidar_reg-0.0.0-py3.10.egg-info' (and everything under it)
[1.625s] Copying ../build/lidar_reg/lidar_reg.egg-info to /home/kodenfly123/ros2_ws/src/Follow_me_algorithm-main/install/lidar_reg/lib/python3.10/site-packages/lidar_reg-0.0.0-py3.10.egg-info
[1.626s] running install_scripts
[1.649s] Installing lidar_reg script to /home/kodenfly123/ros2_ws/src/Follow_me_algorithm-main/install/lidar_reg/lib/lidar_reg
[1.649s] Installing test script to /home/kodenfly123/ros2_ws/src/Follow_me_algorithm-main/install/lidar_reg/lib/lidar_reg
[1.650s] writing list of installed files to '/home/kodenfly123/ros2_ws/src/Follow_me_algorithm-main/build/lidar_reg/install.log'
[1.716s] Invoked command in '/home/kodenfly123/ros2_ws/src/Follow_me_algorithm-main/lidar_reg' returned '0': PYTHONPATH=/home/kodenfly123/ros2_ws/src/Follow_me_algorithm-main/build/lidar_reg/prefix_override:/home/kodenfly123/ros2_ws/src/Follow_me_algorithm-main/install/lidar_reg/lib/python3.10/site-packages:${PYTHONPATH} /usr/bin/python3 -W ignore:setup.py install is deprecated setup.py egg_info --egg-base ../build/lidar_reg build --build-base /home/kodenfly123/ros2_ws/src/Follow_me_algorithm-main/build/lidar_reg/build install --record /home/kodenfly123/ros2_ws/src/Follow_me_algorithm-main/build/lidar_reg/install.log --single-version-externally-managed install_data
