[1.929s] Invoking command in '/home/kodenfly123/ros2_ws/src/Follow_me_algorithm-main/regulation_ang': PYTHONPATH=/home/kodenfly123/ros2_ws/build/regulation_ang/prefix_override:/home/kodenfly123/ros2_ws/install/regulation_ang/lib/python3.10/site-packages:${PYTHONPATH} /usr/bin/python3 -W ignore:setup.py install is deprecated setup.py egg_info --egg-base ../../../build/regulation_ang build --build-base /home/kodenfly123/ros2_ws/build/regulation_ang/build install --record /home/kodenfly123/ros2_ws/build/regulation_ang/install.log --install-scripts $base/lib/regulation_ang --single-version-externally-managed install_data
[2.267s] /usr/lib/python3/dist-packages/setuptools/dist.py:723: UserWarning: Usage of dash-separated 'script-dir' will not be supported in future versions. Please use the underscore name 'script_dir' instead
[2.267s]   warnings.warn(
[2.276s] running egg_info
[2.277s] writing ../../../build/regulation_ang/regulation_ang.egg-info/PKG-INFO
[2.277s] writing dependency_links to ../../../build/regulation_ang/regulation_ang.egg-info/dependency_links.txt
[2.278s] writing entry points to ../../../build/regulation_ang/regulation_ang.egg-info/entry_points.txt
[2.278s] writing requirements to ../../../build/regulation_ang/regulation_ang.egg-info/requires.txt
[2.278s] writing top-level names to ../../../build/regulation_ang/regulation_ang.egg-info/top_level.txt
[2.280s] reading manifest file '../../../build/regulation_ang/regulation_ang.egg-info/SOURCES.txt'
[2.281s] writing manifest file '../../../build/regulation_ang/regulation_ang.egg-info/SOURCES.txt'
[2.281s] running build
[2.281s] running build_py
[2.281s] running install
[2.281s] running install_lib
[2.283s] running install_data
[2.283s] running install_egg_info
[2.284s] removing '/home/kodenfly123/ros2_ws/install/regulation_ang/lib/python3.10/site-packages/regulation_ang-0.0.0-py3.10.egg-info' (and everything under it)
[2.285s] Copying ../../../build/regulation_ang/regulation_ang.egg-info to /home/kodenfly123/ros2_ws/install/regulation_ang/lib/python3.10/site-packages/regulation_ang-0.0.0-py3.10.egg-info
[2.286s] running install_scripts
[2.307s] Installing regulation_ang script to /home/kodenfly123/ros2_ws/install/regulation_ang/lib/regulation_ang
[2.307s] writing list of installed files to '/home/kodenfly123/ros2_ws/build/regulation_ang/install.log'
[2.338s] Invoked command in '/home/kodenfly123/ros2_ws/src/Follow_me_algorithm-main/regulation_ang' returned '0': PYTHONPATH=/home/kodenfly123/ros2_ws/build/regulation_ang/prefix_override:/home/kodenfly123/ros2_ws/install/regulation_ang/lib/python3.10/site-packages:${PYTHONPATH} /usr/bin/python3 -W ignore:setup.py install is deprecated setup.py egg_info --egg-base ../../../build/regulation_ang build --build-base /home/kodenfly123/ros2_ws/build/regulation_ang/build install --record /home/kodenfly123/ros2_ws/build/regulation_ang/install.log --install-scripts $base/lib/regulation_ang --single-version-externally-managed install_data
