[0.272s] Invoking command in '/home/kodenfly123/ros2_ws/build/lab1': /usr/bin/cmake /home/kodenfly123/ros2_ws/src/ROS-master/Evader Pursuer -DCATKIN_INSTALL_INTO_PREFIX_ROOT=0 -DCMAKE_INSTALL_PREFIX=/home/kodenfly123/ros2_ws/install/lab1
[0.681s] -- The C compiler identification is GNU 11.4.0
[0.681s] -- The CXX compiler identification is GNU 11.4.0
[0.681s] -- Detecting C compiler ABI info
[0.681s] -- Detecting C compiler ABI info - done
[0.681s] -- Check for working C compiler: /usr/bin/cc - skipped
[0.681s] -- Detecting C compile features
[0.681s] -- Detecting C compile features - done
[0.682s] -- Detecting CXX compiler ABI info
[0.682s] -- Detecting CXX compiler ABI info - done
[0.682s] -- Check for working CXX compiler: /usr/bin/c++ - skipped
[0.682s] -- Detecting CXX compile features
[0.682s] -- Detecting CXX compile features - done
[0.682s] -- Configuring incomplete, errors occurred!
[0.682s] See also "/home/kodenfly123/ros2_ws/build/lab1/CMakeFiles/CMakeOutput.log".
[0.682s] [31mCMake Error at CMakeLists.txt:10 (find_package):
[0.682s]   By not providing "Findcatkin.cmake" in CMAKE_MODULE_PATH this project has
[0.682s]   asked CMake to find a package configuration file provided by "catkin", but
[0.682s]   CMake did not find one.
[0.682s] 
[0.682s]   Could not find a package configuration file provided by "catkin" with any
[0.682s]   of the following names:
[0.682s] 
[0.682s]     catkinConfig.cmake
[0.682s]     catkin-config.cmake
[0.683s] 
[0.683s]   Add the installation prefix of "catkin" to CMAKE_PREFIX_PATH or set
[0.683s]   "catkin_DIR" to a directory containing one of the above files.  If "catkin"
[0.683s]   provides a separate development package or SDK, be sure it has been
[0.683s]   installed.
[0.683s] 
[0.683s] [0m
[0.699s] Invoked command in '/home/kodenfly123/ros2_ws/build/lab1' returned '1': /usr/bin/cmake /home/kodenfly123/ros2_ws/src/ROS-master/Evader Pursuer -DCATKIN_INSTALL_INTO_PREFIX_ROOT=0 -DCMAKE_INSTALL_PREFIX=/home/kodenfly123/ros2_ws/install/lab1
