[1.890s] Invoking command in '/home/kodenfly123/ros2_ws/src/Follow_me_algorithm-main/regulation_ang': PYTHONPATH=/home/kodenfly123/ros2_ws/src/Follow_me_algorithm-main/build/regulation_ang/prefix_override:/home/kodenfly123/ros2_ws/src/Follow_me_algorithm-main/install/regulation_ang/lib/python3.10/site-packages:${PYTHONPATH} /usr/bin/python3 -W ignore:setup.py install is deprecated setup.py egg_info --egg-base ../build/regulation_ang build --build-base /home/kodenfly123/ros2_ws/src/Follow_me_algorithm-main/build/regulation_ang/build install --record /home/kodenfly123/ros2_ws/src/Follow_me_algorithm-main/build/regulation_ang/install.log --install-scripts $base/lib/regulation_ang --single-version-externally-managed install_data
[2.291s] /usr/lib/python3/dist-packages/setuptools/dist.py:723: UserWarning: Usage of dash-separated 'script-dir' will not be supported in future versions. Please use the underscore name 'script_dir' instead
[2.291s]   warnings.warn(
[2.307s] running egg_info
[2.310s] writing ../build/regulation_ang/regulation_ang.egg-info/PKG-INFO
[2.311s] writing dependency_links to ../build/regulation_ang/regulation_ang.egg-info/dependency_links.txt
[2.312s] writing entry points to ../build/regulation_ang/regulation_ang.egg-info/entry_points.txt
[2.313s] writing requirements to ../build/regulation_ang/regulation_ang.egg-info/requires.txt
[2.314s] writing top-level names to ../build/regulation_ang/regulation_ang.egg-info/top_level.txt
[2.315s] reading manifest file '../build/regulation_ang/regulation_ang.egg-info/SOURCES.txt'
[2.317s] writing manifest file '../build/regulation_ang/regulation_ang.egg-info/SOURCES.txt'
[2.317s] running build
[2.318s] running build_py
[2.320s] running install
[2.321s] running install_lib
[2.325s] running install_data
[2.327s] running install_egg_info
[2.330s] removing '/home/kodenfly123/ros2_ws/src/Follow_me_algorithm-main/install/regulation_ang/lib/python3.10/site-packages/regulation_ang-0.0.0-py3.10.egg-info' (and everything under it)
[2.332s] Copying ../build/regulation_ang/regulation_ang.egg-info to /home/kodenfly123/ros2_ws/src/Follow_me_algorithm-main/install/regulation_ang/lib/python3.10/site-packages/regulation_ang-0.0.0-py3.10.egg-info
[2.336s] running install_scripts
[2.382s] Installing regulation_ang script to /home/kodenfly123/ros2_ws/src/Follow_me_algorithm-main/install/regulation_ang/lib/regulation_ang
[2.386s] writing list of installed files to '/home/kodenfly123/ros2_ws/src/Follow_me_algorithm-main/build/regulation_ang/install.log'
[2.447s] Invoked command in '/home/kodenfly123/ros2_ws/src/Follow_me_algorithm-main/regulation_ang' returned '0': PYTHONPATH=/home/kodenfly123/ros2_ws/src/Follow_me_algorithm-main/build/regulation_ang/prefix_override:/home/kodenfly123/ros2_ws/src/Follow_me_algorithm-main/install/regulation_ang/lib/python3.10/site-packages:${PYTHONPATH} /usr/bin/python3 -W ignore:setup.py install is deprecated setup.py egg_info --egg-base ../build/regulation_ang build --build-base /home/kodenfly123/ros2_ws/src/Follow_me_algorithm-main/build/regulation_ang/build install --record /home/kodenfly123/ros2_ws/src/Follow_me_algorithm-main/build/regulation_ang/install.log --install-scripts $base/lib/regulation_ang --single-version-externally-managed install_data
