[2.547s] Invoking command in '/home/kodenfly123/ros2_ws/src/Follow_me_algorithm-main/shin_detector': PYTHONPATH=/home/kodenfly123/ros2_ws/build/shin_detector/prefix_override:/home/kodenfly123/ros2_ws/install/shin_detector/lib/python3.10/site-packages:${PYTHONPATH} /usr/bin/python3 -W ignore:setup.py install is deprecated setup.py egg_info --egg-base ../../../build/shin_detector build --build-base /home/kodenfly123/ros2_ws/build/shin_detector/build install --record /home/kodenfly123/ros2_ws/build/shin_detector/install.log --install-scripts $base/lib/shin_detector --single-version-externally-managed install_data
[3.107s] /usr/lib/python3/dist-packages/setuptools/dist.py:723: UserWarning: Usage of dash-separated 'script-dir' will not be supported in future versions. Please use the underscore name 'script_dir' instead
[3.107s]   warnings.warn(
[3.127s] running egg_info
[3.130s] creating ../../../build/shin_detector/shin_detector.egg-info
[3.131s] writing ../../../build/shin_detector/shin_detector.egg-info/PKG-INFO
[3.132s] writing dependency_links to ../../../build/shin_detector/shin_detector.egg-info/dependency_links.txt
[3.133s] writing entry points to ../../../build/shin_detector/shin_detector.egg-info/entry_points.txt
[3.134s] writing requirements to ../../../build/shin_detector/shin_detector.egg-info/requires.txt
[3.135s] writing top-level names to ../../../build/shin_detector/shin_detector.egg-info/top_level.txt
[3.135s] writing manifest file '../../../build/shin_detector/shin_detector.egg-info/SOURCES.txt'
[3.147s] reading manifest file '../../../build/shin_detector/shin_detector.egg-info/SOURCES.txt'
[3.150s] writing manifest file '../../../build/shin_detector/shin_detector.egg-info/SOURCES.txt'
[3.151s] running build
[3.151s] running build_py
[3.151s] creating /home/kodenfly123/ros2_ws/build/shin_detector/build
[3.151s] creating /home/kodenfly123/ros2_ws/build/shin_detector/build/lib
[3.152s] creating /home/kodenfly123/ros2_ws/build/shin_detector/build/lib/shin_detector
[3.152s] copying shin_detector/calf_detector_clustering_map.py -> /home/kodenfly123/ros2_ws/build/shin_detector/build/lib/shin_detector
[3.152s] copying shin_detector/calf_detector_detection_test.py -> /home/kodenfly123/ros2_ws/build/shin_detector/build/lib/shin_detector
[3.152s] copying shin_detector/calf_detector_Positive_Feature_extractor50.py -> /home/kodenfly123/ros2_ws/build/shin_detector/build/lib/shin_detector
[3.152s] copying shin_detector/__init__.py -> /home/kodenfly123/ros2_ws/build/shin_detector/build/lib/shin_detector
[3.153s] copying shin_detector/calf_detector_Negative_Feature_extractor360.py -> /home/kodenfly123/ros2_ws/build/shin_detector/build/lib/shin_detector
[3.153s] copying shin_detector/calf_detector_final.py -> /home/kodenfly123/ros2_ws/build/shin_detector/build/lib/shin_detector
[3.159s] running install
[3.160s] running install_lib
[3.161s] creating /home/kodenfly123/ros2_ws/install/shin_detector/lib/python3.10/site-packages/shin_detector
[3.161s] copying /home/kodenfly123/ros2_ws/build/shin_detector/build/lib/shin_detector/calf_detector_clustering_map.py -> /home/kodenfly123/ros2_ws/install/shin_detector/lib/python3.10/site-packages/shin_detector
[3.161s] copying /home/kodenfly123/ros2_ws/build/shin_detector/build/lib/shin_detector/calf_detector_detection_test.py -> /home/kodenfly123/ros2_ws/install/shin_detector/lib/python3.10/site-packages/shin_detector
[3.162s] copying /home/kodenfly123/ros2_ws/build/shin_detector/build/lib/shin_detector/calf_detector_Positive_Feature_extractor50.py -> /home/kodenfly123/ros2_ws/install/shin_detector/lib/python3.10/site-packages/shin_detector
[3.162s] copying /home/kodenfly123/ros2_ws/build/shin_detector/build/lib/shin_detector/__init__.py -> /home/kodenfly123/ros2_ws/install/shin_detector/lib/python3.10/site-packages/shin_detector
[3.162s] copying /home/kodenfly123/ros2_ws/build/shin_detector/build/lib/shin_detector/calf_detector_Negative_Feature_extractor360.py -> /home/kodenfly123/ros2_ws/install/shin_detector/lib/python3.10/site-packages/shin_detector
[3.162s] copying /home/kodenfly123/ros2_ws/build/shin_detector/build/lib/shin_detector/calf_detector_final.py -> /home/kodenfly123/ros2_ws/install/shin_detector/lib/python3.10/site-packages/shin_detector
[3.163s] byte-compiling /home/kodenfly123/ros2_ws/install/shin_detector/lib/python3.10/site-packages/shin_detector/calf_detector_clustering_map.py to calf_detector_clustering_map.cpython-310.pyc
[3.165s] byte-compiling /home/kodenfly123/ros2_ws/install/shin_detector/lib/python3.10/site-packages/shin_detector/calf_detector_detection_test.py to calf_detector_detection_test.cpython-310.pyc
[3.173s] byte-compiling /home/kodenfly123/ros2_ws/install/shin_detector/lib/python3.10/site-packages/shin_detector/calf_detector_Positive_Feature_extractor50.py to calf_detector_Positive_Feature_extractor50.cpython-310.pyc
[3.173s] byte-compiling /home/kodenfly123/ros2_ws/install/shin_detector/lib/python3.10/site-packages/shin_detector/__init__.py to __init__.cpython-310.pyc
[3.173s] byte-compiling /home/kodenfly123/ros2_ws/install/shin_detector/lib/python3.10/site-packages/shin_detector/calf_detector_Negative_Feature_extractor360.py to calf_detector_Negative_Feature_extractor360.cpython-310.pyc
[3.191s] byte-compiling /home/kodenfly123/ros2_ws/install/shin_detector/lib/python3.10/site-packages/shin_detector/calf_detector_final.py to calf_detector_final.cpython-310.pyc
[3.194s] running install_data
[3.194s] creating /home/kodenfly123/ros2_ws/install/shin_detector/share/ament_index
[3.194s] creating /home/kodenfly123/ros2_ws/install/shin_detector/share/ament_index/resource_index
[3.195s] creating /home/kodenfly123/ros2_ws/install/shin_detector/share/ament_index/resource_index/packages
[3.195s] copying resource/shin_detector -> /home/kodenfly123/ros2_ws/install/shin_detector/share/ament_index/resource_index/packages
[3.195s] copying package.xml -> /home/kodenfly123/ros2_ws/install/shin_detector/share/shin_detector
[3.195s] running install_egg_info
[3.198s] Copying ../../../build/shin_detector/shin_detector.egg-info to /home/kodenfly123/ros2_ws/install/shin_detector/lib/python3.10/site-packages/shin_detector-0.0.0-py3.10.egg-info
[3.199s] running install_scripts
[3.243s] Installing talker script to /home/kodenfly123/ros2_ws/install/shin_detector/lib/shin_detector
[3.244s] writing list of installed files to '/home/kodenfly123/ros2_ws/build/shin_detector/install.log'
[3.314s] Invoked command in '/home/kodenfly123/ros2_ws/src/Follow_me_algorithm-main/shin_detector' returned '0': PYTHONPATH=/home/kodenfly123/ros2_ws/build/shin_detector/prefix_override:/home/kodenfly123/ros2_ws/install/shin_detector/lib/python3.10/site-packages:${PYTHONPATH} /usr/bin/python3 -W ignore:setup.py install is deprecated setup.py egg_info --egg-base ../../../build/shin_detector build --build-base /home/kodenfly123/ros2_ws/build/shin_detector/build install --record /home/kodenfly123/ros2_ws/build/shin_detector/install.log --install-scripts $base/lib/shin_detector --single-version-externally-managed install_data
