[0.328s] Invoking command in '/home/kodenfly123/ros2_ws/build/lab2': /usr/bin/cmake /home/kodenfly123/ros2_ws/src/ROS-master/BUG2 Path Planning -DCATKIN_INSTALL_INTO_PREFIX_ROOT=0 -DCMAKE_INSTALL_PREFIX=/home/kodenfly123/ros2_ws/install/lab2
[0.650s] -- Configuring incomplete, errors occurred!
[0.650s] See also "/home/kodenfly123/ros2_ws/build/lab2/CMakeFiles/CMakeOutput.log".
[0.650s] [31mCMake Error at CMakeLists.txt:10 (find_package):
[0.651s]   By not providing "Findcatkin.cmake" in CMAKE_MODULE_PATH this project has
[0.651s]   asked CMake to find a package configuration file provided by "catkin", but
[0.651s]   CMake did not find one.
[0.651s] 
[0.651s]   Could not find a package configuration file provided by "catkin" with any
[0.651s]   of the following names:
[0.651s] 
[0.651s]     catkinConfig.cmake
[0.651s]     catkin-config.cmake
[0.651s] 
[0.651s]   Add the installation prefix of "catkin" to CMAKE_PREFIX_PATH or set
[0.651s]   "catkin_DIR" to a directory containing one of the above files.  If "catkin"
[0.651s]   provides a separate development package or SDK, be sure it has been
[0.651s]   installed.
[0.651s] 
[0.651s] [0m
[0.654s] Invoked command in '/home/kodenfly123/ros2_ws/build/lab2' returned '1': /usr/bin/cmake /home/kodenfly123/ros2_ws/src/ROS-master/BUG2 Path Planning -DCATKIN_INSTALL_INTO_PREFIX_ROOT=0 -DCMAKE_INSTALL_PREFIX=/home/kodenfly123/ros2_ws/install/lab2
