[0.737s] Invoking command in '/home/kodenfly123/ros2_ws/src/py_coordinate': PYTHONPATH=/home/kodenfly123/ros2_ws/build/py_coordinate/prefix_override:/home/kodenfly123/ros2_ws/install/py_coordinate/lib/python3.10/site-packages:${PYTHONPATH} /usr/bin/python3 -W ignore:setup.py install is deprecated setup.py egg_info --egg-base ../../build/py_coordinate build --build-base /home/kodenfly123/ros2_ws/build/py_coordinate/build install --record /home/kodenfly123/ros2_ws/build/py_coordinate/install.log --single-version-externally-managed install_data
[0.941s] running egg_info
[0.942s] writing ../../build/py_coordinate/py_coordinate.egg-info/PKG-INFO
[0.942s] writing dependency_links to ../../build/py_coordinate/py_coordinate.egg-info/dependency_links.txt
[0.942s] writing entry points to ../../build/py_coordinate/py_coordinate.egg-info/entry_points.txt
[0.942s] writing requirements to ../../build/py_coordinate/py_coordinate.egg-info/requires.txt
[0.942s] writing top-level names to ../../build/py_coordinate/py_coordinate.egg-info/top_level.txt
[0.944s] reading manifest file '../../build/py_coordinate/py_coordinate.egg-info/SOURCES.txt'
[0.944s] adding license file 'LICENSE'
[0.944s] writing manifest file '../../build/py_coordinate/py_coordinate.egg-info/SOURCES.txt'
[0.945s] running build
[0.945s] running build_py
[0.945s] running install
[0.945s] running install_lib
[0.946s] running install_data
[0.946s] running install_egg_info
[0.949s] removing '/home/kodenfly123/ros2_ws/install/py_coordinate/lib/python3.10/site-packages/py_coordinate-0.0.0-py3.10.egg-info' (and everything under it)
[0.949s] Copying ../../build/py_coordinate/py_coordinate.egg-info to /home/kodenfly123/ros2_ws/install/py_coordinate/lib/python3.10/site-packages/py_coordinate-0.0.0-py3.10.egg-info
[0.950s] running install_scripts
[0.967s] Installing publisher script to /home/kodenfly123/ros2_ws/install/py_coordinate/lib/py_coordinate
[0.967s] writing list of installed files to '/home/kodenfly123/ros2_ws/build/py_coordinate/install.log'
[1.005s] Invoked command in '/home/kodenfly123/ros2_ws/src/py_coordinate' returned '0': PYTHONPATH=/home/kodenfly123/ros2_ws/build/py_coordinate/prefix_override:/home/kodenfly123/ros2_ws/install/py_coordinate/lib/python3.10/site-packages:${PYTHONPATH} /usr/bin/python3 -W ignore:setup.py install is deprecated setup.py egg_info --egg-base ../../build/py_coordinate build --build-base /home/kodenfly123/ros2_ws/build/py_coordinate/build install --record /home/kodenfly123/ros2_ws/build/py_coordinate/install.log --single-version-externally-managed install_data
