running egg_info
creating ../../build/coordinate_package/coordinate_package.egg-info
writing ../../build/coordinate_package/coordinate_package.egg-info/PKG-INFO
writing dependency_links to ../../build/coordinate_package/coordinate_package.egg-info/dependency_links.txt
writing entry points to ../../build/coordinate_package/coordinate_package.egg-info/entry_points.txt
writing requirements to ../../build/coordinate_package/coordinate_package.egg-info/requires.txt
writing top-level names to ../../build/coordinate_package/coordinate_package.egg-info/top_level.txt
writing manifest file '../../build/coordinate_package/coordinate_package.egg-info/SOURCES.txt'
reading manifest file '../../build/coordinate_package/coordinate_package.egg-info/SOURCES.txt'
adding license file 'LICENSE'
writing manifest file '../../build/coordinate_package/coordinate_package.egg-info/SOURCES.txt'
running build
running build_py
creating /home/kodenfly123/ros2_ws/build/coordinate_package/build
creating /home/kodenfly123/ros2_ws/build/coordinate_package/build/lib
creating /home/kodenfly123/ros2_ws/build/coordinate_package/build/lib/coordinate_package
copying coordinate_package/subscriber.py -> /home/kodenfly123/ros2_ws/build/coordinate_package/build/lib/coordinate_package
copying coordinate_package/__init__.py -> /home/kodenfly123/ros2_ws/build/coordinate_package/build/lib/coordinate_package
copying coordinate_package/publisher.py -> /home/kodenfly123/ros2_ws/build/coordinate_package/build/lib/coordinate_package
running install
running install_lib
creating /home/kodenfly123/ros2_ws/install/coordinate_package/lib/python3.10/site-packages/coordinate_package
copying /home/kodenfly123/ros2_ws/build/coordinate_package/build/lib/coordinate_package/subscriber.py -> /home/kodenfly123/ros2_ws/install/coordinate_package/lib/python3.10/site-packages/coordinate_package
copying /home/kodenfly123/ros2_ws/build/coordinate_package/build/lib/coordinate_package/__init__.py -> /home/kodenfly123/ros2_ws/install/coordinate_package/lib/python3.10/site-packages/coordinate_package
copying /home/kodenfly123/ros2_ws/build/coordinate_package/build/lib/coordinate_package/publisher.py -> /home/kodenfly123/ros2_ws/install/coordinate_package/lib/python3.10/site-packages/coordinate_package
byte-compiling /home/kodenfly123/ros2_ws/install/coordinate_package/lib/python3.10/site-packages/coordinate_package/subscriber.py to subscriber.cpython-310.pyc
byte-compiling /home/kodenfly123/ros2_ws/install/coordinate_package/lib/python3.10/site-packages/coordinate_package/__init__.py to __init__.cpython-310.pyc
byte-compiling /home/kodenfly123/ros2_ws/install/coordinate_package/lib/python3.10/site-packages/coordinate_package/publisher.py to publisher.cpython-310.pyc
running install_data
creating /home/kodenfly123/ros2_ws/install/coordinate_package/share/ament_index
creating /home/kodenfly123/ros2_ws/install/coordinate_package/share/ament_index/resource_index
creating /home/kodenfly123/ros2_ws/install/coordinate_package/share/ament_index/resource_index/packages
copying resource/coordinate_package -> /home/kodenfly123/ros2_ws/install/coordinate_package/share/ament_index/resource_index/packages
copying package.xml -> /home/kodenfly123/ros2_ws/install/coordinate_package/share/coordinate_package
running install_egg_info
Copying ../../build/coordinate_package/coordinate_package.egg-info to /home/kodenfly123/ros2_ws/install/coordinate_package/lib/python3.10/site-packages/coordinate_package-0.0.0-py3.10.egg-info
running install_scripts
Installing publisher script to /home/kodenfly123/ros2_ws/install/coordinate_package/lib/coordinate_package
Installing subscriber script to /home/kodenfly123/ros2_ws/install/coordinate_package/lib/coordinate_package
writing list of installed files to '/home/kodenfly123/ros2_ws/build/coordinate_package/install.log'
