[0.270s] Invoking command in '/home/kodenfly123/ros2_ws/build/lab2': /usr/bin/cmake /home/kodenfly123/ros2_ws/src/ROS-master/BUG2 Path Planning -DCATKIN_INSTALL_INTO_PREFIX_ROOT=0 -DCMAKE_INSTALL_PREFIX=/home/kodenfly123/ros2_ws/install/lab2
[0.679s] -- The C compiler identification is GNU 11.4.0
[0.679s] -- The CXX compiler identification is GNU 11.4.0
[0.679s] -- Detecting C compiler ABI info
[0.679s] -- Detecting C compiler ABI info - done
[0.679s] -- Check for working C compiler: /usr/bin/cc - skipped
[0.679s] -- Detecting C compile features
[0.679s] -- Detecting C compile features - done
[0.679s] -- Detecting CXX compiler ABI info
[0.679s] -- Detecting CXX compiler ABI info - done
[0.681s] -- Check for working CXX compiler: /usr/bin/c++ - skipped
[0.681s] -- Detecting CXX compile features
[0.681s] -- Detecting CXX compile features - done
[0.691s] -- Configuring incomplete, errors occurred!
[0.692s] See also "/home/kodenfly123/ros2_ws/build/lab2/CMakeFiles/CMakeOutput.log".
[0.692s] [31mCMake Error at CMakeLists.txt:10 (find_package):
[0.692s]   By not providing "Findcatkin.cmake" in CMAKE_MODULE_PATH this project has
[0.692s]   asked CMake to find a package configuration file provided by "catkin", but
[0.692s]   CMake did not find one.
[0.692s] 
[0.693s]   Could not find a package configuration file provided by "catkin" with any
[0.693s]   of the following names:
[0.693s] 
[0.693s]     catkinConfig.cmake
[0.693s]     catkin-config.cmake
[0.693s] 
[0.693s]   Add the installation prefix of "catkin" to CMAKE_PREFIX_PATH or set
[0.693s]   "catkin_DIR" to a directory containing one of the above files.  If "catkin"
[0.693s]   provides a separate development package or SDK, be sure it has been
[0.694s]   installed.
[0.694s] 
[0.694s] [0m
