[2.596s] Invoking command in '/home/kodenfly123/ros2_ws/src/ros2_learners-main/robot_math': PYTHONPATH=/home/kodenfly123/ros2_ws/build/robot_math/prefix_override:/home/kodenfly123/ros2_ws/install/robot_math/lib/python3.10/site-packages:${PYTHONPATH} /usr/bin/python3 -W ignore:setup.py install is deprecated setup.py egg_info --egg-base ../../../build/robot_math build --build-base /home/kodenfly123/ros2_ws/build/robot_math/build install --record /home/kodenfly123/ros2_ws/build/robot_math/install.log --single-version-externally-managed install_data
[3.151s] running egg_info
[3.152s] creating ../../../build/robot_math/robot_math.egg-info
[3.152s] writing ../../../build/robot_math/robot_math.egg-info/PKG-INFO
[3.153s] writing dependency_links to ../../../build/robot_math/robot_math.egg-info/dependency_links.txt
[3.153s] writing entry points to ../../../build/robot_math/robot_math.egg-info/entry_points.txt
[3.153s] writing requirements to ../../../build/robot_math/robot_math.egg-info/requires.txt
[3.153s] writing top-level names to ../../../build/robot_math/robot_math.egg-info/top_level.txt
[3.154s] writing manifest file '../../../build/robot_math/robot_math.egg-info/SOURCES.txt'
[3.157s] reading manifest file '../../../build/robot_math/robot_math.egg-info/SOURCES.txt'
[3.159s] writing manifest file '../../../build/robot_math/robot_math.egg-info/SOURCES.txt'
[3.159s] running build
[3.159s] running build_py
[3.159s] creating /home/kodenfly123/ros2_ws/build/robot_math/build
[3.159s] creating /home/kodenfly123/ros2_ws/build/robot_math/build/lib
[3.160s] creating /home/kodenfly123/ros2_ws/build/robot_math/build/lib/robot_math
[3.160s] copying robot_math/andular_velocity.py -> /home/kodenfly123/ros2_ws/build/robot_math/build/lib/robot_math
[3.167s] copying robot_math/__init__.py -> /home/kodenfly123/ros2_ws/build/robot_math/build/lib/robot_math
[3.168s] copying robot_math/gtg.py -> /home/kodenfly123/ros2_ws/build/robot_math/build/lib/robot_math
[3.169s] running install
[3.169s] running install_lib
[3.170s] creating /home/kodenfly123/ros2_ws/install/robot_math/lib/python3.10/site-packages/robot_math
[3.170s] copying /home/kodenfly123/ros2_ws/build/robot_math/build/lib/robot_math/andular_velocity.py -> /home/kodenfly123/ros2_ws/install/robot_math/lib/python3.10/site-packages/robot_math
[3.171s] copying /home/kodenfly123/ros2_ws/build/robot_math/build/lib/robot_math/__init__.py -> /home/kodenfly123/ros2_ws/install/robot_math/lib/python3.10/site-packages/robot_math
[3.171s] copying /home/kodenfly123/ros2_ws/build/robot_math/build/lib/robot_math/gtg.py -> /home/kodenfly123/ros2_ws/install/robot_math/lib/python3.10/site-packages/robot_math
[3.172s] byte-compiling /home/kodenfly123/ros2_ws/install/robot_math/lib/python3.10/site-packages/robot_math/andular_velocity.py to andular_velocity.cpython-310.pyc
[3.173s] byte-compiling /home/kodenfly123/ros2_ws/install/robot_math/lib/python3.10/site-packages/robot_math/__init__.py to __init__.cpython-310.pyc
[3.173s] byte-compiling /home/kodenfly123/ros2_ws/install/robot_math/lib/python3.10/site-packages/robot_math/gtg.py to gtg.cpython-310.pyc
[3.192s] running install_data
[3.192s] creating /home/kodenfly123/ros2_ws/install/robot_math/share/ament_index
[3.192s] creating /home/kodenfly123/ros2_ws/install/robot_math/share/ament_index/resource_index
[3.192s] creating /home/kodenfly123/ros2_ws/install/robot_math/share/ament_index/resource_index/packages
[3.192s] copying resource/robot_math -> /home/kodenfly123/ros2_ws/install/robot_math/share/ament_index/resource_index/packages
[3.192s] copying package.xml -> /home/kodenfly123/ros2_ws/install/robot_math/share/robot_math
[3.192s] running install_egg_info
[3.193s] Copying ../../../build/robot_math/robot_math.egg-info to /home/kodenfly123/ros2_ws/install/robot_math/lib/python3.10/site-packages/robot_math-0.0.0-py3.10.egg-info
[3.195s] running install_scripts
[3.255s] Installing circle_motion_node script to /home/kodenfly123/ros2_ws/install/robot_math/lib/robot_math
[3.256s] Installing go_To_Goal_node script to /home/kodenfly123/ros2_ws/install/robot_math/lib/robot_math
[3.256s] writing list of installed files to '/home/kodenfly123/ros2_ws/build/robot_math/install.log'
[3.323s] Invoked command in '/home/kodenfly123/ros2_ws/src/ros2_learners-main/robot_math' returned '0': PYTHONPATH=/home/kodenfly123/ros2_ws/build/robot_math/prefix_override:/home/kodenfly123/ros2_ws/install/robot_math/lib/python3.10/site-packages:${PYTHONPATH} /usr/bin/python3 -W ignore:setup.py install is deprecated setup.py egg_info --egg-base ../../../build/robot_math build --build-base /home/kodenfly123/ros2_ws/build/robot_math/build install --record /home/kodenfly123/ros2_ws/build/robot_math/install.log --single-version-externally-managed install_data
