[0.885s] Invoking command in '/home/kodenfly123/ros2_ws/src/vision_model_package': PYTHONPATH=/home/kodenfly123/ros2_ws/build/vision_model_package/prefix_override:/home/kodenfly123/ros2_ws/install/vision_model_package/lib/python3.10/site-packages:${PYTHONPATH} /usr/bin/python3 -W ignore:setup.py install is deprecated setup.py egg_info --egg-base ../../build/vision_model_package build --build-base /home/kodenfly123/ros2_ws/build/vision_model_package/build install --record /home/kodenfly123/ros2_ws/build/vision_model_package/install.log --single-version-externally-managed install_data
[1.161s] running egg_info
[1.162s] writing ../../build/vision_model_package/vision_model_package.egg-info/PKG-INFO
[1.162s] writing dependency_links to ../../build/vision_model_package/vision_model_package.egg-info/dependency_links.txt
[1.162s] writing entry points to ../../build/vision_model_package/vision_model_package.egg-info/entry_points.txt
[1.162s] writing requirements to ../../build/vision_model_package/vision_model_package.egg-info/requires.txt
[1.162s] writing top-level names to ../../build/vision_model_package/vision_model_package.egg-info/top_level.txt
[1.164s] reading manifest file '../../build/vision_model_package/vision_model_package.egg-info/SOURCES.txt'
[1.165s] writing manifest file '../../build/vision_model_package/vision_model_package.egg-info/SOURCES.txt'
[1.165s] running build
[1.165s] running build_py
[1.165s] copying vision_model_package/XYZSubscriber.py -> /home/kodenfly123/ros2_ws/build/vision_model_package/build/lib/vision_model_package
[1.165s] running install
[1.166s] running install_lib
[1.166s] copying /home/kodenfly123/ros2_ws/build/vision_model_package/build/lib/vision_model_package/XYZSubscriber.py -> /home/kodenfly123/ros2_ws/install/vision_model_package/lib/python3.10/site-packages/vision_model_package
[1.167s] byte-compiling /home/kodenfly123/ros2_ws/install/vision_model_package/lib/python3.10/site-packages/vision_model_package/XYZSubscriber.py to XYZSubscriber.cpython-310.pyc
[1.168s] running install_data
[1.169s] running install_egg_info
[1.170s] removing '/home/kodenfly123/ros2_ws/install/vision_model_package/lib/python3.10/site-packages/vision_model_package-0.0.0-py3.10.egg-info' (and everything under it)
[1.170s] Copying ../../build/vision_model_package/vision_model_package.egg-info to /home/kodenfly123/ros2_ws/install/vision_model_package/lib/python3.10/site-packages/vision_model_package-0.0.0-py3.10.egg-info
[1.171s] running install_scripts
[1.193s] Installing project_main_script script to /home/kodenfly123/ros2_ws/install/vision_model_package/lib/vision_model_package
[1.193s] Installing xyz_subscriber script to /home/kodenfly123/ros2_ws/install/vision_model_package/lib/vision_model_package
[1.193s] writing list of installed files to '/home/kodenfly123/ros2_ws/build/vision_model_package/install.log'
[1.222s] Invoked command in '/home/kodenfly123/ros2_ws/src/vision_model_package' returned '0': PYTHONPATH=/home/kodenfly123/ros2_ws/build/vision_model_package/prefix_override:/home/kodenfly123/ros2_ws/install/vision_model_package/lib/python3.10/site-packages:${PYTHONPATH} /usr/bin/python3 -W ignore:setup.py install is deprecated setup.py egg_info --egg-base ../../build/vision_model_package build --build-base /home/kodenfly123/ros2_ws/build/vision_model_package/build install --record /home/kodenfly123/ros2_ws/build/vision_model_package/install.log --single-version-externally-managed install_data
