[0.480s] Invoking command in '/home/kodenfly123/ros2_ws/src/my_package': PYTHONPATH=/home/kodenfly123/ros2_ws/build/my_package/prefix_override:/home/kodenfly123/ros2_ws/install/my_package/lib/python3.10/site-packages:${PYTHONPATH} /usr/bin/python3 -W ignore:setup.py install is deprecated setup.py egg_info --egg-base ../../build/my_package build --build-base /home/kodenfly123/ros2_ws/build/my_package/build install --record /home/kodenfly123/ros2_ws/build/my_package/install.log --single-version-externally-managed install_data
[0.663s] running egg_info
[0.663s] writing ../../build/my_package/my_package.egg-info/PKG-INFO
[0.664s] writing dependency_links to ../../build/my_package/my_package.egg-info/dependency_links.txt
[0.664s] writing entry points to ../../build/my_package/my_package.egg-info/entry_points.txt
[0.664s] writing requirements to ../../build/my_package/my_package.egg-info/requires.txt
[0.664s] writing top-level names to ../../build/my_package/my_package.egg-info/top_level.txt
[0.666s] reading manifest file '../../build/my_package/my_package.egg-info/SOURCES.txt'
[0.666s] adding license file 'LICENSE'
[0.667s] writing manifest file '../../build/my_package/my_package.egg-info/SOURCES.txt'
[0.667s] running build
[0.667s] running build_py
[0.667s] running install
[0.667s] running install_lib
[0.669s] running install_data
[0.669s] running install_egg_info
[0.670s] removing '/home/kodenfly123/ros2_ws/install/my_package/lib/python3.10/site-packages/my_package-0.0.0-py3.10.egg-info' (and everything under it)
[0.670s] Copying ../../build/my_package/my_package.egg-info to /home/kodenfly123/ros2_ws/install/my_package/lib/python3.10/site-packages/my_package-0.0.0-py3.10.egg-info
[0.671s] running install_scripts
[0.689s] Installing my_node script to /home/kodenfly123/ros2_ws/install/my_package/lib/my_package
[0.689s] writing list of installed files to '/home/kodenfly123/ros2_ws/build/my_package/install.log'
[0.711s] Invoked command in '/home/kodenfly123/ros2_ws/src/my_package' returned '0': PYTHONPATH=/home/kodenfly123/ros2_ws/build/my_package/prefix_override:/home/kodenfly123/ros2_ws/install/my_package/lib/python3.10/site-packages:${PYTHONPATH} /usr/bin/python3 -W ignore:setup.py install is deprecated setup.py egg_info --egg-base ../../build/my_package build --build-base /home/kodenfly123/ros2_ws/build/my_package/build install --record /home/kodenfly123/ros2_ws/build/my_package/install.log --single-version-externally-managed install_data
