[1.656s] Invoking command in '/home/kodenfly123/ros2_ws/src/Follow_me_algorithm-main/shin_detector': PYTHONPATH=/home/kodenfly123/ros2_ws/build/shin_detector/prefix_override:/home/kodenfly123/ros2_ws/install/shin_detector/lib/python3.10/site-packages:${PYTHONPATH} /usr/bin/python3 -W ignore:setup.py install is deprecated setup.py egg_info --egg-base ../../../build/shin_detector build --build-base /home/kodenfly123/ros2_ws/build/shin_detector/build install --record /home/kodenfly123/ros2_ws/build/shin_detector/install.log --single-version-externally-managed install_data
[1.962s] running egg_info
[1.963s] writing ../../../build/shin_detector/shin_detector.egg-info/PKG-INFO
[1.963s] writing dependency_links to ../../../build/shin_detector/shin_detector.egg-info/dependency_links.txt
[1.963s] writing entry points to ../../../build/shin_detector/shin_detector.egg-info/entry_points.txt
[1.964s] writing requirements to ../../../build/shin_detector/shin_detector.egg-info/requires.txt
[1.964s] writing top-level names to ../../../build/shin_detector/shin_detector.egg-info/top_level.txt
[1.966s] reading manifest file '../../../build/shin_detector/shin_detector.egg-info/SOURCES.txt'
[1.968s] writing manifest file '../../../build/shin_detector/shin_detector.egg-info/SOURCES.txt'
[1.968s] running build
[1.968s] running build_py
[1.969s] running install
[1.969s] running install_lib
[1.972s] running install_data
[1.972s] running install_egg_info
[1.974s] removing '/home/kodenfly123/ros2_ws/install/shin_detector/lib/python3.10/site-packages/shin_detector-0.0.0-py3.10.egg-info' (and everything under it)
[1.974s] Copying ../../../build/shin_detector/shin_detector.egg-info to /home/kodenfly123/ros2_ws/install/shin_detector/lib/python3.10/site-packages/shin_detector-0.0.0-py3.10.egg-info
[1.975s] running install_scripts
[2.003s] Installing talker script to /home/kodenfly123/ros2_ws/install/shin_detector/lib/shin_detector
[2.004s] writing list of installed files to '/home/kodenfly123/ros2_ws/build/shin_detector/install.log'
[2.061s] Invoked command in '/home/kodenfly123/ros2_ws/src/Follow_me_algorithm-main/shin_detector' returned '0': PYTHONPATH=/home/kodenfly123/ros2_ws/build/shin_detector/prefix_override:/home/kodenfly123/ros2_ws/install/shin_detector/lib/python3.10/site-packages:${PYTHONPATH} /usr/bin/python3 -W ignore:setup.py install is deprecated setup.py egg_info --egg-base ../../../build/shin_detector build --build-base /home/kodenfly123/ros2_ws/build/shin_detector/build install --record /home/kodenfly123/ros2_ws/build/shin_detector/install.log --single-version-externally-managed install_data
