[0.573s] Invoking command in '/home/kodenfly123/ros2_ws/src/vision_model_package': PYTHONPATH=/home/kodenfly123/ros2_ws/build/vision_model_package/prefix_override:/home/kodenfly123/ros2_ws/install/vision_model_package/lib/python3.10/site-packages:${PYTHONPATH} /usr/bin/python3 -W ignore:setup.py install is deprecated setup.py egg_info --egg-base ../../build/vision_model_package build --build-base /home/kodenfly123/ros2_ws/build/vision_model_package/build install --record /home/kodenfly123/ros2_ws/build/vision_model_package/install.log --single-version-externally-managed install_data
[0.785s] running egg_info
[0.786s] writing ../../build/vision_model_package/vision_model_package.egg-info/PKG-INFO
[0.793s] writing dependency_links to ../../build/vision_model_package/vision_model_package.egg-info/dependency_links.txt
[0.794s] writing entry points to ../../build/vision_model_package/vision_model_package.egg-info/entry_points.txt
[0.794s] writing requirements to ../../build/vision_model_package/vision_model_package.egg-info/requires.txt
[0.794s] writing top-level names to ../../build/vision_model_package/vision_model_package.egg-info/top_level.txt
[0.795s] reading manifest file '../../build/vision_model_package/vision_model_package.egg-info/SOURCES.txt'
[0.796s] writing manifest file '../../build/vision_model_package/vision_model_package.egg-info/SOURCES.txt'
[0.796s] running build
[0.796s] running build_py
[0.797s] copying vision_model_package/ProjectMainScript copy.py -> /home/kodenfly123/ros2_ws/build/vision_model_package/build/lib/vision_model_package
[0.797s] copying vision_model_package/XYZSubscriber copy.py -> /home/kodenfly123/ros2_ws/build/vision_model_package/build/lib/vision_model_package
[0.797s] copying vision_model_package/XYZSubscriber.py -> /home/kodenfly123/ros2_ws/build/vision_model_package/build/lib/vision_model_package
[0.797s] running install
[0.798s] running install_lib
[0.798s] copying /home/kodenfly123/ros2_ws/build/vision_model_package/build/lib/vision_model_package/ProjectMainScript copy.py -> /home/kodenfly123/ros2_ws/install/vision_model_package/lib/python3.10/site-packages/vision_model_package
[0.799s] copying /home/kodenfly123/ros2_ws/build/vision_model_package/build/lib/vision_model_package/XYZSubscriber copy.py -> /home/kodenfly123/ros2_ws/install/vision_model_package/lib/python3.10/site-packages/vision_model_package
[0.799s] copying /home/kodenfly123/ros2_ws/build/vision_model_package/build/lib/vision_model_package/XYZSubscriber.py -> /home/kodenfly123/ros2_ws/install/vision_model_package/lib/python3.10/site-packages/vision_model_package
[0.799s] byte-compiling /home/kodenfly123/ros2_ws/install/vision_model_package/lib/python3.10/site-packages/vision_model_package/ProjectMainScript copy.py to ProjectMainScript copy.cpython-310.pyc
[0.800s] byte-compiling /home/kodenfly123/ros2_ws/install/vision_model_package/lib/python3.10/site-packages/vision_model_package/XYZSubscriber copy.py to XYZSubscriber copy.cpython-310.pyc
[0.801s] byte-compiling /home/kodenfly123/ros2_ws/install/vision_model_package/lib/python3.10/site-packages/vision_model_package/XYZSubscriber.py to XYZSubscriber.cpython-310.pyc
[0.802s] running install_data
[0.802s] running install_egg_info
[0.804s] removing '/home/kodenfly123/ros2_ws/install/vision_model_package/lib/python3.10/site-packages/vision_model_package-0.0.0-py3.10.egg-info' (and everything under it)
[0.804s] Copying ../../build/vision_model_package/vision_model_package.egg-info to /home/kodenfly123/ros2_ws/install/vision_model_package/lib/python3.10/site-packages/vision_model_package-0.0.0-py3.10.egg-info
[0.805s] running install_scripts
[0.822s] Installing project_main_script script to /home/kodenfly123/ros2_ws/install/vision_model_package/lib/vision_model_package
[0.822s] Installing xyz_subscriber script to /home/kodenfly123/ros2_ws/install/vision_model_package/lib/vision_model_package
[0.822s] writing list of installed files to '/home/kodenfly123/ros2_ws/build/vision_model_package/install.log'
[0.844s] Invoked command in '/home/kodenfly123/ros2_ws/src/vision_model_package' returned '0': PYTHONPATH=/home/kodenfly123/ros2_ws/build/vision_model_package/prefix_override:/home/kodenfly123/ros2_ws/install/vision_model_package/lib/python3.10/site-packages:${PYTHONPATH} /usr/bin/python3 -W ignore:setup.py install is deprecated setup.py egg_info --egg-base ../../build/vision_model_package build --build-base /home/kodenfly123/ros2_ws/build/vision_model_package/build install --record /home/kodenfly123/ros2_ws/build/vision_model_package/install.log --single-version-externally-managed install_data
