running egg_info
creating ../build/regulation_ang/regulation_ang.egg-info
writing ../build/regulation_ang/regulation_ang.egg-info/PKG-INFO
writing dependency_links to ../build/regulation_ang/regulation_ang.egg-info/dependency_links.txt
writing entry points to ../build/regulation_ang/regulation_ang.egg-info/entry_points.txt
writing requirements to ../build/regulation_ang/regulation_ang.egg-info/requires.txt
writing top-level names to ../build/regulation_ang/regulation_ang.egg-info/top_level.txt
writing manifest file '../build/regulation_ang/regulation_ang.egg-info/SOURCES.txt'
reading manifest file '../build/regulation_ang/regulation_ang.egg-info/SOURCES.txt'
writing manifest file '../build/regulation_ang/regulation_ang.egg-info/SOURCES.txt'
running build
running build_py
creating /home/kodenfly123/ros2_ws/src/Follow_me_algorithm-main/build/regulation_ang/build
creating /home/kodenfly123/ros2_ws/src/Follow_me_algorithm-main/build/regulation_ang/build/lib
creating /home/kodenfly123/ros2_ws/src/Follow_me_algorithm-main/build/regulation_ang/build/lib/regulation_ang
copying regulation_ang/regulation_ang.py -> /home/kodenfly123/ros2_ws/src/Follow_me_algorithm-main/build/regulation_ang/build/lib/regulation_ang
copying regulation_ang/__init__.py -> /home/kodenfly123/ros2_ws/src/Follow_me_algorithm-main/build/regulation_ang/build/lib/regulation_ang
running install
running install_lib
creating /home/kodenfly123/ros2_ws/src/Follow_me_algorithm-main/install/regulation_ang/lib/python3.10/site-packages/regulation_ang
copying /home/kodenfly123/ros2_ws/src/Follow_me_algorithm-main/build/regulation_ang/build/lib/regulation_ang/regulation_ang.py -> /home/kodenfly123/ros2_ws/src/Follow_me_algorithm-main/install/regulation_ang/lib/python3.10/site-packages/regulation_ang
copying /home/kodenfly123/ros2_ws/src/Follow_me_algorithm-main/build/regulation_ang/build/lib/regulation_ang/__init__.py -> /home/kodenfly123/ros2_ws/src/Follow_me_algorithm-main/install/regulation_ang/lib/python3.10/site-packages/regulation_ang
byte-compiling /home/kodenfly123/ros2_ws/src/Follow_me_algorithm-main/install/regulation_ang/lib/python3.10/site-packages/regulation_ang/regulation_ang.py to regulation_ang.cpython-310.pyc
byte-compiling /home/kodenfly123/ros2_ws/src/Follow_me_algorithm-main/install/regulation_ang/lib/python3.10/site-packages/regulation_ang/__init__.py to __init__.cpython-310.pyc
running install_data
creating /home/kodenfly123/ros2_ws/src/Follow_me_algorithm-main/install/regulation_ang/share/ament_index
creating /home/kodenfly123/ros2_ws/src/Follow_me_algorithm-main/install/regulation_ang/share/ament_index/resource_index
creating /home/kodenfly123/ros2_ws/src/Follow_me_algorithm-main/install/regulation_ang/share/ament_index/resource_index/packages
copying resource/regulation_ang -> /home/kodenfly123/ros2_ws/src/Follow_me_algorithm-main/install/regulation_ang/share/ament_index/resource_index/packages
copying package.xml -> /home/kodenfly123/ros2_ws/src/Follow_me_algorithm-main/install/regulation_ang/share/regulation_ang
running install_egg_info
Copying ../build/regulation_ang/regulation_ang.egg-info to /home/kodenfly123/ros2_ws/src/Follow_me_algorithm-main/install/regulation_ang/lib/python3.10/site-packages/regulation_ang-0.0.0-py3.10.egg-info
running install_scripts
Installing regulation_ang script to /home/kodenfly123/ros2_ws/src/Follow_me_algorithm-main/install/regulation_ang/lib/regulation_ang
writing list of installed files to '/home/kodenfly123/ros2_ws/src/Follow_me_algorithm-main/build/regulation_ang/install.log'
