[1.407s] Invoking command in '/home/kodenfly123/ros2_ws/src/Follow_me_algorithm-main/regulation_ang': PYTHONPATH=/home/kodenfly123/ros2_ws/src/Follow_me_algorithm-main/build/regulation_ang/prefix_override:/home/kodenfly123/ros2_ws/src/Follow_me_algorithm-main/install/regulation_ang/lib/python3.10/site-packages:${PYTHONPATH} /usr/bin/python3 -W ignore:setup.py install is deprecated setup.py egg_info --egg-base ../build/regulation_ang build --build-base /home/kodenfly123/ros2_ws/src/Follow_me_algorithm-main/build/regulation_ang/build install --record /home/kodenfly123/ros2_ws/src/Follow_me_algorithm-main/build/regulation_ang/install.log --install-scripts $base/lib/regulation_ang --single-version-externally-managed install_data
[1.650s] /usr/lib/python3/dist-packages/setuptools/dist.py:723: UserWarning: Usage of dash-separated 'script-dir' will not be supported in future versions. Please use the underscore name 'script_dir' instead
[1.650s]   warnings.warn(
[1.661s] running egg_info
[1.661s] creating ../build/regulation_ang/regulation_ang.egg-info
[1.662s] writing ../build/regulation_ang/regulation_ang.egg-info/PKG-INFO
[1.662s] writing dependency_links to ../build/regulation_ang/regulation_ang.egg-info/dependency_links.txt
[1.662s] writing entry points to ../build/regulation_ang/regulation_ang.egg-info/entry_points.txt
[1.663s] writing requirements to ../build/regulation_ang/regulation_ang.egg-info/requires.txt
[1.663s] writing top-level names to ../build/regulation_ang/regulation_ang.egg-info/top_level.txt
[1.665s] writing manifest file '../build/regulation_ang/regulation_ang.egg-info/SOURCES.txt'
[1.668s] reading manifest file '../build/regulation_ang/regulation_ang.egg-info/SOURCES.txt'
[1.668s] writing manifest file '../build/regulation_ang/regulation_ang.egg-info/SOURCES.txt'
[1.669s] running build
[1.669s] running build_py
[1.669s] creating /home/kodenfly123/ros2_ws/src/Follow_me_algorithm-main/build/regulation_ang/build
[1.669s] creating /home/kodenfly123/ros2_ws/src/Follow_me_algorithm-main/build/regulation_ang/build/lib
[1.669s] creating /home/kodenfly123/ros2_ws/src/Follow_me_algorithm-main/build/regulation_ang/build/lib/regulation_ang
[1.670s] copying regulation_ang/regulation_ang.py -> /home/kodenfly123/ros2_ws/src/Follow_me_algorithm-main/build/regulation_ang/build/lib/regulation_ang
[1.670s] copying regulation_ang/__init__.py -> /home/kodenfly123/ros2_ws/src/Follow_me_algorithm-main/build/regulation_ang/build/lib/regulation_ang
[1.670s] running install
[1.671s] running install_lib
[1.672s] creating /home/kodenfly123/ros2_ws/src/Follow_me_algorithm-main/install/regulation_ang/lib/python3.10/site-packages/regulation_ang
[1.672s] copying /home/kodenfly123/ros2_ws/src/Follow_me_algorithm-main/build/regulation_ang/build/lib/regulation_ang/regulation_ang.py -> /home/kodenfly123/ros2_ws/src/Follow_me_algorithm-main/install/regulation_ang/lib/python3.10/site-packages/regulation_ang
[1.672s] copying /home/kodenfly123/ros2_ws/src/Follow_me_algorithm-main/build/regulation_ang/build/lib/regulation_ang/__init__.py -> /home/kodenfly123/ros2_ws/src/Follow_me_algorithm-main/install/regulation_ang/lib/python3.10/site-packages/regulation_ang
[1.672s] byte-compiling /home/kodenfly123/ros2_ws/src/Follow_me_algorithm-main/install/regulation_ang/lib/python3.10/site-packages/regulation_ang/regulation_ang.py to regulation_ang.cpython-310.pyc
[1.673s] byte-compiling /home/kodenfly123/ros2_ws/src/Follow_me_algorithm-main/install/regulation_ang/lib/python3.10/site-packages/regulation_ang/__init__.py to __init__.cpython-310.pyc
[1.673s] running install_data
[1.673s] creating /home/kodenfly123/ros2_ws/src/Follow_me_algorithm-main/install/regulation_ang/share/ament_index
[1.673s] creating /home/kodenfly123/ros2_ws/src/Follow_me_algorithm-main/install/regulation_ang/share/ament_index/resource_index
[1.673s] creating /home/kodenfly123/ros2_ws/src/Follow_me_algorithm-main/install/regulation_ang/share/ament_index/resource_index/packages
[1.673s] copying resource/regulation_ang -> /home/kodenfly123/ros2_ws/src/Follow_me_algorithm-main/install/regulation_ang/share/ament_index/resource_index/packages
[1.674s] copying package.xml -> /home/kodenfly123/ros2_ws/src/Follow_me_algorithm-main/install/regulation_ang/share/regulation_ang
[1.674s] running install_egg_info
[1.675s] Copying ../build/regulation_ang/regulation_ang.egg-info to /home/kodenfly123/ros2_ws/src/Follow_me_algorithm-main/install/regulation_ang/lib/python3.10/site-packages/regulation_ang-0.0.0-py3.10.egg-info
[1.676s] running install_scripts
[1.700s] Installing regulation_ang script to /home/kodenfly123/ros2_ws/src/Follow_me_algorithm-main/install/regulation_ang/lib/regulation_ang
[1.700s] writing list of installed files to '/home/kodenfly123/ros2_ws/src/Follow_me_algorithm-main/build/regulation_ang/install.log'
[1.763s] Invoked command in '/home/kodenfly123/ros2_ws/src/Follow_me_algorithm-main/regulation_ang' returned '0': PYTHONPATH=/home/kodenfly123/ros2_ws/src/Follow_me_algorithm-main/build/regulation_ang/prefix_override:/home/kodenfly123/ros2_ws/src/Follow_me_algorithm-main/install/regulation_ang/lib/python3.10/site-packages:${PYTHONPATH} /usr/bin/python3 -W ignore:setup.py install is deprecated setup.py egg_info --egg-base ../build/regulation_ang build --build-base /home/kodenfly123/ros2_ws/src/Follow_me_algorithm-main/build/regulation_ang/build install --record /home/kodenfly123/ros2_ws/src/Follow_me_algorithm-main/build/regulation_ang/install.log --install-scripts $base/lib/regulation_ang --single-version-externally-managed install_data
