[0.880s] Invoking command in '/home/kodenfly123/ros2_ws/src/Follow_me_algorithm-main/lidar_reg': PYTHONPATH=/home/kodenfly123/ros2_ws/build/lidar_reg/prefix_override:/home/kodenfly123/ros2_ws/install/lidar_reg/lib/python3.10/site-packages:${PYTHONPATH} /usr/bin/python3 -W ignore:setup.py install is deprecated setup.py egg_info --egg-base ../../../build/lidar_reg build --build-base /home/kodenfly123/ros2_ws/build/lidar_reg/build install --record /home/kodenfly123/ros2_ws/build/lidar_reg/install.log --single-version-externally-managed install_data
[1.124s] running egg_info
[1.125s] writing ../../../build/lidar_reg/lidar_reg.egg-info/PKG-INFO
[1.125s] writing dependency_links to ../../../build/lidar_reg/lidar_reg.egg-info/dependency_links.txt
[1.125s] writing entry points to ../../../build/lidar_reg/lidar_reg.egg-info/entry_points.txt
[1.125s] writing requirements to ../../../build/lidar_reg/lidar_reg.egg-info/requires.txt
[1.125s] writing top-level names to ../../../build/lidar_reg/lidar_reg.egg-info/top_level.txt
[1.127s] reading manifest file '../../../build/lidar_reg/lidar_reg.egg-info/SOURCES.txt'
[1.128s] writing manifest file '../../../build/lidar_reg/lidar_reg.egg-info/SOURCES.txt'
[1.128s] running build
[1.128s] running build_py
[1.128s] running install
[1.129s] running install_lib
[1.131s] running install_data
[1.131s] running install_egg_info
[1.132s] removing '/home/kodenfly123/ros2_ws/install/lidar_reg/lib/python3.10/site-packages/lidar_reg-0.0.0-py3.10.egg-info' (and everything under it)
[1.132s] Copying ../../../build/lidar_reg/lidar_reg.egg-info to /home/kodenfly123/ros2_ws/install/lidar_reg/lib/python3.10/site-packages/lidar_reg-0.0.0-py3.10.egg-info
[1.133s] running install_scripts
[1.153s] Installing pub script to /home/kodenfly123/ros2_ws/install/lidar_reg/lib/lidar_reg
[1.154s] Installing test script to /home/kodenfly123/ros2_ws/install/lidar_reg/lib/lidar_reg
[1.154s] Installing waypoint script to /home/kodenfly123/ros2_ws/install/lidar_reg/lib/lidar_reg
[1.154s] writing list of installed files to '/home/kodenfly123/ros2_ws/build/lidar_reg/install.log'
[1.182s] Invoked command in '/home/kodenfly123/ros2_ws/src/Follow_me_algorithm-main/lidar_reg' returned '0': PYTHONPATH=/home/kodenfly123/ros2_ws/build/lidar_reg/prefix_override:/home/kodenfly123/ros2_ws/install/lidar_reg/lib/python3.10/site-packages:${PYTHONPATH} /usr/bin/python3 -W ignore:setup.py install is deprecated setup.py egg_info --egg-base ../../../build/lidar_reg build --build-base /home/kodenfly123/ros2_ws/build/lidar_reg/build install --record /home/kodenfly123/ros2_ws/build/lidar_reg/install.log --single-version-externally-managed install_data
