[0.328s] Invoking command in '/home/kodenfly123/ros2_ws/build/lab4': /usr/bin/cmake /home/kodenfly123/ros2_ws/src/ROS-master/A-star Path Planning -DCATKIN_INSTALL_INTO_PREFIX_ROOT=0 -DCMAKE_INSTALL_PREFIX=/home/kodenfly123/ros2_ws/install/lab4
[0.648s] -- Configuring incomplete, errors occurred!
[0.648s] See also "/home/kodenfly123/ros2_ws/build/lab4/CMakeFiles/CMakeOutput.log".
[0.648s] [31mCMake Error at CMakeLists.txt:10 (find_package):
[0.648s]   By not providing "Findcatkin.cmake" in CMAKE_MODULE_PATH this project has
[0.648s]   asked CMake to find a package configuration file provided by "catkin", but
[0.648s]   CMake did not find one.
[0.648s] 
[0.649s]   Could not find a package configuration file provided by "catkin" with any
[0.649s]   of the following names:
[0.649s] 
[0.649s]     catkinConfig.cmake
[0.649s]     catkin-config.cmake
[0.649s] 
[0.649s]   Add the installation prefix of "catkin" to CMAKE_PREFIX_PATH or set
[0.649s]   "catkin_DIR" to a directory containing one of the above files.  If "catkin"
[0.649s]   provides a separate development package or SDK, be sure it has been
[0.649s]   installed.
[0.649s] 
[0.649s] [0m
[0.652s] Invoked command in '/home/kodenfly123/ros2_ws/build/lab4' returned '1': /usr/bin/cmake /home/kodenfly123/ros2_ws/src/ROS-master/A-star Path Planning -DCATKIN_INSTALL_INTO_PREFIX_ROOT=0 -DCMAKE_INSTALL_PREFIX=/home/kodenfly123/ros2_ws/install/lab4
