[0.483s] Invoking command in '/home/kodenfly123/ros2_ws/build/my_package': CMAKE_PREFIX_PATH=${CMAKE_PREFIX_PATH}:/home/kodenfly123/ros2_ws/src/install/shin_detector:/home/kodenfly123/ros2_ws/src/install/robot_math:/home/kodenfly123/ros2_ws/src/install/regulation_vel:/home/kodenfly123/ros2_ws/src/install/regulation_ang:/home/kodenfly123/ros2_ws/src/install/py_pubsub:/home/kodenfly123/ros2_ws/src/install/py_coordinate:/home/kodenfly123/ros2_ws/src/install/lidar_reg:/home/kodenfly123/ros2_ws/src/install/coordinate_package:/opt/ros/humble /usr/bin/cmake /home/kodenfly123/ros2_ws/src/my_package -DCMAKE_INSTALL_PREFIX=/home/kodenfly123/ros2_ws/install/my_package
[0.885s] -- The C compiler identification is GNU 11.4.0
[0.887s] -- The CXX compiler identification is GNU 11.4.0
[0.888s] -- Detecting C compiler ABI info
[0.888s] -- Detecting C compiler ABI info - done
[0.888s] -- Check for working C compiler: /usr/bin/cc - skipped
[0.888s] -- Detecting C compile features
[0.888s] -- Detecting C compile features - done
[0.888s] -- Detecting CXX compiler ABI info
[0.888s] -- Detecting CXX compiler ABI info - done
[0.889s] -- Check for working CXX compiler: /usr/bin/c++ - skipped
[0.889s] -- Detecting CXX compile features
[0.889s] -- Detecting CXX compile features - done
[0.889s] -- Found ament_cmake: 1.3.8 (/opt/ros/humble/share/ament_cmake/cmake)
[1.035s] -- Found Python3: /usr/bin/python3 (found version "3.10.12") found components: Interpreter 
[1.149s] -- Found ament_lint_auto: 0.12.10 (/opt/ros/humble/share/ament_lint_auto/cmake)
[1.256s] -- Added test 'cppcheck' to perform static code analysis on C / C++ code
[1.256s] -- Configured cppcheck include dirs: $<BUILD_INTERFACE:/home/kodenfly123/ros2_ws/src/my_package/include>
[1.256s] -- Configured cppcheck exclude dirs and/or files: 
[1.257s] -- Added test 'lint_cmake' to check CMake code style
[1.259s] -- Added test 'uncrustify' to check C / C++ code style
[1.260s] -- Configured uncrustify additional arguments: 
[1.260s] -- Added test 'xmllint' to check XML markup files
[1.262s] -- Configuring done
[1.268s] -- Generating done
[1.269s] -- Build files have been written to: /home/kodenfly123/ros2_ws/build/my_package
[1.280s] Invoked command in '/home/kodenfly123/ros2_ws/build/my_package' returned '0': CMAKE_PREFIX_PATH=${CMAKE_PREFIX_PATH}:/home/kodenfly123/ros2_ws/src/install/shin_detector:/home/kodenfly123/ros2_ws/src/install/robot_math:/home/kodenfly123/ros2_ws/src/install/regulation_vel:/home/kodenfly123/ros2_ws/src/install/regulation_ang:/home/kodenfly123/ros2_ws/src/install/py_pubsub:/home/kodenfly123/ros2_ws/src/install/py_coordinate:/home/kodenfly123/ros2_ws/src/install/lidar_reg:/home/kodenfly123/ros2_ws/src/install/coordinate_package:/opt/ros/humble /usr/bin/cmake /home/kodenfly123/ros2_ws/src/my_package -DCMAKE_INSTALL_PREFIX=/home/kodenfly123/ros2_ws/install/my_package
[1.281s] Invoking command in '/home/kodenfly123/ros2_ws/build/my_package': CMAKE_PREFIX_PATH=${CMAKE_PREFIX_PATH}:/home/kodenfly123/ros2_ws/src/install/shin_detector:/home/kodenfly123/ros2_ws/src/install/robot_math:/home/kodenfly123/ros2_ws/src/install/regulation_vel:/home/kodenfly123/ros2_ws/src/install/regulation_ang:/home/kodenfly123/ros2_ws/src/install/py_pubsub:/home/kodenfly123/ros2_ws/src/install/py_coordinate:/home/kodenfly123/ros2_ws/src/install/lidar_reg:/home/kodenfly123/ros2_ws/src/install/coordinate_package:/opt/ros/humble /usr/bin/cmake --build /home/kodenfly123/ros2_ws/build/my_package -- -j8 -l8
[1.366s] [ 50%] [32mBuilding CXX object CMakeFiles/my_node.dir/src/my_node.cpp.o[0m
[1.424s] [100%] [32m[1mLinking CXX executable my_node[0m
[1.508s] [100%] Built target my_node
[1.526s] Invoked command in '/home/kodenfly123/ros2_ws/build/my_package' returned '0': CMAKE_PREFIX_PATH=${CMAKE_PREFIX_PATH}:/home/kodenfly123/ros2_ws/src/install/shin_detector:/home/kodenfly123/ros2_ws/src/install/robot_math:/home/kodenfly123/ros2_ws/src/install/regulation_vel:/home/kodenfly123/ros2_ws/src/install/regulation_ang:/home/kodenfly123/ros2_ws/src/install/py_pubsub:/home/kodenfly123/ros2_ws/src/install/py_coordinate:/home/kodenfly123/ros2_ws/src/install/lidar_reg:/home/kodenfly123/ros2_ws/src/install/coordinate_package:/opt/ros/humble /usr/bin/cmake --build /home/kodenfly123/ros2_ws/build/my_package -- -j8 -l8
[1.581s] Invoking command in '/home/kodenfly123/ros2_ws/build/my_package': CMAKE_PREFIX_PATH=${CMAKE_PREFIX_PATH}:/home/kodenfly123/ros2_ws/src/install/shin_detector:/home/kodenfly123/ros2_ws/src/install/robot_math:/home/kodenfly123/ros2_ws/src/install/regulation_vel:/home/kodenfly123/ros2_ws/src/install/regulation_ang:/home/kodenfly123/ros2_ws/src/install/py_pubsub:/home/kodenfly123/ros2_ws/src/install/py_coordinate:/home/kodenfly123/ros2_ws/src/install/lidar_reg:/home/kodenfly123/ros2_ws/src/install/coordinate_package:/opt/ros/humble /usr/bin/cmake --install /home/kodenfly123/ros2_ws/build/my_package
[1.595s] -- Install configuration: ""
[1.596s] -- Installing: /home/kodenfly123/ros2_ws/install/my_package/lib/my_package/my_node
[1.597s] -- Installing: /home/kodenfly123/ros2_ws/install/my_package/share/ament_index/resource_index/package_run_dependencies/my_package
[1.598s] -- Installing: /home/kodenfly123/ros2_ws/install/my_package/share/ament_index/resource_index/parent_prefix_path/my_package
[1.599s] -- Installing: /home/kodenfly123/ros2_ws/install/my_package/share/my_package/environment/ament_prefix_path.sh
[1.600s] -- Installing: /home/kodenfly123/ros2_ws/install/my_package/share/my_package/environment/ament_prefix_path.dsv
[1.600s] -- Installing: /home/kodenfly123/ros2_ws/install/my_package/share/my_package/environment/path.sh
[1.601s] -- Installing: /home/kodenfly123/ros2_ws/install/my_package/share/my_package/environment/path.dsv
[1.602s] -- Installing: /home/kodenfly123/ros2_ws/install/my_package/share/my_package/local_setup.bash
[1.603s] -- Installing: /home/kodenfly123/ros2_ws/install/my_package/share/my_package/local_setup.sh
[1.603s] -- Installing: /home/kodenfly123/ros2_ws/install/my_package/share/my_package/local_setup.zsh
[1.604s] -- Installing: /home/kodenfly123/ros2_ws/install/my_package/share/my_package/local_setup.dsv
[1.605s] -- Installing: /home/kodenfly123/ros2_ws/install/my_package/share/my_package/package.dsv
[1.606s] -- Installing: /home/kodenfly123/ros2_ws/install/my_package/share/ament_index/resource_index/packages/my_package
[1.606s] -- Installing: /home/kodenfly123/ros2_ws/install/my_package/share/my_package/cmake/my_packageConfig.cmake
[1.607s] -- Installing: /home/kodenfly123/ros2_ws/install/my_package/share/my_package/cmake/my_packageConfig-version.cmake
[1.607s] -- Installing: /home/kodenfly123/ros2_ws/install/my_package/share/my_package/package.xml
[1.611s] Invoked command in '/home/kodenfly123/ros2_ws/build/my_package' returned '0': CMAKE_PREFIX_PATH=${CMAKE_PREFIX_PATH}:/home/kodenfly123/ros2_ws/src/install/shin_detector:/home/kodenfly123/ros2_ws/src/install/robot_math:/home/kodenfly123/ros2_ws/src/install/regulation_vel:/home/kodenfly123/ros2_ws/src/install/regulation_ang:/home/kodenfly123/ros2_ws/src/install/py_pubsub:/home/kodenfly123/ros2_ws/src/install/py_coordinate:/home/kodenfly123/ros2_ws/src/install/lidar_reg:/home/kodenfly123/ros2_ws/src/install/coordinate_package:/opt/ros/humble /usr/bin/cmake --install /home/kodenfly123/ros2_ws/build/my_package
