[0.659s] Invoking command in '/home/kodenfly123/ros2_ws/src/vision_model_package': PYTHONPATH=/home/kodenfly123/ros2_ws/build/vision_model_package/prefix_override:/home/kodenfly123/ros2_ws/install/vision_model_package/lib/python3.10/site-packages:${PYTHONPATH} /usr/bin/python3 -W ignore:setup.py install is deprecated setup.py egg_info --egg-base ../../build/vision_model_package build --build-base /home/kodenfly123/ros2_ws/build/vision_model_package/build install --record /home/kodenfly123/ros2_ws/build/vision_model_package/install.log --single-version-externally-managed install_data
[0.931s] running egg_info
[0.932s] writing ../../build/vision_model_package/vision_model_package.egg-info/PKG-INFO
[0.932s] writing dependency_links to ../../build/vision_model_package/vision_model_package.egg-info/dependency_links.txt
[0.932s] writing entry points to ../../build/vision_model_package/vision_model_package.egg-info/entry_points.txt
[0.932s] writing requirements to ../../build/vision_model_package/vision_model_package.egg-info/requires.txt
[0.932s] writing top-level names to ../../build/vision_model_package/vision_model_package.egg-info/top_level.txt
[0.935s] reading manifest file '../../build/vision_model_package/vision_model_package.egg-info/SOURCES.txt'
[0.935s] writing manifest file '../../build/vision_model_package/vision_model_package.egg-info/SOURCES.txt'
[0.936s] running build
[0.936s] running build_py
[0.936s] copying vision_model_package/XYZSubrscriber.py -> /home/kodenfly123/ros2_ws/build/vision_model_package/build/lib/vision_model_package
[0.936s] running install
[0.936s] running install_lib
[0.937s] copying /home/kodenfly123/ros2_ws/build/vision_model_package/build/lib/vision_model_package/XYZSubrscriber.py -> /home/kodenfly123/ros2_ws/install/vision_model_package/lib/python3.10/site-packages/vision_model_package
[0.938s] byte-compiling /home/kodenfly123/ros2_ws/install/vision_model_package/lib/python3.10/site-packages/vision_model_package/XYZSubrscriber.py to XYZSubrscriber.cpython-310.pyc
[0.938s] running install_data
[0.938s] running install_egg_info
[0.940s] removing '/home/kodenfly123/ros2_ws/install/vision_model_package/lib/python3.10/site-packages/vision_model_package-0.0.0-py3.10.egg-info' (and everything under it)
[0.940s] Copying ../../build/vision_model_package/vision_model_package.egg-info to /home/kodenfly123/ros2_ws/install/vision_model_package/lib/python3.10/site-packages/vision_model_package-0.0.0-py3.10.egg-info
[0.940s] running install_scripts
[0.959s] Installing project_main_script script to /home/kodenfly123/ros2_ws/install/vision_model_package/lib/vision_model_package
[0.959s] Installing xyz_subscriber script to /home/kodenfly123/ros2_ws/install/vision_model_package/lib/vision_model_package
[0.959s] writing list of installed files to '/home/kodenfly123/ros2_ws/build/vision_model_package/install.log'
[0.983s] Invoked command in '/home/kodenfly123/ros2_ws/src/vision_model_package' returned '0': PYTHONPATH=/home/kodenfly123/ros2_ws/build/vision_model_package/prefix_override:/home/kodenfly123/ros2_ws/install/vision_model_package/lib/python3.10/site-packages:${PYTHONPATH} /usr/bin/python3 -W ignore:setup.py install is deprecated setup.py egg_info --egg-base ../../build/vision_model_package build --build-base /home/kodenfly123/ros2_ws/build/vision_model_package/build install --record /home/kodenfly123/ros2_ws/build/vision_model_package/install.log --single-version-externally-managed install_data
