[0.484s] Invoking command in '/home/kodenfly123/ros2_ws/build/navigation_tb3': CMAKE_PREFIX_PATH=${CMAKE_PREFIX_PATH}:/home/kodenfly123/ros2_ws/src/install/shin_detector:/home/kodenfly123/ros2_ws/src/install/robot_math:/home/kodenfly123/ros2_ws/src/install/regulation_vel:/home/kodenfly123/ros2_ws/src/install/regulation_ang:/home/kodenfly123/ros2_ws/src/install/py_pubsub:/home/kodenfly123/ros2_ws/src/install/py_coordinate:/home/kodenfly123/ros2_ws/src/install/lidar_reg:/home/kodenfly123/ros2_ws/src/install/coordinate_package:/opt/ros/humble /usr/bin/cmake /home/kodenfly123/ros2_ws/src/ros2_learners-main/navigation_tb3 -DCMAKE_INSTALL_PREFIX=/home/kodenfly123/ros2_ws/install/navigation_tb3
[0.886s] -- The C compiler identification is GNU 11.4.0
[0.887s] -- The CXX compiler identification is GNU 11.4.0
[0.887s] -- Detecting C compiler ABI info
[0.887s] -- Detecting C compiler ABI info - done
[0.887s] -- Check for working C compiler: /usr/bin/cc - skipped
[0.887s] -- Detecting C compile features
[0.887s] -- Detecting C compile features - done
[0.887s] -- Detecting CXX compiler ABI info
[0.887s] -- Detecting CXX compiler ABI info - done
[0.888s] -- Check for working CXX compiler: /usr/bin/c++ - skipped
[0.888s] -- Detecting CXX compile features
[0.888s] -- Detecting CXX compile features - done
[0.889s] -- Found ament_cmake: 1.3.8 (/opt/ros/humble/share/ament_cmake/cmake)
[1.008s] -- Found Python3: /usr/bin/python3 (found version "3.10.12") found components: Interpreter 
[1.126s] -- Found rclcpp: 16.0.8 (/opt/ros/humble/share/rclcpp/cmake)
[1.184s] -- Found rosidl_generator_c: 3.1.5 (/opt/ros/humble/share/rosidl_generator_c/cmake)
[1.195s] -- Found rosidl_adapter: 3.1.5 (/opt/ros/humble/share/rosidl_adapter/cmake)
[1.215s] -- Found rosidl_generator_cpp: 3.1.5 (/opt/ros/humble/share/rosidl_generator_cpp/cmake)
[1.245s] -- Using all available rosidl_typesupport_c: rosidl_typesupport_fastrtps_c;rosidl_typesupport_introspection_c
[1.281s] -- Using all available rosidl_typesupport_cpp: rosidl_typesupport_fastrtps_cpp;rosidl_typesupport_introspection_cpp
[1.439s] -- Found rmw_implementation_cmake: 6.1.1 (/opt/ros/humble/share/rmw_implementation_cmake/cmake)
[1.445s] -- Found rmw_cyclonedds_cpp: 1.3.4 (/opt/ros/humble/share/rmw_cyclonedds_cpp/cmake)
[1.515s] -- Using RMW implementation 'rmw_cyclonedds_cpp' as default
[1.534s] -- Looking for pthread.h
[1.698s] -- Looking for pthread.h - found
[1.699s] -- Performing Test CMAKE_HAVE_LIBC_PTHREAD
[1.823s] -- Performing Test CMAKE_HAVE_LIBC_PTHREAD - Success
[1.825s] -- Found Threads: TRUE  
[2.104s] -- Found nav_msgs: 4.2.3 (/opt/ros/humble/share/nav_msgs/cmake)
[2.350s] -- Found rclpy: 3.3.12 (/opt/ros/humble/share/rclpy/cmake)
[2.630s] -- Configuring done
[2.670s] -- Generating done
[2.678s] -- Build files have been written to: /home/kodenfly123/ros2_ws/build/navigation_tb3
[2.700s] Invoked command in '/home/kodenfly123/ros2_ws/build/navigation_tb3' returned '0': CMAKE_PREFIX_PATH=${CMAKE_PREFIX_PATH}:/home/kodenfly123/ros2_ws/src/install/shin_detector:/home/kodenfly123/ros2_ws/src/install/robot_math:/home/kodenfly123/ros2_ws/src/install/regulation_vel:/home/kodenfly123/ros2_ws/src/install/regulation_ang:/home/kodenfly123/ros2_ws/src/install/py_pubsub:/home/kodenfly123/ros2_ws/src/install/py_coordinate:/home/kodenfly123/ros2_ws/src/install/lidar_reg:/home/kodenfly123/ros2_ws/src/install/coordinate_package:/opt/ros/humble /usr/bin/cmake /home/kodenfly123/ros2_ws/src/ros2_learners-main/navigation_tb3 -DCMAKE_INSTALL_PREFIX=/home/kodenfly123/ros2_ws/install/navigation_tb3
[2.701s] Invoking command in '/home/kodenfly123/ros2_ws/build/navigation_tb3': CMAKE_PREFIX_PATH=${CMAKE_PREFIX_PATH}:/home/kodenfly123/ros2_ws/src/install/shin_detector:/home/kodenfly123/ros2_ws/src/install/robot_math:/home/kodenfly123/ros2_ws/src/install/regulation_vel:/home/kodenfly123/ros2_ws/src/install/regulation_ang:/home/kodenfly123/ros2_ws/src/install/py_pubsub:/home/kodenfly123/ros2_ws/src/install/py_coordinate:/home/kodenfly123/ros2_ws/src/install/lidar_reg:/home/kodenfly123/ros2_ws/src/install/coordinate_package:/opt/ros/humble /usr/bin/cmake --build /home/kodenfly123/ros2_ws/build/navigation_tb3 -- -j8 -l8
[2.832s] [ 50%] [32mBuilding CXX object CMakeFiles/pub_occupancy_grid.dir/src/pub_occupancy_grid.cpp.o[0m
[2.864s] [ 50%] Built target ament_cmake_python_copy_navigation_tb3
[3.339s] running egg_info
[3.341s] creating navigation_tb3.egg-info
[3.341s] writing navigation_tb3.egg-info/PKG-INFO
[3.342s] writing dependency_links to navigation_tb3.egg-info/dependency_links.txt
[3.342s] writing top-level names to navigation_tb3.egg-info/top_level.txt
[3.342s] writing manifest file 'navigation_tb3.egg-info/SOURCES.txt'
[3.348s] reading manifest file 'navigation_tb3.egg-info/SOURCES.txt'
[3.349s] writing manifest file 'navigation_tb3.egg-info/SOURCES.txt'
[3.410s] [ 50%] Built target ament_cmake_python_build_navigation_tb3_egg
[12.167s] [100%] [32m[1mLinking CXX executable pub_occupancy_grid[0m
[12.854s] [100%] Built target pub_occupancy_grid
[12.896s] Invoked command in '/home/kodenfly123/ros2_ws/build/navigation_tb3' returned '0': CMAKE_PREFIX_PATH=${CMAKE_PREFIX_PATH}:/home/kodenfly123/ros2_ws/src/install/shin_detector:/home/kodenfly123/ros2_ws/src/install/robot_math:/home/kodenfly123/ros2_ws/src/install/regulation_vel:/home/kodenfly123/ros2_ws/src/install/regulation_ang:/home/kodenfly123/ros2_ws/src/install/py_pubsub:/home/kodenfly123/ros2_ws/src/install/py_coordinate:/home/kodenfly123/ros2_ws/src/install/lidar_reg:/home/kodenfly123/ros2_ws/src/install/coordinate_package:/opt/ros/humble /usr/bin/cmake --build /home/kodenfly123/ros2_ws/build/navigation_tb3 -- -j8 -l8
[13.341s] Invoking command in '/home/kodenfly123/ros2_ws/build/navigation_tb3': CMAKE_PREFIX_PATH=${CMAKE_PREFIX_PATH}:/home/kodenfly123/ros2_ws/src/install/shin_detector:/home/kodenfly123/ros2_ws/src/install/robot_math:/home/kodenfly123/ros2_ws/src/install/regulation_vel:/home/kodenfly123/ros2_ws/src/install/regulation_ang:/home/kodenfly123/ros2_ws/src/install/py_pubsub:/home/kodenfly123/ros2_ws/src/install/py_coordinate:/home/kodenfly123/ros2_ws/src/install/lidar_reg:/home/kodenfly123/ros2_ws/src/install/coordinate_package:/opt/ros/humble /usr/bin/cmake --install /home/kodenfly123/ros2_ws/build/navigation_tb3
[13.358s] -- Install configuration: ""
[13.358s] -- Installing: /home/kodenfly123/ros2_ws/install/navigation_tb3/lib/navigation_tb3/pub_occupancy_grid
[13.374s] -- Set runtime path of "/home/kodenfly123/ros2_ws/install/navigation_tb3/lib/navigation_tb3/pub_occupancy_grid" to ""
[13.375s] -- Installing: /home/kodenfly123/ros2_ws/install/navigation_tb3/share/navigation_tb3/launch
[13.382s] -- Installing: /home/kodenfly123/ros2_ws/install/navigation_tb3/share/navigation_tb3/launch/navigation.launch.py
[13.383s] -- Installing: /home/kodenfly123/ros2_ws/install/navigation_tb3/share/navigation_tb3/launch/mapping.launch.py
[13.383s] -- Installing: /home/kodenfly123/ros2_ws/install/navigation_tb3/share/navigation_tb3/config
[13.383s] -- Installing: /home/kodenfly123/ros2_ws/install/navigation_tb3/share/navigation_tb3/config/tb3_map.yaml
[13.383s] -- Installing: /home/kodenfly123/ros2_ws/install/navigation_tb3/share/navigation_tb3/config/turtlebot3_lds_2d.lua
[13.383s] -- Installing: /home/kodenfly123/ros2_ws/install/navigation_tb3/share/navigation_tb3/config/tb3_nav2_params.yaml
[13.384s] -- Installing: /home/kodenfly123/ros2_ws/install/navigation_tb3/share/navigation_tb3/config/tb3_map.pgm
[13.384s] -- Installing: /home/kodenfly123/ros2_ws/install/navigation_tb3/share/navigation_tb3/config/mapping.rviz
[13.384s] -- Installing: /home/kodenfly123/ros2_ws/install/navigation_tb3/share/navigation_tb3/config/navigation.rviz
[13.384s] -- Installing: /home/kodenfly123/ros2_ws/install/navigation_tb3/share/navigation_tb3/environment/pythonpath.sh
[13.385s] -- Installing: /home/kodenfly123/ros2_ws/install/navigation_tb3/share/navigation_tb3/environment/pythonpath.dsv
[13.385s] -- Installing: /home/kodenfly123/ros2_ws/install/navigation_tb3/local/lib/python3.10/dist-packages/navigation_tb3-0.0.0-py3.10.egg-info
[13.385s] -- Installing: /home/kodenfly123/ros2_ws/install/navigation_tb3/local/lib/python3.10/dist-packages/navigation_tb3-0.0.0-py3.10.egg-info/dependency_links.txt
[13.386s] -- Installing: /home/kodenfly123/ros2_ws/install/navigation_tb3/local/lib/python3.10/dist-packages/navigation_tb3-0.0.0-py3.10.egg-info/top_level.txt
[13.386s] -- Installing: /home/kodenfly123/ros2_ws/install/navigation_tb3/local/lib/python3.10/dist-packages/navigation_tb3-0.0.0-py3.10.egg-info/SOURCES.txt
[13.386s] -- Installing: /home/kodenfly123/ros2_ws/install/navigation_tb3/local/lib/python3.10/dist-packages/navigation_tb3-0.0.0-py3.10.egg-info/PKG-INFO
[13.387s] -- Installing: /home/kodenfly123/ros2_ws/install/navigation_tb3/local/lib/python3.10/dist-packages/navigation_tb3
[13.387s] -- Installing: /home/kodenfly123/ros2_ws/install/navigation_tb3/local/lib/python3.10/dist-packages/navigation_tb3/__init__.py
[13.562s] Listing '/home/kodenfly123/ros2_ws/install/navigation_tb3/local/lib/python3.10/dist-packages/navigation_tb3'...
[13.562s] Compiling '/home/kodenfly123/ros2_ws/install/navigation_tb3/local/lib/python3.10/dist-packages/navigation_tb3/__init__.py'...
[13.589s] -- Installing: /home/kodenfly123/ros2_ws/install/navigation_tb3/lib/navigation_tb3/single_goal_nav.py
[13.597s] -- Installing: /home/kodenfly123/ros2_ws/install/navigation_tb3/lib/navigation_tb3/multi_waypoints.py
[13.597s] -- Installing: /home/kodenfly123/ros2_ws/install/navigation_tb3/share/ament_index/resource_index/package_run_dependencies/navigation_tb3
[13.598s] -- Installing: /home/kodenfly123/ros2_ws/install/navigation_tb3/share/ament_index/resource_index/parent_prefix_path/navigation_tb3
[13.598s] -- Installing: /home/kodenfly123/ros2_ws/install/navigation_tb3/share/navigation_tb3/environment/ament_prefix_path.sh
[13.598s] -- Installing: /home/kodenfly123/ros2_ws/install/navigation_tb3/share/navigation_tb3/environment/ament_prefix_path.dsv
[13.598s] -- Installing: /home/kodenfly123/ros2_ws/install/navigation_tb3/share/navigation_tb3/environment/path.sh
[13.599s] -- Installing: /home/kodenfly123/ros2_ws/install/navigation_tb3/share/navigation_tb3/environment/path.dsv
[13.599s] -- Installing: /home/kodenfly123/ros2_ws/install/navigation_tb3/share/navigation_tb3/local_setup.bash
[13.599s] -- Installing: /home/kodenfly123/ros2_ws/install/navigation_tb3/share/navigation_tb3/local_setup.sh
[13.599s] -- Installing: /home/kodenfly123/ros2_ws/install/navigation_tb3/share/navigation_tb3/local_setup.zsh
[13.600s] -- Installing: /home/kodenfly123/ros2_ws/install/navigation_tb3/share/navigation_tb3/local_setup.dsv
[13.600s] -- Installing: /home/kodenfly123/ros2_ws/install/navigation_tb3/share/navigation_tb3/package.dsv
[13.600s] -- Installing: /home/kodenfly123/ros2_ws/install/navigation_tb3/share/ament_index/resource_index/packages/navigation_tb3
[13.601s] -- Installing: /home/kodenfly123/ros2_ws/install/navigation_tb3/share/navigation_tb3/cmake/navigation_tb3Config.cmake
[13.601s] -- Installing: /home/kodenfly123/ros2_ws/install/navigation_tb3/share/navigation_tb3/cmake/navigation_tb3Config-version.cmake
[13.601s] -- Installing: /home/kodenfly123/ros2_ws/install/navigation_tb3/share/navigation_tb3/package.xml
[13.617s] Invoked command in '/home/kodenfly123/ros2_ws/build/navigation_tb3' returned '0': CMAKE_PREFIX_PATH=${CMAKE_PREFIX_PATH}:/home/kodenfly123/ros2_ws/src/install/shin_detector:/home/kodenfly123/ros2_ws/src/install/robot_math:/home/kodenfly123/ros2_ws/src/install/regulation_vel:/home/kodenfly123/ros2_ws/src/install/regulation_ang:/home/kodenfly123/ros2_ws/src/install/py_pubsub:/home/kodenfly123/ros2_ws/src/install/py_coordinate:/home/kodenfly123/ros2_ws/src/install/lidar_reg:/home/kodenfly123/ros2_ws/src/install/coordinate_package:/opt/ros/humble /usr/bin/cmake --install /home/kodenfly123/ros2_ws/build/navigation_tb3
