[1.535s] Invoking command in '/home/kodenfly123/ros2_ws/src/ros2_learners-main/robot_math': PYTHONPATH=/home/kodenfly123/ros2_ws/build/robot_math/prefix_override:/home/kodenfly123/ros2_ws/install/robot_math/lib/python3.10/site-packages:${PYTHONPATH} /usr/bin/python3 -W ignore:setup.py install is deprecated setup.py egg_info --egg-base ../../../build/robot_math build --build-base /home/kodenfly123/ros2_ws/build/robot_math/build install --record /home/kodenfly123/ros2_ws/build/robot_math/install.log --single-version-externally-managed install_data
[1.785s] running egg_info
[1.785s] writing ../../../build/robot_math/robot_math.egg-info/PKG-INFO
[1.794s] writing dependency_links to ../../../build/robot_math/robot_math.egg-info/dependency_links.txt
[1.794s] writing entry points to ../../../build/robot_math/robot_math.egg-info/entry_points.txt
[1.795s] writing requirements to ../../../build/robot_math/robot_math.egg-info/requires.txt
[1.795s] writing top-level names to ../../../build/robot_math/robot_math.egg-info/top_level.txt
[1.796s] reading manifest file '../../../build/robot_math/robot_math.egg-info/SOURCES.txt'
[1.798s] writing manifest file '../../../build/robot_math/robot_math.egg-info/SOURCES.txt'
[1.798s] running build
[1.798s] running build_py
[1.799s] running install
[1.799s] running install_lib
[1.801s] running install_data
[1.801s] running install_egg_info
[1.803s] removing '/home/kodenfly123/ros2_ws/install/robot_math/lib/python3.10/site-packages/robot_math-0.0.0-py3.10.egg-info' (and everything under it)
[1.804s] Copying ../../../build/robot_math/robot_math.egg-info to /home/kodenfly123/ros2_ws/install/robot_math/lib/python3.10/site-packages/robot_math-0.0.0-py3.10.egg-info
[1.805s] running install_scripts
[1.828s] Installing circle_motion_node script to /home/kodenfly123/ros2_ws/install/robot_math/lib/robot_math
[1.828s] Installing go_To_Goal_node script to /home/kodenfly123/ros2_ws/install/robot_math/lib/robot_math
[1.828s] writing list of installed files to '/home/kodenfly123/ros2_ws/build/robot_math/install.log'
[1.896s] Invoked command in '/home/kodenfly123/ros2_ws/src/ros2_learners-main/robot_math' returned '0': PYTHONPATH=/home/kodenfly123/ros2_ws/build/robot_math/prefix_override:/home/kodenfly123/ros2_ws/install/robot_math/lib/python3.10/site-packages:${PYTHONPATH} /usr/bin/python3 -W ignore:setup.py install is deprecated setup.py egg_info --egg-base ../../../build/robot_math build --build-base /home/kodenfly123/ros2_ws/build/robot_math/build install --record /home/kodenfly123/ros2_ws/build/robot_math/install.log --single-version-externally-managed install_data
