[0.249s] Invoking command in '/home/kodenfly123/ros2_ws/build/my_package': CMAKE_PREFIX_PATH=/opt/ros/humble /usr/bin/cmake --build /home/kodenfly123/ros2_ws/build/my_package -- -j8 -l8
[0.747s] [35m[1mConsolidate compiler generated dependencies of target my_node[0m
[0.747s] [100%] Built target my_node
[0.967s] Invoked command in '/home/kodenfly123/ros2_ws/build/my_package' returned '0': CMAKE_PREFIX_PATH=/opt/ros/humble /usr/bin/cmake --build /home/kodenfly123/ros2_ws/build/my_package -- -j8 -l8
[1.009s] Invoking command in '/home/kodenfly123/ros2_ws/build/my_package': CMAKE_PREFIX_PATH=/opt/ros/humble /usr/bin/cmake --install /home/kodenfly123/ros2_ws/build/my_package
[1.020s] -- Install configuration: ""
[1.020s] -- Up-to-date: /home/kodenfly123/ros2_ws/install/my_package/lib/my_package/my_node
[1.020s] -- Up-to-date: /home/kodenfly123/ros2_ws/install/my_package/share/ament_index/resource_index/package_run_dependencies/my_package
[1.020s] -- Up-to-date: /home/kodenfly123/ros2_ws/install/my_package/share/ament_index/resource_index/parent_prefix_path/my_package
[1.020s] -- Up-to-date: /home/kodenfly123/ros2_ws/install/my_package/share/my_package/environment/ament_prefix_path.sh
[1.021s] -- Up-to-date: /home/kodenfly123/ros2_ws/install/my_package/share/my_package/environment/ament_prefix_path.dsv
[1.021s] -- Up-to-date: /home/kodenfly123/ros2_ws/install/my_package/share/my_package/environment/path.sh
[1.021s] -- Up-to-date: /home/kodenfly123/ros2_ws/install/my_package/share/my_package/environment/path.dsv
[1.021s] -- Up-to-date: /home/kodenfly123/ros2_ws/install/my_package/share/my_package/local_setup.bash
[1.021s] -- Up-to-date: /home/kodenfly123/ros2_ws/install/my_package/share/my_package/local_setup.sh
[1.021s] -- Up-to-date: /home/kodenfly123/ros2_ws/install/my_package/share/my_package/local_setup.zsh
[1.021s] -- Up-to-date: /home/kodenfly123/ros2_ws/install/my_package/share/my_package/local_setup.dsv
[1.021s] -- Up-to-date: /home/kodenfly123/ros2_ws/install/my_package/share/my_package/package.dsv
[1.022s] -- Up-to-date: /home/kodenfly123/ros2_ws/install/my_package/share/ament_index/resource_index/packages/my_package
[1.022s] -- Up-to-date: /home/kodenfly123/ros2_ws/install/my_package/share/my_package/cmake/my_packageConfig.cmake
[1.022s] -- Up-to-date: /home/kodenfly123/ros2_ws/install/my_package/share/my_package/cmake/my_packageConfig-version.cmake
[1.022s] -- Up-to-date: /home/kodenfly123/ros2_ws/install/my_package/share/my_package/package.xml
[1.024s] Invoked command in '/home/kodenfly123/ros2_ws/build/my_package' returned '0': CMAKE_PREFIX_PATH=/opt/ros/humble /usr/bin/cmake --install /home/kodenfly123/ros2_ws/build/my_package
