[0.334s] Invoking command in '/home/kodenfly123/ros2_ws/build/km_183437_minipr': /usr/bin/cmake /home/kodenfly123/ros2_ws/src/Path-planning-of-Two-wheel-robot-in-ROS-master -DCATKIN_INSTALL_INTO_PREFIX_ROOT=0 -DCMAKE_INSTALL_PREFIX=/home/kodenfly123/ros2_ws/install/km_183437_minipr
[0.658s] [0mCMake Deprecation Warning at CMakeLists.txt:1 (cmake_minimum_required):
[0.658s]   Compatibility with CMake < 2.8.12 will be removed from a future version of
[0.658s]   CMake.
[0.658s] 
[0.658s]   Update the VERSION argument <min> value or use a ...<max> suffix to tell
[0.658s]   CMake that the project does not need compatibility with older versions.
[0.658s] 
[0.658s] [0m
[0.658s] [31mCMake Error at CMakeLists.txt:10 (find_package):
[0.659s]   By not providing "Findcatkin.cmake" in CMAKE_MODULE_PATH this project has
[0.659s]   asked CMake to find a package configuration file provided by "catkin", but
[0.659s]   CMake did not find one.
[0.659s] 
[0.659s]   Could not find a package configuration file provided by "catkin" with any
[0.659s]   of the following names:
[0.659s] 
[0.659s]     catkinConfig.cmake
[0.659s]     catkin-config.cmake
[0.659s] 
[0.659s]   Add the installation prefix of "catkin" to CMAKE_PREFIX_PATH or set
[0.659s]   "catkin_DIR" to a directory containing one of the above files.  If "catkin"
[0.659s]   provides a separate development package or SDK, be sure it has been
[0.659s]   installed.
[0.659s] 
[0.659s] [0m
[0.660s] -- Configuring incomplete, errors occurred!
[0.660s] See also "/home/kodenfly123/ros2_ws/build/km_183437_minipr/CMakeFiles/CMakeOutput.log".
[0.664s] Invoked command in '/home/kodenfly123/ros2_ws/build/km_183437_minipr' returned '1': /usr/bin/cmake /home/kodenfly123/ros2_ws/src/Path-planning-of-Two-wheel-robot-in-ROS-master -DCATKIN_INSTALL_INTO_PREFIX_ROOT=0 -DCMAKE_INSTALL_PREFIX=/home/kodenfly123/ros2_ws/install/km_183437_minipr
