[1.877s] Invoking command in '/home/kodenfly123/ros2_ws/src/Follow_me_algorithm-main/shin_detector': PYTHONPATH=/home/kodenfly123/ros2_ws/src/Follow_me_algorithm-main/build/shin_detector/prefix_override:/home/kodenfly123/ros2_ws/src/Follow_me_algorithm-main/install/shin_detector/lib/python3.10/site-packages:${PYTHONPATH} /usr/bin/python3 -W ignore:setup.py install is deprecated setup.py egg_info --egg-base ../build/shin_detector build --build-base /home/kodenfly123/ros2_ws/src/Follow_me_algorithm-main/build/shin_detector/build install --record /home/kodenfly123/ros2_ws/src/Follow_me_algorithm-main/build/shin_detector/install.log --install-scripts $base/lib/shin_detector --single-version-externally-managed install_data
[2.210s] /usr/lib/python3/dist-packages/setuptools/dist.py:723: UserWarning: Usage of dash-separated 'script-dir' will not be supported in future versions. Please use the underscore name 'script_dir' instead
[2.211s]   warnings.warn(
[2.228s] running egg_info
[2.230s] writing ../build/shin_detector/shin_detector.egg-info/PKG-INFO
[2.231s] writing dependency_links to ../build/shin_detector/shin_detector.egg-info/dependency_links.txt
[2.232s] writing entry points to ../build/shin_detector/shin_detector.egg-info/entry_points.txt
[2.233s] writing requirements to ../build/shin_detector/shin_detector.egg-info/requires.txt
[2.234s] writing top-level names to ../build/shin_detector/shin_detector.egg-info/top_level.txt
[2.237s] reading manifest file '../build/shin_detector/shin_detector.egg-info/SOURCES.txt'
[2.238s] writing manifest file '../build/shin_detector/shin_detector.egg-info/SOURCES.txt'
[2.239s] running build
[2.240s] running build_py
[2.241s] running install
[2.242s] running install_lib
[2.243s] running install_data
[2.243s] running install_egg_info
[2.249s] removing '/home/kodenfly123/ros2_ws/src/Follow_me_algorithm-main/install/shin_detector/lib/python3.10/site-packages/shin_detector-0.0.0-py3.10.egg-info' (and everything under it)
[2.249s] Copying ../build/shin_detector/shin_detector.egg-info to /home/kodenfly123/ros2_ws/src/Follow_me_algorithm-main/install/shin_detector/lib/python3.10/site-packages/shin_detector-0.0.0-py3.10.egg-info
[2.249s] running install_scripts
[2.283s] Installing talker script to /home/kodenfly123/ros2_ws/src/Follow_me_algorithm-main/install/shin_detector/lib/shin_detector
[2.284s] writing list of installed files to '/home/kodenfly123/ros2_ws/src/Follow_me_algorithm-main/build/shin_detector/install.log'
[2.357s] Invoked command in '/home/kodenfly123/ros2_ws/src/Follow_me_algorithm-main/shin_detector' returned '0': PYTHONPATH=/home/kodenfly123/ros2_ws/src/Follow_me_algorithm-main/build/shin_detector/prefix_override:/home/kodenfly123/ros2_ws/src/Follow_me_algorithm-main/install/shin_detector/lib/python3.10/site-packages:${PYTHONPATH} /usr/bin/python3 -W ignore:setup.py install is deprecated setup.py egg_info --egg-base ../build/shin_detector build --build-base /home/kodenfly123/ros2_ws/src/Follow_me_algorithm-main/build/shin_detector/build install --record /home/kodenfly123/ros2_ws/src/Follow_me_algorithm-main/build/shin_detector/install.log --install-scripts $base/lib/shin_detector --single-version-externally-managed install_data
