/home/kodenfly123/ros2_ws/install/lidar_reg/lib/python3.10/site-packages/lidar_reg/subscriber.py
/home/kodenfly123/ros2_ws/install/lidar_reg/lib/python3.10/site-packages/lidar_reg/waypoint.py
/home/kodenfly123/ros2_ws/install/lidar_reg/lib/python3.10/site-packages/lidar_reg/__init__.py
/home/kodenfly123/ros2_ws/install/lidar_reg/lib/python3.10/site-packages/lidar_reg/Publisher.py
/home/kodenfly123/ros2_ws/install/lidar_reg/lib/python3.10/site-packages/lidar_reg/__pycache__/subscriber.cpython-310.pyc
/home/kodenfly123/ros2_ws/install/lidar_reg/lib/python3.10/site-packages/lidar_reg/__pycache__/waypoint.cpython-310.pyc
/home/kodenfly123/ros2_ws/install/lidar_reg/lib/python3.10/site-packages/lidar_reg/__pycache__/__init__.cpython-310.pyc
/home/kodenfly123/ros2_ws/install/lidar_reg/lib/python3.10/site-packages/lidar_reg/__pycache__/Publisher.cpython-310.pyc
/home/kodenfly123/ros2_ws/install/lidar_reg/share/ament_index/resource_index/packages/lidar_reg
/home/kodenfly123/ros2_ws/install/lidar_reg/share/lidar_reg/package.xml
/home/kodenfly123/ros2_ws/install/lidar_reg/lib/python3.10/site-packages/lidar_reg-0.0.0-py3.10.egg-info/requires.txt
/home/kodenfly123/ros2_ws/install/lidar_reg/lib/python3.10/site-packages/lidar_reg-0.0.0-py3.10.egg-info/zip-safe
/home/kodenfly123/ros2_ws/install/lidar_reg/lib/python3.10/site-packages/lidar_reg-0.0.0-py3.10.egg-info/dependency_links.txt
/home/kodenfly123/ros2_ws/install/lidar_reg/lib/python3.10/site-packages/lidar_reg-0.0.0-py3.10.egg-info/top_level.txt
/home/kodenfly123/ros2_ws/install/lidar_reg/lib/python3.10/site-packages/lidar_reg-0.0.0-py3.10.egg-info/SOURCES.txt
/home/kodenfly123/ros2_ws/install/lidar_reg/lib/python3.10/site-packages/lidar_reg-0.0.0-py3.10.egg-info/PKG-INFO
/home/kodenfly123/ros2_ws/install/lidar_reg/lib/python3.10/site-packages/lidar_reg-0.0.0-py3.10.egg-info/entry_points.txt
/home/kodenfly123/ros2_ws/install/lidar_reg/lib/lidar_reg/pub
/home/kodenfly123/ros2_ws/install/lidar_reg/lib/lidar_reg/sub
/home/kodenfly123/ros2_ws/install/lidar_reg/lib/lidar_reg/waypoint
