[0.719s] Invoking command in '/home/kodenfly123/ros2_ws/src/py_pubsub': PYTHONPATH=/home/kodenfly123/ros2_ws/build/py_pubsub/prefix_override:/home/kodenfly123/ros2_ws/install/py_pubsub/lib/python3.10/site-packages:${PYTHONPATH} /usr/bin/python3 -W ignore:setup.py install is deprecated setup.py egg_info --egg-base ../../build/py_pubsub build --build-base /home/kodenfly123/ros2_ws/build/py_pubsub/build install --record /home/kodenfly123/ros2_ws/build/py_pubsub/install.log --single-version-externally-managed install_data
[0.914s] running egg_info
[0.914s] writing ../../build/py_pubsub/py_pubsub.egg-info/PKG-INFO
[0.914s] writing dependency_links to ../../build/py_pubsub/py_pubsub.egg-info/dependency_links.txt
[0.914s] writing entry points to ../../build/py_pubsub/py_pubsub.egg-info/entry_points.txt
[0.915s] writing requirements to ../../build/py_pubsub/py_pubsub.egg-info/requires.txt
[0.915s] writing top-level names to ../../build/py_pubsub/py_pubsub.egg-info/top_level.txt
[0.916s] reading manifest file '../../build/py_pubsub/py_pubsub.egg-info/SOURCES.txt'
[0.916s] adding license file 'LICENSE'
[0.917s] writing manifest file '../../build/py_pubsub/py_pubsub.egg-info/SOURCES.txt'
[0.917s] running build
[0.917s] running build_py
[0.917s] running install
[0.918s] running install_lib
[0.919s] running install_data
[0.919s] running install_egg_info
[0.921s] removing '/home/kodenfly123/ros2_ws/install/py_pubsub/lib/python3.10/site-packages/py_pubsub-0.0.0-py3.10.egg-info' (and everything under it)
[0.921s] Copying ../../build/py_pubsub/py_pubsub.egg-info to /home/kodenfly123/ros2_ws/install/py_pubsub/lib/python3.10/site-packages/py_pubsub-0.0.0-py3.10.egg-info
[0.922s] running install_scripts
[0.940s] Installing listener script to /home/kodenfly123/ros2_ws/install/py_pubsub/lib/py_pubsub
[0.940s] Installing talker script to /home/kodenfly123/ros2_ws/install/py_pubsub/lib/py_pubsub
[0.940s] writing list of installed files to '/home/kodenfly123/ros2_ws/build/py_pubsub/install.log'
[0.972s] Invoked command in '/home/kodenfly123/ros2_ws/src/py_pubsub' returned '0': PYTHONPATH=/home/kodenfly123/ros2_ws/build/py_pubsub/prefix_override:/home/kodenfly123/ros2_ws/install/py_pubsub/lib/python3.10/site-packages:${PYTHONPATH} /usr/bin/python3 -W ignore:setup.py install is deprecated setup.py egg_info --egg-base ../../build/py_pubsub build --build-base /home/kodenfly123/ros2_ws/build/py_pubsub/build install --record /home/kodenfly123/ros2_ws/build/py_pubsub/install.log --single-version-externally-managed install_data
