running egg_info
writing ../../build/vision_model_package/vision_model_package.egg-info/PKG-INFO
writing dependency_links to ../../build/vision_model_package/vision_model_package.egg-info/dependency_links.txt
writing entry points to ../../build/vision_model_package/vision_model_package.egg-info/entry_points.txt
writing requirements to ../../build/vision_model_package/vision_model_package.egg-info/requires.txt
writing top-level names to ../../build/vision_model_package/vision_model_package.egg-info/top_level.txt
reading manifest file '../../build/vision_model_package/vision_model_package.egg-info/SOURCES.txt'
writing manifest file '../../build/vision_model_package/vision_model_package.egg-info/SOURCES.txt'
running build
running build_py
copying vision_model_package/XYZSubscriber.py -> /home/kodenfly123/ros2_ws/build/vision_model_package/build/lib/vision_model_package
running install
running install_lib
copying /home/kodenfly123/ros2_ws/build/vision_model_package/build/lib/vision_model_package/XYZSubscriber.py -> /home/kodenfly123/ros2_ws/install/vision_model_package/lib/python3.10/site-packages/vision_model_package
byte-compiling /home/kodenfly123/ros2_ws/install/vision_model_package/lib/python3.10/site-packages/vision_model_package/XYZSubscriber.py to XYZSubscriber.cpython-310.pyc
running install_data
running install_egg_info
removing '/home/kodenfly123/ros2_ws/install/vision_model_package/lib/python3.10/site-packages/vision_model_package-0.0.0-py3.10.egg-info' (and everything under it)
Copying ../../build/vision_model_package/vision_model_package.egg-info to /home/kodenfly123/ros2_ws/install/vision_model_package/lib/python3.10/site-packages/vision_model_package-0.0.0-py3.10.egg-info
running install_scripts
Installing project_main_script script to /home/kodenfly123/ros2_ws/install/vision_model_package/lib/vision_model_package
Installing xyz_subscriber script to /home/kodenfly123/ros2_ws/install/vision_model_package/lib/vision_model_package
writing list of installed files to '/home/kodenfly123/ros2_ws/build/vision_model_package/install.log'
