[0.484s] Invoking command in '/home/kodenfly123/ros2_ws/build/nodes': CMAKE_PREFIX_PATH=${CMAKE_PREFIX_PATH}:/home/kodenfly123/ros2_ws/src/install/shin_detector:/home/kodenfly123/ros2_ws/src/install/robot_math:/home/kodenfly123/ros2_ws/src/install/regulation_vel:/home/kodenfly123/ros2_ws/src/install/regulation_ang:/home/kodenfly123/ros2_ws/src/install/py_pubsub:/home/kodenfly123/ros2_ws/src/install/py_coordinate:/home/kodenfly123/ros2_ws/src/install/lidar_reg:/home/kodenfly123/ros2_ws/src/install/coordinate_package:/opt/ros/humble /usr/bin/cmake /home/kodenfly123/ros2_ws/src/ros2_learners-main/nodes -DCMAKE_INSTALL_PREFIX=/home/kodenfly123/ros2_ws/install/nodes
[0.886s] -- The C compiler identification is GNU 11.4.0
[0.886s] -- The CXX compiler identification is GNU 11.4.0
[0.887s] -- Detecting C compiler ABI info
[0.887s] -- Detecting C compiler ABI info - done
[0.887s] -- Check for working C compiler: /usr/bin/cc - skipped
[0.887s] -- Detecting C compile features
[0.887s] -- Detecting C compile features - done
[0.887s] -- Detecting CXX compiler ABI info
[0.887s] -- Detecting CXX compiler ABI info - done
[0.887s] -- Check for working CXX compiler: /usr/bin/c++ - skipped
[0.887s] -- Detecting CXX compile features
[0.888s] -- Detecting CXX compile features - done
[0.888s] -- Found ament_cmake: 1.3.8 (/opt/ros/humble/share/ament_cmake/cmake)
[1.107s] -- Found Python3: /usr/bin/python3 (found version "3.10.12") found components: Interpreter 
[1.233s] -- Found rclcpp: 16.0.8 (/opt/ros/humble/share/rclcpp/cmake)
[1.305s] -- Found rosidl_generator_c: 3.1.5 (/opt/ros/humble/share/rosidl_generator_c/cmake)
[1.316s] -- Found rosidl_adapter: 3.1.5 (/opt/ros/humble/share/rosidl_adapter/cmake)
[1.339s] -- Found rosidl_generator_cpp: 3.1.5 (/opt/ros/humble/share/rosidl_generator_cpp/cmake)
[1.369s] -- Using all available rosidl_typesupport_c: rosidl_typesupport_fastrtps_c;rosidl_typesupport_introspection_c
[1.421s] -- Using all available rosidl_typesupport_cpp: rosidl_typesupport_fastrtps_cpp;rosidl_typesupport_introspection_cpp
[1.573s] -- Found rmw_implementation_cmake: 6.1.1 (/opt/ros/humble/share/rmw_implementation_cmake/cmake)
[1.579s] -- Found rmw_cyclonedds_cpp: 1.3.4 (/opt/ros/humble/share/rmw_cyclonedds_cpp/cmake)
[1.648s] -- Using RMW implementation 'rmw_cyclonedds_cpp' as default
[1.661s] -- Looking for pthread.h
[1.789s] -- Looking for pthread.h - found
[1.789s] -- Performing Test CMAKE_HAVE_LIBC_PTHREAD
[1.901s] -- Performing Test CMAKE_HAVE_LIBC_PTHREAD - Success
[1.903s] -- Found Threads: TRUE  
[2.142s] -- Found sensor_msgs: 4.2.3 (/opt/ros/humble/share/sensor_msgs/cmake)
[2.428s] -- Found ament_lint_auto: 0.12.10 (/opt/ros/humble/share/ament_lint_auto/cmake)
[2.583s] -- Added test 'cppcheck' to perform static code analysis on C / C++ code
[2.583s] -- Configured cppcheck include dirs: 
[2.584s] -- Configured cppcheck exclude dirs and/or files: 
[2.586s] -- Added test 'flake8' to check Python code syntax and style conventions
[2.588s] -- Added test 'lint_cmake' to check CMake code style
[2.590s] -- Added test 'pep257' to check Python code against some of the docstring style conventions in PEP 257
[2.593s] -- Added test 'uncrustify' to check C / C++ code style
[2.593s] -- Configured uncrustify additional arguments: 
[2.595s] -- Added test 'xmllint' to check XML markup files
[2.599s] -- Configuring done
[2.631s] -- Generating done
[2.635s] -- Build files have been written to: /home/kodenfly123/ros2_ws/build/nodes
[2.655s] Invoked command in '/home/kodenfly123/ros2_ws/build/nodes' returned '0': CMAKE_PREFIX_PATH=${CMAKE_PREFIX_PATH}:/home/kodenfly123/ros2_ws/src/install/shin_detector:/home/kodenfly123/ros2_ws/src/install/robot_math:/home/kodenfly123/ros2_ws/src/install/regulation_vel:/home/kodenfly123/ros2_ws/src/install/regulation_ang:/home/kodenfly123/ros2_ws/src/install/py_pubsub:/home/kodenfly123/ros2_ws/src/install/py_coordinate:/home/kodenfly123/ros2_ws/src/install/lidar_reg:/home/kodenfly123/ros2_ws/src/install/coordinate_package:/opt/ros/humble /usr/bin/cmake /home/kodenfly123/ros2_ws/src/ros2_learners-main/nodes -DCMAKE_INSTALL_PREFIX=/home/kodenfly123/ros2_ws/install/nodes
[2.656s] Invoking command in '/home/kodenfly123/ros2_ws/build/nodes': CMAKE_PREFIX_PATH=${CMAKE_PREFIX_PATH}:/home/kodenfly123/ros2_ws/src/install/shin_detector:/home/kodenfly123/ros2_ws/src/install/robot_math:/home/kodenfly123/ros2_ws/src/install/regulation_vel:/home/kodenfly123/ros2_ws/src/install/regulation_ang:/home/kodenfly123/ros2_ws/src/install/py_pubsub:/home/kodenfly123/ros2_ws/src/install/py_coordinate:/home/kodenfly123/ros2_ws/src/install/lidar_reg:/home/kodenfly123/ros2_ws/src/install/coordinate_package:/opt/ros/humble /usr/bin/cmake --build /home/kodenfly123/ros2_ws/build/nodes -- -j8 -l8
[2.760s] [ 16%] [32mBuilding CXX object CMakeFiles/laser_pub.dir/src/laser_publisher.cpp.o[0m
[2.774s] [ 33%] [32mBuilding CXX object CMakeFiles/pub_node.dir/src/publisher.cpp.o[0m
[2.790s] [ 50%] [32mBuilding CXX object CMakeFiles/sub_node.dir/src/subscriber.cpp.o[0m
[11.972s] [ 66%] [32m[1mLinking CXX executable laser_pub[0m
[12.479s] [ 66%] Built target laser_pub
[13.092s] [ 83%] [32m[1mLinking CXX executable pub_node[0m
[13.827s] [ 83%] Built target pub_node
[24.155s] [100%] [32m[1mLinking CXX executable sub_node[0m
[24.941s] [100%] Built target sub_node
[24.955s] Invoked command in '/home/kodenfly123/ros2_ws/build/nodes' returned '0': CMAKE_PREFIX_PATH=${CMAKE_PREFIX_PATH}:/home/kodenfly123/ros2_ws/src/install/shin_detector:/home/kodenfly123/ros2_ws/src/install/robot_math:/home/kodenfly123/ros2_ws/src/install/regulation_vel:/home/kodenfly123/ros2_ws/src/install/regulation_ang:/home/kodenfly123/ros2_ws/src/install/py_pubsub:/home/kodenfly123/ros2_ws/src/install/py_coordinate:/home/kodenfly123/ros2_ws/src/install/lidar_reg:/home/kodenfly123/ros2_ws/src/install/coordinate_package:/opt/ros/humble /usr/bin/cmake --build /home/kodenfly123/ros2_ws/build/nodes -- -j8 -l8
[24.997s] Invoking command in '/home/kodenfly123/ros2_ws/build/nodes': CMAKE_PREFIX_PATH=${CMAKE_PREFIX_PATH}:/home/kodenfly123/ros2_ws/src/install/shin_detector:/home/kodenfly123/ros2_ws/src/install/robot_math:/home/kodenfly123/ros2_ws/src/install/regulation_vel:/home/kodenfly123/ros2_ws/src/install/regulation_ang:/home/kodenfly123/ros2_ws/src/install/py_pubsub:/home/kodenfly123/ros2_ws/src/install/py_coordinate:/home/kodenfly123/ros2_ws/src/install/lidar_reg:/home/kodenfly123/ros2_ws/src/install/coordinate_package:/opt/ros/humble /usr/bin/cmake --install /home/kodenfly123/ros2_ws/build/nodes
[25.007s] -- Install configuration: ""
[25.007s] -- Installing: /home/kodenfly123/ros2_ws/install/nodes/lib/nodes/pub_node
[25.008s] -- Set runtime path of "/home/kodenfly123/ros2_ws/install/nodes/lib/nodes/pub_node" to ""
[25.009s] -- Installing: /home/kodenfly123/ros2_ws/install/nodes/lib/nodes/sub_node
[25.014s] -- Set runtime path of "/home/kodenfly123/ros2_ws/install/nodes/lib/nodes/sub_node" to ""
[25.014s] -- Installing: /home/kodenfly123/ros2_ws/install/nodes/lib/nodes/laser_pub
[25.015s] -- Set runtime path of "/home/kodenfly123/ros2_ws/install/nodes/lib/nodes/laser_pub" to ""
[25.015s] -- Installing: /home/kodenfly123/ros2_ws/install/nodes/share/ament_index/resource_index/package_run_dependencies/nodes
[25.015s] -- Installing: /home/kodenfly123/ros2_ws/install/nodes/share/ament_index/resource_index/parent_prefix_path/nodes
[25.016s] -- Installing: /home/kodenfly123/ros2_ws/install/nodes/share/nodes/environment/ament_prefix_path.sh
[25.016s] -- Installing: /home/kodenfly123/ros2_ws/install/nodes/share/nodes/environment/ament_prefix_path.dsv
[25.016s] -- Installing: /home/kodenfly123/ros2_ws/install/nodes/share/nodes/environment/path.sh
[25.016s] -- Installing: /home/kodenfly123/ros2_ws/install/nodes/share/nodes/environment/path.dsv
[25.016s] -- Installing: /home/kodenfly123/ros2_ws/install/nodes/share/nodes/local_setup.bash
[25.016s] -- Installing: /home/kodenfly123/ros2_ws/install/nodes/share/nodes/local_setup.sh
[25.017s] -- Installing: /home/kodenfly123/ros2_ws/install/nodes/share/nodes/local_setup.zsh
[25.017s] -- Installing: /home/kodenfly123/ros2_ws/install/nodes/share/nodes/local_setup.dsv
[25.017s] -- Installing: /home/kodenfly123/ros2_ws/install/nodes/share/nodes/package.dsv
[25.017s] -- Installing: /home/kodenfly123/ros2_ws/install/nodes/share/ament_index/resource_index/packages/nodes
[25.017s] -- Installing: /home/kodenfly123/ros2_ws/install/nodes/share/nodes/cmake/nodesConfig.cmake
[25.017s] -- Installing: /home/kodenfly123/ros2_ws/install/nodes/share/nodes/cmake/nodesConfig-version.cmake
[25.017s] -- Installing: /home/kodenfly123/ros2_ws/install/nodes/share/nodes/package.xml
[25.020s] Invoked command in '/home/kodenfly123/ros2_ws/build/nodes' returned '0': CMAKE_PREFIX_PATH=${CMAKE_PREFIX_PATH}:/home/kodenfly123/ros2_ws/src/install/shin_detector:/home/kodenfly123/ros2_ws/src/install/robot_math:/home/kodenfly123/ros2_ws/src/install/regulation_vel:/home/kodenfly123/ros2_ws/src/install/regulation_ang:/home/kodenfly123/ros2_ws/src/install/py_pubsub:/home/kodenfly123/ros2_ws/src/install/py_coordinate:/home/kodenfly123/ros2_ws/src/install/lidar_reg:/home/kodenfly123/ros2_ws/src/install/coordinate_package:/opt/ros/humble /usr/bin/cmake --install /home/kodenfly123/ros2_ws/build/nodes
