running egg_info
creating ../../build/py_coordinate/py_coordinate.egg-info
writing ../../build/py_coordinate/py_coordinate.egg-info/PKG-INFO
writing dependency_links to ../../build/py_coordinate/py_coordinate.egg-info/dependency_links.txt
writing entry points to ../../build/py_coordinate/py_coordinate.egg-info/entry_points.txt
writing requirements to ../../build/py_coordinate/py_coordinate.egg-info/requires.txt
writing top-level names to ../../build/py_coordinate/py_coordinate.egg-info/top_level.txt
writing manifest file '../../build/py_coordinate/py_coordinate.egg-info/SOURCES.txt'
reading manifest file '../../build/py_coordinate/py_coordinate.egg-info/SOURCES.txt'
adding license file 'LICENSE'
writing manifest file '../../build/py_coordinate/py_coordinate.egg-info/SOURCES.txt'
running build
running build_py
creating /home/kodenfly123/ros2_ws/build/py_coordinate/build
creating /home/kodenfly123/ros2_ws/build/py_coordinate/build/lib
creating /home/kodenfly123/ros2_ws/build/py_coordinate/build/lib/py_coordinate
copying py_coordinate/2D_pub.py -> /home/kodenfly123/ros2_ws/build/py_coordinate/build/lib/py_coordinate
copying py_coordinate/turtle_control.py -> /home/kodenfly123/ros2_ws/build/py_coordinate/build/lib/py_coordinate
copying py_coordinate/2D_sub.py -> /home/kodenfly123/ros2_ws/build/py_coordinate/build/lib/py_coordinate
copying py_coordinate/__init__.py -> /home/kodenfly123/ros2_ws/build/py_coordinate/build/lib/py_coordinate
running install
running install_lib
creating /home/kodenfly123/ros2_ws/install/py_coordinate/lib/python3.10/site-packages/py_coordinate
copying /home/kodenfly123/ros2_ws/build/py_coordinate/build/lib/py_coordinate/2D_pub.py -> /home/kodenfly123/ros2_ws/install/py_coordinate/lib/python3.10/site-packages/py_coordinate
copying /home/kodenfly123/ros2_ws/build/py_coordinate/build/lib/py_coordinate/turtle_control.py -> /home/kodenfly123/ros2_ws/install/py_coordinate/lib/python3.10/site-packages/py_coordinate
copying /home/kodenfly123/ros2_ws/build/py_coordinate/build/lib/py_coordinate/2D_sub.py -> /home/kodenfly123/ros2_ws/install/py_coordinate/lib/python3.10/site-packages/py_coordinate
copying /home/kodenfly123/ros2_ws/build/py_coordinate/build/lib/py_coordinate/__init__.py -> /home/kodenfly123/ros2_ws/install/py_coordinate/lib/python3.10/site-packages/py_coordinate
byte-compiling /home/kodenfly123/ros2_ws/install/py_coordinate/lib/python3.10/site-packages/py_coordinate/2D_pub.py to 2D_pub.cpython-310.pyc
byte-compiling /home/kodenfly123/ros2_ws/install/py_coordinate/lib/python3.10/site-packages/py_coordinate/turtle_control.py to turtle_control.cpython-310.pyc
byte-compiling /home/kodenfly123/ros2_ws/install/py_coordinate/lib/python3.10/site-packages/py_coordinate/2D_sub.py to 2D_sub.cpython-310.pyc
byte-compiling /home/kodenfly123/ros2_ws/install/py_coordinate/lib/python3.10/site-packages/py_coordinate/__init__.py to __init__.cpython-310.pyc
running install_data
creating /home/kodenfly123/ros2_ws/install/py_coordinate/share/ament_index
creating /home/kodenfly123/ros2_ws/install/py_coordinate/share/ament_index/resource_index
creating /home/kodenfly123/ros2_ws/install/py_coordinate/share/ament_index/resource_index/packages
copying resource/py_coordinate -> /home/kodenfly123/ros2_ws/install/py_coordinate/share/ament_index/resource_index/packages
copying package.xml -> /home/kodenfly123/ros2_ws/install/py_coordinate/share/py_coordinate
running install_egg_info
Copying ../../build/py_coordinate/py_coordinate.egg-info to /home/kodenfly123/ros2_ws/install/py_coordinate/lib/python3.10/site-packages/py_coordinate-0.0.0-py3.10.egg-info
running install_scripts
writing list of installed files to '/home/kodenfly123/ros2_ws/build/py_coordinate/install.log'
