[1.782s] Invoking command in '/home/kodenfly123/ros2_ws/src/vision_model_package': PYTHONPATH=/home/kodenfly123/ros2_ws/build/vision_model_package/prefix_override:/home/kodenfly123/ros2_ws/install/vision_model_package/lib/python3.10/site-packages:${PYTHONPATH} /usr/bin/python3 -W ignore:setup.py install is deprecated setup.py egg_info --egg-base ../../build/vision_model_package build --build-base /home/kodenfly123/ros2_ws/build/vision_model_package/build install --record /home/kodenfly123/ros2_ws/build/vision_model_package/install.log --single-version-externally-managed install_data
[2.056s] running egg_info
[2.057s] writing ../../build/vision_model_package/vision_model_package.egg-info/PKG-INFO
[2.057s] writing dependency_links to ../../build/vision_model_package/vision_model_package.egg-info/dependency_links.txt
[2.057s] writing entry points to ../../build/vision_model_package/vision_model_package.egg-info/entry_points.txt
[2.057s] writing requirements to ../../build/vision_model_package/vision_model_package.egg-info/requires.txt
[2.057s] writing top-level names to ../../build/vision_model_package/vision_model_package.egg-info/top_level.txt
[2.060s] reading manifest file '../../build/vision_model_package/vision_model_package.egg-info/SOURCES.txt'
[2.061s] writing manifest file '../../build/vision_model_package/vision_model_package.egg-info/SOURCES.txt'
[2.061s] running build
[2.061s] running build_py
[2.062s] running install
[2.062s] running install_lib
[2.064s] running install_data
[2.065s] running install_egg_info
[2.067s] removing '/home/kodenfly123/ros2_ws/install/vision_model_package/lib/python3.10/site-packages/vision_model_package-0.0.0-py3.10.egg-info' (and everything under it)
[2.068s] Copying ../../build/vision_model_package/vision_model_package.egg-info to /home/kodenfly123/ros2_ws/install/vision_model_package/lib/python3.10/site-packages/vision_model_package-0.0.0-py3.10.egg-info
[2.069s] running install_scripts
[2.090s] Installing project_main_script script to /home/kodenfly123/ros2_ws/install/vision_model_package/lib/vision_model_package
[2.091s] Installing xyz_subscriber script to /home/kodenfly123/ros2_ws/install/vision_model_package/lib/vision_model_package
[2.091s] writing list of installed files to '/home/kodenfly123/ros2_ws/build/vision_model_package/install.log'
[2.139s] Invoked command in '/home/kodenfly123/ros2_ws/src/vision_model_package' returned '0': PYTHONPATH=/home/kodenfly123/ros2_ws/build/vision_model_package/prefix_override:/home/kodenfly123/ros2_ws/install/vision_model_package/lib/python3.10/site-packages:${PYTHONPATH} /usr/bin/python3 -W ignore:setup.py install is deprecated setup.py egg_info --egg-base ../../build/vision_model_package build --build-base /home/kodenfly123/ros2_ws/build/vision_model_package/build install --record /home/kodenfly123/ros2_ws/build/vision_model_package/install.log --single-version-externally-managed install_data
