/usr/lib/python3/dist-packages/setuptools/dist.py:723: UserWarning: Usage of dash-separated 'script-dir' will not be supported in future versions. Please use the underscore name 'script_dir' instead
  warnings.warn(
running egg_info
creating ../../../build/regulation_vel/regulation_vel.egg-info
writing ../../../build/regulation_vel/regulation_vel.egg-info/PKG-INFO
writing dependency_links to ../../../build/regulation_vel/regulation_vel.egg-info/dependency_links.txt
writing entry points to ../../../build/regulation_vel/regulation_vel.egg-info/entry_points.txt
writing requirements to ../../../build/regulation_vel/regulation_vel.egg-info/requires.txt
writing top-level names to ../../../build/regulation_vel/regulation_vel.egg-info/top_level.txt
writing manifest file '../../../build/regulation_vel/regulation_vel.egg-info/SOURCES.txt'
reading manifest file '../../../build/regulation_vel/regulation_vel.egg-info/SOURCES.txt'
writing manifest file '../../../build/regulation_vel/regulation_vel.egg-info/SOURCES.txt'
running build
running build_py
creating /home/kodenfly123/ros2_ws/build/regulation_vel/build
creating /home/kodenfly123/ros2_ws/build/regulation_vel/build/lib
creating /home/kodenfly123/ros2_ws/build/regulation_vel/build/lib/regulation_vel
copying regulation_vel/reg_vel.py -> /home/kodenfly123/ros2_ws/build/regulation_vel/build/lib/regulation_vel
copying regulation_vel/__init__.py -> /home/kodenfly123/ros2_ws/build/regulation_vel/build/lib/regulation_vel
running install
running install_lib
creating /home/kodenfly123/ros2_ws/install/regulation_vel/lib/python3.10/site-packages/regulation_vel
copying /home/kodenfly123/ros2_ws/build/regulation_vel/build/lib/regulation_vel/reg_vel.py -> /home/kodenfly123/ros2_ws/install/regulation_vel/lib/python3.10/site-packages/regulation_vel
copying /home/kodenfly123/ros2_ws/build/regulation_vel/build/lib/regulation_vel/__init__.py -> /home/kodenfly123/ros2_ws/install/regulation_vel/lib/python3.10/site-packages/regulation_vel
byte-compiling /home/kodenfly123/ros2_ws/install/regulation_vel/lib/python3.10/site-packages/regulation_vel/reg_vel.py to reg_vel.cpython-310.pyc
byte-compiling /home/kodenfly123/ros2_ws/install/regulation_vel/lib/python3.10/site-packages/regulation_vel/__init__.py to __init__.cpython-310.pyc
running install_data
creating /home/kodenfly123/ros2_ws/install/regulation_vel/share/ament_index
creating /home/kodenfly123/ros2_ws/install/regulation_vel/share/ament_index/resource_index
creating /home/kodenfly123/ros2_ws/install/regulation_vel/share/ament_index/resource_index/packages
copying resource/regulation_vel -> /home/kodenfly123/ros2_ws/install/regulation_vel/share/ament_index/resource_index/packages
copying package.xml -> /home/kodenfly123/ros2_ws/install/regulation_vel/share/regulation_vel
running install_egg_info
Copying ../../../build/regulation_vel/regulation_vel.egg-info to /home/kodenfly123/ros2_ws/install/regulation_vel/lib/python3.10/site-packages/regulation_vel-0.0.0-py3.10.egg-info
running install_scripts
Installing reg_vel script to /home/kodenfly123/ros2_ws/install/regulation_vel/lib/regulation_vel
writing list of installed files to '/home/kodenfly123/ros2_ws/build/regulation_vel/install.log'
