[2.510s] Invoking command in '/home/kodenfly123/ros2_ws/src/Follow_me_algorithm-main/regulation_vel': PYTHONPATH=/home/kodenfly123/ros2_ws/build/regulation_vel/prefix_override:/home/kodenfly123/ros2_ws/install/regulation_vel/lib/python3.10/site-packages:${PYTHONPATH} /usr/bin/python3 -W ignore:setup.py install is deprecated setup.py egg_info --egg-base ../../../build/regulation_vel build --build-base /home/kodenfly123/ros2_ws/build/regulation_vel/build install --record /home/kodenfly123/ros2_ws/build/regulation_vel/install.log --install-scripts $base/lib/regulation_vel --single-version-externally-managed install_data
[3.027s] /usr/lib/python3/dist-packages/setuptools/dist.py:723: UserWarning: Usage of dash-separated 'script-dir' will not be supported in future versions. Please use the underscore name 'script_dir' instead
[3.027s]   warnings.warn(
[3.045s] running egg_info
[3.047s] creating ../../../build/regulation_vel/regulation_vel.egg-info
[3.048s] writing ../../../build/regulation_vel/regulation_vel.egg-info/PKG-INFO
[3.048s] writing dependency_links to ../../../build/regulation_vel/regulation_vel.egg-info/dependency_links.txt
[3.049s] writing entry points to ../../../build/regulation_vel/regulation_vel.egg-info/entry_points.txt
[3.049s] writing requirements to ../../../build/regulation_vel/regulation_vel.egg-info/requires.txt
[3.049s] writing top-level names to ../../../build/regulation_vel/regulation_vel.egg-info/top_level.txt
[3.050s] writing manifest file '../../../build/regulation_vel/regulation_vel.egg-info/SOURCES.txt'
[3.053s] reading manifest file '../../../build/regulation_vel/regulation_vel.egg-info/SOURCES.txt'
[3.055s] writing manifest file '../../../build/regulation_vel/regulation_vel.egg-info/SOURCES.txt'
[3.055s] running build
[3.055s] running build_py
[3.056s] creating /home/kodenfly123/ros2_ws/build/regulation_vel/build
[3.056s] creating /home/kodenfly123/ros2_ws/build/regulation_vel/build/lib
[3.056s] creating /home/kodenfly123/ros2_ws/build/regulation_vel/build/lib/regulation_vel
[3.056s] copying regulation_vel/reg_vel.py -> /home/kodenfly123/ros2_ws/build/regulation_vel/build/lib/regulation_vel
[3.063s] copying regulation_vel/__init__.py -> /home/kodenfly123/ros2_ws/build/regulation_vel/build/lib/regulation_vel
[3.064s] running install
[3.064s] running install_lib
[3.066s] creating /home/kodenfly123/ros2_ws/install/regulation_vel/lib/python3.10/site-packages/regulation_vel
[3.066s] copying /home/kodenfly123/ros2_ws/build/regulation_vel/build/lib/regulation_vel/reg_vel.py -> /home/kodenfly123/ros2_ws/install/regulation_vel/lib/python3.10/site-packages/regulation_vel
[3.066s] copying /home/kodenfly123/ros2_ws/build/regulation_vel/build/lib/regulation_vel/__init__.py -> /home/kodenfly123/ros2_ws/install/regulation_vel/lib/python3.10/site-packages/regulation_vel
[3.067s] byte-compiling /home/kodenfly123/ros2_ws/install/regulation_vel/lib/python3.10/site-packages/regulation_vel/reg_vel.py to reg_vel.cpython-310.pyc
[3.073s] byte-compiling /home/kodenfly123/ros2_ws/install/regulation_vel/lib/python3.10/site-packages/regulation_vel/__init__.py to __init__.cpython-310.pyc
[3.073s] running install_data
[3.089s] creating /home/kodenfly123/ros2_ws/install/regulation_vel/share/ament_index
[3.089s] creating /home/kodenfly123/ros2_ws/install/regulation_vel/share/ament_index/resource_index
[3.089s] creating /home/kodenfly123/ros2_ws/install/regulation_vel/share/ament_index/resource_index/packages
[3.089s] copying resource/regulation_vel -> /home/kodenfly123/ros2_ws/install/regulation_vel/share/ament_index/resource_index/packages
[3.089s] copying package.xml -> /home/kodenfly123/ros2_ws/install/regulation_vel/share/regulation_vel
[3.089s] running install_egg_info
[3.092s] Copying ../../../build/regulation_vel/regulation_vel.egg-info to /home/kodenfly123/ros2_ws/install/regulation_vel/lib/python3.10/site-packages/regulation_vel-0.0.0-py3.10.egg-info
[3.094s] running install_scripts
[3.136s] Installing reg_vel script to /home/kodenfly123/ros2_ws/install/regulation_vel/lib/regulation_vel
[3.137s] writing list of installed files to '/home/kodenfly123/ros2_ws/build/regulation_vel/install.log'
[3.201s] Invoked command in '/home/kodenfly123/ros2_ws/src/Follow_me_algorithm-main/regulation_vel' returned '0': PYTHONPATH=/home/kodenfly123/ros2_ws/build/regulation_vel/prefix_override:/home/kodenfly123/ros2_ws/install/regulation_vel/lib/python3.10/site-packages:${PYTHONPATH} /usr/bin/python3 -W ignore:setup.py install is deprecated setup.py egg_info --egg-base ../../../build/regulation_vel build --build-base /home/kodenfly123/ros2_ws/build/regulation_vel/build install --record /home/kodenfly123/ros2_ws/build/regulation_vel/install.log --install-scripts $base/lib/regulation_vel --single-version-externally-managed install_data
