/usr/lib/python3/dist-packages/setuptools/dist.py:723: UserWarning: Usage of dash-separated 'script-dir' will not be supported in future versions. Please use the underscore name 'script_dir' instead
  warnings.warn(
running egg_info
creating ../build/lidar_reg/lidar_reg.egg-info
writing ../build/lidar_reg/lidar_reg.egg-info/PKG-INFO
writing dependency_links to ../build/lidar_reg/lidar_reg.egg-info/dependency_links.txt
writing entry points to ../build/lidar_reg/lidar_reg.egg-info/entry_points.txt
writing requirements to ../build/lidar_reg/lidar_reg.egg-info/requires.txt
writing top-level names to ../build/lidar_reg/lidar_reg.egg-info/top_level.txt
writing manifest file '../build/lidar_reg/lidar_reg.egg-info/SOURCES.txt'
reading manifest file '../build/lidar_reg/lidar_reg.egg-info/SOURCES.txt'
writing manifest file '../build/lidar_reg/lidar_reg.egg-info/SOURCES.txt'
running build
running build_py
creating /home/kodenfly123/ros2_ws/src/Follow_me_algorithm-main/build/lidar_reg/build
creating /home/kodenfly123/ros2_ws/src/Follow_me_algorithm-main/build/lidar_reg/build/lib
creating /home/kodenfly123/ros2_ws/src/Follow_me_algorithm-main/build/lidar_reg/build/lib/lidar_reg
copying lidar_reg/Test.py -> /home/kodenfly123/ros2_ws/src/Follow_me_algorithm-main/build/lidar_reg/build/lib/lidar_reg
copying lidar_reg/lidar_reg_for_linear_test.py -> /home/kodenfly123/ros2_ws/src/Follow_me_algorithm-main/build/lidar_reg/build/lib/lidar_reg
copying lidar_reg/lidar_reg _final.py -> /home/kodenfly123/ros2_ws/src/Follow_me_algorithm-main/build/lidar_reg/build/lib/lidar_reg
copying lidar_reg/__init__.py -> /home/kodenfly123/ros2_ws/src/Follow_me_algorithm-main/build/lidar_reg/build/lib/lidar_reg
copying lidar_reg/lidar_reg_ang_test.py -> /home/kodenfly123/ros2_ws/src/Follow_me_algorithm-main/build/lidar_reg/build/lib/lidar_reg
running install
running install_lib
creating /home/kodenfly123/ros2_ws/src/Follow_me_algorithm-main/install/lidar_reg/lib/python3.10/site-packages/lidar_reg
copying /home/kodenfly123/ros2_ws/src/Follow_me_algorithm-main/build/lidar_reg/build/lib/lidar_reg/Test.py -> /home/kodenfly123/ros2_ws/src/Follow_me_algorithm-main/install/lidar_reg/lib/python3.10/site-packages/lidar_reg
copying /home/kodenfly123/ros2_ws/src/Follow_me_algorithm-main/build/lidar_reg/build/lib/lidar_reg/lidar_reg_for_linear_test.py -> /home/kodenfly123/ros2_ws/src/Follow_me_algorithm-main/install/lidar_reg/lib/python3.10/site-packages/lidar_reg
copying /home/kodenfly123/ros2_ws/src/Follow_me_algorithm-main/build/lidar_reg/build/lib/lidar_reg/lidar_reg _final.py -> /home/kodenfly123/ros2_ws/src/Follow_me_algorithm-main/install/lidar_reg/lib/python3.10/site-packages/lidar_reg
copying /home/kodenfly123/ros2_ws/src/Follow_me_algorithm-main/build/lidar_reg/build/lib/lidar_reg/__init__.py -> /home/kodenfly123/ros2_ws/src/Follow_me_algorithm-main/install/lidar_reg/lib/python3.10/site-packages/lidar_reg
copying /home/kodenfly123/ros2_ws/src/Follow_me_algorithm-main/build/lidar_reg/build/lib/lidar_reg/lidar_reg_ang_test.py -> /home/kodenfly123/ros2_ws/src/Follow_me_algorithm-main/install/lidar_reg/lib/python3.10/site-packages/lidar_reg
byte-compiling /home/kodenfly123/ros2_ws/src/Follow_me_algorithm-main/install/lidar_reg/lib/python3.10/site-packages/lidar_reg/Test.py to Test.cpython-310.pyc
byte-compiling /home/kodenfly123/ros2_ws/src/Follow_me_algorithm-main/install/lidar_reg/lib/python3.10/site-packages/lidar_reg/lidar_reg_for_linear_test.py to lidar_reg_for_linear_test.cpython-310.pyc
byte-compiling /home/kodenfly123/ros2_ws/src/Follow_me_algorithm-main/install/lidar_reg/lib/python3.10/site-packages/lidar_reg/lidar_reg _final.py to lidar_reg _final.cpython-310.pyc
byte-compiling /home/kodenfly123/ros2_ws/src/Follow_me_algorithm-main/install/lidar_reg/lib/python3.10/site-packages/lidar_reg/__init__.py to __init__.cpython-310.pyc
byte-compiling /home/kodenfly123/ros2_ws/src/Follow_me_algorithm-main/install/lidar_reg/lib/python3.10/site-packages/lidar_reg/lidar_reg_ang_test.py to lidar_reg_ang_test.cpython-310.pyc
running install_data
creating /home/kodenfly123/ros2_ws/src/Follow_me_algorithm-main/install/lidar_reg/share/ament_index
creating /home/kodenfly123/ros2_ws/src/Follow_me_algorithm-main/install/lidar_reg/share/ament_index/resource_index
creating /home/kodenfly123/ros2_ws/src/Follow_me_algorithm-main/install/lidar_reg/share/ament_index/resource_index/packages
copying resource/lidar_reg -> /home/kodenfly123/ros2_ws/src/Follow_me_algorithm-main/install/lidar_reg/share/ament_index/resource_index/packages
copying package.xml -> /home/kodenfly123/ros2_ws/src/Follow_me_algorithm-main/install/lidar_reg/share/lidar_reg
running install_egg_info
Copying ../build/lidar_reg/lidar_reg.egg-info to /home/kodenfly123/ros2_ws/src/Follow_me_algorithm-main/install/lidar_reg/lib/python3.10/site-packages/lidar_reg-0.0.0-py3.10.egg-info
running install_scripts
Installing lidar_reg script to /home/kodenfly123/ros2_ws/src/Follow_me_algorithm-main/install/lidar_reg/lib/lidar_reg
writing list of installed files to '/home/kodenfly123/ros2_ws/src/Follow_me_algorithm-main/build/lidar_reg/install.log'
