running egg_info
creating ../../build/vision_model_package/vision_model_package.egg-info
writing ../../build/vision_model_package/vision_model_package.egg-info/PKG-INFO
writing dependency_links to ../../build/vision_model_package/vision_model_package.egg-info/dependency_links.txt
writing entry points to ../../build/vision_model_package/vision_model_package.egg-info/entry_points.txt
writing requirements to ../../build/vision_model_package/vision_model_package.egg-info/requires.txt
writing top-level names to ../../build/vision_model_package/vision_model_package.egg-info/top_level.txt
writing manifest file '../../build/vision_model_package/vision_model_package.egg-info/SOURCES.txt'
reading manifest file '../../build/vision_model_package/vision_model_package.egg-info/SOURCES.txt'
writing manifest file '../../build/vision_model_package/vision_model_package.egg-info/SOURCES.txt'
running build
running build_py
creating /home/kodenfly123/ros2_ws/build/vision_model_package/build
creating /home/kodenfly123/ros2_ws/build/vision_model_package/build/lib
creating /home/kodenfly123/ros2_ws/build/vision_model_package/build/lib/vision_model_package
copying vision_model_package/ProjectMainScript.py -> /home/kodenfly123/ros2_ws/build/vision_model_package/build/lib/vision_model_package
copying vision_model_package/__init__.py -> /home/kodenfly123/ros2_ws/build/vision_model_package/build/lib/vision_model_package
running install
running install_lib
creating /home/kodenfly123/ros2_ws/install/vision_model_package/lib/python3.10/site-packages/vision_model_package
copying /home/kodenfly123/ros2_ws/build/vision_model_package/build/lib/vision_model_package/ProjectMainScript.py -> /home/kodenfly123/ros2_ws/install/vision_model_package/lib/python3.10/site-packages/vision_model_package
copying /home/kodenfly123/ros2_ws/build/vision_model_package/build/lib/vision_model_package/__init__.py -> /home/kodenfly123/ros2_ws/install/vision_model_package/lib/python3.10/site-packages/vision_model_package
byte-compiling /home/kodenfly123/ros2_ws/install/vision_model_package/lib/python3.10/site-packages/vision_model_package/ProjectMainScript.py to ProjectMainScript.cpython-310.pyc
byte-compiling /home/kodenfly123/ros2_ws/install/vision_model_package/lib/python3.10/site-packages/vision_model_package/__init__.py to __init__.cpython-310.pyc
running install_data
creating /home/kodenfly123/ros2_ws/install/vision_model_package/share/ament_index
creating /home/kodenfly123/ros2_ws/install/vision_model_package/share/ament_index/resource_index
creating /home/kodenfly123/ros2_ws/install/vision_model_package/share/ament_index/resource_index/packages
copying resource/vision_model_package -> /home/kodenfly123/ros2_ws/install/vision_model_package/share/ament_index/resource_index/packages
copying package.xml -> /home/kodenfly123/ros2_ws/install/vision_model_package/share/vision_model_package
running install_egg_info
Copying ../../build/vision_model_package/vision_model_package.egg-info to /home/kodenfly123/ros2_ws/install/vision_model_package/lib/python3.10/site-packages/vision_model_package-0.0.0-py3.10.egg-info
running install_scripts
Installing project_main_script script to /home/kodenfly123/ros2_ws/install/vision_model_package/lib/vision_model_package
writing list of installed files to '/home/kodenfly123/ros2_ws/build/vision_model_package/install.log'
