[0.547s] Invoking command in '/home/kodenfly123/ros2_ws/src/vision_model_package': PYTHONPATH=/home/kodenfly123/ros2_ws/build/vision_model_package/prefix_override:/home/kodenfly123/ros2_ws/install/vision_model_package/lib/python3.10/site-packages:${PYTHONPATH} /usr/bin/python3 -W ignore:setup.py install is deprecated setup.py egg_info --egg-base ../../build/vision_model_package build --build-base /home/kodenfly123/ros2_ws/build/vision_model_package/build install --record /home/kodenfly123/ros2_ws/build/vision_model_package/install.log --single-version-externally-managed install_data
[0.746s] running egg_info
[0.746s] creating ../../build/vision_model_package/vision_model_package.egg-info
[0.746s] writing ../../build/vision_model_package/vision_model_package.egg-info/PKG-INFO
[0.746s] writing dependency_links to ../../build/vision_model_package/vision_model_package.egg-info/dependency_links.txt
[0.747s] writing entry points to ../../build/vision_model_package/vision_model_package.egg-info/entry_points.txt
[0.747s] writing requirements to ../../build/vision_model_package/vision_model_package.egg-info/requires.txt
[0.747s] writing top-level names to ../../build/vision_model_package/vision_model_package.egg-info/top_level.txt
[0.747s] writing manifest file '../../build/vision_model_package/vision_model_package.egg-info/SOURCES.txt'
[0.748s] reading manifest file '../../build/vision_model_package/vision_model_package.egg-info/SOURCES.txt'
[0.749s] writing manifest file '../../build/vision_model_package/vision_model_package.egg-info/SOURCES.txt'
[0.749s] running build
[0.749s] running build_py
[0.749s] creating /home/kodenfly123/ros2_ws/build/vision_model_package/build
[0.749s] creating /home/kodenfly123/ros2_ws/build/vision_model_package/build/lib
[0.750s] creating /home/kodenfly123/ros2_ws/build/vision_model_package/build/lib/vision_model_package
[0.750s] copying vision_model_package/ProjectMainScript.py -> /home/kodenfly123/ros2_ws/build/vision_model_package/build/lib/vision_model_package
[0.750s] copying vision_model_package/__init__.py -> /home/kodenfly123/ros2_ws/build/vision_model_package/build/lib/vision_model_package
[0.750s] running install
[0.750s] running install_lib
[0.751s] creating /home/kodenfly123/ros2_ws/install/vision_model_package/lib/python3.10/site-packages/vision_model_package
[0.751s] copying /home/kodenfly123/ros2_ws/build/vision_model_package/build/lib/vision_model_package/ProjectMainScript.py -> /home/kodenfly123/ros2_ws/install/vision_model_package/lib/python3.10/site-packages/vision_model_package
[0.751s] copying /home/kodenfly123/ros2_ws/build/vision_model_package/build/lib/vision_model_package/__init__.py -> /home/kodenfly123/ros2_ws/install/vision_model_package/lib/python3.10/site-packages/vision_model_package
[0.751s] byte-compiling /home/kodenfly123/ros2_ws/install/vision_model_package/lib/python3.10/site-packages/vision_model_package/ProjectMainScript.py to ProjectMainScript.cpython-310.pyc
[0.752s] byte-compiling /home/kodenfly123/ros2_ws/install/vision_model_package/lib/python3.10/site-packages/vision_model_package/__init__.py to __init__.cpython-310.pyc
[0.752s] running install_data
[0.752s] creating /home/kodenfly123/ros2_ws/install/vision_model_package/share/ament_index
[0.752s] creating /home/kodenfly123/ros2_ws/install/vision_model_package/share/ament_index/resource_index
[0.752s] creating /home/kodenfly123/ros2_ws/install/vision_model_package/share/ament_index/resource_index/packages
[0.752s] copying resource/vision_model_package -> /home/kodenfly123/ros2_ws/install/vision_model_package/share/ament_index/resource_index/packages
[0.753s] copying package.xml -> /home/kodenfly123/ros2_ws/install/vision_model_package/share/vision_model_package
[0.753s] running install_egg_info
[0.754s] Copying ../../build/vision_model_package/vision_model_package.egg-info to /home/kodenfly123/ros2_ws/install/vision_model_package/lib/python3.10/site-packages/vision_model_package-0.0.0-py3.10.egg-info
[0.754s] running install_scripts
[0.771s] Installing project_main_script script to /home/kodenfly123/ros2_ws/install/vision_model_package/lib/vision_model_package
[0.771s] writing list of installed files to '/home/kodenfly123/ros2_ws/build/vision_model_package/install.log'
[0.792s] Invoked command in '/home/kodenfly123/ros2_ws/src/vision_model_package' returned '0': PYTHONPATH=/home/kodenfly123/ros2_ws/build/vision_model_package/prefix_override:/home/kodenfly123/ros2_ws/install/vision_model_package/lib/python3.10/site-packages:${PYTHONPATH} /usr/bin/python3 -W ignore:setup.py install is deprecated setup.py egg_info --egg-base ../../build/vision_model_package build --build-base /home/kodenfly123/ros2_ws/build/vision_model_package/build install --record /home/kodenfly123/ros2_ws/build/vision_model_package/install.log --single-version-externally-managed install_data
