[0.087s] DEBUG:colcon:Command line arguments: ['/usr/bin/colcon', 'build']
[0.087s] DEBUG:colcon:Parsed command line arguments: Namespace(log_base=None, log_level=None, verb_name='build', build_base='build', install_base='install', merge_install=False, symlink_install=False, test_result_base=None, continue_on_error=False, executor='parallel', parallel_workers=8, event_handlers=None, ignore_user_meta=False, metas=['./colcon.meta'], base_paths=['.'], packages_ignore=None, packages_ignore_regex=None, paths=None, packages_up_to=None, packages_up_to_regex=None, packages_above=None, packages_above_and_dependencies=None, packages_above_depth=None, packages_select_by_dep=None, packages_skip_by_dep=None, packages_skip_up_to=None, packages_select_build_failed=False, packages_skip_build_finished=False, packages_select_test_failures=False, packages_skip_test_passed=False, packages_select=None, packages_skip=None, packages_select_regex=None, packages_skip_regex=None, packages_start=None, packages_end=None, allow_overriding=[], cmake_args=None, cmake_target=None, cmake_target_skip_unavailable=False, cmake_clean_cache=False, cmake_clean_first=False, cmake_force_configure=False, ament_cmake_args=None, catkin_cmake_args=None, catkin_skip_building_tests=False, verb_parser=<colcon_defaults.argument_parser.defaults.DefaultArgumentsDecorator object at 0x751d05a44880>, verb_extension=<colcon_core.verb.build.BuildVerb object at 0x751d05a44340>, main=<bound method BuildVerb.main of <colcon_core.verb.build.BuildVerb object at 0x751d05a44340>>)
[0.224s] Level 1:colcon.colcon_core.package_discovery:discover_packages(colcon_meta) check parameters
[0.225s] Level 1:colcon.colcon_core.package_discovery:discover_packages(recursive) check parameters
[0.225s] Level 1:colcon.colcon_core.package_discovery:discover_packages(ignore) check parameters
[0.225s] Level 1:colcon.colcon_core.package_discovery:discover_packages(path) check parameters
[0.225s] Level 1:colcon.colcon_core.package_discovery:discover_packages(colcon_meta) discover
[0.225s] Level 1:colcon.colcon_core.package_discovery:discover_packages(recursive) discover
[0.225s] INFO:colcon.colcon_core.package_discovery:Crawling recursively for packages in '/home/kodenfly123/ros2_ws'
[0.225s] Level 1:colcon.colcon_core.package_identification:_identify(.) by extensions ['ignore', 'ignore_ament_install']
[0.225s] Level 1:colcon.colcon_core.package_identification:_identify(.) by extension 'ignore'
[0.225s] Level 1:colcon.colcon_core.package_identification:_identify(.) by extension 'ignore_ament_install'
[0.225s] Level 1:colcon.colcon_core.package_identification:_identify(.) by extensions ['colcon_pkg']
[0.225s] Level 1:colcon.colcon_core.package_identification:_identify(.) by extension 'colcon_pkg'
[0.225s] Level 1:colcon.colcon_core.package_identification:_identify(.) by extensions ['colcon_meta']
[0.225s] Level 1:colcon.colcon_core.package_identification:_identify(.) by extension 'colcon_meta'
[0.225s] Level 1:colcon.colcon_core.package_identification:_identify(.) by extensions ['ros']
[0.225s] Level 1:colcon.colcon_core.package_identification:_identify(.) by extension 'ros'
[0.234s] Level 1:colcon.colcon_core.package_identification:_identify(.) by extensions ['cmake', 'python']
[0.234s] Level 1:colcon.colcon_core.package_identification:_identify(.) by extension 'cmake'
[0.234s] Level 1:colcon.colcon_core.package_identification:_identify(.) by extension 'python'
[0.234s] Level 1:colcon.colcon_core.package_identification:_identify(.) by extensions ['python_setup_py']
[0.234s] Level 1:colcon.colcon_core.package_identification:_identify(.) by extension 'python_setup_py'
[0.235s] Level 1:colcon.colcon_core.package_identification:_identify(build) by extensions ['ignore', 'ignore_ament_install']
[0.235s] Level 1:colcon.colcon_core.package_identification:_identify(build) by extension 'ignore'
[0.235s] Level 1:colcon.colcon_core.package_identification:_identify(build) ignored
[0.235s] Level 1:colcon.colcon_core.package_identification:_identify(install) by extensions ['ignore', 'ignore_ament_install']
[0.235s] Level 1:colcon.colcon_core.package_identification:_identify(install) by extension 'ignore'
[0.235s] Level 1:colcon.colcon_core.package_identification:_identify(install) ignored
[0.235s] Level 1:colcon.colcon_core.package_identification:_identify(log) by extensions ['ignore', 'ignore_ament_install']
[0.235s] Level 1:colcon.colcon_core.package_identification:_identify(log) by extension 'ignore'
[0.235s] Level 1:colcon.colcon_core.package_identification:_identify(log) ignored
[0.235s] Level 1:colcon.colcon_core.package_identification:_identify(src) by extensions ['ignore', 'ignore_ament_install']
[0.235s] Level 1:colcon.colcon_core.package_identification:_identify(src) by extension 'ignore'
[0.235s] Level 1:colcon.colcon_core.package_identification:_identify(src) by extension 'ignore_ament_install'
[0.235s] Level 1:colcon.colcon_core.package_identification:_identify(src) by extensions ['colcon_pkg']
[0.235s] Level 1:colcon.colcon_core.package_identification:_identify(src) by extension 'colcon_pkg'
[0.235s] Level 1:colcon.colcon_core.package_identification:_identify(src) by extensions ['colcon_meta']
[0.235s] Level 1:colcon.colcon_core.package_identification:_identify(src) by extension 'colcon_meta'
[0.235s] Level 1:colcon.colcon_core.package_identification:_identify(src) by extensions ['ros']
[0.235s] Level 1:colcon.colcon_core.package_identification:_identify(src) by extension 'ros'
[0.236s] Level 1:colcon.colcon_core.package_identification:_identify(src) by extensions ['cmake', 'python']
[0.236s] Level 1:colcon.colcon_core.package_identification:_identify(src) by extension 'cmake'
[0.236s] Level 1:colcon.colcon_core.package_identification:_identify(src) by extension 'python'
[0.236s] Level 1:colcon.colcon_core.package_identification:_identify(src) by extensions ['python_setup_py']
[0.236s] Level 1:colcon.colcon_core.package_identification:_identify(src) by extension 'python_setup_py'
[0.236s] Level 1:colcon.colcon_core.package_identification:_identify(src/build) by extensions ['ignore', 'ignore_ament_install']
[0.236s] Level 1:colcon.colcon_core.package_identification:_identify(src/build) by extension 'ignore'
[0.236s] Level 1:colcon.colcon_core.package_identification:_identify(src/build) ignored
[0.236s] Level 1:colcon.colcon_core.package_identification:_identify(src/install) by extensions ['ignore', 'ignore_ament_install']
[0.236s] Level 1:colcon.colcon_core.package_identification:_identify(src/install) by extension 'ignore'
[0.236s] Level 1:colcon.colcon_core.package_identification:_identify(src/install) ignored
[0.236s] Level 1:colcon.colcon_core.package_identification:_identify(src/log) by extensions ['ignore', 'ignore_ament_install']
[0.236s] Level 1:colcon.colcon_core.package_identification:_identify(src/log) by extension 'ignore'
[0.236s] Level 1:colcon.colcon_core.package_identification:_identify(src/log) ignored
[0.236s] Level 1:colcon.colcon_core.package_identification:_identify(src/py_coordinate) by extensions ['ignore', 'ignore_ament_install']
[0.236s] Level 1:colcon.colcon_core.package_identification:_identify(src/py_coordinate) by extension 'ignore'
[0.236s] Level 1:colcon.colcon_core.package_identification:_identify(src/py_coordinate) by extension 'ignore_ament_install'
[0.236s] Level 1:colcon.colcon_core.package_identification:_identify(src/py_coordinate) by extensions ['colcon_pkg']
[0.236s] Level 1:colcon.colcon_core.package_identification:_identify(src/py_coordinate) by extension 'colcon_pkg'
[0.236s] Level 1:colcon.colcon_core.package_identification:_identify(src/py_coordinate) by extensions ['colcon_meta']
[0.236s] Level 1:colcon.colcon_core.package_identification:_identify(src/py_coordinate) by extension 'colcon_meta'
[0.237s] Level 1:colcon.colcon_core.package_identification:_identify(src/py_coordinate) by extensions ['ros']
[0.237s] Level 1:colcon.colcon_core.package_identification:_identify(src/py_coordinate) by extension 'ros'
[0.238s] DEBUG:colcon.colcon_core.package_identification:Package 'src/py_coordinate' with type 'ros.ament_python' and name 'py_coordinate'
[0.238s] Level 1:colcon.colcon_core.package_identification:_identify(src/py_pubsub) by extensions ['ignore', 'ignore_ament_install']
[0.238s] Level 1:colcon.colcon_core.package_identification:_identify(src/py_pubsub) by extension 'ignore'
[0.239s] Level 1:colcon.colcon_core.package_identification:_identify(src/py_pubsub) by extension 'ignore_ament_install'
[0.239s] Level 1:colcon.colcon_core.package_identification:_identify(src/py_pubsub) by extensions ['colcon_pkg']
[0.239s] Level 1:colcon.colcon_core.package_identification:_identify(src/py_pubsub) by extension 'colcon_pkg'
[0.239s] Level 1:colcon.colcon_core.package_identification:_identify(src/py_pubsub) by extensions ['colcon_meta']
[0.239s] Level 1:colcon.colcon_core.package_identification:_identify(src/py_pubsub) by extension 'colcon_meta'
[0.239s] Level 1:colcon.colcon_core.package_identification:_identify(src/py_pubsub) by extensions ['ros']
[0.239s] Level 1:colcon.colcon_core.package_identification:_identify(src/py_pubsub) by extension 'ros'
[0.239s] DEBUG:colcon.colcon_core.package_identification:Package 'src/py_pubsub' with type 'ros.ament_python' and name 'py_pubsub'
[0.239s] Level 1:colcon.colcon_core.package_discovery:discover_packages(recursive) using defaults
[0.239s] Level 1:colcon.colcon_core.package_discovery:discover_packages(ignore) discover
[0.239s] Level 1:colcon.colcon_core.package_discovery:discover_packages(ignore) using defaults
[0.239s] Level 1:colcon.colcon_core.package_discovery:discover_packages(path) discover
[0.239s] Level 1:colcon.colcon_core.package_discovery:discover_packages(path) using defaults
[0.265s] Level 1:colcon.colcon_core.package_discovery:discover_packages(prefix_path) check parameters
[0.265s] Level 1:colcon.colcon_core.package_discovery:discover_packages(prefix_path) discover
[0.266s] DEBUG:colcon.colcon_installed_package_information.package_discovery:Found 3 installed packages in /home/kodenfly123/ros2_ws/install
[0.267s] DEBUG:colcon.colcon_installed_package_information.package_discovery:Found 387 installed packages in /opt/ros/humble
[0.269s] Level 1:colcon.colcon_core.package_discovery:discover_packages(prefix_path) using defaults
[0.308s] Level 5:colcon.colcon_core.verb:set package 'py_coordinate' build argument 'cmake_args' from command line to 'None'
[0.308s] Level 5:colcon.colcon_core.verb:set package 'py_coordinate' build argument 'cmake_target' from command line to 'None'
[0.308s] Level 5:colcon.colcon_core.verb:set package 'py_coordinate' build argument 'cmake_target_skip_unavailable' from command line to 'False'
[0.308s] Level 5:colcon.colcon_core.verb:set package 'py_coordinate' build argument 'cmake_clean_cache' from command line to 'False'
[0.308s] Level 5:colcon.colcon_core.verb:set package 'py_coordinate' build argument 'cmake_clean_first' from command line to 'False'
[0.308s] Level 5:colcon.colcon_core.verb:set package 'py_coordinate' build argument 'cmake_force_configure' from command line to 'False'
[0.308s] Level 5:colcon.colcon_core.verb:set package 'py_coordinate' build argument 'ament_cmake_args' from command line to 'None'
[0.308s] Level 5:colcon.colcon_core.verb:set package 'py_coordinate' build argument 'catkin_cmake_args' from command line to 'None'
[0.308s] Level 5:colcon.colcon_core.verb:set package 'py_coordinate' build argument 'catkin_skip_building_tests' from command line to 'False'
[0.308s] DEBUG:colcon.colcon_core.verb:Building package 'py_coordinate' with the following arguments: {'ament_cmake_args': None, 'build_base': '/home/kodenfly123/ros2_ws/build/py_coordinate', 'catkin_cmake_args': None, 'catkin_skip_building_tests': False, 'cmake_args': None, 'cmake_clean_cache': False, 'cmake_clean_first': False, 'cmake_force_configure': False, 'cmake_target': None, 'cmake_target_skip_unavailable': False, 'install_base': '/home/kodenfly123/ros2_ws/install/py_coordinate', 'merge_install': False, 'path': '/home/kodenfly123/ros2_ws/src/py_coordinate', 'symlink_install': False, 'test_result_base': None}
[0.308s] Level 5:colcon.colcon_core.verb:set package 'py_pubsub' build argument 'cmake_args' from command line to 'None'
[0.309s] Level 5:colcon.colcon_core.verb:set package 'py_pubsub' build argument 'cmake_target' from command line to 'None'
[0.309s] Level 5:colcon.colcon_core.verb:set package 'py_pubsub' build argument 'cmake_target_skip_unavailable' from command line to 'False'
[0.309s] Level 5:colcon.colcon_core.verb:set package 'py_pubsub' build argument 'cmake_clean_cache' from command line to 'False'
[0.309s] Level 5:colcon.colcon_core.verb:set package 'py_pubsub' build argument 'cmake_clean_first' from command line to 'False'
[0.309s] Level 5:colcon.colcon_core.verb:set package 'py_pubsub' build argument 'cmake_force_configure' from command line to 'False'
[0.309s] Level 5:colcon.colcon_core.verb:set package 'py_pubsub' build argument 'ament_cmake_args' from command line to 'None'
[0.309s] Level 5:colcon.colcon_core.verb:set package 'py_pubsub' build argument 'catkin_cmake_args' from command line to 'None'
[0.309s] Level 5:colcon.colcon_core.verb:set package 'py_pubsub' build argument 'catkin_skip_building_tests' from command line to 'False'
[0.309s] DEBUG:colcon.colcon_core.verb:Building package 'py_pubsub' with the following arguments: {'ament_cmake_args': None, 'build_base': '/home/kodenfly123/ros2_ws/build/py_pubsub', 'catkin_cmake_args': None, 'catkin_skip_building_tests': False, 'cmake_args': None, 'cmake_clean_cache': False, 'cmake_clean_first': False, 'cmake_force_configure': False, 'cmake_target': None, 'cmake_target_skip_unavailable': False, 'install_base': '/home/kodenfly123/ros2_ws/install/py_pubsub', 'merge_install': False, 'path': '/home/kodenfly123/ros2_ws/src/py_pubsub', 'symlink_install': False, 'test_result_base': None}
[0.309s] INFO:colcon.colcon_core.executor:Executing jobs using 'parallel' executor
[0.310s] DEBUG:colcon.colcon_parallel_executor.executor.parallel:run_until_complete
[0.310s] INFO:colcon.colcon_ros.task.ament_python.build:Building ROS package in '/home/kodenfly123/ros2_ws/src/py_coordinate' with build type 'ament_python'
[0.310s] Level 1:colcon.colcon_core.shell:create_environment_hook('py_coordinate', 'ament_prefix_path')
[0.312s] INFO:colcon.colcon_core.plugin_system:Skipping extension 'colcon_core.shell.bat': Not used on non-Windows systems
[0.312s] INFO:colcon.colcon_core.shell:Creating environment hook '/home/kodenfly123/ros2_ws/install/py_coordinate/share/py_coordinate/hook/ament_prefix_path.ps1'
[0.312s] INFO:colcon.colcon_core.shell:Creating environment descriptor '/home/kodenfly123/ros2_ws/install/py_coordinate/share/py_coordinate/hook/ament_prefix_path.dsv'
[0.313s] INFO:colcon.colcon_core.shell:Creating environment hook '/home/kodenfly123/ros2_ws/install/py_coordinate/share/py_coordinate/hook/ament_prefix_path.sh'
[0.313s] INFO:colcon.colcon_core.shell:Skip shell extension 'powershell' for command environment: Not usable outside of PowerShell
[0.313s] DEBUG:colcon.colcon_core.shell:Skip shell extension 'dsv' for command environment
[0.316s] INFO:colcon.colcon_ros.task.ament_python.build:Building ROS package in '/home/kodenfly123/ros2_ws/src/py_pubsub' with build type 'ament_python'
[0.316s] Level 1:colcon.colcon_core.shell:create_environment_hook('py_pubsub', 'ament_prefix_path')
[0.316s] INFO:colcon.colcon_core.shell:Creating environment hook '/home/kodenfly123/ros2_ws/install/py_pubsub/share/py_pubsub/hook/ament_prefix_path.ps1'
[0.317s] INFO:colcon.colcon_core.shell:Creating environment descriptor '/home/kodenfly123/ros2_ws/install/py_pubsub/share/py_pubsub/hook/ament_prefix_path.dsv'
[0.317s] INFO:colcon.colcon_core.shell:Creating environment hook '/home/kodenfly123/ros2_ws/install/py_pubsub/share/py_pubsub/hook/ament_prefix_path.sh'
[0.318s] INFO:colcon.colcon_core.shell:Skip shell extension 'powershell' for command environment: Not usable outside of PowerShell
[0.318s] DEBUG:colcon.colcon_core.shell:Skip shell extension 'dsv' for command environment
[0.530s] INFO:colcon.colcon_core.task.python.build:Building Python package in '/home/kodenfly123/ros2_ws/src/py_coordinate'
[0.530s] INFO:colcon.colcon_core.shell:Skip shell extension 'powershell' for command environment: Not usable outside of PowerShell
[0.530s] DEBUG:colcon.colcon_core.shell:Skip shell extension 'dsv' for command environment
[0.736s] INFO:colcon.colcon_core.task.python.build:Building Python package in '/home/kodenfly123/ros2_ws/src/py_pubsub'
[0.736s] INFO:colcon.colcon_core.shell:Skip shell extension 'powershell' for command environment: Not usable outside of PowerShell
[0.736s] DEBUG:colcon.colcon_core.shell:Skip shell extension 'dsv' for command environment
[1.053s] DEBUG:colcon.colcon_core.event_handler.log_command:Invoking command in '/home/kodenfly123/ros2_ws/src/py_coordinate': PYTHONPATH=/home/kodenfly123/ros2_ws/build/py_coordinate/prefix_override:/home/kodenfly123/ros2_ws/install/py_coordinate/lib/python3.10/site-packages:${PYTHONPATH} /usr/bin/python3 -W ignore:setup.py install is deprecated setup.py egg_info --egg-base ../../build/py_coordinate build --build-base /home/kodenfly123/ros2_ws/build/py_coordinate/build install --record /home/kodenfly123/ros2_ws/build/py_coordinate/install.log --single-version-externally-managed install_data
[1.059s] DEBUG:colcon.colcon_core.event_handler.log_command:Invoking command in '/home/kodenfly123/ros2_ws/src/py_pubsub': PYTHONPATH=/home/kodenfly123/ros2_ws/build/py_pubsub/prefix_override:/home/kodenfly123/ros2_ws/install/py_pubsub/lib/python3.10/site-packages:${PYTHONPATH} /usr/bin/python3 -W ignore:setup.py install is deprecated setup.py egg_info --egg-base ../../build/py_pubsub build --build-base /home/kodenfly123/ros2_ws/build/py_pubsub/build install --record /home/kodenfly123/ros2_ws/build/py_pubsub/install.log --single-version-externally-managed install_data
[1.327s] DEBUG:colcon.colcon_core.event_handler.log_command:Invoked command in '/home/kodenfly123/ros2_ws/src/py_coordinate' returned '0': PYTHONPATH=/home/kodenfly123/ros2_ws/build/py_coordinate/prefix_override:/home/kodenfly123/ros2_ws/install/py_coordinate/lib/python3.10/site-packages:${PYTHONPATH} /usr/bin/python3 -W ignore:setup.py install is deprecated setup.py egg_info --egg-base ../../build/py_coordinate build --build-base /home/kodenfly123/ros2_ws/build/py_coordinate/build install --record /home/kodenfly123/ros2_ws/build/py_coordinate/install.log --single-version-externally-managed install_data
[1.329s] Level 1:colcon.colcon_core.environment:checking '/home/kodenfly123/ros2_ws/install/py_coordinate' for CMake module files
[1.329s] Level 1:colcon.colcon_core.environment:checking '/home/kodenfly123/ros2_ws/install/py_coordinate' for CMake config files
[1.330s] Level 1:colcon.colcon_core.environment:checking '/home/kodenfly123/ros2_ws/install/py_coordinate/lib'
[1.330s] Level 1:colcon.colcon_core.environment:checking '/home/kodenfly123/ros2_ws/install/py_coordinate/bin'
[1.330s] Level 1:colcon.colcon_core.environment:checking '/home/kodenfly123/ros2_ws/install/py_coordinate/lib/pkgconfig/py_coordinate.pc'
[1.330s] Level 1:colcon.colcon_core.environment:checking '/home/kodenfly123/ros2_ws/install/py_coordinate/lib/python3.10/site-packages'
[1.330s] Level 1:colcon.colcon_core.shell:create_environment_hook('py_coordinate', 'pythonpath')
[1.330s] INFO:colcon.colcon_core.shell:Creating environment hook '/home/kodenfly123/ros2_ws/install/py_coordinate/share/py_coordinate/hook/pythonpath.ps1'
[1.331s] INFO:colcon.colcon_core.shell:Creating environment descriptor '/home/kodenfly123/ros2_ws/install/py_coordinate/share/py_coordinate/hook/pythonpath.dsv'
[1.331s] INFO:colcon.colcon_core.shell:Creating environment hook '/home/kodenfly123/ros2_ws/install/py_coordinate/share/py_coordinate/hook/pythonpath.sh'
[1.331s] Level 1:colcon.colcon_core.environment:checking '/home/kodenfly123/ros2_ws/install/py_coordinate/bin'
[1.331s] Level 1:colcon.colcon_core.environment:create_environment_scripts_only(py_coordinate)
[1.331s] INFO:colcon.colcon_core.shell:Creating package script '/home/kodenfly123/ros2_ws/install/py_coordinate/share/py_coordinate/package.ps1'
[1.332s] INFO:colcon.colcon_core.shell:Creating package descriptor '/home/kodenfly123/ros2_ws/install/py_coordinate/share/py_coordinate/package.dsv'
[1.333s] INFO:colcon.colcon_core.shell:Creating package script '/home/kodenfly123/ros2_ws/install/py_coordinate/share/py_coordinate/package.sh'
[1.333s] INFO:colcon.colcon_core.shell:Creating package script '/home/kodenfly123/ros2_ws/install/py_coordinate/share/py_coordinate/package.bash'
[1.334s] INFO:colcon.colcon_core.shell:Creating package script '/home/kodenfly123/ros2_ws/install/py_coordinate/share/py_coordinate/package.zsh'
[1.334s] Level 1:colcon.colcon_core.environment:create_file_with_runtime_dependencies(/home/kodenfly123/ros2_ws/install/py_coordinate/share/colcon-core/packages/py_coordinate)
[1.335s] Level 1:colcon.colcon_core.environment:checking '/home/kodenfly123/ros2_ws/install/py_pubsub' for CMake module files
[1.335s] DEBUG:colcon.colcon_core.event_handler.log_command:Invoked command in '/home/kodenfly123/ros2_ws/src/py_pubsub' returned '0': PYTHONPATH=/home/kodenfly123/ros2_ws/build/py_pubsub/prefix_override:/home/kodenfly123/ros2_ws/install/py_pubsub/lib/python3.10/site-packages:${PYTHONPATH} /usr/bin/python3 -W ignore:setup.py install is deprecated setup.py egg_info --egg-base ../../build/py_pubsub build --build-base /home/kodenfly123/ros2_ws/build/py_pubsub/build install --record /home/kodenfly123/ros2_ws/build/py_pubsub/install.log --single-version-externally-managed install_data
[1.336s] Level 1:colcon.colcon_core.environment:checking '/home/kodenfly123/ros2_ws/install/py_pubsub' for CMake config files
[1.336s] Level 1:colcon.colcon_core.environment:checking '/home/kodenfly123/ros2_ws/install/py_pubsub/lib'
[1.336s] Level 1:colcon.colcon_core.environment:checking '/home/kodenfly123/ros2_ws/install/py_pubsub/bin'
[1.336s] Level 1:colcon.colcon_core.environment:checking '/home/kodenfly123/ros2_ws/install/py_pubsub/lib/pkgconfig/py_pubsub.pc'
[1.336s] Level 1:colcon.colcon_core.environment:checking '/home/kodenfly123/ros2_ws/install/py_pubsub/lib/python3.10/site-packages'
[1.336s] Level 1:colcon.colcon_core.shell:create_environment_hook('py_pubsub', 'pythonpath')
[1.336s] INFO:colcon.colcon_core.shell:Creating environment hook '/home/kodenfly123/ros2_ws/install/py_pubsub/share/py_pubsub/hook/pythonpath.ps1'
[1.337s] INFO:colcon.colcon_core.shell:Creating environment descriptor '/home/kodenfly123/ros2_ws/install/py_pubsub/share/py_pubsub/hook/pythonpath.dsv'
[1.337s] INFO:colcon.colcon_core.shell:Creating environment hook '/home/kodenfly123/ros2_ws/install/py_pubsub/share/py_pubsub/hook/pythonpath.sh'
[1.337s] Level 1:colcon.colcon_core.environment:checking '/home/kodenfly123/ros2_ws/install/py_pubsub/bin'
[1.338s] Level 1:colcon.colcon_core.environment:create_environment_scripts_only(py_pubsub)
[1.338s] INFO:colcon.colcon_core.shell:Creating package script '/home/kodenfly123/ros2_ws/install/py_pubsub/share/py_pubsub/package.ps1'
[1.338s] INFO:colcon.colcon_core.shell:Creating package descriptor '/home/kodenfly123/ros2_ws/install/py_pubsub/share/py_pubsub/package.dsv'
[1.338s] INFO:colcon.colcon_core.shell:Creating package script '/home/kodenfly123/ros2_ws/install/py_pubsub/share/py_pubsub/package.sh'
[1.339s] INFO:colcon.colcon_core.shell:Creating package script '/home/kodenfly123/ros2_ws/install/py_pubsub/share/py_pubsub/package.bash'
[1.339s] INFO:colcon.colcon_core.shell:Creating package script '/home/kodenfly123/ros2_ws/install/py_pubsub/share/py_pubsub/package.zsh'
[1.339s] Level 1:colcon.colcon_core.environment:create_file_with_runtime_dependencies(/home/kodenfly123/ros2_ws/install/py_pubsub/share/colcon-core/packages/py_pubsub)
[1.340s] DEBUG:colcon.colcon_parallel_executor.executor.parallel:closing loop
[1.340s] DEBUG:colcon.colcon_parallel_executor.executor.parallel:loop closed
[1.340s] DEBUG:colcon.colcon_parallel_executor.executor.parallel:run_until_complete finished with '0'
[1.340s] DEBUG:colcon.colcon_core.event_reactor:joining thread
[1.345s] INFO:colcon.colcon_core.plugin_system:Skipping extension 'colcon_notification.desktop_notification.terminal_notifier': Not used on non-Darwin systems
[1.345s] INFO:colcon.colcon_core.plugin_system:Skipping extension 'colcon_notification.desktop_notification.win32': Not used on non-Windows systems
[1.345s] INFO:colcon.colcon_notification.desktop_notification:Sending desktop notification using 'notify2'
[1.354s] DEBUG:colcon.colcon_core.event_reactor:joined thread
[1.354s] INFO:colcon.colcon_core.shell:Creating prefix script '/home/kodenfly123/ros2_ws/install/local_setup.ps1'
[1.355s] INFO:colcon.colcon_core.shell:Creating prefix util module '/home/kodenfly123/ros2_ws/install/_local_setup_util_ps1.py'
[1.357s] INFO:colcon.colcon_core.shell:Creating prefix chain script '/home/kodenfly123/ros2_ws/install/setup.ps1'
[1.358s] INFO:colcon.colcon_core.shell:Creating prefix script '/home/kodenfly123/ros2_ws/install/local_setup.sh'
[1.358s] INFO:colcon.colcon_core.shell:Creating prefix util module '/home/kodenfly123/ros2_ws/install/_local_setup_util_sh.py'
[1.359s] INFO:colcon.colcon_core.shell:Creating prefix chain script '/home/kodenfly123/ros2_ws/install/setup.sh'
[1.360s] INFO:colcon.colcon_core.shell:Creating prefix script '/home/kodenfly123/ros2_ws/install/local_setup.bash'
[1.361s] INFO:colcon.colcon_core.shell:Creating prefix chain script '/home/kodenfly123/ros2_ws/install/setup.bash'
[1.362s] INFO:colcon.colcon_core.shell:Creating prefix script '/home/kodenfly123/ros2_ws/install/local_setup.zsh'
[1.362s] INFO:colcon.colcon_core.shell:Creating prefix chain script '/home/kodenfly123/ros2_ws/install/setup.zsh'
