running egg_info
writing ../../../build/shin_detector/shin_detector.egg-info/PKG-INFO
writing dependency_links to ../../../build/shin_detector/shin_detector.egg-info/dependency_links.txt
writing entry points to ../../../build/shin_detector/shin_detector.egg-info/entry_points.txt
writing requirements to ../../../build/shin_detector/shin_detector.egg-info/requires.txt
writing top-level names to ../../../build/shin_detector/shin_detector.egg-info/top_level.txt
reading manifest file '../../../build/shin_detector/shin_detector.egg-info/SOURCES.txt'
writing manifest file '../../../build/shin_detector/shin_detector.egg-info/SOURCES.txt'
running build
running build_py
copying shin_detector/calf_detector_final.py -> /home/kodenfly123/ros2_ws/build/shin_detector/build/lib/shin_detector
running install
running install_lib
copying /home/kodenfly123/ros2_ws/build/shin_detector/build/lib/shin_detector/calf_detector_final.py -> /home/kodenfly123/ros2_ws/install/shin_detector/lib/python3.10/site-packages/shin_detector
byte-compiling /home/kodenfly123/ros2_ws/install/shin_detector/lib/python3.10/site-packages/shin_detector/calf_detector_final.py to calf_detector_final.cpython-310.pyc
running install_data
running install_egg_info
removing '/home/kodenfly123/ros2_ws/install/shin_detector/lib/python3.10/site-packages/shin_detector-0.0.0-py3.10.egg-info' (and everything under it)
Copying ../../../build/shin_detector/shin_detector.egg-info to /home/kodenfly123/ros2_ws/install/shin_detector/lib/python3.10/site-packages/shin_detector-0.0.0-py3.10.egg-info
running install_scripts
Installing talker script to /home/kodenfly123/ros2_ws/install/shin_detector/lib/shin_detector
writing list of installed files to '/home/kodenfly123/ros2_ws/build/shin_detector/install.log'
