[1.666s] Invoking command in '/home/kodenfly123/ros2_ws/src/Follow_me_algorithm-main/shin_detector': PYTHONPATH=/home/kodenfly123/ros2_ws/build/shin_detector/prefix_override:/home/kodenfly123/ros2_ws/install/shin_detector/lib/python3.10/site-packages:${PYTHONPATH} /usr/bin/python3 -W ignore:setup.py install is deprecated setup.py egg_info --egg-base ../../../build/shin_detector build --build-base /home/kodenfly123/ros2_ws/build/shin_detector/build install --record /home/kodenfly123/ros2_ws/build/shin_detector/install.log --single-version-externally-managed install_data
[2.110s] running egg_info
[2.111s] writing ../../../build/shin_detector/shin_detector.egg-info/PKG-INFO
[2.111s] writing dependency_links to ../../../build/shin_detector/shin_detector.egg-info/dependency_links.txt
[2.111s] writing entry points to ../../../build/shin_detector/shin_detector.egg-info/entry_points.txt
[2.111s] writing requirements to ../../../build/shin_detector/shin_detector.egg-info/requires.txt
[2.111s] writing top-level names to ../../../build/shin_detector/shin_detector.egg-info/top_level.txt
[2.114s] reading manifest file '../../../build/shin_detector/shin_detector.egg-info/SOURCES.txt'
[2.115s] writing manifest file '../../../build/shin_detector/shin_detector.egg-info/SOURCES.txt'
[2.115s] running build
[2.115s] running build_py
[2.116s] copying shin_detector/calf_detector_final.py -> /home/kodenfly123/ros2_ws/build/shin_detector/build/lib/shin_detector
[2.117s] running install
[2.117s] running install_lib
[2.119s] copying /home/kodenfly123/ros2_ws/build/shin_detector/build/lib/shin_detector/calf_detector_final.py -> /home/kodenfly123/ros2_ws/install/shin_detector/lib/python3.10/site-packages/shin_detector
[2.121s] byte-compiling /home/kodenfly123/ros2_ws/install/shin_detector/lib/python3.10/site-packages/shin_detector/calf_detector_final.py to calf_detector_final.cpython-310.pyc
[2.122s] running install_data
[2.122s] running install_egg_info
[2.125s] removing '/home/kodenfly123/ros2_ws/install/shin_detector/lib/python3.10/site-packages/shin_detector-0.0.0-py3.10.egg-info' (and everything under it)
[2.126s] Copying ../../../build/shin_detector/shin_detector.egg-info to /home/kodenfly123/ros2_ws/install/shin_detector/lib/python3.10/site-packages/shin_detector-0.0.0-py3.10.egg-info
[2.127s] running install_scripts
[2.161s] Installing talker script to /home/kodenfly123/ros2_ws/install/shin_detector/lib/shin_detector
[2.162s] writing list of installed files to '/home/kodenfly123/ros2_ws/build/shin_detector/install.log'
[2.195s] Invoked command in '/home/kodenfly123/ros2_ws/src/Follow_me_algorithm-main/shin_detector' returned '0': PYTHONPATH=/home/kodenfly123/ros2_ws/build/shin_detector/prefix_override:/home/kodenfly123/ros2_ws/install/shin_detector/lib/python3.10/site-packages:${PYTHONPATH} /usr/bin/python3 -W ignore:setup.py install is deprecated setup.py egg_info --egg-base ../../../build/shin_detector build --build-base /home/kodenfly123/ros2_ws/build/shin_detector/build install --record /home/kodenfly123/ros2_ws/build/shin_detector/install.log --single-version-externally-managed install_data
