[1.733s] Invoking command in '/home/kodenfly123/ros2_ws/src/Follow_me_algorithm-main/shin_detector': PYTHONPATH=/home/kodenfly123/ros2_ws/src/Follow_me_algorithm-main/build/shin_detector/prefix_override:/home/kodenfly123/ros2_ws/src/Follow_me_algorithm-main/install/shin_detector/lib/python3.10/site-packages:${PYTHONPATH} /usr/bin/python3 -W ignore:setup.py install is deprecated setup.py egg_info --egg-base ../build/shin_detector build --build-base /home/kodenfly123/ros2_ws/src/Follow_me_algorithm-main/build/shin_detector/build install --record /home/kodenfly123/ros2_ws/src/Follow_me_algorithm-main/build/shin_detector/install.log --single-version-externally-managed install_data
[2.050s] running egg_info
[2.051s] writing ../build/shin_detector/shin_detector.egg-info/PKG-INFO
[2.051s] writing dependency_links to ../build/shin_detector/shin_detector.egg-info/dependency_links.txt
[2.051s] writing entry points to ../build/shin_detector/shin_detector.egg-info/entry_points.txt
[2.051s] writing requirements to ../build/shin_detector/shin_detector.egg-info/requires.txt
[2.051s] writing top-level names to ../build/shin_detector/shin_detector.egg-info/top_level.txt
[2.053s] reading manifest file '../build/shin_detector/shin_detector.egg-info/SOURCES.txt'
[2.054s] writing manifest file '../build/shin_detector/shin_detector.egg-info/SOURCES.txt'
[2.054s] running build
[2.054s] running build_py
[2.056s] running install
[2.056s] running install_lib
[2.058s] running install_data
[2.058s] running install_egg_info
[2.059s] removing '/home/kodenfly123/ros2_ws/src/Follow_me_algorithm-main/install/shin_detector/lib/python3.10/site-packages/shin_detector-0.0.0-py3.10.egg-info' (and everything under it)
[2.060s] Copying ../build/shin_detector/shin_detector.egg-info to /home/kodenfly123/ros2_ws/src/Follow_me_algorithm-main/install/shin_detector/lib/python3.10/site-packages/shin_detector-0.0.0-py3.10.egg-info
[2.060s] running install_scripts
[2.083s] Installing talker script to /home/kodenfly123/ros2_ws/src/Follow_me_algorithm-main/install/shin_detector/lib/shin_detector
[2.083s] writing list of installed files to '/home/kodenfly123/ros2_ws/src/Follow_me_algorithm-main/build/shin_detector/install.log'
[2.113s] Invoked command in '/home/kodenfly123/ros2_ws/src/Follow_me_algorithm-main/shin_detector' returned '0': PYTHONPATH=/home/kodenfly123/ros2_ws/src/Follow_me_algorithm-main/build/shin_detector/prefix_override:/home/kodenfly123/ros2_ws/src/Follow_me_algorithm-main/install/shin_detector/lib/python3.10/site-packages:${PYTHONPATH} /usr/bin/python3 -W ignore:setup.py install is deprecated setup.py egg_info --egg-base ../build/shin_detector build --build-base /home/kodenfly123/ros2_ws/src/Follow_me_algorithm-main/build/shin_detector/build install --record /home/kodenfly123/ros2_ws/src/Follow_me_algorithm-main/build/shin_detector/install.log --single-version-externally-managed install_data
