[1.569s] Invoking command in '/home/kodenfly123/ros2_ws/src/coordinate_package': PYTHONPATH=/home/kodenfly123/ros2_ws/build/coordinate_package/prefix_override:/home/kodenfly123/ros2_ws/install/coordinate_package/lib/python3.10/site-packages:${PYTHONPATH} /usr/bin/python3 -W ignore:setup.py install is deprecated setup.py egg_info --egg-base ../../build/coordinate_package build --build-base /home/kodenfly123/ros2_ws/build/coordinate_package/build install --record /home/kodenfly123/ros2_ws/build/coordinate_package/install.log --single-version-externally-managed install_data
[1.817s] running egg_info
[1.818s] writing ../../build/coordinate_package/coordinate_package.egg-info/PKG-INFO
[1.821s] writing dependency_links to ../../build/coordinate_package/coordinate_package.egg-info/dependency_links.txt
[1.822s] writing entry points to ../../build/coordinate_package/coordinate_package.egg-info/entry_points.txt
[1.822s] writing requirements to ../../build/coordinate_package/coordinate_package.egg-info/requires.txt
[1.823s] writing top-level names to ../../build/coordinate_package/coordinate_package.egg-info/top_level.txt
[1.824s] reading manifest file '../../build/coordinate_package/coordinate_package.egg-info/SOURCES.txt'
[1.824s] adding license file 'LICENSE'
[1.825s] writing manifest file '../../build/coordinate_package/coordinate_package.egg-info/SOURCES.txt'
[1.826s] running build
[1.826s] running build_py
[1.827s] running install
[1.827s] running install_lib
[1.828s] running install_data
[1.828s] running install_egg_info
[1.832s] removing '/home/kodenfly123/ros2_ws/install/coordinate_package/lib/python3.10/site-packages/coordinate_package-0.0.0-py3.10.egg-info' (and everything under it)
[1.832s] Copying ../../build/coordinate_package/coordinate_package.egg-info to /home/kodenfly123/ros2_ws/install/coordinate_package/lib/python3.10/site-packages/coordinate_package-0.0.0-py3.10.egg-info
[1.833s] running install_scripts
[1.854s] Installing publisher script to /home/kodenfly123/ros2_ws/install/coordinate_package/lib/coordinate_package
[1.855s] Installing subscriber script to /home/kodenfly123/ros2_ws/install/coordinate_package/lib/coordinate_package
[1.855s] writing list of installed files to '/home/kodenfly123/ros2_ws/build/coordinate_package/install.log'
[1.918s] Invoked command in '/home/kodenfly123/ros2_ws/src/coordinate_package' returned '0': PYTHONPATH=/home/kodenfly123/ros2_ws/build/coordinate_package/prefix_override:/home/kodenfly123/ros2_ws/install/coordinate_package/lib/python3.10/site-packages:${PYTHONPATH} /usr/bin/python3 -W ignore:setup.py install is deprecated setup.py egg_info --egg-base ../../build/coordinate_package build --build-base /home/kodenfly123/ros2_ws/build/coordinate_package/build install --record /home/kodenfly123/ros2_ws/build/coordinate_package/install.log --single-version-externally-managed install_data
