/home/kodenfly123/ros2_ws/src/Follow_me_algorithm-main/install/shin_detector/lib/python3.10/site-packages/shin_detector/calf_detector_clustering_map.py
/home/kodenfly123/ros2_ws/src/Follow_me_algorithm-main/install/shin_detector/lib/python3.10/site-packages/shin_detector/calf_detector_detection_test.py
/home/kodenfly123/ros2_ws/src/Follow_me_algorithm-main/install/shin_detector/lib/python3.10/site-packages/shin_detector/calf_detector_Positive_Feature_extractor50.py
/home/kodenfly123/ros2_ws/src/Follow_me_algorithm-main/install/shin_detector/lib/python3.10/site-packages/shin_detector/__init__.py
/home/kodenfly123/ros2_ws/src/Follow_me_algorithm-main/install/shin_detector/lib/python3.10/site-packages/shin_detector/calf_detector_Negative_Feature_extractor360.py
/home/kodenfly123/ros2_ws/src/Follow_me_algorithm-main/install/shin_detector/lib/python3.10/site-packages/shin_detector/calf_detector_final.py
/home/kodenfly123/ros2_ws/src/Follow_me_algorithm-main/install/shin_detector/lib/python3.10/site-packages/shin_detector/__pycache__/calf_detector_clustering_map.cpython-310.pyc
/home/kodenfly123/ros2_ws/src/Follow_me_algorithm-main/install/shin_detector/lib/python3.10/site-packages/shin_detector/__pycache__/calf_detector_detection_test.cpython-310.pyc
/home/kodenfly123/ros2_ws/src/Follow_me_algorithm-main/install/shin_detector/lib/python3.10/site-packages/shin_detector/__pycache__/calf_detector_Positive_Feature_extractor50.cpython-310.pyc
/home/kodenfly123/ros2_ws/src/Follow_me_algorithm-main/install/shin_detector/lib/python3.10/site-packages/shin_detector/__pycache__/__init__.cpython-310.pyc
/home/kodenfly123/ros2_ws/src/Follow_me_algorithm-main/install/shin_detector/lib/python3.10/site-packages/shin_detector/__pycache__/calf_detector_Negative_Feature_extractor360.cpython-310.pyc
/home/kodenfly123/ros2_ws/src/Follow_me_algorithm-main/install/shin_detector/lib/python3.10/site-packages/shin_detector/__pycache__/calf_detector_final.cpython-310.pyc
/home/kodenfly123/ros2_ws/src/Follow_me_algorithm-main/install/shin_detector/share/ament_index/resource_index/packages/shin_detector
/home/kodenfly123/ros2_ws/src/Follow_me_algorithm-main/install/shin_detector/share/shin_detector/package.xml
/home/kodenfly123/ros2_ws/src/Follow_me_algorithm-main/install/shin_detector/lib/python3.10/site-packages/shin_detector-0.0.0-py3.10.egg-info/requires.txt
/home/kodenfly123/ros2_ws/src/Follow_me_algorithm-main/install/shin_detector/lib/python3.10/site-packages/shin_detector-0.0.0-py3.10.egg-info/zip-safe
/home/kodenfly123/ros2_ws/src/Follow_me_algorithm-main/install/shin_detector/lib/python3.10/site-packages/shin_detector-0.0.0-py3.10.egg-info/dependency_links.txt
/home/kodenfly123/ros2_ws/src/Follow_me_algorithm-main/install/shin_detector/lib/python3.10/site-packages/shin_detector-0.0.0-py3.10.egg-info/top_level.txt
/home/kodenfly123/ros2_ws/src/Follow_me_algorithm-main/install/shin_detector/lib/python3.10/site-packages/shin_detector-0.0.0-py3.10.egg-info/SOURCES.txt
/home/kodenfly123/ros2_ws/src/Follow_me_algorithm-main/install/shin_detector/lib/python3.10/site-packages/shin_detector-0.0.0-py3.10.egg-info/PKG-INFO
/home/kodenfly123/ros2_ws/src/Follow_me_algorithm-main/install/shin_detector/lib/python3.10/site-packages/shin_detector-0.0.0-py3.10.egg-info/entry_points.txt
/home/kodenfly123/ros2_ws/src/Follow_me_algorithm-main/install/shin_detector/lib/shin_detector/talker
