[0.549s] Invoking command in '/home/kodenfly123/ros2_ws/src/my_package': PYTHONPATH=/home/kodenfly123/ros2_ws/build/my_package/prefix_override:/home/kodenfly123/ros2_ws/install/my_package/lib/python3.10/site-packages:${PYTHONPATH} /usr/bin/python3 -W ignore:setup.py install is deprecated setup.py egg_info --egg-base ../../build/my_package build --build-base /home/kodenfly123/ros2_ws/build/my_package/build install --record /home/kodenfly123/ros2_ws/build/my_package/install.log --single-version-externally-managed install_data
[0.735s] running egg_info
[0.736s] creating ../../build/my_package/my_package.egg-info
[0.736s] writing ../../build/my_package/my_package.egg-info/PKG-INFO
[0.736s] writing dependency_links to ../../build/my_package/my_package.egg-info/dependency_links.txt
[0.736s] writing entry points to ../../build/my_package/my_package.egg-info/entry_points.txt
[0.736s] writing requirements to ../../build/my_package/my_package.egg-info/requires.txt
[0.736s] writing top-level names to ../../build/my_package/my_package.egg-info/top_level.txt
[0.737s] writing manifest file '../../build/my_package/my_package.egg-info/SOURCES.txt'
[0.738s] reading manifest file '../../build/my_package/my_package.egg-info/SOURCES.txt'
[0.738s] adding license file 'LICENSE'
[0.738s] writing manifest file '../../build/my_package/my_package.egg-info/SOURCES.txt'
[0.739s] running build
[0.739s] running build_py
[0.739s] creating /home/kodenfly123/ros2_ws/build/my_package/build
[0.739s] creating /home/kodenfly123/ros2_ws/build/my_package/build/lib
[0.739s] creating /home/kodenfly123/ros2_ws/build/my_package/build/lib/my_package
[0.739s] copying my_package/my_node.py -> /home/kodenfly123/ros2_ws/build/my_package/build/lib/my_package
[0.739s] copying my_package/__init__.py -> /home/kodenfly123/ros2_ws/build/my_package/build/lib/my_package
[0.739s] running install
[0.739s] running install_lib
[0.740s] creating /home/kodenfly123/ros2_ws/install/my_package/lib/python3.10/site-packages/my_package
[0.740s] copying /home/kodenfly123/ros2_ws/build/my_package/build/lib/my_package/my_node.py -> /home/kodenfly123/ros2_ws/install/my_package/lib/python3.10/site-packages/my_package
[0.740s] copying /home/kodenfly123/ros2_ws/build/my_package/build/lib/my_package/__init__.py -> /home/kodenfly123/ros2_ws/install/my_package/lib/python3.10/site-packages/my_package
[0.741s] byte-compiling /home/kodenfly123/ros2_ws/install/my_package/lib/python3.10/site-packages/my_package/my_node.py to my_node.cpython-310.pyc
[0.741s] byte-compiling /home/kodenfly123/ros2_ws/install/my_package/lib/python3.10/site-packages/my_package/__init__.py to __init__.cpython-310.pyc
[0.741s] running install_data
[0.741s] creating /home/kodenfly123/ros2_ws/install/my_package/share/ament_index
[0.741s] creating /home/kodenfly123/ros2_ws/install/my_package/share/ament_index/resource_index
[0.741s] creating /home/kodenfly123/ros2_ws/install/my_package/share/ament_index/resource_index/packages
[0.741s] copying resource/my_package -> /home/kodenfly123/ros2_ws/install/my_package/share/ament_index/resource_index/packages
[0.742s] copying package.xml -> /home/kodenfly123/ros2_ws/install/my_package/share/my_package
[0.742s] running install_egg_info
[0.743s] Copying ../../build/my_package/my_package.egg-info to /home/kodenfly123/ros2_ws/install/my_package/lib/python3.10/site-packages/my_package-0.0.0-py3.10.egg-info
[0.743s] running install_scripts
[0.761s] Installing my_node script to /home/kodenfly123/ros2_ws/install/my_package/lib/my_package
[0.761s] writing list of installed files to '/home/kodenfly123/ros2_ws/build/my_package/install.log'
[0.783s] Invoked command in '/home/kodenfly123/ros2_ws/src/my_package' returned '0': PYTHONPATH=/home/kodenfly123/ros2_ws/build/my_package/prefix_override:/home/kodenfly123/ros2_ws/install/my_package/lib/python3.10/site-packages:${PYTHONPATH} /usr/bin/python3 -W ignore:setup.py install is deprecated setup.py egg_info --egg-base ../../build/my_package build --build-base /home/kodenfly123/ros2_ws/build/my_package/build install --record /home/kodenfly123/ros2_ws/build/my_package/install.log --single-version-externally-managed install_data
