[1.342s] Invoking command in '/home/kodenfly123/ros2_ws/src/Follow_me_algorithm-main/lidar_reg': PYTHONPATH=/home/kodenfly123/ros2_ws/src/Follow_me_algorithm-main/build/lidar_reg/prefix_override:/home/kodenfly123/ros2_ws/src/Follow_me_algorithm-main/install/lidar_reg/lib/python3.10/site-packages:${PYTHONPATH} /usr/bin/python3 -W ignore:setup.py install is deprecated setup.py egg_info --egg-base ../build/lidar_reg build --build-base /home/kodenfly123/ros2_ws/src/Follow_me_algorithm-main/build/lidar_reg/build install --record /home/kodenfly123/ros2_ws/src/Follow_me_algorithm-main/build/lidar_reg/install.log --install-scripts $base/lib/lidar_reg --single-version-externally-managed install_data
[1.589s] /usr/lib/python3/dist-packages/setuptools/dist.py:723: UserWarning: Usage of dash-separated 'script-dir' will not be supported in future versions. Please use the underscore name 'script_dir' instead
[1.589s]   warnings.warn(
[1.598s] running egg_info
[1.599s] writing ../build/lidar_reg/lidar_reg.egg-info/PKG-INFO
[1.600s] writing dependency_links to ../build/lidar_reg/lidar_reg.egg-info/dependency_links.txt
[1.600s] writing entry points to ../build/lidar_reg/lidar_reg.egg-info/entry_points.txt
[1.600s] writing requirements to ../build/lidar_reg/lidar_reg.egg-info/requires.txt
[1.600s] writing top-level names to ../build/lidar_reg/lidar_reg.egg-info/top_level.txt
[1.602s] reading manifest file '../build/lidar_reg/lidar_reg.egg-info/SOURCES.txt'
[1.604s] writing manifest file '../build/lidar_reg/lidar_reg.egg-info/SOURCES.txt'
[1.604s] running build
[1.605s] running build_py
[1.605s] running install
[1.605s] running install_lib
[1.607s] byte-compiling /home/kodenfly123/ros2_ws/src/Follow_me_algorithm-main/install/lidar_reg/lib/python3.10/site-packages/lidar_reg/bug2_navigation.py to bug2_navigation.cpython-310.pyc
[1.609s] Sorry: IndentationError: unindent does not match any outer indentation level (bug2_navigation.py, line 289)
[1.609s] running install_data
[1.609s] running install_egg_info
[1.612s] removing '/home/kodenfly123/ros2_ws/src/Follow_me_algorithm-main/install/lidar_reg/lib/python3.10/site-packages/lidar_reg-0.0.0-py3.10.egg-info' (and everything under it)
[1.613s] Copying ../build/lidar_reg/lidar_reg.egg-info to /home/kodenfly123/ros2_ws/src/Follow_me_algorithm-main/install/lidar_reg/lib/python3.10/site-packages/lidar_reg-0.0.0-py3.10.egg-info
[1.614s] running install_scripts
[1.640s] Installing lidar_reg = lidar_reg.lidar_reg_for_linear_test:mainbug2 script to /home/kodenfly123/ros2_ws/src/Follow_me_algorithm-main/install/lidar_reg/lib/lidar_reg
[1.641s] writing list of installed files to '/home/kodenfly123/ros2_ws/src/Follow_me_algorithm-main/build/lidar_reg/install.log'
[1.684s] Invoked command in '/home/kodenfly123/ros2_ws/src/Follow_me_algorithm-main/lidar_reg' returned '0': PYTHONPATH=/home/kodenfly123/ros2_ws/src/Follow_me_algorithm-main/build/lidar_reg/prefix_override:/home/kodenfly123/ros2_ws/src/Follow_me_algorithm-main/install/lidar_reg/lib/python3.10/site-packages:${PYTHONPATH} /usr/bin/python3 -W ignore:setup.py install is deprecated setup.py egg_info --egg-base ../build/lidar_reg build --build-base /home/kodenfly123/ros2_ws/src/Follow_me_algorithm-main/build/lidar_reg/build install --record /home/kodenfly123/ros2_ws/src/Follow_me_algorithm-main/build/lidar_reg/install.log --install-scripts $base/lib/lidar_reg --single-version-externally-managed install_data
